<?xml version="1.0" encoding="UTF-8"?>
<testsuite xmlns:xsi="http://www.w3.org/2001/XMLSchema-instance" xsi:noNamespaceSchemaLocation="https://maven.apache.org/surefire/maven-failsafe-plugin/xsd/failsafe-test-report-3.0.xsd" version="3.0" name="runner.Runner" time="115.626" tests="2" errors="1" skipped="0" failures="1">
  <properties>
    <property name="sun.desktop" value="windows"/>
    <property name="awt.toolkit" value="sun.awt.windows.WToolkit"/>
    <property name="java.specification.version" value="1.8"/>
    <property name="file.encoding.pkg" value="sun.io"/>
    <property name="sun.cpu.isalist" value="amd64"/>
    <property name="sun.jnu.encoding" value="Cp1252"/>
    <property name="sun.awt.enableExtraMouseButtons" value="true"/>
    <property name="java.class.path" value="C:\Users\Sandeepkumar.Phalke\eclipse-workspace\UNICEF_SerenityBDD_Automation_Framework\target\test-classes;C:\Users\Sandeepkumar.Phalke\eclipse-workspace\UNICEF_SerenityBDD_Automation_Framework\target\cucumber-serenity-1.0.0-SNAPSHOT.jar;C:\Users\Sandeepkumar.Phalke\.m2\repository\net\serenity-bdd\serenity-core\3.4.2\serenity-core-3.4.2.jar;C:\Users\Sandeepkumar.Phalke\.m2\repository\net\serenity-bdd\serenity-model\3.4.2\serenity-model-3.4.2.jar;C:\Users\Sandeepkumar.Phalke\.m2\repository\org\apache\commons\commons-text\1.10.0\commons-text-1.10.0.jar;C:\Users\Sandeepkumar.Phalke\.m2\repository\commons-net\commons-net\3.8.0\commons-net-3.8.0.jar;C:\Users\Sandeepkumar.Phalke\.m2\repository\com\google\guava\guava\31.1-jre\guava-31.1-jre.jar;C:\Users\Sandeepkumar.Phalke\.m2\repository\com\google\guava\failureaccess\1.0.1\failureaccess-1.0.1.jar;C:\Users\Sandeepkumar.Phalke\.m2\repository\com\google\guava\listenablefuture\9999.0-empty-to-avoid-conflict-with-guava\listenablefuture-9999.0-empty-to-avoid-conflict-with-guava.jar;C:\Users\Sandeepkumar.Phalke\.m2\repository\com\google\code\findbugs\jsr305\3.0.2\jsr305-3.0.2.jar;C:\Users\Sandeepkumar.Phalke\.m2\repository\org\checkerframework\checker-qual\3.12.0\checker-qual-3.12.0.jar;C:\Users\Sandeepkumar.Phalke\.m2\repository\com\google\errorprone\error_prone_annotations\2.11.0\error_prone_annotations-2.11.0.jar;C:\Users\Sandeepkumar.Phalke\.m2\repository\com\google\j2objc\j2objc-annotations\1.3\j2objc-annotations-1.3.jar;C:\Users\Sandeepkumar.Phalke\.m2\repository\com\google\inject\guice\5.1.0\guice-5.1.0.jar;C:\Users\Sandeepkumar.Phalke\.m2\repository\javax\inject\javax.inject\1\javax.inject-1.jar;C:\Users\Sandeepkumar.Phalke\.m2\repository\aopalliance\aopalliance\1.0\aopalliance-1.0.jar;C:\Users\Sandeepkumar.Phalke\.m2\repository\org\jsoup\jsoup\1.14.3\jsoup-1.14.3.jar;C:\Users\Sandeepkumar.Phalke\.m2\repository\com\thoughtworks\xstream\xstream\1.4.19\xstream-1.4.19.jar;C:\Users\Sandeepkumar.Phalke\.m2\repository\io\github\x-stream\mxparser\1.2.2\mxparser-1.2.2.jar;C:\Users\Sandeepkumar.Phalke\.m2\repository\xmlpull\xmlpull\1.1.3.1\xmlpull-1.1.3.1.jar;C:\Users\Sandeepkumar.Phalke\.m2\repository\com\typesafe\config\1.4.2\config-1.4.2.jar;C:\Users\Sandeepkumar.Phalke\.m2\repository\org\imgscalr\imgscalr-lib\4.2\imgscalr-lib-4.2.jar;C:\Users\Sandeepkumar.Phalke\.m2\repository\org\awaitility\awaitility\4.2.0\awaitility-4.2.0.jar;C:\Users\Sandeepkumar.Phalke\.m2\repository\org\freemarker\freemarker\2.3.31\freemarker-2.3.31.jar;C:\Users\Sandeepkumar.Phalke\.m2\repository\io\github\classgraph\classgraph\4.8.138\classgraph-4.8.138.jar;C:\Users\Sandeepkumar.Phalke\.m2\repository\net\sourceforge\jexcelapi\jxl\2.6.12\jxl-2.6.12.jar;C:\Users\Sandeepkumar.Phalke\.m2\repository\net\bytebuddy\byte-buddy-agent\1.12.18\byte-buddy-agent-1.12.18.jar;C:\Users\Sandeepkumar.Phalke\.m2\repository\org\objenesis\objenesis\3.1\objenesis-3.1.jar;C:\Users\Sandeepkumar.Phalke\.m2\repository\net\serenity-bdd\serenity-reports\3.4.2\serenity-reports-3.4.2.jar;C:\Users\Sandeepkumar.Phalke\.m2\repository\net\serenity-bdd\serenity-stats\3.4.2\serenity-stats-3.4.2.jar;C:\Users\Sandeepkumar.Phalke\.m2\repository\net\serenity-bdd\serenity-reports-configuration\3.4.2\serenity-reports-configuration-3.4.2.jar;C:\Users\Sandeepkumar.Phalke\.m2\repository\com\vladsch\flexmark\flexmark-all\0.34.30\flexmark-all-0.34.30.jar;C:\Users\Sandeepkumar.Phalke\.m2\repository\com\vladsch\flexmark\flexmark\0.34.30\flexmark-0.34.30.jar;C:\Users\Sandeepkumar.Phalke\.m2\repository\com\vladsch\flexmark\flexmark-ext-abbreviation\0.34.30\flexmark-ext-abbreviation-0.34.30.jar;C:\Users\Sandeepkumar.Phalke\.m2\repository\com\vladsch\flexmark\flexmark-ext-admonition\0.34.30\flexmark-ext-admonition-0.34.30.jar;C:\Users\Sandeepkumar.Phalke\.m2\repository\com\vladsch\flexmark\flexmark-ext-anchorlink\0.34.30\flexmark-ext-anchorlink-0.34.30.jar;C:\Users\Sandeepkumar.Phalke\.m2\repository\com\vladsch\flexmark\flexmark-ext-aside\0.34.30\flexmark-ext-aside-0.34.30.jar;C:\Users\Sandeepkumar.Phalke\.m2\repository\com\vladsch\flexmark\flexmark-ext-attributes\0.34.30\flexmark-ext-attributes-0.34.30.jar;C:\Users\Sandeepkumar.Phalke\.m2\repository\com\vladsch\flexmark\flexmark-ext-autolink\0.34.30\flexmark-ext-autolink-0.34.30.jar;C:\Users\Sandeepkumar.Phalke\.m2\repository\org\nibor\autolink\autolink\0.6.0\autolink-0.6.0.jar;C:\Users\Sandeepkumar.Phalke\.m2\repository\com\vladsch\flexmark\flexmark-ext-definition\0.34.30\flexmark-ext-definition-0.34.30.jar;C:\Users\Sandeepkumar.Phalke\.m2\repository\com\vladsch\flexmark\flexmark-ext-emoji\0.34.30\flexmark-ext-emoji-0.34.30.jar;C:\Users\Sandeepkumar.Phalke\.m2\repository\com\vladsch\flexmark\flexmark-ext-enumerated-reference\0.34.30\flexmark-ext-enumerated-reference-0.34.30.jar;C:\Users\Sandeepkumar.Phalke\.m2\repository\com\vladsch\flexmark\flexmark-ext-escaped-character\0.34.30\flexmark-ext-escaped-character-0.34.30.jar;C:\Users\Sandeepkumar.Phalke\.m2\repository\com\vladsch\flexmark\flexmark-ext-footnotes\0.34.30\flexmark-ext-footnotes-0.34.30.jar;C:\Users\Sandeepkumar.Phalke\.m2\repository\com\vladsch\flexmark\flexmark-ext-gfm-issues\0.34.30\flexmark-ext-gfm-issues-0.34.30.jar;C:\Users\Sandeepkumar.Phalke\.m2\repository\com\vladsch\flexmark\flexmark-ext-gfm-strikethrough\0.34.30\flexmark-ext-gfm-strikethrough-0.34.30.jar;C:\Users\Sandeepkumar.Phalke\.m2\repository\com\vladsch\flexmark\flexmark-ext-gfm-tables\0.34.30\flexmark-ext-gfm-tables-0.34.30.jar;C:\Users\Sandeepkumar.Phalke\.m2\repository\com\vladsch\flexmark\flexmark-ext-gfm-tasklist\0.34.30\flexmark-ext-gfm-tasklist-0.34.30.jar;C:\Users\Sandeepkumar.Phalke\.m2\repository\com\vladsch\flexmark\flexmark-ext-gfm-users\0.34.30\flexmark-ext-gfm-users-0.34.30.jar;C:\Users\Sandeepkumar.Phalke\.m2\repository\com\vladsch\flexmark\flexmark-ext-gitlab\0.34.30\flexmark-ext-gitlab-0.34.30.jar;C:\Users\Sandeepkumar.Phalke\.m2\repository\com\vladsch\flexmark\flexmark-ext-jekyll-front-matter\0.34.30\flexmark-ext-jekyll-front-matter-0.34.30.jar;C:\Users\Sandeepkumar.Phalke\.m2\repository\com\vladsch\flexmark\flexmark-ext-jekyll-tag\0.34.30\flexmark-ext-jekyll-tag-0.34.30.jar;C:\Users\Sandeepkumar.Phalke\.m2\repository\com\vladsch\flexmark\flexmark-ext-media-tags\0.34.30\flexmark-ext-media-tags-0.34.30.jar;C:\Users\Sandeepkumar.Phalke\.m2\repository\com\vladsch\flexmark\flexmark-test-util\0.34.30\flexmark-test-util-0.34.30.jar;C:\Users\Sandeepkumar.Phalke\.m2\repository\com\vladsch\flexmark\flexmark-ext-ins\0.34.30\flexmark-ext-ins-0.34.30.jar;C:\Users\Sandeepkumar.Phalke\.m2\repository\com\vladsch\flexmark\flexmark-ext-xwiki-macros\0.34.30\flexmark-ext-xwiki-macros-0.34.30.jar;C:\Users\Sandeepkumar.Phalke\.m2\repository\com\vladsch\flexmark\flexmark-ext-superscript\0.34.30\flexmark-ext-superscript-0.34.30.jar;C:\Users\Sandeepkumar.Phalke\.m2\repository\com\vladsch\flexmark\flexmark-ext-tables\0.34.30\flexmark-ext-tables-0.34.30.jar;C:\Users\Sandeepkumar.Phalke\.m2\repository\com\vladsch\flexmark\flexmark-ext-toc\0.34.30\flexmark-ext-toc-0.34.30.jar;C:\Users\Sandeepkumar.Phalke\.m2\repository\com\vladsch\flexmark\flexmark-ext-typographic\0.34.30\flexmark-ext-typographic-0.34.30.jar;C:\Users\Sandeepkumar.Phalke\.m2\repository\com\vladsch\flexmark\flexmark-ext-wikilink\0.34.30\flexmark-ext-wikilink-0.34.30.jar;C:\Users\Sandeepkumar.Phalke\.m2\repository\com\vladsch\flexmark\flexmark-ext-yaml-front-matter\0.34.30\flexmark-ext-yaml-front-matter-0.34.30.jar;C:\Users\Sandeepkumar.Phalke\.m2\repository\com\vladsch\flexmark\flexmark-ext-youtube-embedded\0.34.30\flexmark-ext-youtube-embedded-0.34.30.jar;C:\Users\Sandeepkumar.Phalke\.m2\repository\com\vladsch\flexmark\flexmark-formatter\0.34.30\flexmark-formatter-0.34.30.jar;C:\Users\Sandeepkumar.Phalke\.m2\repository\com\vladsch\flexmark\flexmark-html-parser\0.34.30\flexmark-html-parser-0.34.30.jar;C:\Users\Sandeepkumar.Phalke\.m2\repository\com\vladsch\flexmark\flexmark-jira-converter\0.34.30\flexmark-jira-converter-0.34.30.jar;C:\Users\Sandeepkumar.Phalke\.m2\repository\com\vladsch\flexmark\flexmark-pdf-converter\0.34.30\flexmark-pdf-converter-0.34.30.jar;C:\Users\Sandeepkumar.Phalke\.m2\repository\com\openhtmltopdf\openhtmltopdf-core\0.0.1-RC13\openhtmltopdf-core-0.0.1-RC13.jar;C:\Users\Sandeepkumar.Phalke\.m2\repository\com\openhtmltopdf\openhtmltopdf-pdfbox\0.0.1-RC13\openhtmltopdf-pdfbox-0.0.1-RC13.jar;C:\Users\Sandeepkumar.Phalke\.m2\repository\org\apache\pdfbox\pdfbox\2.0.8\pdfbox-2.0.8.jar;C:\Users\Sandeepkumar.Phalke\.m2\repository\org\apache\pdfbox\fontbox\2.0.8\fontbox-2.0.8.jar;C:\Users\Sandeepkumar.Phalke\.m2\repository\org\apache\pdfbox\xmpbox\2.0.8\xmpbox-2.0.8.jar;C:\Users\Sandeepkumar.Phalke\.m2\repository\de\rototor\pdfbox\graphics2d\0.12\graphics2d-0.12.jar;C:\Users\Sandeepkumar.Phalke\.m2\repository\com\openhtmltopdf\openhtmltopdf-rtl-support\0.0.1-RC13\openhtmltopdf-rtl-support-0.0.1-RC13.jar;C:\Users\Sandeepkumar.Phalke\.m2\repository\com\ibm\icu\icu4j\59.1\icu4j-59.1.jar;C:\Users\Sandeepkumar.Phalke\.m2\repository\com\openhtmltopdf\openhtmltopdf-jsoup-dom-converter\0.0.1-RC13\openhtmltopdf-jsoup-dom-converter-0.0.1-RC13.jar;C:\Users\Sandeepkumar.Phalke\.m2\repository\com\vladsch\flexmark\flexmark-profile-pegdown\0.34.30\flexmark-profile-pegdown-0.34.30.jar;C:\Users\Sandeepkumar.Phalke\.m2\repository\com\vladsch\flexmark\flexmark-util\0.34.30\flexmark-util-0.34.30.jar;C:\Users\Sandeepkumar.Phalke\.m2\repository\com\vladsch\flexmark\flexmark-youtrack-converter\0.34.30\flexmark-youtrack-converter-0.34.30.jar;C:\Users\Sandeepkumar.Phalke\.m2\repository\es\nitaur\markdown\txtmark\0.16\txtmark-0.16.jar;C:\Users\Sandeepkumar.Phalke\.m2\repository\net\serenity-bdd\serenity-report-resources\3.4.2\serenity-report-resources-3.4.2.jar;C:\Users\Sandeepkumar.Phalke\.m2\repository\com\google\code\gson\gson\2.9.0\gson-2.9.0.jar;C:\Users\Sandeepkumar.Phalke\.m2\repository\com\fasterxml\jackson\core\jackson-core\2.13.4\jackson-core-2.13.4.jar;C:\Users\Sandeepkumar.Phalke\.m2\repository\com\fasterxml\jackson\core\jackson-databind\2.13.4\jackson-databind-2.13.4.jar;C:\Users\Sandeepkumar.Phalke\.m2\repository\com\fasterxml\jackson\core\jackson-annotations\2.13.4\jackson-annotations-2.13.4.jar;C:\Users\Sandeepkumar.Phalke\.m2\repository\commons-codec\commons-codec\1.15\commons-codec-1.15.jar;C:\Users\Sandeepkumar.Phalke\.m2\repository\commons-io\commons-io\2.11.0\commons-io-2.11.0.jar;C:\Users\Sandeepkumar.Phalke\.m2\repository\org\apache\httpcomponents\httpclient\4.5.13\httpclient-4.5.13.jar;C:\Users\Sandeepkumar.Phalke\.m2\repository\org\apache\httpcomponents\httpcore\4.4.13\httpcore-4.4.13.jar;C:\Users\Sandeepkumar.Phalke\.m2\repository\commons-logging\commons-logging\1.2\commons-logging-1.2.jar;C:\Users\Sandeepkumar.Phalke\.m2\repository\org\seleniumhq\selenium\selenium-java\4.6.0\selenium-java-4.6.0.jar;C:\Users\Sandeepkumar.Phalke\.m2\repository\org\seleniumhq\selenium\selenium-devtools-v105\4.6.0\selenium-devtools-v105-4.6.0.jar;C:\Users\Sandeepkumar.Phalke\.m2\repository\org\seleniumhq\selenium\selenium-devtools-v106\4.6.0\selenium-devtools-v106-4.6.0.jar;C:\Users\Sandeepkumar.Phalke\.m2\repository\org\seleniumhq\selenium\selenium-devtools-v107\4.6.0\selenium-devtools-v107-4.6.0.jar;C:\Users\Sandeepkumar.Phalke\.m2\repository\org\seleniumhq\selenium\selenium-devtools-v85\4.6.0\selenium-devtools-v85-4.6.0.jar;C:\Users\Sandeepkumar.Phalke\.m2\repository\org\seleniumhq\selenium\selenium-remote-driver\4.6.0\selenium-remote-driver-4.6.0.jar;C:\Users\Sandeepkumar.Phalke\.m2\repository\com\beust\jcommander\1.82\jcommander-1.82.jar;C:\Users\Sandeepkumar.Phalke\.m2\repository\io\netty\netty-buffer\4.1.84.Final\netty-buffer-4.1.84.Final.jar;C:\Users\Sandeepkumar.Phalke\.m2\repository\io\netty\netty-codec-http\4.1.84.Final\netty-codec-http-4.1.84.Final.jar;C:\Users\Sandeepkumar.Phalke\.m2\repository\io\netty\netty-codec\4.1.84.Final\netty-codec-4.1.84.Final.jar;C:\Users\Sandeepkumar.Phalke\.m2\repository\io\netty\netty-handler\4.1.84.Final\netty-handler-4.1.84.Final.jar;C:\Users\Sandeepkumar.Phalke\.m2\repository\io\netty\netty-common\4.1.84.Final\netty-common-4.1.84.Final.jar;C:\Users\Sandeepkumar.Phalke\.m2\repository\io\netty\netty-transport-classes-epoll\4.1.84.Final\netty-transport-classes-epoll-4.1.84.Final.jar;C:\Users\Sandeepkumar.Phalke\.m2\repository\io\netty\netty-transport-classes-kqueue\4.1.84.Final\netty-transport-classes-kqueue-4.1.84.Final.jar;C:\Users\Sandeepkumar.Phalke\.m2\repository\io\netty\netty-transport-native-epoll\4.1.84.Final\netty-transport-native-epoll-4.1.84.Final.jar;C:\Users\Sandeepkumar.Phalke\.m2\repository\io\netty\netty-transport-native-kqueue\4.1.84.Final\netty-transport-native-kqueue-4.1.84.Final.jar;C:\Users\Sandeepkumar.Phalke\.m2\repository\io\netty\netty-transport-native-unix-common\4.1.84.Final\netty-transport-native-unix-common-4.1.84.Final.jar;C:\Users\Sandeepkumar.Phalke\.m2\repository\io\netty\netty-transport\4.1.84.Final\netty-transport-4.1.84.Final.jar;C:\Users\Sandeepkumar.Phalke\.m2\repository\io\netty\netty-resolver\4.1.84.Final\netty-resolver-4.1.84.Final.jar;C:\Users\Sandeepkumar.Phalke\.m2\repository\io\opentelemetry\opentelemetry-api\1.19.0\opentelemetry-api-1.19.0.jar;C:\Users\Sandeepkumar.Phalke\.m2\repository\io\opentelemetry\opentelemetry-context\1.19.0\opentelemetry-context-1.19.0.jar;C:\Users\Sandeepkumar.Phalke\.m2\repository\io\opentelemetry\opentelemetry-exporter-logging\1.19.0\opentelemetry-exporter-logging-1.19.0.jar;C:\Users\Sandeepkumar.Phalke\.m2\repository\io\opentelemetry\opentelemetry-sdk-metrics\1.19.0\opentelemetry-sdk-metrics-1.19.0.jar;C:\Users\Sandeepkumar.Phalke\.m2\repository\io\opentelemetry\opentelemetry-sdk-logs\1.19.0-alpha\opentelemetry-sdk-logs-1.19.0-alpha.jar;C:\Users\Sandeepkumar.Phalke\.m2\repository\io\opentelemetry\opentelemetry-api-logs\1.19.0-alpha\opentelemetry-api-logs-1.19.0-alpha.jar;C:\Users\Sandeepkumar.Phalke\.m2\repository\io\opentelemetry\opentelemetry-sdk-common\1.19.0\opentelemetry-sdk-common-1.19.0.jar;C:\Users\Sandeepkumar.Phalke\.m2\repository\io\opentelemetry\opentelemetry-sdk-extension-autoconfigure-spi\1.19.0\opentelemetry-sdk-extension-autoconfigure-spi-1.19.0.jar;C:\Users\Sandeepkumar.Phalke\.m2\repository\io\opentelemetry\opentelemetry-sdk-extension-autoconfigure\1.19.0-alpha\opentelemetry-sdk-extension-autoconfigure-1.19.0-alpha.jar;C:\Users\Sandeepkumar.Phalke\.m2\repository\io\opentelemetry\opentelemetry-exporter-common\1.19.0\opentelemetry-exporter-common-1.19.0.jar;C:\Users\Sandeepkumar.Phalke\.m2\repository\io\opentelemetry\opentelemetry-sdk-trace\1.19.0\opentelemetry-sdk-trace-1.19.0.jar;C:\Users\Sandeepkumar.Phalke\.m2\repository\io\opentelemetry\opentelemetry-sdk\1.19.0\opentelemetry-sdk-1.19.0.jar;C:\Users\Sandeepkumar.Phalke\.m2\repository\io\opentelemetry\opentelemetry-semconv\1.19.0-alpha\opentelemetry-semconv-1.19.0-alpha.jar;C:\Users\Sandeepkumar.Phalke\.m2\repository\io\ous\jtoml\2.0.0\jtoml-2.0.0.jar;C:\Users\Sandeepkumar.Phalke\.m2\repository\org\apache\commons\commons-exec\1.3\commons-exec-1.3.jar;C:\Users\Sandeepkumar.Phalke\.m2\repository\org\asynchttpclient\async-http-client\2.12.3\async-http-client-2.12.3.jar;C:\Users\Sandeepkumar.Phalke\.m2\repository\org\asynchttpclient\async-http-client-netty-utils\2.12.3\async-http-client-netty-utils-2.12.3.jar;C:\Users\Sandeepkumar.Phalke\.m2\repository\io\netty\netty-codec-socks\4.1.60.Final\netty-codec-socks-4.1.60.Final.jar;C:\Users\Sandeepkumar.Phalke\.m2\repository\io\netty\netty-handler-proxy\4.1.60.Final\netty-handler-proxy-4.1.60.Final.jar;C:\Users\Sandeepkumar.Phalke\.m2\repository\io\netty\netty-transport-native-epoll\4.1.60.Final\netty-transport-native-epoll-4.1.60.Final-linux-x86_64.jar;C:\Users\Sandeepkumar.Phalke\.m2\repository\io\netty\netty-transport-native-kqueue\4.1.60.Final\netty-transport-native-kqueue-4.1.60.Final-osx-x86_64.jar;C:\Users\Sandeepkumar.Phalke\.m2\repository\org\reactivestreams\reactive-streams\1.0.3\reactive-streams-1.0.3.jar;C:\Users\Sandeepkumar.Phalke\.m2\repository\com\typesafe\netty\netty-reactive-streams\2.0.4\netty-reactive-streams-2.0.4.jar;C:\Users\Sandeepkumar.Phalke\.m2\repository\org\seleniumhq\selenium\selenium-http\4.6.0\selenium-http-4.6.0.jar;C:\Users\Sandeepkumar.Phalke\.m2\repository\dev\failsafe\failsafe\3.3.0\failsafe-3.3.0.jar;C:\Users\Sandeepkumar.Phalke\.m2\repository\org\seleniumhq\selenium\selenium-manager\4.6.0\selenium-manager-4.6.0.jar;C:\Users\Sandeepkumar.Phalke\.m2\repository\org\seleniumhq\selenium\selenium-safari-driver\4.6.0\selenium-safari-driver-4.6.0.jar;C:\Users\Sandeepkumar.Phalke\.m2\repository\org\seleniumhq\selenium\selenium-api\4.6.0\selenium-api-4.6.0.jar;C:\Users\Sandeepkumar.Phalke\.m2\repository\org\seleniumhq\selenium\selenium-support\4.6.0\selenium-support-4.6.0.jar;C:\Users\Sandeepkumar.Phalke\.m2\repository\com\google\auto\service\auto-service-annotations\1.0.1\auto-service-annotations-1.0.1.jar;C:\Users\Sandeepkumar.Phalke\.m2\repository\com\google\auto\service\auto-service\1.0.1\auto-service-1.0.1.jar;C:\Users\Sandeepkumar.Phalke\.m2\repository\com\google\auto\auto-common\1.2\auto-common-1.2.jar;C:\Users\Sandeepkumar.Phalke\.m2\repository\org\seleniumhq\selenium\selenium-json\4.6.0\selenium-json-4.6.0.jar;C:\Users\Sandeepkumar.Phalke\.m2\repository\org\seleniumhq\selenium\selenium-chrome-driver\4.6.0\selenium-chrome-driver-4.6.0.jar;C:\Users\Sandeepkumar.Phalke\.m2\repository\org\seleniumhq\selenium\selenium-chromium-driver\4.6.0\selenium-chromium-driver-4.6.0.jar;C:\Users\Sandeepkumar.Phalke\.m2\repository\org\seleniumhq\selenium\selenium-firefox-driver\4.6.0\selenium-firefox-driver-4.6.0.jar;C:\Users\Sandeepkumar.Phalke\.m2\repository\org\seleniumhq\selenium\selenium-edge-driver\4.6.0\selenium-edge-driver-4.6.0.jar;C:\Users\Sandeepkumar.Phalke\.m2\repository\org\seleniumhq\selenium\selenium-ie-driver\4.6.0\selenium-ie-driver-4.6.0.jar;C:\Users\Sandeepkumar.Phalke\.m2\repository\org\projectlombok\lombok\1.18.20\lombok-1.18.20.jar;C:\Users\Sandeepkumar.Phalke\.m2\repository\io\appium\java-client\8.2.0\java-client-8.2.0.jar;C:\Users\Sandeepkumar.Phalke\.m2\repository\commons-validator\commons-validator\1.7\commons-validator-1.7.jar;C:\Users\Sandeepkumar.Phalke\.m2\repository\commons-digester\commons-digester\2.1\commons-digester-2.1.jar;C:\Users\Sandeepkumar.Phalke\.m2\repository\org\apache\groovy\groovy\4.0.6\groovy-4.0.6.jar;C:\Users\Sandeepkumar.Phalke\.m2\repository\net\sf\opencsv\opencsv\2.0\opencsv-2.0.jar;C:\Users\Sandeepkumar.Phalke\.m2\repository\commons-beanutils\commons-beanutils\1.9.4\commons-beanutils-1.9.4.jar;C:\Users\Sandeepkumar.Phalke\.m2\repository\org\apache\commons\commons-lang3\3.12.0\commons-lang3-3.12.0.jar;C:\Users\Sandeepkumar.Phalke\.m2\repository\commons-collections\commons-collections\3.2.2\commons-collections-3.2.2.jar;C:\Users\Sandeepkumar.Phalke\.m2\repository\org\fluentlenium\fluentlenium-core\0.10.2\fluentlenium-core-0.10.2.jar;C:\Users\Sandeepkumar.Phalke\.m2\repository\io\github\bonigarcia\webdrivermanager\5.3.0\webdrivermanager-5.3.0.jar;C:\Users\Sandeepkumar.Phalke\.m2\repository\com\github\docker-java\docker-java\3.2.13\docker-java-3.2.13.jar;C:\Users\Sandeepkumar.Phalke\.m2\repository\com\github\docker-java\docker-java-core\3.2.13\docker-java-core-3.2.13.jar;C:\Users\Sandeepkumar.Phalke\.m2\repository\com\github\docker-java\docker-java-api\3.2.13\docker-java-api-3.2.13.jar;C:\Users\Sandeepkumar.Phalke\.m2\repository\org\bouncycastle\bcpkix-jdk15on\1.64\bcpkix-jdk15on-1.64.jar;C:\Users\Sandeepkumar.Phalke\.m2\repository\org\bouncycastle\bcprov-jdk15on\1.64\bcprov-jdk15on-1.64.jar;C:\Users\Sandeepkumar.Phalke\.m2\repository\org\slf4j\jcl-over-slf4j\1.7.30\jcl-over-slf4j-1.7.30.jar;C:\Users\Sandeepkumar.Phalke\.m2\repository\com\github\docker-java\docker-java-transport-httpclient5\3.2.13\docker-java-transport-httpclient5-3.2.13.jar;C:\Users\Sandeepkumar.Phalke\.m2\repository\com\github\docker-java\docker-java-transport\3.2.13\docker-java-transport-3.2.13.jar;C:\Users\Sandeepkumar.Phalke\.m2\repository\net\java\dev\jna\jna\5.8.0\jna-5.8.0.jar;C:\Users\Sandeepkumar.Phalke\.m2\repository\org\brotli\dec\0.1.2\dec-0.1.2.jar;C:\Users\Sandeepkumar.Phalke\.m2\repository\org\apache\httpcomponents\client5\httpclient5\5.1.3\httpclient5-5.1.3.jar;C:\Users\Sandeepkumar.Phalke\.m2\repository\org\apache\httpcomponents\core5\httpcore5\5.1.3\httpcore5-5.1.3.jar;C:\Users\Sandeepkumar.Phalke\.m2\repository\org\apache\httpcomponents\core5\httpcore5-h2\5.1.3\httpcore5-h2-5.1.3.jar;C:\Users\Sandeepkumar.Phalke\.m2\repository\com\jhlabs\filters\2.0.235\filters-2.0.235.jar;C:\Users\Sandeepkumar.Phalke\.m2\repository\com\paulhammant\ngwebdriver\1.1.6\ngwebdriver-1.1.6.jar;C:\Users\Sandeepkumar.Phalke\.m2\repository\joda-time\joda-time\2.8.2\joda-time-2.8.2.jar;C:\Users\Sandeepkumar.Phalke\.m2\repository\org\hamcrest\hamcrest\2.2\hamcrest-2.2.jar;C:\Users\Sandeepkumar.Phalke\.m2\repository\com\google\jimfs\jimfs\1.2\jimfs-1.2.jar;C:\Users\Sandeepkumar.Phalke\.m2\repository\org\mockito\mockito-core\3.3.3\mockito-core-3.3.3.jar;C:\Users\Sandeepkumar.Phalke\.m2\repository\javax\xml\bind\jaxb-api\2.3.1\jaxb-api-2.3.1.jar;C:\Users\Sandeepkumar.Phalke\.m2\repository\javax\activation\javax.activation-api\1.2.0\javax.activation-api-1.2.0.jar;C:\Users\Sandeepkumar.Phalke\.m2\repository\com\sun\xml\bind\jaxb-core\2.3.0.1\jaxb-core-2.3.0.1.jar;C:\Users\Sandeepkumar.Phalke\.m2\repository\com\sun\xml\bind\jaxb-impl\2.3.3\jaxb-impl-2.3.3.jar;C:\Users\Sandeepkumar.Phalke\.m2\repository\jakarta\xml\bind\jakarta.xml.bind-api\2.3.3\jakarta.xml.bind-api-2.3.3.jar;C:\Users\Sandeepkumar.Phalke\.m2\repository\com\sun\activation\jakarta.activation\1.2.2\jakarta.activation-1.2.2.jar;C:\Users\Sandeepkumar.Phalke\.m2\repository\javax\activation\activation\1.1.1\activation-1.1.1.jar;C:\Users\Sandeepkumar.Phalke\.m2\repository\net\serenity-bdd\serenity-cucumber\3.4.2\serenity-cucumber-3.4.2.jar;C:\Users\Sandeepkumar.Phalke\.m2\repository\io\cucumber\cucumber-core\7.8.1\cucumber-core-7.8.1.jar;C:\Users\Sandeepkumar.Phalke\.m2\repository\io\cucumber\cucumber-gherkin\7.8.1\cucumber-gherkin-7.8.1.jar;C:\Users\Sandeepkumar.Phalke\.m2\repository\io\cucumber\cucumber-gherkin-messages\7.8.1\cucumber-gherkin-messages-7.8.1.jar;C:\Users\Sandeepkumar.Phalke\.m2\repository\io\cucumber\gherkin\24.0.0\gherkin-24.0.0.jar;C:\Users\Sandeepkumar.Phalke\.m2\repository\io\cucumber\messages\19.1.4\messages-19.1.4.jar;C:\Users\Sandeepkumar.Phalke\.m2\repository\io\cucumber\tag-expressions\4.1.0\tag-expressions-4.1.0.jar;C:\Users\Sandeepkumar.Phalke\.m2\repository\io\cucumber\cucumber-expressions\16.0.0\cucumber-expressions-16.0.0.jar;C:\Users\Sandeepkumar.Phalke\.m2\repository\io\cucumber\datatable\7.8.1\datatable-7.8.1.jar;C:\Users\Sandeepkumar.Phalke\.m2\repository\io\cucumber\cucumber-plugin\7.8.1\cucumber-plugin-7.8.1.jar;C:\Users\Sandeepkumar.Phalke\.m2\repository\io\cucumber\docstring\7.8.1\docstring-7.8.1.jar;C:\Users\Sandeepkumar.Phalke\.m2\repository\io\cucumber\html-formatter\20.1.0\html-formatter-20.1.0.jar;C:\Users\Sandeepkumar.Phalke\.m2\repository\io\cucumber\ci-environment\9.1.0\ci-environment-9.1.0.jar;C:\Users\Sandeepkumar.Phalke\.m2\repository\io\cucumber\cucumber-java\7.8.1\cucumber-java-7.8.1.jar;C:\Users\Sandeepkumar.Phalke\.m2\repository\io\cucumber\cucumber-junit\7.8.1\cucumber-junit-7.8.1.jar;C:\Users\Sandeepkumar.Phalke\.m2\repository\org\apache\commons\commons-csv\1.5\commons-csv-1.5.jar;C:\Users\Sandeepkumar.Phalke\.m2\repository\net\serenity-bdd\serenity-screenplay\3.4.2\serenity-screenplay-3.4.2.jar;C:\Users\Sandeepkumar.Phalke\.m2\repository\net\serenity-bdd\serenity-screenplay-webdriver\3.4.2\serenity-screenplay-webdriver-3.4.2.jar;C:\Users\Sandeepkumar.Phalke\.m2\repository\net\serenity-bdd\serenity-ensure\3.4.2\serenity-ensure-3.4.2.jar;C:\Users\Sandeepkumar.Phalke\.m2\repository\net\serenity-bdd\serenity-junit\3.4.2\serenity-junit-3.4.2.jar;C:\Users\Sandeepkumar.Phalke\.m2\repository\org\jetbrains\kotlin\kotlin-stdlib\1.7.20\kotlin-stdlib-1.7.20.jar;C:\Users\Sandeepkumar.Phalke\.m2\repository\org\jetbrains\kotlin\kotlin-stdlib-common\1.7.20\kotlin-stdlib-common-1.7.20.jar;C:\Users\Sandeepkumar.Phalke\.m2\repository\org\jetbrains\annotations\13.0\annotations-13.0.jar;C:\Users\Sandeepkumar.Phalke\.m2\repository\org\junit\platform\junit-platform-launcher\1.8.2\junit-platform-launcher-1.8.2.jar;C:\Users\Sandeepkumar.Phalke\.m2\repository\org\junit\platform\junit-platform-engine\1.8.2\junit-platform-engine-1.8.2.jar;C:\Users\Sandeepkumar.Phalke\.m2\repository\org\opentest4j\opentest4j\1.2.0\opentest4j-1.2.0.jar;C:\Users\Sandeepkumar.Phalke\.m2\repository\org\junit\platform\junit-platform-commons\1.8.2\junit-platform-commons-1.8.2.jar;C:\Users\Sandeepkumar.Phalke\.m2\repository\org\apiguardian\apiguardian-api\1.1.2\apiguardian-api-1.1.2.jar;C:\Users\Sandeepkumar.Phalke\.m2\repository\org\junit\jupiter\junit-jupiter-engine\5.8.2\junit-jupiter-engine-5.8.2.jar;C:\Users\Sandeepkumar.Phalke\.m2\repository\org\junit\jupiter\junit-jupiter-api\5.8.2\junit-jupiter-api-5.8.2.jar;C:\Users\Sandeepkumar.Phalke\.m2\repository\org\junit\vintage\junit-vintage-engine\5.8.2\junit-vintage-engine-5.8.2.jar;C:\Users\Sandeepkumar.Phalke\.m2\repository\junit\junit\4.13.2\junit-4.13.2.jar;C:\Users\Sandeepkumar.Phalke\.m2\repository\org\hamcrest\hamcrest-core\1.3\hamcrest-core-1.3.jar;C:\Users\Sandeepkumar.Phalke\.m2\repository\ch\qos\logback\logback-classic\1.2.10\logback-classic-1.2.10.jar;C:\Users\Sandeepkumar.Phalke\.m2\repository\ch\qos\logback\logback-core\1.2.10\logback-core-1.2.10.jar;C:\Users\Sandeepkumar.Phalke\.m2\repository\org\slf4j\slf4j-api\1.7.32\slf4j-api-1.7.32.jar;C:\Users\Sandeepkumar.Phalke\.m2\repository\org\assertj\assertj-core\3.23.1\assertj-core-3.23.1.jar;C:\Users\Sandeepkumar.Phalke\.m2\repository\net\bytebuddy\byte-buddy\1.12.10\byte-buddy-1.12.10.jar;C:\Users\Sandeepkumar.Phalke\.m2\repository\org\apache\poi\poi\4.1.2\poi-4.1.2.jar;C:\Users\Sandeepkumar.Phalke\.m2\repository\org\apache\commons\commons-collections4\4.4\commons-collections4-4.4.jar;C:\Users\Sandeepkumar.Phalke\.m2\repository\org\apache\commons\commons-math3\3.6.1\commons-math3-3.6.1.jar;C:\Users\Sandeepkumar.Phalke\.m2\repository\com\zaxxer\SparseBitSet\1.2\SparseBitSet-1.2.jar;C:\Users\Sandeepkumar.Phalke\.m2\repository\org\apache\poi\poi-ooxml\4.1.2\poi-ooxml-4.1.2.jar;C:\Users\Sandeepkumar.Phalke\.m2\repository\org\apache\poi\poi-ooxml-schemas\4.1.2\poi-ooxml-schemas-4.1.2.jar;C:\Users\Sandeepkumar.Phalke\.m2\repository\org\apache\xmlbeans\xmlbeans\3.1.0\xmlbeans-3.1.0.jar;C:\Users\Sandeepkumar.Phalke\.m2\repository\org\apache\commons\commons-compress\1.19\commons-compress-1.19.jar;C:\Users\Sandeepkumar.Phalke\.m2\repository\com\github\virtuald\curvesapi\1.06\curvesapi-1.06.jar;"/>
    <property name="java.vm.vendor" value="Oracle Corporation"/>
    <property name="sun.arch.data.model" value="64"/>
    <property name="user.variant" value=""/>
    <property name="java.vendor.url" value="http://java.oracle.com/"/>
    <property name="user.timezone" value="Asia/Calcutta"/>
    <property name="java.vm.specification.version" value="1.8"/>
    <property name="os.name" value="Windows 11"/>
    <property name="user.country" value="IN"/>
    <property name="sun.java.launcher" value="SUN_STANDARD"/>
    <property name="sun.boot.library.path" value="C:\Program Files\Java\jdk1.8.0_341\jre\bin"/>
    <property name="sun.java.command" value="C:\Users\Sandeepkumar.Phalke\AppData\Local\Temp\surefire5734238124387349683\surefirebooter3387756673412459666.jar C:\Users\Sandeepkumar.Phalke\AppData\Local\Temp\surefire5734238124387349683 2023-01-31T10-23-46_046-jvmRun1 surefire4900634668992644787tmp surefire_02129485405154344721tmp"/>
    <property name="surefire.test.class.path" value="C:\Users\Sandeepkumar.Phalke\eclipse-workspace\UNICEF_SerenityBDD_Automation_Framework\target\test-classes;C:\Users\Sandeepkumar.Phalke\eclipse-workspace\UNICEF_SerenityBDD_Automation_Framework\target\cucumber-serenity-1.0.0-SNAPSHOT.jar;C:\Users\Sandeepkumar.Phalke\.m2\repository\net\serenity-bdd\serenity-core\3.4.2\serenity-core-3.4.2.jar;C:\Users\Sandeepkumar.Phalke\.m2\repository\net\serenity-bdd\serenity-model\3.4.2\serenity-model-3.4.2.jar;C:\Users\Sandeepkumar.Phalke\.m2\repository\org\apache\commons\commons-text\1.10.0\commons-text-1.10.0.jar;C:\Users\Sandeepkumar.Phalke\.m2\repository\commons-net\commons-net\3.8.0\commons-net-3.8.0.jar;C:\Users\Sandeepkumar.Phalke\.m2\repository\com\google\guava\guava\31.1-jre\guava-31.1-jre.jar;C:\Users\Sandeepkumar.Phalke\.m2\repository\com\google\guava\failureaccess\1.0.1\failureaccess-1.0.1.jar;C:\Users\Sandeepkumar.Phalke\.m2\repository\com\google\guava\listenablefuture\9999.0-empty-to-avoid-conflict-with-guava\listenablefuture-9999.0-empty-to-avoid-conflict-with-guava.jar;C:\Users\Sandeepkumar.Phalke\.m2\repository\com\google\code\findbugs\jsr305\3.0.2\jsr305-3.0.2.jar;C:\Users\Sandeepkumar.Phalke\.m2\repository\org\checkerframework\checker-qual\3.12.0\checker-qual-3.12.0.jar;C:\Users\Sandeepkumar.Phalke\.m2\repository\com\google\errorprone\error_prone_annotations\2.11.0\error_prone_annotations-2.11.0.jar;C:\Users\Sandeepkumar.Phalke\.m2\repository\com\google\j2objc\j2objc-annotations\1.3\j2objc-annotations-1.3.jar;C:\Users\Sandeepkumar.Phalke\.m2\repository\com\google\inject\guice\5.1.0\guice-5.1.0.jar;C:\Users\Sandeepkumar.Phalke\.m2\repository\javax\inject\javax.inject\1\javax.inject-1.jar;C:\Users\Sandeepkumar.Phalke\.m2\repository\aopalliance\aopalliance\1.0\aopalliance-1.0.jar;C:\Users\Sandeepkumar.Phalke\.m2\repository\org\jsoup\jsoup\1.14.3\jsoup-1.14.3.jar;C:\Users\Sandeepkumar.Phalke\.m2\repository\com\thoughtworks\xstream\xstream\1.4.19\xstream-1.4.19.jar;C:\Users\Sandeepkumar.Phalke\.m2\repository\io\github\x-stream\mxparser\1.2.2\mxparser-1.2.2.jar;C:\Users\Sandeepkumar.Phalke\.m2\repository\xmlpull\xmlpull\1.1.3.1\xmlpull-1.1.3.1.jar;C:\Users\Sandeepkumar.Phalke\.m2\repository\com\typesafe\config\1.4.2\config-1.4.2.jar;C:\Users\Sandeepkumar.Phalke\.m2\repository\org\imgscalr\imgscalr-lib\4.2\imgscalr-lib-4.2.jar;C:\Users\Sandeepkumar.Phalke\.m2\repository\org\awaitility\awaitility\4.2.0\awaitility-4.2.0.jar;C:\Users\Sandeepkumar.Phalke\.m2\repository\org\freemarker\freemarker\2.3.31\freemarker-2.3.31.jar;C:\Users\Sandeepkumar.Phalke\.m2\repository\io\github\classgraph\classgraph\4.8.138\classgraph-4.8.138.jar;C:\Users\Sandeepkumar.Phalke\.m2\repository\net\sourceforge\jexcelapi\jxl\2.6.12\jxl-2.6.12.jar;C:\Users\Sandeepkumar.Phalke\.m2\repository\net\bytebuddy\byte-buddy-agent\1.12.18\byte-buddy-agent-1.12.18.jar;C:\Users\Sandeepkumar.Phalke\.m2\repository\org\objenesis\objenesis\3.1\objenesis-3.1.jar;C:\Users\Sandeepkumar.Phalke\.m2\repository\net\serenity-bdd\serenity-reports\3.4.2\serenity-reports-3.4.2.jar;C:\Users\Sandeepkumar.Phalke\.m2\repository\net\serenity-bdd\serenity-stats\3.4.2\serenity-stats-3.4.2.jar;C:\Users\Sandeepkumar.Phalke\.m2\repository\net\serenity-bdd\serenity-reports-configuration\3.4.2\serenity-reports-configuration-3.4.2.jar;C:\Users\Sandeepkumar.Phalke\.m2\repository\com\vladsch\flexmark\flexmark-all\0.34.30\flexmark-all-0.34.30.jar;C:\Users\Sandeepkumar.Phalke\.m2\repository\com\vladsch\flexmark\flexmark\0.34.30\flexmark-0.34.30.jar;C:\Users\Sandeepkumar.Phalke\.m2\repository\com\vladsch\flexmark\flexmark-ext-abbreviation\0.34.30\flexmark-ext-abbreviation-0.34.30.jar;C:\Users\Sandeepkumar.Phalke\.m2\repository\com\vladsch\flexmark\flexmark-ext-admonition\0.34.30\flexmark-ext-admonition-0.34.30.jar;C:\Users\Sandeepkumar.Phalke\.m2\repository\com\vladsch\flexmark\flexmark-ext-anchorlink\0.34.30\flexmark-ext-anchorlink-0.34.30.jar;C:\Users\Sandeepkumar.Phalke\.m2\repository\com\vladsch\flexmark\flexmark-ext-aside\0.34.30\flexmark-ext-aside-0.34.30.jar;C:\Users\Sandeepkumar.Phalke\.m2\repository\com\vladsch\flexmark\flexmark-ext-attributes\0.34.30\flexmark-ext-attributes-0.34.30.jar;C:\Users\Sandeepkumar.Phalke\.m2\repository\com\vladsch\flexmark\flexmark-ext-autolink\0.34.30\flexmark-ext-autolink-0.34.30.jar;C:\Users\Sandeepkumar.Phalke\.m2\repository\org\nibor\autolink\autolink\0.6.0\autolink-0.6.0.jar;C:\Users\Sandeepkumar.Phalke\.m2\repository\com\vladsch\flexmark\flexmark-ext-definition\0.34.30\flexmark-ext-definition-0.34.30.jar;C:\Users\Sandeepkumar.Phalke\.m2\repository\com\vladsch\flexmark\flexmark-ext-emoji\0.34.30\flexmark-ext-emoji-0.34.30.jar;C:\Users\Sandeepkumar.Phalke\.m2\repository\com\vladsch\flexmark\flexmark-ext-enumerated-reference\0.34.30\flexmark-ext-enumerated-reference-0.34.30.jar;C:\Users\Sandeepkumar.Phalke\.m2\repository\com\vladsch\flexmark\flexmark-ext-escaped-character\0.34.30\flexmark-ext-escaped-character-0.34.30.jar;C:\Users\Sandeepkumar.Phalke\.m2\repository\com\vladsch\flexmark\flexmark-ext-footnotes\0.34.30\flexmark-ext-footnotes-0.34.30.jar;C:\Users\Sandeepkumar.Phalke\.m2\repository\com\vladsch\flexmark\flexmark-ext-gfm-issues\0.34.30\flexmark-ext-gfm-issues-0.34.30.jar;C:\Users\Sandeepkumar.Phalke\.m2\repository\com\vladsch\flexmark\flexmark-ext-gfm-strikethrough\0.34.30\flexmark-ext-gfm-strikethrough-0.34.30.jar;C:\Users\Sandeepkumar.Phalke\.m2\repository\com\vladsch\flexmark\flexmark-ext-gfm-tables\0.34.30\flexmark-ext-gfm-tables-0.34.30.jar;C:\Users\Sandeepkumar.Phalke\.m2\repository\com\vladsch\flexmark\flexmark-ext-gfm-tasklist\0.34.30\flexmark-ext-gfm-tasklist-0.34.30.jar;C:\Users\Sandeepkumar.Phalke\.m2\repository\com\vladsch\flexmark\flexmark-ext-gfm-users\0.34.30\flexmark-ext-gfm-users-0.34.30.jar;C:\Users\Sandeepkumar.Phalke\.m2\repository\com\vladsch\flexmark\flexmark-ext-gitlab\0.34.30\flexmark-ext-gitlab-0.34.30.jar;C:\Users\Sandeepkumar.Phalke\.m2\repository\com\vladsch\flexmark\flexmark-ext-jekyll-front-matter\0.34.30\flexmark-ext-jekyll-front-matter-0.34.30.jar;C:\Users\Sandeepkumar.Phalke\.m2\repository\com\vladsch\flexmark\flexmark-ext-jekyll-tag\0.34.30\flexmark-ext-jekyll-tag-0.34.30.jar;C:\Users\Sandeepkumar.Phalke\.m2\repository\com\vladsch\flexmark\flexmark-ext-media-tags\0.34.30\flexmark-ext-media-tags-0.34.30.jar;C:\Users\Sandeepkumar.Phalke\.m2\repository\com\vladsch\flexmark\flexmark-test-util\0.34.30\flexmark-test-util-0.34.30.jar;C:\Users\Sandeepkumar.Phalke\.m2\repository\com\vladsch\flexmark\flexmark-ext-ins\0.34.30\flexmark-ext-ins-0.34.30.jar;C:\Users\Sandeepkumar.Phalke\.m2\repository\com\vladsch\flexmark\flexmark-ext-xwiki-macros\0.34.30\flexmark-ext-xwiki-macros-0.34.30.jar;C:\Users\Sandeepkumar.Phalke\.m2\repository\com\vladsch\flexmark\flexmark-ext-superscript\0.34.30\flexmark-ext-superscript-0.34.30.jar;C:\Users\Sandeepkumar.Phalke\.m2\repository\com\vladsch\flexmark\flexmark-ext-tables\0.34.30\flexmark-ext-tables-0.34.30.jar;C:\Users\Sandeepkumar.Phalke\.m2\repository\com\vladsch\flexmark\flexmark-ext-toc\0.34.30\flexmark-ext-toc-0.34.30.jar;C:\Users\Sandeepkumar.Phalke\.m2\repository\com\vladsch\flexmark\flexmark-ext-typographic\0.34.30\flexmark-ext-typographic-0.34.30.jar;C:\Users\Sandeepkumar.Phalke\.m2\repository\com\vladsch\flexmark\flexmark-ext-wikilink\0.34.30\flexmark-ext-wikilink-0.34.30.jar;C:\Users\Sandeepkumar.Phalke\.m2\repository\com\vladsch\flexmark\flexmark-ext-yaml-front-matter\0.34.30\flexmark-ext-yaml-front-matter-0.34.30.jar;C:\Users\Sandeepkumar.Phalke\.m2\repository\com\vladsch\flexmark\flexmark-ext-youtube-embedded\0.34.30\flexmark-ext-youtube-embedded-0.34.30.jar;C:\Users\Sandeepkumar.Phalke\.m2\repository\com\vladsch\flexmark\flexmark-formatter\0.34.30\flexmark-formatter-0.34.30.jar;C:\Users\Sandeepkumar.Phalke\.m2\repository\com\vladsch\flexmark\flexmark-html-parser\0.34.30\flexmark-html-parser-0.34.30.jar;C:\Users\Sandeepkumar.Phalke\.m2\repository\com\vladsch\flexmark\flexmark-jira-converter\0.34.30\flexmark-jira-converter-0.34.30.jar;C:\Users\Sandeepkumar.Phalke\.m2\repository\com\vladsch\flexmark\flexmark-pdf-converter\0.34.30\flexmark-pdf-converter-0.34.30.jar;C:\Users\Sandeepkumar.Phalke\.m2\repository\com\openhtmltopdf\openhtmltopdf-core\0.0.1-RC13\openhtmltopdf-core-0.0.1-RC13.jar;C:\Users\Sandeepkumar.Phalke\.m2\repository\com\openhtmltopdf\openhtmltopdf-pdfbox\0.0.1-RC13\openhtmltopdf-pdfbox-0.0.1-RC13.jar;C:\Users\Sandeepkumar.Phalke\.m2\repository\org\apache\pdfbox\pdfbox\2.0.8\pdfbox-2.0.8.jar;C:\Users\Sandeepkumar.Phalke\.m2\repository\org\apache\pdfbox\fontbox\2.0.8\fontbox-2.0.8.jar;C:\Users\Sandeepkumar.Phalke\.m2\repository\org\apache\pdfbox\xmpbox\2.0.8\xmpbox-2.0.8.jar;C:\Users\Sandeepkumar.Phalke\.m2\repository\de\rototor\pdfbox\graphics2d\0.12\graphics2d-0.12.jar;C:\Users\Sandeepkumar.Phalke\.m2\repository\com\openhtmltopdf\openhtmltopdf-rtl-support\0.0.1-RC13\openhtmltopdf-rtl-support-0.0.1-RC13.jar;C:\Users\Sandeepkumar.Phalke\.m2\repository\com\ibm\icu\icu4j\59.1\icu4j-59.1.jar;C:\Users\Sandeepkumar.Phalke\.m2\repository\com\openhtmltopdf\openhtmltopdf-jsoup-dom-converter\0.0.1-RC13\openhtmltopdf-jsoup-dom-converter-0.0.1-RC13.jar;C:\Users\Sandeepkumar.Phalke\.m2\repository\com\vladsch\flexmark\flexmark-profile-pegdown\0.34.30\flexmark-profile-pegdown-0.34.30.jar;C:\Users\Sandeepkumar.Phalke\.m2\repository\com\vladsch\flexmark\flexmark-util\0.34.30\flexmark-util-0.34.30.jar;C:\Users\Sandeepkumar.Phalke\.m2\repository\com\vladsch\flexmark\flexmark-youtrack-converter\0.34.30\flexmark-youtrack-converter-0.34.30.jar;C:\Users\Sandeepkumar.Phalke\.m2\repository\es\nitaur\markdown\txtmark\0.16\txtmark-0.16.jar;C:\Users\Sandeepkumar.Phalke\.m2\repository\net\serenity-bdd\serenity-report-resources\3.4.2\serenity-report-resources-3.4.2.jar;C:\Users\Sandeepkumar.Phalke\.m2\repository\com\google\code\gson\gson\2.9.0\gson-2.9.0.jar;C:\Users\Sandeepkumar.Phalke\.m2\repository\com\fasterxml\jackson\core\jackson-core\2.13.4\jackson-core-2.13.4.jar;C:\Users\Sandeepkumar.Phalke\.m2\repository\com\fasterxml\jackson\core\jackson-databind\2.13.4\jackson-databind-2.13.4.jar;C:\Users\Sandeepkumar.Phalke\.m2\repository\com\fasterxml\jackson\core\jackson-annotations\2.13.4\jackson-annotations-2.13.4.jar;C:\Users\Sandeepkumar.Phalke\.m2\repository\commons-codec\commons-codec\1.15\commons-codec-1.15.jar;C:\Users\Sandeepkumar.Phalke\.m2\repository\commons-io\commons-io\2.11.0\commons-io-2.11.0.jar;C:\Users\Sandeepkumar.Phalke\.m2\repository\org\apache\httpcomponents\httpclient\4.5.13\httpclient-4.5.13.jar;C:\Users\Sandeepkumar.Phalke\.m2\repository\org\apache\httpcomponents\httpcore\4.4.13\httpcore-4.4.13.jar;C:\Users\Sandeepkumar.Phalke\.m2\repository\commons-logging\commons-logging\1.2\commons-logging-1.2.jar;C:\Users\Sandeepkumar.Phalke\.m2\repository\org\seleniumhq\selenium\selenium-java\4.6.0\selenium-java-4.6.0.jar;C:\Users\Sandeepkumar.Phalke\.m2\repository\org\seleniumhq\selenium\selenium-devtools-v105\4.6.0\selenium-devtools-v105-4.6.0.jar;C:\Users\Sandeepkumar.Phalke\.m2\repository\org\seleniumhq\selenium\selenium-devtools-v106\4.6.0\selenium-devtools-v106-4.6.0.jar;C:\Users\Sandeepkumar.Phalke\.m2\repository\org\seleniumhq\selenium\selenium-devtools-v107\4.6.0\selenium-devtools-v107-4.6.0.jar;C:\Users\Sandeepkumar.Phalke\.m2\repository\org\seleniumhq\selenium\selenium-devtools-v85\4.6.0\selenium-devtools-v85-4.6.0.jar;C:\Users\Sandeepkumar.Phalke\.m2\repository\org\seleniumhq\selenium\selenium-remote-driver\4.6.0\selenium-remote-driver-4.6.0.jar;C:\Users\Sandeepkumar.Phalke\.m2\repository\com\beust\jcommander\1.82\jcommander-1.82.jar;C:\Users\Sandeepkumar.Phalke\.m2\repository\io\netty\netty-buffer\4.1.84.Final\netty-buffer-4.1.84.Final.jar;C:\Users\Sandeepkumar.Phalke\.m2\repository\io\netty\netty-codec-http\4.1.84.Final\netty-codec-http-4.1.84.Final.jar;C:\Users\Sandeepkumar.Phalke\.m2\repository\io\netty\netty-codec\4.1.84.Final\netty-codec-4.1.84.Final.jar;C:\Users\Sandeepkumar.Phalke\.m2\repository\io\netty\netty-handler\4.1.84.Final\netty-handler-4.1.84.Final.jar;C:\Users\Sandeepkumar.Phalke\.m2\repository\io\netty\netty-common\4.1.84.Final\netty-common-4.1.84.Final.jar;C:\Users\Sandeepkumar.Phalke\.m2\repository\io\netty\netty-transport-classes-epoll\4.1.84.Final\netty-transport-classes-epoll-4.1.84.Final.jar;C:\Users\Sandeepkumar.Phalke\.m2\repository\io\netty\netty-transport-classes-kqueue\4.1.84.Final\netty-transport-classes-kqueue-4.1.84.Final.jar;C:\Users\Sandeepkumar.Phalke\.m2\repository\io\netty\netty-transport-native-epoll\4.1.84.Final\netty-transport-native-epoll-4.1.84.Final.jar;C:\Users\Sandeepkumar.Phalke\.m2\repository\io\netty\netty-transport-native-kqueue\4.1.84.Final\netty-transport-native-kqueue-4.1.84.Final.jar;C:\Users\Sandeepkumar.Phalke\.m2\repository\io\netty\netty-transport-native-unix-common\4.1.84.Final\netty-transport-native-unix-common-4.1.84.Final.jar;C:\Users\Sandeepkumar.Phalke\.m2\repository\io\netty\netty-transport\4.1.84.Final\netty-transport-4.1.84.Final.jar;C:\Users\Sandeepkumar.Phalke\.m2\repository\io\netty\netty-resolver\4.1.84.Final\netty-resolver-4.1.84.Final.jar;C:\Users\Sandeepkumar.Phalke\.m2\repository\io\opentelemetry\opentelemetry-api\1.19.0\opentelemetry-api-1.19.0.jar;C:\Users\Sandeepkumar.Phalke\.m2\repository\io\opentelemetry\opentelemetry-context\1.19.0\opentelemetry-context-1.19.0.jar;C:\Users\Sandeepkumar.Phalke\.m2\repository\io\opentelemetry\opentelemetry-exporter-logging\1.19.0\opentelemetry-exporter-logging-1.19.0.jar;C:\Users\Sandeepkumar.Phalke\.m2\repository\io\opentelemetry\opentelemetry-sdk-metrics\1.19.0\opentelemetry-sdk-metrics-1.19.0.jar;C:\Users\Sandeepkumar.Phalke\.m2\repository\io\opentelemetry\opentelemetry-sdk-logs\1.19.0-alpha\opentelemetry-sdk-logs-1.19.0-alpha.jar;C:\Users\Sandeepkumar.Phalke\.m2\repository\io\opentelemetry\opentelemetry-api-logs\1.19.0-alpha\opentelemetry-api-logs-1.19.0-alpha.jar;C:\Users\Sandeepkumar.Phalke\.m2\repository\io\opentelemetry\opentelemetry-sdk-common\1.19.0\opentelemetry-sdk-common-1.19.0.jar;C:\Users\Sandeepkumar.Phalke\.m2\repository\io\opentelemetry\opentelemetry-sdk-extension-autoconfigure-spi\1.19.0\opentelemetry-sdk-extension-autoconfigure-spi-1.19.0.jar;C:\Users\Sandeepkumar.Phalke\.m2\repository\io\opentelemetry\opentelemetry-sdk-extension-autoconfigure\1.19.0-alpha\opentelemetry-sdk-extension-autoconfigure-1.19.0-alpha.jar;C:\Users\Sandeepkumar.Phalke\.m2\repository\io\opentelemetry\opentelemetry-exporter-common\1.19.0\opentelemetry-exporter-common-1.19.0.jar;C:\Users\Sandeepkumar.Phalke\.m2\repository\io\opentelemetry\opentelemetry-sdk-trace\1.19.0\opentelemetry-sdk-trace-1.19.0.jar;C:\Users\Sandeepkumar.Phalke\.m2\repository\io\opentelemetry\opentelemetry-sdk\1.19.0\opentelemetry-sdk-1.19.0.jar;C:\Users\Sandeepkumar.Phalke\.m2\repository\io\opentelemetry\opentelemetry-semconv\1.19.0-alpha\opentelemetry-semconv-1.19.0-alpha.jar;C:\Users\Sandeepkumar.Phalke\.m2\repository\io\ous\jtoml\2.0.0\jtoml-2.0.0.jar;C:\Users\Sandeepkumar.Phalke\.m2\repository\org\apache\commons\commons-exec\1.3\commons-exec-1.3.jar;C:\Users\Sandeepkumar.Phalke\.m2\repository\org\asynchttpclient\async-http-client\2.12.3\async-http-client-2.12.3.jar;C:\Users\Sandeepkumar.Phalke\.m2\repository\org\asynchttpclient\async-http-client-netty-utils\2.12.3\async-http-client-netty-utils-2.12.3.jar;C:\Users\Sandeepkumar.Phalke\.m2\repository\io\netty\netty-codec-socks\4.1.60.Final\netty-codec-socks-4.1.60.Final.jar;C:\Users\Sandeepkumar.Phalke\.m2\repository\io\netty\netty-handler-proxy\4.1.60.Final\netty-handler-proxy-4.1.60.Final.jar;C:\Users\Sandeepkumar.Phalke\.m2\repository\io\netty\netty-transport-native-epoll\4.1.60.Final\netty-transport-native-epoll-4.1.60.Final-linux-x86_64.jar;C:\Users\Sandeepkumar.Phalke\.m2\repository\io\netty\netty-transport-native-kqueue\4.1.60.Final\netty-transport-native-kqueue-4.1.60.Final-osx-x86_64.jar;C:\Users\Sandeepkumar.Phalke\.m2\repository\org\reactivestreams\reactive-streams\1.0.3\reactive-streams-1.0.3.jar;C:\Users\Sandeepkumar.Phalke\.m2\repository\com\typesafe\netty\netty-reactive-streams\2.0.4\netty-reactive-streams-2.0.4.jar;C:\Users\Sandeepkumar.Phalke\.m2\repository\org\seleniumhq\selenium\selenium-http\4.6.0\selenium-http-4.6.0.jar;C:\Users\Sandeepkumar.Phalke\.m2\repository\dev\failsafe\failsafe\3.3.0\failsafe-3.3.0.jar;C:\Users\Sandeepkumar.Phalke\.m2\repository\org\seleniumhq\selenium\selenium-manager\4.6.0\selenium-manager-4.6.0.jar;C:\Users\Sandeepkumar.Phalke\.m2\repository\org\seleniumhq\selenium\selenium-safari-driver\4.6.0\selenium-safari-driver-4.6.0.jar;C:\Users\Sandeepkumar.Phalke\.m2\repository\org\seleniumhq\selenium\selenium-api\4.6.0\selenium-api-4.6.0.jar;C:\Users\Sandeepkumar.Phalke\.m2\repository\org\seleniumhq\selenium\selenium-support\4.6.0\selenium-support-4.6.0.jar;C:\Users\Sandeepkumar.Phalke\.m2\repository\com\google\auto\service\auto-service-annotations\1.0.1\auto-service-annotations-1.0.1.jar;C:\Users\Sandeepkumar.Phalke\.m2\repository\com\google\auto\service\auto-service\1.0.1\auto-service-1.0.1.jar;C:\Users\Sandeepkumar.Phalke\.m2\repository\com\google\auto\auto-common\1.2\auto-common-1.2.jar;C:\Users\Sandeepkumar.Phalke\.m2\repository\org\seleniumhq\selenium\selenium-json\4.6.0\selenium-json-4.6.0.jar;C:\Users\Sandeepkumar.Phalke\.m2\repository\org\seleniumhq\selenium\selenium-chrome-driver\4.6.0\selenium-chrome-driver-4.6.0.jar;C:\Users\Sandeepkumar.Phalke\.m2\repository\org\seleniumhq\selenium\selenium-chromium-driver\4.6.0\selenium-chromium-driver-4.6.0.jar;C:\Users\Sandeepkumar.Phalke\.m2\repository\org\seleniumhq\selenium\selenium-firefox-driver\4.6.0\selenium-firefox-driver-4.6.0.jar;C:\Users\Sandeepkumar.Phalke\.m2\repository\org\seleniumhq\selenium\selenium-edge-driver\4.6.0\selenium-edge-driver-4.6.0.jar;C:\Users\Sandeepkumar.Phalke\.m2\repository\org\seleniumhq\selenium\selenium-ie-driver\4.6.0\selenium-ie-driver-4.6.0.jar;C:\Users\Sandeepkumar.Phalke\.m2\repository\org\projectlombok\lombok\1.18.20\lombok-1.18.20.jar;C:\Users\Sandeepkumar.Phalke\.m2\repository\io\appium\java-client\8.2.0\java-client-8.2.0.jar;C:\Users\Sandeepkumar.Phalke\.m2\repository\commons-validator\commons-validator\1.7\commons-validator-1.7.jar;C:\Users\Sandeepkumar.Phalke\.m2\repository\commons-digester\commons-digester\2.1\commons-digester-2.1.jar;C:\Users\Sandeepkumar.Phalke\.m2\repository\org\apache\groovy\groovy\4.0.6\groovy-4.0.6.jar;C:\Users\Sandeepkumar.Phalke\.m2\repository\net\sf\opencsv\opencsv\2.0\opencsv-2.0.jar;C:\Users\Sandeepkumar.Phalke\.m2\repository\commons-beanutils\commons-beanutils\1.9.4\commons-beanutils-1.9.4.jar;C:\Users\Sandeepkumar.Phalke\.m2\repository\org\apache\commons\commons-lang3\3.12.0\commons-lang3-3.12.0.jar;C:\Users\Sandeepkumar.Phalke\.m2\repository\commons-collections\commons-collections\3.2.2\commons-collections-3.2.2.jar;C:\Users\Sandeepkumar.Phalke\.m2\repository\org\fluentlenium\fluentlenium-core\0.10.2\fluentlenium-core-0.10.2.jar;C:\Users\Sandeepkumar.Phalke\.m2\repository\io\github\bonigarcia\webdrivermanager\5.3.0\webdrivermanager-5.3.0.jar;C:\Users\Sandeepkumar.Phalke\.m2\repository\com\github\docker-java\docker-java\3.2.13\docker-java-3.2.13.jar;C:\Users\Sandeepkumar.Phalke\.m2\repository\com\github\docker-java\docker-java-core\3.2.13\docker-java-core-3.2.13.jar;C:\Users\Sandeepkumar.Phalke\.m2\repository\com\github\docker-java\docker-java-api\3.2.13\docker-java-api-3.2.13.jar;C:\Users\Sandeepkumar.Phalke\.m2\repository\org\bouncycastle\bcpkix-jdk15on\1.64\bcpkix-jdk15on-1.64.jar;C:\Users\Sandeepkumar.Phalke\.m2\repository\org\bouncycastle\bcprov-jdk15on\1.64\bcprov-jdk15on-1.64.jar;C:\Users\Sandeepkumar.Phalke\.m2\repository\org\slf4j\jcl-over-slf4j\1.7.30\jcl-over-slf4j-1.7.30.jar;C:\Users\Sandeepkumar.Phalke\.m2\repository\com\github\docker-java\docker-java-transport-httpclient5\3.2.13\docker-java-transport-httpclient5-3.2.13.jar;C:\Users\Sandeepkumar.Phalke\.m2\repository\com\github\docker-java\docker-java-transport\3.2.13\docker-java-transport-3.2.13.jar;C:\Users\Sandeepkumar.Phalke\.m2\repository\net\java\dev\jna\jna\5.8.0\jna-5.8.0.jar;C:\Users\Sandeepkumar.Phalke\.m2\repository\org\brotli\dec\0.1.2\dec-0.1.2.jar;C:\Users\Sandeepkumar.Phalke\.m2\repository\org\apache\httpcomponents\client5\httpclient5\5.1.3\httpclient5-5.1.3.jar;C:\Users\Sandeepkumar.Phalke\.m2\repository\org\apache\httpcomponents\core5\httpcore5\5.1.3\httpcore5-5.1.3.jar;C:\Users\Sandeepkumar.Phalke\.m2\repository\org\apache\httpcomponents\core5\httpcore5-h2\5.1.3\httpcore5-h2-5.1.3.jar;C:\Users\Sandeepkumar.Phalke\.m2\repository\com\jhlabs\filters\2.0.235\filters-2.0.235.jar;C:\Users\Sandeepkumar.Phalke\.m2\repository\com\paulhammant\ngwebdriver\1.1.6\ngwebdriver-1.1.6.jar;C:\Users\Sandeepkumar.Phalke\.m2\repository\joda-time\joda-time\2.8.2\joda-time-2.8.2.jar;C:\Users\Sandeepkumar.Phalke\.m2\repository\org\hamcrest\hamcrest\2.2\hamcrest-2.2.jar;C:\Users\Sandeepkumar.Phalke\.m2\repository\com\google\jimfs\jimfs\1.2\jimfs-1.2.jar;C:\Users\Sandeepkumar.Phalke\.m2\repository\org\mockito\mockito-core\3.3.3\mockito-core-3.3.3.jar;C:\Users\Sandeepkumar.Phalke\.m2\repository\javax\xml\bind\jaxb-api\2.3.1\jaxb-api-2.3.1.jar;C:\Users\Sandeepkumar.Phalke\.m2\repository\javax\activation\javax.activation-api\1.2.0\javax.activation-api-1.2.0.jar;C:\Users\Sandeepkumar.Phalke\.m2\repository\com\sun\xml\bind\jaxb-core\2.3.0.1\jaxb-core-2.3.0.1.jar;C:\Users\Sandeepkumar.Phalke\.m2\repository\com\sun\xml\bind\jaxb-impl\2.3.3\jaxb-impl-2.3.3.jar;C:\Users\Sandeepkumar.Phalke\.m2\repository\jakarta\xml\bind\jakarta.xml.bind-api\2.3.3\jakarta.xml.bind-api-2.3.3.jar;C:\Users\Sandeepkumar.Phalke\.m2\repository\com\sun\activation\jakarta.activation\1.2.2\jakarta.activation-1.2.2.jar;C:\Users\Sandeepkumar.Phalke\.m2\repository\javax\activation\activation\1.1.1\activation-1.1.1.jar;C:\Users\Sandeepkumar.Phalke\.m2\repository\net\serenity-bdd\serenity-cucumber\3.4.2\serenity-cucumber-3.4.2.jar;C:\Users\Sandeepkumar.Phalke\.m2\repository\io\cucumber\cucumber-core\7.8.1\cucumber-core-7.8.1.jar;C:\Users\Sandeepkumar.Phalke\.m2\repository\io\cucumber\cucumber-gherkin\7.8.1\cucumber-gherkin-7.8.1.jar;C:\Users\Sandeepkumar.Phalke\.m2\repository\io\cucumber\cucumber-gherkin-messages\7.8.1\cucumber-gherkin-messages-7.8.1.jar;C:\Users\Sandeepkumar.Phalke\.m2\repository\io\cucumber\gherkin\24.0.0\gherkin-24.0.0.jar;C:\Users\Sandeepkumar.Phalke\.m2\repository\io\cucumber\messages\19.1.4\messages-19.1.4.jar;C:\Users\Sandeepkumar.Phalke\.m2\repository\io\cucumber\tag-expressions\4.1.0\tag-expressions-4.1.0.jar;C:\Users\Sandeepkumar.Phalke\.m2\repository\io\cucumber\cucumber-expressions\16.0.0\cucumber-expressions-16.0.0.jar;C:\Users\Sandeepkumar.Phalke\.m2\repository\io\cucumber\datatable\7.8.1\datatable-7.8.1.jar;C:\Users\Sandeepkumar.Phalke\.m2\repository\io\cucumber\cucumber-plugin\7.8.1\cucumber-plugin-7.8.1.jar;C:\Users\Sandeepkumar.Phalke\.m2\repository\io\cucumber\docstring\7.8.1\docstring-7.8.1.jar;C:\Users\Sandeepkumar.Phalke\.m2\repository\io\cucumber\html-formatter\20.1.0\html-formatter-20.1.0.jar;C:\Users\Sandeepkumar.Phalke\.m2\repository\io\cucumber\ci-environment\9.1.0\ci-environment-9.1.0.jar;C:\Users\Sandeepkumar.Phalke\.m2\repository\io\cucumber\cucumber-java\7.8.1\cucumber-java-7.8.1.jar;C:\Users\Sandeepkumar.Phalke\.m2\repository\io\cucumber\cucumber-junit\7.8.1\cucumber-junit-7.8.1.jar;C:\Users\Sandeepkumar.Phalke\.m2\repository\org\apache\commons\commons-csv\1.5\commons-csv-1.5.jar;C:\Users\Sandeepkumar.Phalke\.m2\repository\net\serenity-bdd\serenity-screenplay\3.4.2\serenity-screenplay-3.4.2.jar;C:\Users\Sandeepkumar.Phalke\.m2\repository\net\serenity-bdd\serenity-screenplay-webdriver\3.4.2\serenity-screenplay-webdriver-3.4.2.jar;C:\Users\Sandeepkumar.Phalke\.m2\repository\net\serenity-bdd\serenity-ensure\3.4.2\serenity-ensure-3.4.2.jar;C:\Users\Sandeepkumar.Phalke\.m2\repository\net\serenity-bdd\serenity-junit\3.4.2\serenity-junit-3.4.2.jar;C:\Users\Sandeepkumar.Phalke\.m2\repository\org\jetbrains\kotlin\kotlin-stdlib\1.7.20\kotlin-stdlib-1.7.20.jar;C:\Users\Sandeepkumar.Phalke\.m2\repository\org\jetbrains\kotlin\kotlin-stdlib-common\1.7.20\kotlin-stdlib-common-1.7.20.jar;C:\Users\Sandeepkumar.Phalke\.m2\repository\org\jetbrains\annotations\13.0\annotations-13.0.jar;C:\Users\Sandeepkumar.Phalke\.m2\repository\org\junit\platform\junit-platform-launcher\1.8.2\junit-platform-launcher-1.8.2.jar;C:\Users\Sandeepkumar.Phalke\.m2\repository\org\junit\platform\junit-platform-engine\1.8.2\junit-platform-engine-1.8.2.jar;C:\Users\Sandeepkumar.Phalke\.m2\repository\org\opentest4j\opentest4j\1.2.0\opentest4j-1.2.0.jar;C:\Users\Sandeepkumar.Phalke\.m2\repository\org\junit\platform\junit-platform-commons\1.8.2\junit-platform-commons-1.8.2.jar;C:\Users\Sandeepkumar.Phalke\.m2\repository\org\apiguardian\apiguardian-api\1.1.2\apiguardian-api-1.1.2.jar;C:\Users\Sandeepkumar.Phalke\.m2\repository\org\junit\jupiter\junit-jupiter-engine\5.8.2\junit-jupiter-engine-5.8.2.jar;C:\Users\Sandeepkumar.Phalke\.m2\repository\org\junit\jupiter\junit-jupiter-api\5.8.2\junit-jupiter-api-5.8.2.jar;C:\Users\Sandeepkumar.Phalke\.m2\repository\org\junit\vintage\junit-vintage-engine\5.8.2\junit-vintage-engine-5.8.2.jar;C:\Users\Sandeepkumar.Phalke\.m2\repository\junit\junit\4.13.2\junit-4.13.2.jar;C:\Users\Sandeepkumar.Phalke\.m2\repository\org\hamcrest\hamcrest-core\1.3\hamcrest-core-1.3.jar;C:\Users\Sandeepkumar.Phalke\.m2\repository\ch\qos\logback\logback-classic\1.2.10\logback-classic-1.2.10.jar;C:\Users\Sandeepkumar.Phalke\.m2\repository\ch\qos\logback\logback-core\1.2.10\logback-core-1.2.10.jar;C:\Users\Sandeepkumar.Phalke\.m2\repository\org\slf4j\slf4j-api\1.7.32\slf4j-api-1.7.32.jar;C:\Users\Sandeepkumar.Phalke\.m2\repository\org\assertj\assertj-core\3.23.1\assertj-core-3.23.1.jar;C:\Users\Sandeepkumar.Phalke\.m2\repository\net\bytebuddy\byte-buddy\1.12.10\byte-buddy-1.12.10.jar;C:\Users\Sandeepkumar.Phalke\.m2\repository\org\apache\poi\poi\4.1.2\poi-4.1.2.jar;C:\Users\Sandeepkumar.Phalke\.m2\repository\org\apache\commons\commons-collections4\4.4\commons-collections4-4.4.jar;C:\Users\Sandeepkumar.Phalke\.m2\repository\org\apache\commons\commons-math3\3.6.1\commons-math3-3.6.1.jar;C:\Users\Sandeepkumar.Phalke\.m2\repository\com\zaxxer\SparseBitSet\1.2\SparseBitSet-1.2.jar;C:\Users\Sandeepkumar.Phalke\.m2\repository\org\apache\poi\poi-ooxml\4.1.2\poi-ooxml-4.1.2.jar;C:\Users\Sandeepkumar.Phalke\.m2\repository\org\apache\poi\poi-ooxml-schemas\4.1.2\poi-ooxml-schemas-4.1.2.jar;C:\Users\Sandeepkumar.Phalke\.m2\repository\org\apache\xmlbeans\xmlbeans\3.1.0\xmlbeans-3.1.0.jar;C:\Users\Sandeepkumar.Phalke\.m2\repository\org\apache\commons\commons-compress\1.19\commons-compress-1.19.jar;C:\Users\Sandeepkumar.Phalke\.m2\repository\com\github\virtuald\curvesapi\1.06\curvesapi-1.06.jar;"/>
    <property name="sun.cpu.endian" value="little"/>
    <property name="user.home" value="C:\Users\Sandeepkumar.Phalke"/>
    <property name="user.language" value="en"/>
    <property name="java.specification.vendor" value="Oracle Corporation"/>
    <property name="java.home" value="C:\Program Files\Java\jdk1.8.0_341\jre"/>
    <property name="basedir" value="C:\Users\Sandeepkumar.Phalke\eclipse-workspace\UNICEF_SerenityBDD_Automation_Framework"/>
    <property name="file.separator" value="\"/>
    <property name="line.separator" value="&#10;"/>
    <property name="java.vm.specification.vendor" value="Oracle Corporation"/>
    <property name="java.specification.name" value="Java Platform API Specification"/>
    <property name="java.awt.graphicsenv" value="sun.awt.Win32GraphicsEnvironment"/>
    <property name="surefire.real.class.path" value="C:\Users\Sandeepkumar.Phalke\AppData\Local\Temp\surefire5734238124387349683\surefirebooter3387756673412459666.jar"/>
    <property name="sun.boot.class.path" value="C:\Program Files\Java\jdk1.8.0_341\jre\lib\resources.jar;C:\Program Files\Java\jdk1.8.0_341\jre\lib\rt.jar;C:\Program Files\Java\jdk1.8.0_341\jre\lib\jsse.jar;C:\Program Files\Java\jdk1.8.0_341\jre\lib\jce.jar;C:\Program Files\Java\jdk1.8.0_341\jre\lib\charsets.jar;C:\Program Files\Java\jdk1.8.0_341\jre\lib\jfr.jar;C:\Program Files\Java\jdk1.8.0_341\jre\classes"/>
    <property name="user.script" value=""/>
    <property name="java.protocol.handler.pkgs" value="com.google.common"/>
    <property name="sun.management.compiler" value="HotSpot 64-Bit Tiered Compilers"/>
    <property name="java.runtime.version" value="1.8.0_341-b10"/>
    <property name="user.name" value="Sandeepkumar.Phalke"/>
    <property name="path.separator" value=";"/>
    <property name="os.version" value="10.0"/>
    <property name="java.endorsed.dirs" value="C:\Program Files\Java\jdk1.8.0_341\jre\lib\endorsed"/>
    <property name="java.runtime.name" value="Java(TM) SE Runtime Environment"/>
    <property name="file.encoding" value="UTF8"/>
    <property name="webdriver.base.url" value=""/>
    <property name="java.vm.name" value="Java HotSpot(TM) 64-Bit Server VM"/>
    <property name="failsafe.rerunFailingTestsCount" value="2"/>
    <property name="localRepository" value="C:\Users\Sandeepkumar.Phalke\.m2\repository"/>
    <property name="java.vendor.url.bug" value="http://bugreport.sun.com/bugreport/"/>
    <property name="java.io.tmpdir" value="C:\Users\SANDEE~1.PHA\AppData\Local\Temp\"/>
    <property name="java.version" value="1.8.0_341"/>
    <property name="user.dir" value="C:\Users\Sandeepkumar.Phalke\eclipse-workspace\UNICEF_SerenityBDD_Automation_Framework"/>
    <property name="os.arch" value="amd64"/>
    <property name="java.vm.specification.name" value="Java Virtual Machine Specification"/>
    <property name="java.awt.printerjob" value="sun.awt.windows.WPrinterJob"/>
    <property name="sun.os.patch.level" value=""/>
    <property name="java.library.path" value="C:\Program Files\Java\jdk1.8.0_341\jre\bin;C:\Windows\Sun\Java\bin;C:\Windows\system32;C:\Windows;C:\Program Files (x86)\Common Files\Oracle\Java\javapath;C:\Windows\system32;C:\Windows;C:\Windows\System32\Wbem;C:\Windows\System32\WindowsPowerShell\v1.0\;C:\Windows\System32\OpenSSH\;C:\Program Files\Git\cmd;C:\Program Files (x86)\Microsoft SQL Server\150\DTS\Binn\;C:\Program Files\Azure Data Studio\bin;C:\Users\Sandeepkumar.Phalke\AppData\Local\Microsoft\WindowsApps;C:\Program Files\apache-maven-3.8.6-bin\apache-maven-3.8.6\bin;C:\Program Files\apache-maven-3.8.6-bin\apache-maven-3.8.6\bin;C:\Program Files\Java\jdk1.8.0_341\bin;;."/>
    <property name="java.vm.info" value="mixed mode"/>
    <property name="java.vendor" value="Oracle Corporation"/>
    <property name="java.vm.version" value="25.341-b10"/>
    <property name="java.ext.dirs" value="C:\Program Files\Java\jdk1.8.0_341\jre\lib\ext;C:\Windows\Sun\Java\lib\ext"/>
    <property name="sun.io.unicode.encoding" value="UnicodeLittle"/>
    <property name="java.class.version" value="52.0"/>
  </properties>
  <testcase name="Change language from English to French" classname="Language change in SMT application" time="12.024"/>
  <testcase name="Change language from French to French" classname="Language change in SMT application" time="10.204"/>
  <testcase name="Change language from French to English" classname="Language change in SMT application" time="7.346"/>
  <testcase name="Change language from English to French and verify sign in Page in french" classname="Language change in SMT application" time="9.284"/>
  <testcase name="Login to the application with valid credentials" classname="Login to SMT application" time="18.134"/>
  <testcase name="Login to the application with invalid credentials" classname="Login to SMT application" time="20.204"/>
  <testcase name="Verify user is able to create new SD Admin role user" classname="Creation of user in SMT application" time="38.623"/>
  <testcase name="Verify user is able to add arrival line and arrival receipt type data and finalize it" classname="Arrivals tab in SMT application for Store Operator user" time="49.718"/>
  <testcase name="Verify user is able to update arrival line and arrival receipt type data before finalizing" classname="Arrivals tab in SMT application for Store Operator user" time="73.061">
    <flakyError type="org.openqa.selenium.ElementClickInterceptedException">
      <stackTrace><![CDATA[org.openqa.selenium.ElementClickInterceptedException: 
element click intercepted: Element <input aria-invalid="false" name="totalCost" type="text" maxlength="8" class="MuiInputBase-input MuiInput-input" value=""> is not clickable at point (1136, 473). Other element would receive the click: <div aria-hidden="true" style="z-index: -1; position: fixed; inset: 0px; background-color: transparent; -webkit-tap-highlight-color: transparent;"></div>
  (Session info: chrome=109.0.5414.75)
Build info: version: '4.6.0', revision: '79f1c02ae20'
System info: os.name: 'Windows 11', os.arch: 'amd64', os.version: '10.0', java.version: '1.8.0_341'
Driver info: org.openqa.selenium.chrome.ChromeDriver
Command: [4a3589023108c60aa4d8e1549b91ed21, clickElement {id=97b3983b-4a05-48b0-823f-c59bb325ffed}]
Capabilities {acceptInsecureCerts: false, browserName: chrome, browserVersion: 109.0.5414.75, chrome: {chromedriverVersion: 109.0.5414.74 (e7c5703604da..., userDataDir: C:\Users\SANDEE~1.PHA\AppDa...}, goog:chromeOptions: {debuggerAddress: localhost:53969}, networkConnectionEnabled: false, pageLoadStrategy: normal, platformName: WINDOWS, proxy: Proxy(), se:cdp: ws://localhost:53969/devtoo..., se:cdpVersion: 109.0.5414.75, setWindowRect: true, strictFileInteractability: false, timeouts: {implicit: 0, pageLoad: 300000, script: 30000}, unhandledPromptBehavior: dismiss and notify, webauthn:extension:credBlob: true, webauthn:extension:largeBlob: true, webauthn:virtualAuthenticators: true}
Element: [[ChromeDriver: chrome on WINDOWS (4a3589023108c60aa4d8e1549b91ed21)] -> xpath: //input[@name='totalCost']]
Session ID: 4a3589023108c60aa4d8e1549b91ed21
]]></stackTrace>
      <system-out><![CDATA[
Scenario Outline: Verify user is able to update arrival line and arrival receipt type data before finalizing &amp#27;[90m# src/test/resources/features/StoreOperator/Arrivals.feature:128&amp#27;[0m
10:26:34.312 [main] INFO  i.c.core.plugin.SerenityReporter - Running feature from file:///C:/Users/Sandeepkumar.Phalke/eclipse-workspace/UNICEF_SerenityBDD_Automation_Framework/src/test/resources/features/StoreOperator/Arrivals.feature
10:26:34.321 [main] INFO   - 
  _____   ___   ___   _____     ___   _____     _     ___   _____   ___   ___  
 |_   _| | __| / __| |_   _|   / __| |_   _|   /_\   | _ \ |_   _| | __| |   \ 
   | |   | _|  \__ \   | |     \__ \   | |    / _ \  |   /   | |   | _|  | |) |
   |_|   |___| |___/   |_|     |___/   |_|   /_/ \_\ |_|_\   |_|   |___| |___/ 

Verify user is able to update arrival line and arrival receipt type data before finalizing(arrivals-tab-in-smt-application-for-store-operator-user;verify-user-is-able-to-update-arrival-line-and-arrival-receipt-type-data-before-finalizing)
--------------------------------------------------------------------------------
10:26:34.586 [main] INFO  n.s.c.w.d.ChromeDriverProvider - Starting Chrome driver instance with capabilities:
10:26:34.587 [main] INFO  n.s.c.w.d.ChromeDriverProvider - Capabilities {acceptInsecureCerts: false, browserName: chrome, goog:chromeOptions: {args: [test-type, no-sandbox, ignore-certificate-errors, --window-size=1000,800, incognito, disable-infobars, disable-gpu, disable-default-apps, disable-popup-blocking], extensions: []}}
  &amp#27;[32mGiven &amp#27;[0m&amp#27;[32mUser is on home page of SMT application&amp#27;[0m                                                              &amp#27;[90m# stepdefinitions.CommonDefinitions.user_is_on_home_page_of_smt_application()&amp#27;[0m
  &amp#27;[32mAnd &amp#27;[0m&amp#27;[32mUser is able to see login button on home page&amp#27;[0m                                                          &amp#27;[90m# stepdefinitions.HomeDefinitions.user_is_able_to_see_login_button_on_home_page()&amp#27;[0m
  &amp#27;[32mWhen &amp#27;[0m&amp#27;[32mUser click on login button&amp#27;[0m                                                                            &amp#27;[90m# stepdefinitions.HomeDefinitions.user_click_on_login_button()&amp#27;[0m
  &amp#27;[32mAnd &amp#27;[0m&amp#27;[32mUser click on Proceed To Login button in &amp#27;[0m&amp#27;[32m&amp#27;[1m"English"&amp#27;[0m                                                     &amp#27;[90m# stepdefinitions.HomeDefinitions.user_click_on_proceed_to_login_button_in(java.lang.String)&amp#27;[0m
  &amp#27;[32mThen &amp#27;[0m&amp#27;[32mUser login as &amp#27;[0m&amp#27;[32m&amp#27;[1m"Store Operator"&amp#27;[0m                                                                        &amp#27;[90m# stepdefinitions.CommonDefinitions.user_login_as(java.lang.String)&amp#27;[0m
  &amp#27;[32mAnd &amp#27;[0m&amp#27;[32mUser click on &amp#27;[0m&amp#27;[32m&amp#27;[1m"Apply"&amp#27;[0m&amp#27;[32m button&amp#27;[0m                                                                           &amp#27;[90m# stepdefinitions.CommonDefinitions.user_click_on_button(java.lang.String)&amp#27;[0m
  &amp#27;[32mAnd &amp#27;[0m&amp#27;[32mUser click on &amp#27;[0m&amp#27;[32m&amp#27;[1m"Arrivals"&amp#27;[0m&amp#27;[32m tab&amp#27;[0m                                                                           &amp#27;[90m# stepdefinitions.CommonDefinitions.user_click_on_tab(java.lang.String)&amp#27;[0m
  &amp#27;[32mAnd &amp#27;[0m&amp#27;[32mUser wait for &amp#27;[0m&amp#27;[32m&amp#27;[1m"2"&amp#27;[0m&amp#27;[32m seconds&amp#27;[0m                                                                              &amp#27;[90m# stepdefinitions.CommonDefinitions.user_wait_for_seconds(java.lang.String)&amp#27;[0m
  &amp#27;[32mGiven &amp#27;[0m&amp#27;[32mUser click on &amp#27;[0m&amp#27;[32m&amp#27;[1m"Log New Arrival"&amp#27;[0m&amp#27;[32m button&amp#27;[0m                                                               &amp#27;[90m# stepdefinitions.CommonDefinitions.user_click_on_button(java.lang.String)&amp#27;[0m
  &amp#27;[32mThen &amp#27;[0m&amp#27;[32m&amp#27;[0m&amp#27;[32m&amp#27;[1m"Stock Arrival"&amp#27;[0m&amp#27;[32m text is visible&amp#27;[0m                                                                       &amp#27;[90m# stepdefinitions.CommonDefinitions.text_is_visible(java.lang.String)&amp#27;[0m
  &amp#27;[32mAnd &amp#27;[0m&amp#27;[32mUser select &amp#27;[0m&amp#27;[32m&amp#27;[1m"Arrival"&amp#27;[0m&amp#27;[32m from &amp#27;[0m&amp#27;[32m&amp#27;[1m"Receipt Type"&amp#27;[0m&amp#27;[32m in &amp#27;[0m&amp#27;[32m&amp#27;[1m"Arrivals"&amp#27;[0m&amp#27;[32m tab&amp#27;[0m                                            &amp#27;[90m# stepdefinitions.CommonDefinitions.user_select_from_in_tab(java.lang.String,java.lang.String,java.lang.String)&amp#27;[0m
  &amp#27;[32mAnd &amp#27;[0m&amp#27;[32mUser enter random text in &amp#27;[0m&amp#27;[32m&amp#27;[1m"smtNumber"&amp#27;[0m                                                                  &amp#27;[90m# stepdefinitions.CommonDefinitions.user_enter_random_text_in(java.lang.String)&amp#27;[0m
  &amp#27;[32mAnd &amp#27;[0m&amp#27;[32mUser enter random number in &amp#27;[0m&amp#27;[32m&amp#27;[1m"shippingReferance"&amp#27;[0m                                                        &amp#27;[90m# stepdefinitions.CommonDefinitions.user_enter_random_number_in(java.lang.String)&amp#27;[0m
  &amp#27;[32mAnd &amp#27;[0m&amp#27;[32mUser enter random text in &amp#27;[0m&amp#27;[32m&amp#27;[1m"fundingSource"&amp#27;[0m                                                              &amp#27;[90m# stepdefinitions.CommonDefinitions.user_enter_random_text_in(java.lang.String)&amp#27;[0m
  &amp#27;[32mAnd &amp#27;[0m&amp#27;[32mUser select &amp#27;[0m&amp#27;[32m&amp#27;[1m"AUD"&amp#27;[0m&amp#27;[32m from &amp#27;[0m&amp#27;[32m&amp#27;[1m"Currency"&amp#27;[0m&amp#27;[32m in &amp#27;[0m&amp#27;[32m&amp#27;[1m"Arrivals"&amp#27;[0m&amp#27;[32m tab&amp#27;[0m                                                    &amp#27;[90m# stepdefinitions.CommonDefinitions.user_select_from_in_tab(java.lang.String,java.lang.String,java.lang.String)&amp#27;[0m
  &amp#27;[32mAnd &amp#27;[0m&amp#27;[32mUser enter random number in &amp#27;[0m&amp#27;[32m&amp#27;[1m"freightCost"&amp#27;[0m                                                              &amp#27;[90m# stepdefinitions.CommonDefinitions.user_enter_random_number_in(java.lang.String)&amp#27;[0m
  &amp#27;[32mWhen &amp#27;[0m&amp#27;[32mUser click on &amp#27;[0m&amp#27;[32m&amp#27;[1m"Add Line to Arrival"&amp#27;[0m&amp#27;[32m button&amp#27;[0m                                                            &amp#27;[90m# stepdefinitions.CommonDefinitions.user_click_on_button(java.lang.String)&amp#27;[0m
  &amp#27;[32mThen &amp#27;[0m&amp#27;[32m&amp#27;[0m&amp#27;[32m&amp#27;[1m"Add Product to Arrival"&amp#27;[0m&amp#27;[32m heading is visible&amp#27;[0m                                                           &amp#27;[90m# stepdefinitions.CommonDefinitions.heading_is_visible(java.lang.String)&amp#27;[0m
  &amp#27;[32mAnd &amp#27;[0m&amp#27;[32mUser select &amp#27;[0m&amp#27;[32m&amp#27;[1m"Vaccine"&amp#27;[0m&amp#27;[32m from &amp#27;[0m&amp#27;[32m&amp#27;[1m"Product Type"&amp#27;[0m&amp#27;[32m in &amp#27;[0m&amp#27;[32m&amp#27;[1m"Arrivals"&amp#27;[0m&amp#27;[32m tab&amp#27;[0m                                            &amp#27;[90m# stepdefinitions.CommonDefinitions.user_select_from_in_tab(java.lang.String,java.lang.String,java.lang.String)&amp#27;[0m
  &amp#27;[32mAnd &amp#27;[0m&amp#27;[32mUser select &amp#27;[0m&amp#27;[32m&amp#27;[1m"bOPV"&amp#27;[0m&amp#27;[32m from &amp#27;[0m&amp#27;[32m&amp#27;[1m"Product"&amp#27;[0m&amp#27;[32m in &amp#27;[0m&amp#27;[32m&amp#27;[1m"Arrivals"&amp#27;[0m&amp#27;[32m tab&amp#27;[0m                                                    &amp#27;[90m# stepdefinitions.CommonDefinitions.user_select_from_in_tab(java.lang.String,java.lang.String,java.lang.String)&amp#27;[0m
  &amp#27;[32mAnd &amp#27;[0m&amp#27;[32mUser enter random text in &amp#27;[0m&amp#27;[32m&amp#27;[1m"batchNo"&amp#27;[0m                                                                    &amp#27;[90m# stepdefinitions.CommonDefinitions.user_enter_random_text_in(java.lang.String)&amp#27;[0m
  &amp#27;[32mAnd &amp#27;[0m&amp#27;[32mUser select &amp#27;[0m&amp#27;[32m&amp#27;[1m"PT ONEJECT INDONESIA"&amp#27;[0m&amp#27;[32m from &amp#27;[0m&amp#27;[32m&amp#27;[1m"Producer"&amp#27;[0m&amp#27;[32m in &amp#27;[0m&amp#27;[32m&amp#27;[1m"Arrivals"&amp#27;[0m&amp#27;[32m tab&amp#27;[0m                                   &amp#27;[90m# stepdefinitions.CommonDefinitions.user_select_from_in_tab(java.lang.String,java.lang.String,java.lang.String)&amp#27;[0m
  &amp#27;[32mAnd &amp#27;[0m&amp#27;[32mUser select &amp#27;[0m&amp#27;[32m&amp#27;[1m"BIOPOLIO B1/3"&amp#27;[0m&amp#27;[32m from &amp#27;[0m&amp#27;[32m&amp#27;[1m"Commercial Name"&amp#27;[0m&amp#27;[32m in &amp#27;[0m&amp#27;[32m&amp#27;[1m"Arrivals"&amp#27;[0m&amp#27;[32m tab&amp#27;[0m                                   &amp#27;[90m# stepdefinitions.CommonDefinitions.user_select_from_in_tab(java.lang.String,java.lang.String,java.lang.String)&amp#27;[0m
  &amp#27;[32mAnd &amp#27;[0m&amp#27;[32mUser select &amp#27;[0m&amp#27;[32m&amp#27;[1m"Liquid: ready to use"&amp#27;[0m&amp#27;[32m from &amp#27;[0m&amp#27;[32m&amp#27;[1m"Formulation"&amp#27;[0m&amp#27;[32m in &amp#27;[0m&amp#27;[32m&amp#27;[1m"Arrivals"&amp#27;[0m&amp#27;[32m tab&amp#27;[0m                                &amp#27;[90m# stepdefinitions.CommonDefinitions.user_select_from_in_tab(java.lang.String,java.lang.String,java.lang.String)&amp#27;[0m
  &amp#27;[32mAnd &amp#27;[0m&amp#27;[32mUser select &amp#27;[0m&amp#27;[32m&amp#27;[1m"10"&amp#27;[0m&amp#27;[32m from &amp#27;[0m&amp#27;[32m&amp#27;[1m"Presentation"&amp#27;[0m&amp#27;[32m in &amp#27;[0m&amp#27;[32m&amp#27;[1m"Arrivals"&amp#27;[0m&amp#27;[32m tab&amp#27;[0m                                                 &amp#27;[90m# stepdefinitions.CommonDefinitions.user_select_from_in_tab(java.lang.String,java.lang.String,java.lang.String)&amp#27;[0m
  &amp#27;[32mAnd &amp#27;[0m&amp#27;[32mUser select &amp#27;[0m&amp#27;[32m&amp#27;[1m"1.Initial stage"&amp#27;[0m&amp#27;[32m from &amp#27;[0m&amp#27;[32m&amp#27;[1m"VVM Stage"&amp#27;[0m&amp#27;[32m in &amp#27;[0m&amp#27;[32m&amp#27;[1m"Arrivals"&amp#27;[0m&amp#27;[32m tab&amp#27;[0m                                       &amp#27;[90m# stepdefinitions.CommonDefinitions.user_select_from_in_tab(java.lang.String,java.lang.String,java.lang.String)&amp#27;[0m
  &amp#27;[32mAnd &amp#27;[0m&amp#27;[32mUser enter &amp#27;[0m&amp#27;[32m&amp#27;[1m"20"&amp#27;[0m&amp#27;[32m in &amp#27;[0m&amp#27;[32m&amp#27;[1m"units"&amp#27;[0m                                                                             &amp#27;[90m# stepdefinitions.CommonDefinitions.user_enter_in(java.lang.String,java.lang.String)&amp#27;[0m
  &amp#27;[32mAnd &amp#27;[0m&amp#27;[32mUser select &amp#27;[0m&amp#27;[32m&amp#27;[1m"Routine"&amp#27;[0m&amp#27;[32m from &amp#27;[0m&amp#27;[32m&amp#27;[1m"Routine or SIA"&amp#27;[0m&amp#27;[32m in &amp#27;[0m&amp#27;[32m&amp#27;[1m"Arrivals"&amp#27;[0m&amp#27;[32m tab&amp#27;[0m                                          &amp#27;[90m# stepdefinitions.CommonDefinitions.user_select_from_in_tab(java.lang.String,java.lang.String,java.lang.String)&amp#27;[0m
  &amp#27;[32mAnd &amp#27;[0m&amp#27;[32mUser select &amp#27;[0m&amp#27;[32m&amp#27;[1m"Indonesia"&amp#27;[0m&amp#27;[32m from &amp#27;[0m&amp#27;[32m&amp#27;[1m"Origin"&amp#27;[0m&amp#27;[32m in &amp#27;[0m&amp#27;[32m&amp#27;[1m"Arrivals"&amp#27;[0m&amp#27;[32m tab&amp#27;[0m                                                &amp#27;[90m# stepdefinitions.CommonDefinitions.user_select_from_in_tab(java.lang.String,java.lang.String,java.lang.String)&amp#27;[0m
  &amp#27;[32mAnd &amp#27;[0m&amp#27;[32mUser select &amp#27;[0m&amp#27;[32m&amp#27;[1m"Alarm"&amp#27;[0m&amp#27;[32m from &amp#27;[0m&amp#27;[32m&amp#27;[1m"Shipping/Freeze Indicator"&amp#27;[0m&amp#27;[32m in &amp#27;[0m&amp#27;[32m&amp#27;[1m"Arrivals"&amp#27;[0m&amp#27;[32m tab&amp#27;[0m                                 &amp#27;[90m# stepdefinitions.CommonDefinitions.user_select_from_in_tab(java.lang.String,java.lang.String,java.lang.String)&amp#27;[0m
  &amp#27;[32mAnd &amp#27;[0m&amp#27;[32mUser enter &amp#27;[0m&amp#27;[32m&amp#27;[1m"20"&amp#27;[0m&amp#27;[32m in &amp#27;[0m&amp#27;[32m&amp#27;[1m"noOfVials"&amp#27;[0m                                                                         &amp#27;[90m# stepdefinitions.CommonDefinitions.user_enter_in(java.lang.String,java.lang.String)&amp#27;[0m
  &amp#27;[32mAnd &amp#27;[0m&amp#27;[32mUser enter &amp#27;[0m&amp#27;[32m&amp#27;[1m"20"&amp#27;[0m&amp#27;[32m in &amp#27;[0m&amp#27;[32m&amp#27;[1m"totalVolume"&amp#27;[0m                                                                       &amp#27;[90m# stepdefinitions.CommonDefinitions.user_enter_in(java.lang.String,java.lang.String)&amp#27;[0m
  &amp#27;[32mAnd &amp#27;[0m&amp#27;[32mUser select &amp#27;[0m&amp#27;[32m&amp#27;[1m"Ambient_2022"&amp#27;[0m&amp#27;[32m from &amp#27;[0m&amp#27;[32m&amp#27;[1m"Storage Location"&amp#27;[0m&amp#27;[32m in &amp#27;[0m&amp#27;[32m&amp#27;[1m"Arrivals"&amp#27;[0m&amp#27;[32m tab&amp#27;[0m                                   &amp#27;[90m# stepdefinitions.CommonDefinitions.user_select_from_in_tab(java.lang.String,java.lang.String,java.lang.String)&amp#27;[0m
  &amp#27;[31mAnd &amp#27;[0m&amp#27;[31mUser enter &amp#27;[0m&amp#27;[31m&amp#27;[1m"1000"&amp#27;[0m&amp#27;[31m in &amp#27;[0m&amp#27;[31m&amp#27;[1m"totalCost"&amp#27;[0m                                                                       &amp#27;[90m# stepdefinitions.CommonDefinitions.user_enter_in(java.lang.String,java.lang.String)&amp#27;[0m
      &amp#27;[31morg.openqa.selenium.ElementClickInterceptedException: element click intercepted: Element <input aria-invalid="false" name="totalCost" type="text" maxlength="8" class="MuiInputBase-input MuiInput-input" value=""> is not clickable at point (1136, 473). Other element would receive the click: <div aria-hidden="true" style="z-index: -1; position: fixed; inset: 0px; background-color: transparent; -webkit-tap-highlight-color: transparent;"></div>
  (Session info: chrome=109.0.5414.75)
Build info: version: '4.6.0', revision: '79f1c02ae20'
System info: os.name: 'Windows 11', os.arch: 'amd64', os.version: '10.0', java.version: '1.8.0_341'
Driver info: org.openqa.selenium.chrome.ChromeDriver
Command: [4a3589023108c60aa4d8e1549b91ed21, clickElement {id=97b3983b-4a05-48b0-823f-c59bb325ffed}]
Capabilities {acceptInsecureCerts: false, browserName: chrome, browserVersion: 109.0.5414.75, chrome: {chromedriverVersion: 109.0.5414.74 (e7c5703604da..., userDataDir: C:\Users\SANDEE~1.PHA\AppDa...}, goog:chromeOptions: {debuggerAddress: localhost:53969}, networkConnectionEnabled: false, pageLoadStrategy: normal, platformName: WINDOWS, proxy: Proxy(), se:cdp: ws://localhost:53969/devtoo..., se:cdpVersion: 109.0.5414.75, setWindowRect: true, strictFileInteractability: false, timeouts: {implicit: 0, pageLoad: 300000, script: 30000}, unhandledPromptBehavior: dismiss and notify, webauthn:extension:credBlob: true, webauthn:extension:largeBlob: true, webauthn:virtualAuthenticators: true}
Element: [[ChromeDriver: chrome on WINDOWS (4a3589023108c60aa4d8e1549b91ed21)] -> xpath: //input[@name='totalCost']]
Session ID: 4a3589023108c60aa4d8e1549b91ed21
	at sun.reflect.GeneratedConstructorAccessor28.newInstance(Unknown Source)
	at sun.reflect.DelegatingConstructorAccessorImpl.newInstance(DelegatingConstructorAccessorImpl.java:45)
	at java.lang.reflect.Constructor.newInstance(Constructor.java:423)
	at org.openqa.selenium.remote.codec.w3c.W3CHttpResponseCodec.createException(W3CHttpResponseCodec.java:200)
	at org.openqa.selenium.remote.codec.w3c.W3CHttpResponseCodec.decode(W3CHttpResponseCodec.java:133)
	at org.openqa.selenium.remote.codec.w3c.W3CHttpResponseCodec.decode(W3CHttpResponseCodec.java:53)
	at org.openqa.selenium.remote.HttpCommandExecutor.execute(HttpCommandExecutor.java:184)
	at org.openqa.selenium.remote.service.DriverCommandExecutor.invokeExecute(DriverCommandExecutor.java:167)
	at org.openqa.selenium.remote.service.DriverCommandExecutor.execute(DriverCommandExecutor.java:142)
	at org.openqa.selenium.remote.RemoteWebDriver.execute(RemoteWebDriver.java:541)
	at org.openqa.selenium.remote.RemoteWebElement.execute(RemoteWebElement.java:257)
	at org.openqa.selenium.remote.RemoteWebElement.click(RemoteWebElement.java:78)
	at net.serenitybdd.core.pages.WebElementFacadeImpl.lambda$click$6(WebElementFacadeImpl.java:1213)
	at net.serenitybdd.core.pages.WithRetries.perform(WithRetries.java:22)
	at net.serenitybdd.core.pages.WithRetries.perform(WithRetries.java:27)
	at net.serenitybdd.core.pages.WithRetries.perform(WithRetries.java:27)
	at net.serenitybdd.core.pages.WithRetries.perform(WithRetries.java:27)
	at net.serenitybdd.core.pages.WithRetries.perform(WithRetries.java:27)
	at net.serenitybdd.core.pages.WithRetries.perform(WithRetries.java:27)
	at net.serenitybdd.core.pages.WithRetries.perform(WithRetries.java:27)
	at net.serenitybdd.core.pages.WithRetries.perform(WithRetries.java:27)
	at net.serenitybdd.core.pages.WithRetries.perform(WithRetries.java:27)
	at net.serenitybdd.core.pages.WithRetries.perform(WithRetries.java:27)
	at net.serenitybdd.core.pages.WithRetries.perform(WithRetries.java:27)
	at net.serenitybdd.core.pages.WithRetries.perform(WithRetries.java:27)
	at net.serenitybdd.core.pages.WebElementFacadeImpl.click(WebElementFacadeImpl.java:1213)
	at net.serenitybdd.core.pages.WebElementFacadeImpl.click(WebElementFacadeImpl.java:1224)
	at pages.CommonPage.enterTextInTextbox(CommonPage.java:192)
	at pages.CommonPage$ByteBuddy$rPYsx20O.enterTextInTextbox$accessor$wulDi93G(Unknown Source)
	at sun.reflect.NativeMethodAccessorImpl.invoke0(Native Method)
	at sun.reflect.NativeMethodAccessorImpl.invoke(NativeMethodAccessorImpl.java:62)
	at sun.reflect.DelegatingMethodAccessorImpl.invoke(DelegatingMethodAccessorImpl.java:43)
	at java.lang.reflect.Method.invoke(Method.java:498)
	at net.thucydides.core.steps.StepInterceptor.invokeMethod(StepInterceptor.java:503)
	at net.thucydides.core.steps.StepInterceptor.executeTestStepMethod(StepInterceptor.java:483)
	at net.thucydides.core.steps.StepInterceptor.runTestStep(StepInterceptor.java:457)
	at net.thucydides.core.steps.StepInterceptor.runOrSkipMethod(StepInterceptor.java:209)
	at net.thucydides.core.steps.StepInterceptor.testStepResult(StepInterceptor.java:196)
	at net.thucydides.core.steps.StepInterceptor.intercept(StepInterceptor.java:84)
	at net.thucydides.core.steps.ProxyConfiguration$InterceptorDispatcher.intercept(ProxyConfiguration.java:51)
	at pages.CommonPage$ByteBuddy$rPYsx20O.enterTextInTextbox(Unknown Source)
	at stepdefinitions.CommonDefinitions.user_enter_in(CommonDefinitions.java:113)
	at ✽.User enter "1000" in "totalCost"(file:///C:/Users/Sandeepkumar.Phalke/eclipse-workspace/UNICEF_SerenityBDD_Automation_Framework/src/test/resources/features/StoreOperator/Arrivals.feature:81)
&amp#27;[0m
  &amp#27;[36mAnd &amp#27;[0m&amp#27;[36mUser enter random text in &amp#27;[0m&amp#27;[36m&amp#27;[1m"comments"&amp#27;[0m                                                                   &amp#27;[90m# stepdefinitions.CommonDefinitions.user_enter_random_text_in(java.lang.String)&amp#27;[0m
  &amp#27;[36mAnd &amp#27;[0m&amp#27;[36mUser click on &amp#27;[0m&amp#27;[36m&amp#27;[1m"Create"&amp#27;[0m&amp#27;[36m button&amp#27;[0m                                                                          &amp#27;[90m# stepdefinitions.CommonDefinitions.user_click_on_button(java.lang.String)&amp#27;[0m
  &amp#27;[36mWhen &amp#27;[0m&amp#27;[36mUser click on &amp#27;[0m&amp#27;[36m&amp#27;[1m"Continue"&amp#27;[0m&amp#27;[36m button&amp#27;[0m                                                                       &amp#27;[90m# stepdefinitions.CommonDefinitions.user_click_on_button(java.lang.String)&amp#27;[0m
  &amp#27;[36mThen &amp#27;[0m&amp#27;[36mArrivals line is created successfully&amp#27;[0m                                                                 &amp#27;[90m# stepdefinitions.StoreOperator.ArrivalsDefinition.arrivals_line_is_created_sucessfully()&amp#27;[0m
  &amp#27;[36mAnd &amp#27;[0m&amp#27;[36mArrivals line Data is visible in arrival line table to user&amp#27;[0m                                            &amp#27;[90m# stepdefinitions.StoreOperator.ArrivalsDefinition.arrivals_line_data_is_visible_in_arrival_table_to_user()&amp#27;[0m
  &amp#27;[36mWhen &amp#27;[0m&amp#27;[36mUser click on &amp#27;[0m&amp#27;[36m&amp#27;[1m"Save as draft and go back"&amp#27;[0m&amp#27;[36m button&amp#27;[0m                                                      &amp#27;[90m# stepdefinitions.CommonDefinitions.user_click_on_button(java.lang.String)&amp#27;[0m
  &amp#27;[36mAnd &amp#27;[0m&amp#27;[36mUser click on &amp#27;[0m&amp#27;[36m&amp#27;[1m"Yes"&amp#27;[0m&amp#27;[36m button&amp#27;[0m                                                                             &amp#27;[90m# stepdefinitions.CommonDefinitions.user_click_on_button(java.lang.String)&amp#27;[0m
  &amp#27;[36mAnd &amp#27;[0m&amp#27;[36mValidate arrival state is &amp#27;[0m&amp#27;[36m&amp#27;[1m"Draft"&amp#27;[0m                                                                      &amp#27;[90m# stepdefinitions.StoreOperator.ArrivalsDefinition.validate_arrival_state_is(java.lang.String)&amp#27;[0m
  &amp#27;[36mThen &amp#27;[0m&amp#27;[36mArrivals Data is visible in arrivals table to user&amp#27;[0m                                                    &amp#27;[90m# stepdefinitions.StoreOperator.ArrivalsDefinition.arrivals_data_is_visible_in_stock_arrival_table_to_user()&amp#27;[0m
  &amp#27;[36mWhen &amp#27;[0m&amp#27;[36mUser edit the Arrivals data&amp#27;[0m                                                                           &amp#27;[90m# stepdefinitions.StoreOperator.ArrivalsDefinition.user_edit_the_arrivals_data()&amp#27;[0m
  &amp#27;[36mThen &amp#27;[0m&amp#27;[36m&amp#27;[0m&amp#27;[36m&amp#27;[1m"Stock Arrival"&amp#27;[0m&amp#27;[36m text is visible&amp#27;[0m                                                                       &amp#27;[90m# stepdefinitions.CommonDefinitions.text_is_visible(java.lang.String)&amp#27;[0m
  &amp#27;[36mAnd &amp#27;[0m&amp#27;[36mUser select &amp#27;[0m&amp#27;[36m&amp#27;[1m"Arrival"&amp#27;[0m&amp#27;[36m from &amp#27;[0m&amp#27;[36m&amp#27;[1m"Receipt Type"&amp#27;[0m&amp#27;[36m in &amp#27;[0m&amp#27;[36m&amp#27;[1m"Arrivals"&amp#27;[0m&amp#27;[36m tab&amp#27;[0m                                            &amp#27;[90m# stepdefinitions.CommonDefinitions.user_select_from_in_tab(java.lang.String,java.lang.String,java.lang.String)&amp#27;[0m
  &amp#27;[36mAnd &amp#27;[0m&amp#27;[36mUser enter random text in &amp#27;[0m&amp#27;[36m&amp#27;[1m"smtNumber"&amp#27;[0m                                                                  &amp#27;[90m# stepdefinitions.CommonDefinitions.user_enter_random_text_in(java.lang.String)&amp#27;[0m
  &amp#27;[36mAnd &amp#27;[0m&amp#27;[36mUser enter random number in &amp#27;[0m&amp#27;[36m&amp#27;[1m"shippingReferance"&amp#27;[0m                                                        &amp#27;[90m# stepdefinitions.CommonDefinitions.user_enter_random_number_in(java.lang.String)&amp#27;[0m
  &amp#27;[36mAnd &amp#27;[0m&amp#27;[36mUser enter random text in &amp#27;[0m&amp#27;[36m&amp#27;[1m"fundingSource"&amp#27;[0m                                                              &amp#27;[90m# stepdefinitions.CommonDefinitions.user_enter_random_text_in(java.lang.String)&amp#27;[0m
  &amp#27;[36mAnd &amp#27;[0m&amp#27;[36mUser select &amp#27;[0m&amp#27;[36m&amp#27;[1m"AUD"&amp#27;[0m&amp#27;[36m from &amp#27;[0m&amp#27;[36m&amp#27;[1m"Currency"&amp#27;[0m&amp#27;[36m in &amp#27;[0m&amp#27;[36m&amp#27;[1m"Arrivals"&amp#27;[0m&amp#27;[36m tab&amp#27;[0m                                                    &amp#27;[90m# stepdefinitions.CommonDefinitions.user_select_from_in_tab(java.lang.String,java.lang.String,java.lang.String)&amp#27;[0m
  &amp#27;[36mAnd &amp#27;[0m&amp#27;[36mUser enter random number in &amp#27;[0m&amp#27;[36m&amp#27;[1m"freightCost"&amp#27;[0m                                                              &amp#27;[90m# stepdefinitions.CommonDefinitions.user_enter_random_number_in(java.lang.String)&amp#27;[0m
  &amp#27;[36mWhen &amp#27;[0m&amp#27;[36mUser edit the line in arrival&amp#27;[0m                                                                         &amp#27;[90m# stepdefinitions.StoreOperator.ArrivalsDefinition.user_edit_the_line_in_arrival()&amp#27;[0m
  &amp#27;[36mAnd &amp#27;[0m&amp#27;[36mUser select &amp#27;[0m&amp#27;[36m&amp#27;[1m"Vaccine"&amp#27;[0m&amp#27;[36m from &amp#27;[0m&amp#27;[36m&amp#27;[1m"Product Type"&amp#27;[0m&amp#27;[36m in &amp#27;[0m&amp#27;[36m&amp#27;[1m"Arrivals"&amp#27;[0m&amp#27;[36m tab&amp#27;[0m                                            &amp#27;[90m# stepdefinitions.CommonDefinitions.user_select_from_in_tab(java.lang.String,java.lang.String,java.lang.String)&amp#27;[0m
  &amp#27;[36mAnd &amp#27;[0m&amp#27;[36mUser select &amp#27;[0m&amp#27;[36m&amp#27;[1m"bOPV"&amp#27;[0m&amp#27;[36m from &amp#27;[0m&amp#27;[36m&amp#27;[1m"Product"&amp#27;[0m&amp#27;[36m in &amp#27;[0m&amp#27;[36m&amp#27;[1m"Arrivals"&amp#27;[0m&amp#27;[36m tab&amp#27;[0m                                                    &amp#27;[90m# stepdefinitions.CommonDefinitions.user_select_from_in_tab(java.lang.String,java.lang.String,java.lang.String)&amp#27;[0m
  &amp#27;[36mAnd &amp#27;[0m&amp#27;[36mUser enter random text in &amp#27;[0m&amp#27;[36m&amp#27;[1m"batchNo"&amp#27;[0m                                                                    &amp#27;[90m# stepdefinitions.CommonDefinitions.user_enter_random_text_in(java.lang.String)&amp#27;[0m
  &amp#27;[36mAnd &amp#27;[0m&amp#27;[36mUser select &amp#27;[0m&amp#27;[36m&amp#27;[1m"PT ONEJECT INDONESIA"&amp#27;[0m&amp#27;[36m from &amp#27;[0m&amp#27;[36m&amp#27;[1m"Producer"&amp#27;[0m&amp#27;[36m in &amp#27;[0m&amp#27;[36m&amp#27;[1m"Arrivals"&amp#27;[0m&amp#27;[36m tab&amp#27;[0m                                   &amp#27;[90m# stepdefinitions.CommonDefinitions.user_select_from_in_tab(java.lang.String,java.lang.String,java.lang.String)&amp#27;[0m
  &amp#27;[36mAnd &amp#27;[0m&amp#27;[36mUser select &amp#27;[0m&amp#27;[36m&amp#27;[1m"BIOPOLIO B1/3"&amp#27;[0m&amp#27;[36m from &amp#27;[0m&amp#27;[36m&amp#27;[1m"Commercial Name"&amp#27;[0m&amp#27;[36m in &amp#27;[0m&amp#27;[36m&amp#27;[1m"Arrivals"&amp#27;[0m&amp#27;[36m tab&amp#27;[0m                                   &amp#27;[90m# stepdefinitions.CommonDefinitions.user_select_from_in_tab(java.lang.String,java.lang.String,java.lang.String)&amp#27;[0m
  &amp#27;[36mAnd &amp#27;[0m&amp#27;[36mUser select &amp#27;[0m&amp#27;[36m&amp#27;[1m"Liquid: ready to use"&amp#27;[0m&amp#27;[36m from &amp#27;[0m&amp#27;[36m&amp#27;[1m"Formulation"&amp#27;[0m&amp#27;[36m in &amp#27;[0m&amp#27;[36m&amp#27;[1m"Arrivals"&amp#27;[0m&amp#27;[36m tab&amp#27;[0m                                &amp#27;[90m# stepdefinitions.CommonDefinitions.user_select_from_in_tab(java.lang.String,java.lang.String,java.lang.String)&amp#27;[0m
  &amp#27;[36mAnd &amp#27;[0m&amp#27;[36mUser select &amp#27;[0m&amp#27;[36m&amp#27;[1m"10"&amp#27;[0m&amp#27;[36m from &amp#27;[0m&amp#27;[36m&amp#27;[1m"Presentation"&amp#27;[0m&amp#27;[36m in &amp#27;[0m&amp#27;[36m&amp#27;[1m"Arrivals"&amp#27;[0m&amp#27;[36m tab&amp#27;[0m                                                 &amp#27;[90m# stepdefinitions.CommonDefinitions.user_select_from_in_tab(java.lang.String,java.lang.String,java.lang.String)&amp#27;[0m
  &amp#27;[36mAnd &amp#27;[0m&amp#27;[36mUser select &amp#27;[0m&amp#27;[36m&amp#27;[1m"1.Initial stage"&amp#27;[0m&amp#27;[36m from &amp#27;[0m&amp#27;[36m&amp#27;[1m"VVM Stage"&amp#27;[0m&amp#27;[36m in &amp#27;[0m&amp#27;[36m&amp#27;[1m"Arrivals"&amp#27;[0m&amp#27;[36m tab&amp#27;[0m                                       &amp#27;[90m# stepdefinitions.CommonDefinitions.user_select_from_in_tab(java.lang.String,java.lang.String,java.lang.String)&amp#27;[0m
  &amp#27;[36mAnd &amp#27;[0m&amp#27;[36mUser enter &amp#27;[0m&amp#27;[36m&amp#27;[1m"20"&amp#27;[0m&amp#27;[36m in &amp#27;[0m&amp#27;[36m&amp#27;[1m"units"&amp#27;[0m                                                                             &amp#27;[90m# stepdefinitions.CommonDefinitions.user_enter_in(java.lang.String,java.lang.String)&amp#27;[0m
  &amp#27;[36mAnd &amp#27;[0m&amp#27;[36mUser select &amp#27;[0m&amp#27;[36m&amp#27;[1m"Routine"&amp#27;[0m&amp#27;[36m from &amp#27;[0m&amp#27;[36m&amp#27;[1m"Routine or SIA"&amp#27;[0m&amp#27;[36m in &amp#27;[0m&amp#27;[36m&amp#27;[1m"Arrivals"&amp#27;[0m&amp#27;[36m tab&amp#27;[0m                                          &amp#27;[90m# stepdefinitions.CommonDefinitions.user_select_from_in_tab(java.lang.String,java.lang.String,java.lang.String)&amp#27;[0m
  &amp#27;[36mAnd &amp#27;[0m&amp#27;[36mUser select &amp#27;[0m&amp#27;[36m&amp#27;[1m"Indonesia"&amp#27;[0m&amp#27;[36m from &amp#27;[0m&amp#27;[36m&amp#27;[1m"Origin"&amp#27;[0m&amp#27;[36m in &amp#27;[0m&amp#27;[36m&amp#27;[1m"Arrivals"&amp#27;[0m&amp#27;[36m tab&amp#27;[0m                                                &amp#27;[90m# stepdefinitions.CommonDefinitions.user_select_from_in_tab(java.lang.String,java.lang.String,java.lang.String)&amp#27;[0m
  &amp#27;[36mAnd &amp#27;[0m&amp#27;[36mUser select &amp#27;[0m&amp#27;[36m&amp#27;[1m"Alarm"&amp#27;[0m&amp#27;[36m from &amp#27;[0m&amp#27;[36m&amp#27;[1m"Shipping/Freeze Indicator"&amp#27;[0m&amp#27;[36m in &amp#27;[0m&amp#27;[36m&amp#27;[1m"Arrivals"&amp#27;[0m&amp#27;[36m tab&amp#27;[0m                                 &amp#27;[90m# stepdefinitions.CommonDefinitions.user_select_from_in_tab(java.lang.String,java.lang.String,java.lang.String)&amp#27;[0m
  &amp#27;[36mAnd &amp#27;[0m&amp#27;[36mUser enter &amp#27;[0m&amp#27;[36m&amp#27;[1m"20"&amp#27;[0m&amp#27;[36m in &amp#27;[0m&amp#27;[36m&amp#27;[1m"noOfVials"&amp#27;[0m                                                                         &amp#27;[90m# stepdefinitions.CommonDefinitions.user_enter_in(java.lang.String,java.lang.String)&amp#27;[0m
  &amp#27;[36mAnd &amp#27;[0m&amp#27;[36mUser enter &amp#27;[0m&amp#27;[36m&amp#27;[1m"20"&amp#27;[0m&amp#27;[36m in &amp#27;[0m&amp#27;[36m&amp#27;[1m"totalVolume"&amp#27;[0m                                                                       &amp#27;[90m# stepdefinitions.CommonDefinitions.user_enter_in(java.lang.String,java.lang.String)&amp#27;[0m
  &amp#27;[36mAnd &amp#27;[0m&amp#27;[36mUser select &amp#27;[0m&amp#27;[36m&amp#27;[1m"Ambient_2022"&amp#27;[0m&amp#27;[36m from &amp#27;[0m&amp#27;[36m&amp#27;[1m"Storage Location"&amp#27;[0m&amp#27;[36m in &amp#27;[0m&amp#27;[36m&amp#27;[1m"Arrivals"&amp#27;[0m&amp#27;[36m tab&amp#27;[0m                                   &amp#27;[90m# stepdefinitions.CommonDefinitions.user_select_from_in_tab(java.lang.String,java.lang.String,java.lang.String)&amp#27;[0m
  &amp#27;[36mAnd &amp#27;[0m&amp#27;[36mUser enter &amp#27;[0m&amp#27;[36m&amp#27;[1m"1000"&amp#27;[0m&amp#27;[36m in &amp#27;[0m&amp#27;[36m&amp#27;[1m"totalCost"&amp#27;[0m                                                                       &amp#27;[90m# stepdefinitions.CommonDefinitions.user_enter_in(java.lang.String,java.lang.String)&amp#27;[0m
  &amp#27;[36mAnd &amp#27;[0m&amp#27;[36mUser enter random text in &amp#27;[0m&amp#27;[36m&amp#27;[1m"comments"&amp#27;[0m                                                                   &amp#27;[90m# stepdefinitions.CommonDefinitions.user_enter_random_text_in(java.lang.String)&amp#27;[0m
  &amp#27;[36mAnd &amp#27;[0m&amp#27;[36mUser click on &amp#27;[0m&amp#27;[36m&amp#27;[1m"Update"&amp#27;[0m&amp#27;[36m button&amp#27;[0m                                                                          &amp#27;[90m# stepdefinitions.CommonDefinitions.user_click_on_button(java.lang.String)&amp#27;[0m
  &amp#27;[36mAnd &amp#27;[0m&amp#27;[36mUser click on &amp#27;[0m&amp#27;[36m&amp#27;[1m"Continue"&amp#27;[0m&amp#27;[36m button&amp#27;[0m                                                                        &amp#27;[90m# stepdefinitions.CommonDefinitions.user_click_on_button(java.lang.String)&amp#27;[0m
  &amp#27;[36mThen &amp#27;[0m&amp#27;[36mArrivals line is updated successfully&amp#27;[0m                                                                 &amp#27;[90m# stepdefinitions.StoreOperator.ArrivalsDefinition.arrival_line_is_updated_sucessfully()&amp#27;[0m
  &amp#27;[36mAnd &amp#27;[0m&amp#27;[36mArrivals line Data is visible in arrival line table to user&amp#27;[0m                                            &amp#27;[90m# stepdefinitions.StoreOperator.ArrivalsDefinition.arrivals_line_data_is_visible_in_arrival_table_to_user()&amp#27;[0m
  &amp#27;[36mWhen &amp#27;[0m&amp#27;[36mUser click on &amp#27;[0m&amp#27;[36m&amp#27;[1m"Finalize"&amp#27;[0m&amp#27;[36m button&amp#27;[0m                                                                       &amp#27;[90m# stepdefinitions.CommonDefinitions.user_click_on_button(java.lang.String)&amp#27;[0m
  &amp#27;[36mAnd &amp#27;[0m&amp#27;[36mUser click on &amp#27;[0m&amp#27;[36m&amp#27;[1m"Continue"&amp#27;[0m&amp#27;[36m button&amp#27;[0m                                                                        &amp#27;[90m# stepdefinitions.CommonDefinitions.user_click_on_button(java.lang.String)&amp#27;[0m
  &amp#27;[36mThen &amp#27;[0m&amp#27;[36mArrivals data is update successfully&amp#27;[0m                                                                  &amp#27;[90m# stepdefinitions.StoreOperator.ArrivalsDefinition.arrival_is_updated_sucessfully()&amp#27;[0m
  &amp#27;[36mAnd &amp#27;[0m&amp#27;[36mArrivals Data is visible in arrivals table to user&amp#27;[0m                                                     &amp#27;[90m# stepdefinitions.StoreOperator.ArrivalsDefinition.arrivals_data_is_visible_in_stock_arrival_table_to_user()&amp#27;[0m
  &amp#27;[36mAnd &amp#27;[0m&amp#27;[36mValidate arrival state is &amp#27;[0m&amp#27;[36m&amp#27;[1m"Complete"&amp#27;[0m                                                                   &amp#27;[90m# stepdefinitions.StoreOperator.ArrivalsDefinition.validate_arrival_state_is(java.lang.String)&amp#27;[0m
10:27:25.248 [main] ERROR  - 
  _____   ___   ___   _____     ___   ___   ___    ___    ___ 
 |_   _| | __| / __| |_   _|   | __| | _ \ | _ \  / _ \  | _ \
   | |   | _|  \__ \   | |     | _|  |   / |   / | (_) | |   /
   |_|   |___| |___/   |_|     |___| |_|_\ |_|_\  \___/  |_|_\

Verify user is able to update arrival line and arrival receipt type data before finalizing
---------------------------------------------------------------
10:27:25.248 [main] ERROR  -     Test failed at step: Enter text in textbox: 1000, totalCost
10:27:25.248 [main] ERROR  -     element click intercepted: Element <input aria-invalid="false" name="totalCost" type="text" maxlength="8" class="MuiInputBase-input MuiInput-input" value=""> is not clickable at point (1136, 473). Other element would receive the click: <div aria-hidden="true" style="z-index: -1; position: fixed; inset: 0px; background-color: transparent; -webkit-tap-highlight-color: transparent;"></div>
]]></system-out>
      <system-err><![CDATA[Starting ChromeDriver 109.0.5414.74 (e7c5703604daa9cc128ccf5a5d3e993513758913-refs/branch-heads/5414@{#1172}) on port 32900
Only local connections are allowed.
Please see https://chromedriver.chromium.org/security-considerations for suggestions on keeping ChromeDriver safe.
ChromeDriver was started successfully.
Jan 31, 2023 10:26:35 AM org.openqa.selenium.devtools.CdpVersionFinder findNearestMatch
WARNING: Unable to find an exact match for CDP version 109, so returning the closest version found: 107
]]></system-err>
    </flakyError>
  </testcase>
  <testcase name="Verify user is able to delete arrival line  And arrival receipt type data before finalizing" classname="Arrivals tab in SMT application for Store Operator user" time="115.865"/>
  <testcase name="Verify user is able to add issuing line and issuing requisition type data and finalize" classname="Issuing tab in SMT application for Store Operator user" time="121.195"/>
  <testcase name="Verify user is able to edit issuing line and issuing requisition type data before finalizing" classname="Issuing tab in SMT application for Store Operator user" time="151.627"/>
  <testcase name="Verify user is able to delete issuing line and delete issuing requisition type data before finalizing" classname="Issuing tab in SMT application for Store Operator user" time="57.905">
    <failure type="org.junit.ComparisonFailure"><![CDATA[org.junit.ComparisonFailure: expected:<[Draft]> but was:<[Complete]>
]]></failure>
    <system-out><![CDATA[
Scenario Outline: Verify user is able to delete issuing line and delete issuing requisition type data before finalizing &amp#27;[90m# src/test/resources/features/StoreOperator/Issuing.feature:132&amp#27;[0m
10:33:54.036 [main] INFO  i.c.core.plugin.SerenityReporter - Running feature from file:///C:/Users/Sandeepkumar.Phalke/eclipse-workspace/UNICEF_SerenityBDD_Automation_Framework/src/test/resources/features/StoreOperator/Issuing.feature
10:33:54.037 [main] INFO   - 
  _____   ___   ___   _____     ___   _____     _     ___   _____   ___   ___  
 |_   _| | __| / __| |_   _|   / __| |_   _|   /_\   | _ \ |_   _| | __| |   \ 
   | |   | _|  \__ \   | |     \__ \   | |    / _ \  |   /   | |   | _|  | |) |
   |_|   |___| |___/   |_|     |___/   |_|   /_/ \_\ |_|_\   |_|   |___| |___/ 

Verify user is able to delete issuing line and delete issuing requisition type data before finalizing(issuing-tab-in-smt-application-for-store-operator-user;verify-user-is-able-to-delete-issuing-line-and-delete-issuing-requisition-type-data-before-finalizing)
--------------------------------------------------------------------------------
10:33:54.321 [main] INFO  n.s.c.w.d.ChromeDriverProvider - Starting Chrome driver instance with capabilities:
10:33:54.321 [main] INFO  n.s.c.w.d.ChromeDriverProvider - Capabilities {acceptInsecureCerts: false, browserName: chrome, goog:chromeOptions: {args: [test-type, no-sandbox, ignore-certificate-errors, --window-size=1000,800, incognito, disable-infobars, disable-gpu, disable-default-apps, disable-popup-blocking], extensions: []}}
  &amp#27;[32mGiven &amp#27;[0m&amp#27;[32mUser is on home page of SMT application&amp#27;[0m                                                                         &amp#27;[90m# stepdefinitions.CommonDefinitions.user_is_on_home_page_of_smt_application()&amp#27;[0m
  &amp#27;[32mAnd &amp#27;[0m&amp#27;[32mUser is able to see login button on home page&amp#27;[0m                                                                     &amp#27;[90m# stepdefinitions.HomeDefinitions.user_is_able_to_see_login_button_on_home_page()&amp#27;[0m
  &amp#27;[32mWhen &amp#27;[0m&amp#27;[32mUser click on login button&amp#27;[0m                                                                                       &amp#27;[90m# stepdefinitions.HomeDefinitions.user_click_on_login_button()&amp#27;[0m
  &amp#27;[32mAnd &amp#27;[0m&amp#27;[32mUser click on Proceed To Login button in &amp#27;[0m&amp#27;[32m&amp#27;[1m"English"&amp#27;[0m                                                                &amp#27;[90m# stepdefinitions.HomeDefinitions.user_click_on_proceed_to_login_button_in(java.lang.String)&amp#27;[0m
  &amp#27;[32mThen &amp#27;[0m&amp#27;[32mUser login as &amp#27;[0m&amp#27;[32m&amp#27;[1m"Store Operator"&amp#27;[0m                                                                                   &amp#27;[90m# stepdefinitions.CommonDefinitions.user_login_as(java.lang.String)&amp#27;[0m
  &amp#27;[32mAnd &amp#27;[0m&amp#27;[32mUser click on &amp#27;[0m&amp#27;[32m&amp#27;[1m"Apply"&amp#27;[0m&amp#27;[32m button&amp#27;[0m                                                                                      &amp#27;[90m# stepdefinitions.CommonDefinitions.user_click_on_button(java.lang.String)&amp#27;[0m
  &amp#27;[32mAnd &amp#27;[0m&amp#27;[32mUser click on &amp#27;[0m&amp#27;[32m&amp#27;[1m"Issuing"&amp#27;[0m&amp#27;[32m tab&amp#27;[0m                                                                                       &amp#27;[90m# stepdefinitions.CommonDefinitions.user_click_on_tab(java.lang.String)&amp#27;[0m
  &amp#27;[32mAnd &amp#27;[0m&amp#27;[32mUser wait for &amp#27;[0m&amp#27;[32m&amp#27;[1m"5"&amp#27;[0m&amp#27;[32m seconds&amp#27;[0m                                                                                         &amp#27;[90m# stepdefinitions.CommonDefinitions.user_wait_for_seconds(java.lang.String)&amp#27;[0m
  &amp#27;[32mGiven &amp#27;[0m&amp#27;[32mUser click on &amp#27;[0m&amp#27;[32m&amp#27;[1m"Issue New Stock"&amp#27;[0m&amp#27;[32m button&amp#27;[0m                                                                          &amp#27;[90m# stepdefinitions.CommonDefinitions.user_click_on_button(java.lang.String)&amp#27;[0m
  &amp#27;[32mAnd &amp#27;[0m&amp#27;[32m&amp#27;[0m&amp#27;[32m&amp#27;[1m"Issue New Stock"&amp#27;[0m&amp#27;[32m text is visible&amp#27;[0m                                                                                 &amp#27;[90m# stepdefinitions.CommonDefinitions.text_is_visible(java.lang.String)&amp#27;[0m
  &amp#27;[32mAnd &amp#27;[0m&amp#27;[32mUser select &amp#27;[0m&amp#27;[32m&amp#27;[1m"Requisition"&amp#27;[0m&amp#27;[32m from &amp#27;[0m&amp#27;[32m&amp#27;[1m"Issue Type"&amp#27;[0m&amp#27;[32m in &amp#27;[0m&amp#27;[32m&amp#27;[1m"Issuing"&amp#27;[0m&amp#27;[32m tab&amp#27;[0m                                                      &amp#27;[90m# stepdefinitions.CommonDefinitions.user_select_from_in_tab(java.lang.String,java.lang.String,java.lang.String)&amp#27;[0m
  &amp#27;[32mAnd &amp#27;[0m&amp#27;[32mUser type and select &amp#27;[0m&amp#27;[32m&amp#27;[1m"Dubai 2"&amp#27;[0m&amp#27;[32m from &amp#27;[0m&amp#27;[32m&amp#27;[1m"Recipient Store / Reason"&amp#27;[0m&amp#27;[32m in &amp#27;[0m&amp#27;[32m&amp#27;[1m"Issuing"&amp#27;[0m&amp#27;[32m tab&amp#27;[0m                                   &amp#27;[90m# stepdefinitions.CommonDefinitions.user_type_and_select_from(java.lang.String,java.lang.String,java.lang.String)&amp#27;[0m
  &amp#27;[32mAnd &amp#27;[0m&amp#27;[32mUser select &amp#27;[0m&amp#27;[32m&amp#27;[1m"No"&amp#27;[0m&amp#27;[32m from &amp#27;[0m&amp#27;[32m&amp#27;[1m"Distributed Late"&amp#27;[0m&amp#27;[32m in &amp#27;[0m&amp#27;[32m&amp#27;[1m"Issuing"&amp#27;[0m&amp#27;[32m tab&amp#27;[0m                                                         &amp#27;[90m# stepdefinitions.CommonDefinitions.user_select_from_in_tab(java.lang.String,java.lang.String,java.lang.String)&amp#27;[0m
  &amp#27;[32mAnd &amp#27;[0m&amp#27;[32mUser enter random text in &amp#27;[0m&amp#27;[32m&amp#27;[1m"internationaRef"&amp#27;[0m                                                                       &amp#27;[90m# stepdefinitions.CommonDefinitions.user_enter_random_text_in(java.lang.String)&amp#27;[0m
  &amp#27;[32mWhen &amp#27;[0m&amp#27;[32mUser click on &amp#27;[0m&amp#27;[32m&amp#27;[1m"Add Line to Issue"&amp#27;[0m&amp#27;[32m button&amp#27;[0m                                                                         &amp#27;[90m# stepdefinitions.CommonDefinitions.user_click_on_button(java.lang.String)&amp#27;[0m
  &amp#27;[32mThen &amp#27;[0m&amp#27;[32m&amp#27;[0m&amp#27;[32m&amp#27;[1m"Add Product to Issue"&amp#27;[0m&amp#27;[32m heading is visible&amp#27;[0m                                                                        &amp#27;[90m# stepdefinitions.CommonDefinitions.heading_is_visible(java.lang.String)&amp#27;[0m
  &amp#27;[32mAnd &amp#27;[0m&amp#27;[32mUser select &amp#27;[0m&amp#27;[32m&amp#27;[1m"Vaccine"&amp#27;[0m&amp#27;[32m from &amp#27;[0m&amp#27;[32m&amp#27;[1m"Product Type"&amp#27;[0m&amp#27;[32m in &amp#27;[0m&amp#27;[32m&amp#27;[1m"Issuing"&amp#27;[0m&amp#27;[32m tab&amp#27;[0m                                                        &amp#27;[90m# stepdefinitions.CommonDefinitions.user_select_from_in_tab(java.lang.String,java.lang.String,java.lang.String)&amp#27;[0m
  &amp#27;[32mAnd &amp#27;[0m&amp#27;[32mUser select &amp#27;[0m&amp#27;[32m&amp#27;[1m"YF"&amp#27;[0m&amp#27;[32m from &amp#27;[0m&amp#27;[32m&amp#27;[1m"Product"&amp#27;[0m&amp#27;[32m in &amp#27;[0m&amp#27;[32m&amp#27;[1m"Issuing"&amp#27;[0m&amp#27;[32m tab&amp#27;[0m                                                                  &amp#27;[90m# stepdefinitions.CommonDefinitions.user_select_from_in_tab(java.lang.String,java.lang.String,java.lang.String)&amp#27;[0m
  &amp#27;[32mAnd &amp#27;[0m&amp#27;[32mUser select &amp#27;[0m&amp#27;[32m&amp#27;[1m"200A"&amp#27;[0m&amp#27;[32m from &amp#27;[0m&amp#27;[32m&amp#27;[1m"Batch Number"&amp#27;[0m&amp#27;[32m in &amp#27;[0m&amp#27;[32m&amp#27;[1m"Issuing"&amp#27;[0m&amp#27;[32m tab&amp#27;[0m                                                           &amp#27;[90m# stepdefinitions.CommonDefinitions.user_select_from_in_tab(java.lang.String,java.lang.String,java.lang.String)&amp#27;[0m
  &amp#27;[32mAnd &amp#27;[0m&amp#27;[32mUser wait for &amp#27;[0m&amp#27;[32m&amp#27;[1m"3"&amp#27;[0m&amp#27;[32m seconds&amp#27;[0m                                                                                         &amp#27;[90m# stepdefinitions.CommonDefinitions.user_wait_for_seconds(java.lang.String)&amp#27;[0m
  &amp#27;[32mAnd &amp#27;[0m&amp#27;[32mUser enter &amp#27;[0m&amp#27;[32m&amp#27;[1m"1"&amp#27;[0m&amp#27;[32m in &amp#27;[0m&amp#27;[32m&amp#27;[1m"dosesOrUnit"&amp#27;[0m                                                                                   &amp#27;[90m# stepdefinitions.CommonDefinitions.user_enter_in(java.lang.String,java.lang.String)&amp#27;[0m
  &amp#27;[32mAnd &amp#27;[0m&amp#27;[32mUser enter random text in &amp#27;[0m&amp#27;[32m&amp#27;[1m"comment"&amp#27;[0m                                                                               &amp#27;[90m# stepdefinitions.CommonDefinitions.user_enter_random_text_in(java.lang.String)&amp#27;[0m
  &amp#27;[32mWhen &amp#27;[0m&amp#27;[32mUser click on &amp#27;[0m&amp#27;[32m&amp#27;[1m"Save"&amp#27;[0m&amp#27;[32m button&amp#27;[0m                                                                                      &amp#27;[90m# stepdefinitions.CommonDefinitions.user_click_on_button(java.lang.String)&amp#27;[0m
  &amp#27;[32mAnd &amp#27;[0m&amp#27;[32mUser wait for &amp#27;[0m&amp#27;[32m&amp#27;[1m"3"&amp#27;[0m&amp#27;[32m seconds&amp#27;[0m                                                                                         &amp#27;[90m# stepdefinitions.CommonDefinitions.user_wait_for_seconds(java.lang.String)&amp#27;[0m
  &amp#27;[32mThen &amp#27;[0m&amp#27;[32mIssuing line is created successfully&amp#27;[0m                                                                             &amp#27;[90m# stepdefinitions.StoreOperator.IssuingDefinition.issuing_line_is_created_sucessfully()&amp#27;[0m
  &amp#27;[32mAnd &amp#27;[0m&amp#27;[32mIssuing line Data is visible in issuing line table to user&amp#27;[0m                                                        &amp#27;[90m# stepdefinitions.StoreOperator.IssuingDefinition.issuing_line_data_is_visible_in_issuing_line_table_to_user()&amp#27;[0m
  &amp#27;[32mAnd &amp#27;[0m&amp#27;[32mUser click on &amp#27;[0m&amp#27;[32m&amp#27;[1m"Save as draft and go back"&amp#27;[0m&amp#27;[32m button&amp#27;[0m                                                                  &amp#27;[90m# stepdefinitions.CommonDefinitions.user_click_on_button(java.lang.String)&amp#27;[0m
  &amp#27;[32mAnd &amp#27;[0m&amp#27;[32mUser wait for &amp#27;[0m&amp#27;[32m&amp#27;[1m"10"&amp#27;[0m&amp#27;[32m seconds&amp#27;[0m                                                                                        &amp#27;[90m# stepdefinitions.CommonDefinitions.user_wait_for_seconds(java.lang.String)&amp#27;[0m
  &amp#27;[31mAnd &amp#27;[0m&amp#27;[31mValidate issuing state is &amp#27;[0m&amp#27;[31m&amp#27;[1m"Draft"&amp#27;[0m                                                                                 &amp#27;[90m# stepdefinitions.StoreOperator.IssuingDefinition.validate_issuing_state_is(java.lang.String)&amp#27;[0m
      &amp#27;[31morg.junit.ComparisonFailure: expected:<[Draft]> but was:<[Complete]>
	at org.junit.Assert.assertEquals(Assert.java:117)
	at org.junit.Assert.assertEquals(Assert.java:146)
	at pages.StoreOperator.IssuingPage.validateStateOfIssuingEntry(IssuingPage.java:73)
	at pages.StoreOperator.IssuingPage$ByteBuddy$a4PlfOPg.validateStateOfIssuingEntry$accessor$l54xKcOE(Unknown Source)
	at sun.reflect.NativeMethodAccessorImpl.invoke0(Native Method)
	at sun.reflect.NativeMethodAccessorImpl.invoke(NativeMethodAccessorImpl.java:62)
	at sun.reflect.DelegatingMethodAccessorImpl.invoke(DelegatingMethodAccessorImpl.java:43)
	at java.lang.reflect.Method.invoke(Method.java:498)
	at net.thucydides.core.steps.BaseMethodRunner.invokeMethod(BaseMethodRunner.java:18)
	at net.thucydides.core.steps.NormalMethodRunner.invokeMethodAndNotifyFailures(NormalMethodRunner.java:18)
	at net.thucydides.core.steps.StepInterceptor.runNormalMethod(StepInterceptor.java:406)
	at net.thucydides.core.steps.StepInterceptor.testStepResult(StepInterceptor.java:191)
	at net.thucydides.core.steps.StepInterceptor.intercept(StepInterceptor.java:84)
	at net.thucydides.core.steps.ProxyConfiguration$InterceptorDispatcher.intercept(ProxyConfiguration.java:51)
	at pages.StoreOperator.IssuingPage$ByteBuddy$a4PlfOPg.validateStateOfIssuingEntry(Unknown Source)
	at stepdefinitions.StoreOperator.IssuingDefinition.validate_issuing_state_is(IssuingDefinition.java:80)
	at ✽.Validate issuing state is "Draft"(file:///C:/Users/Sandeepkumar.Phalke/eclipse-workspace/UNICEF_SerenityBDD_Automation_Framework/src/test/resources/features/StoreOperator/Issuing.feature:116)
&amp#27;[0m
  &amp#27;[36mAnd &amp#27;[0m&amp#27;[36mUser edit the Issuing data&amp#27;[0m                                                                                        &amp#27;[90m# stepdefinitions.StoreOperator.IssuingDefinition.user_edit_the_issuing_data()&amp#27;[0m
  &amp#27;[36mWhen &amp#27;[0m&amp#27;[36mUser delete the line in issuing&amp#27;[0m                                                                                  &amp#27;[90m# stepdefinitions.StoreOperator.IssuingDefinition.user_delete_the_line_in_issuing()&amp#27;[0m
  &amp#27;[36mAnd &amp#27;[0m&amp#27;[36mUser click on &amp#27;[0m&amp#27;[36m&amp#27;[1m"Yes"&amp#27;[0m&amp#27;[36m button&amp#27;[0m                                                                                        &amp#27;[90m# stepdefinitions.CommonDefinitions.user_click_on_button(java.lang.String)&amp#27;[0m
  &amp#27;[36mThen &amp#27;[0m&amp#27;[36mIssuing line is deleted successfully&amp#27;[0m                                                                             &amp#27;[90m# stepdefinitions.StoreOperator.IssuingDefinition.issuing_line_is_deleted_sucessfully()&amp#27;[0m
  &amp#27;[36mAnd &amp#27;[0m&amp#27;[36mIssuing line Data is not visible in issuing line table to user&amp#27;[0m                                                    &amp#27;[90m# stepdefinitions.StoreOperator.IssuingDefinition.issuing_line_data_is_not_visible_in_storage_data_table_to_user()&amp#27;[0m
  &amp#27;[36mWhen &amp#27;[0m&amp#27;[36mUser click on &amp#27;[0m&amp#27;[36m&amp#27;[1m"Save as draft and go back"&amp#27;[0m&amp#27;[36m button&amp#27;[0m                                                                 &amp#27;[90m# stepdefinitions.CommonDefinitions.user_click_on_button(java.lang.String)&amp#27;[0m
  &amp#27;[36mAnd &amp#27;[0m&amp#27;[36mUser wait for &amp#27;[0m&amp#27;[36m&amp#27;[1m"7"&amp#27;[0m&amp#27;[36m seconds&amp#27;[0m                                                                                         &amp#27;[90m# stepdefinitions.CommonDefinitions.user_wait_for_seconds(java.lang.String)&amp#27;[0m
  &amp#27;[36mAnd &amp#27;[0m&amp#27;[36mUser delete the Issuing data&amp#27;[0m                                                                                      &amp#27;[90m# stepdefinitions.StoreOperator.IssuingDefinition.user_delete_the_issuing_data()&amp#27;[0m
  &amp#27;[36mAnd &amp#27;[0m&amp#27;[36mUser click on &amp#27;[0m&amp#27;[36m&amp#27;[1m"Yes"&amp#27;[0m&amp#27;[36m button&amp#27;[0m                                                                                        &amp#27;[90m# stepdefinitions.CommonDefinitions.user_click_on_button(java.lang.String)&amp#27;[0m
  &amp#27;[36mAnd &amp#27;[0m&amp#27;[36mUser wait for &amp#27;[0m&amp#27;[36m&amp#27;[1m"3"&amp#27;[0m&amp#27;[36m seconds&amp#27;[0m                                                                                         &amp#27;[90m# stepdefinitions.CommonDefinitions.user_wait_for_seconds(java.lang.String)&amp#27;[0m
  &amp#27;[36mThen &amp#27;[0m&amp#27;[36mIssuing data is deleted successfully&amp#27;[0m                                                                             &amp#27;[90m# stepdefinitions.StoreOperator.IssuingDefinition.issuing_is_deleted_sucessfully()&amp#27;[0m
  &amp#27;[36mAnd &amp#27;[0m&amp#27;[36mIssuing Data is not visible in issuing table to user&amp#27;[0m                                                              &amp#27;[90m# stepdefinitions.StoreOperator.IssuingDefinition.issuing_data_is_not_visible_in_issuing_table_to_user()&amp#27;[0m
  &amp#27;[36mAnd &amp#27;[0m&amp#27;[36mUser wait for &amp#27;[0m&amp#27;[36m&amp#27;[1m"60"&amp#27;[0m&amp#27;[36m seconds&amp#27;[0m                                                                                        &amp#27;[90m# stepdefinitions.CommonDefinitions.user_wait_for_seconds(java.lang.String)&amp#27;[0m
10:34:51.906 [main] ERROR  - 
  _____   ___   ___   _____     ___     _     ___   _      ___   ___  
 |_   _| | __| / __| |_   _|   | __|   /_\   |_ _| | |    | __| |   \ 
   | |   | _|  \__ \   | |     | _|   / _ \   | |  | |__  | _|  | |) |
   |_|   |___| |___/   |_|     |_|   /_/ \_\ |___| |____| |___| |___/ 

Verify user is able to delete issuing line and delete issuing requisition type data before finalizing
-----------------------------------------------------------------------
10:34:51.906 [main] ERROR  -     Test failed at step: Validate state of issuing entry: Draft
10:34:51.906 [main] ERROR  -     expected:<[Draft]> but was:<[Complete]>
]]></system-out>
    <system-err><![CDATA[Starting ChromeDriver 109.0.5414.74 (e7c5703604daa9cc128ccf5a5d3e993513758913-refs/branch-heads/5414@{#1172}) on port 5282
Only local connections are allowed.
Please see https://chromedriver.chromium.org/security-considerations for suggestions on keeping ChromeDriver safe.
ChromeDriver was started successfully.
Jan 31, 2023 10:33:55 AM org.openqa.selenium.devtools.CdpVersionFinder findNearestMatch
WARNING: Unable to find an exact match for CDP version 109, so returning the closest version found: 107
]]></system-err>
    <rerunFailure type="org.junit.ComparisonFailure">
      <stackTrace><![CDATA[org.junit.ComparisonFailure: expected:<[Draft]> but was:<[Complete]>
]]></stackTrace>
      <system-out><![CDATA[10:58:55.692 [main] INFO  i.c.core.plugin.SerenityReporter - Running feature from file:///C:/Users/Sandeepkumar.Phalke/eclipse-workspace/UNICEF_SerenityBDD_Automation_Framework/src/test/resources/features/StoreOperator/Issuing.feature
10:58:55.705 [main] INFO   - Test Suite Started: Issuing tab in SMT application for Store Operator user

Scenario Outline: Verify user is able to delete issuing line and delete issuing requisition type data before finalizing &amp#27;[90m# src/test/resources/features/StoreOperator/Issuing.feature:132&amp#27;[0m
10:58:55.739 [main] INFO  i.c.core.plugin.SerenityReporter - Running feature from file:///C:/Users/Sandeepkumar.Phalke/eclipse-workspace/UNICEF_SerenityBDD_Automation_Framework/src/test/resources/features/StoreOperator/Issuing.feature
10:58:55.743 [main] INFO   - 
  _____   ___   ___   _____     ___   _____     _     ___   _____   ___   ___  
 |_   _| | __| / __| |_   _|   / __| |_   _|   /_\   | _ \ |_   _| | __| |   \ 
   | |   | _|  \__ \   | |     \__ \   | |    / _ \  |   /   | |   | _|  | |) |
   |_|   |___| |___/   |_|     |___/   |_|   /_/ \_\ |_|_\   |_|   |___| |___/ 

Verify user is able to delete issuing line and delete issuing requisition type data before finalizing(issuing-tab-in-smt-application-for-store-operator-user;verify-user-is-able-to-delete-issuing-line-and-delete-issuing-requisition-type-data-before-finalizing)
--------------------------------------------------------------------------------
10:58:55.984 [main] INFO  n.s.c.w.d.ChromeDriverProvider - Starting Chrome driver instance with capabilities:
10:58:55.985 [main] INFO  n.s.c.w.d.ChromeDriverProvider - Capabilities {acceptInsecureCerts: false, browserName: chrome, goog:chromeOptions: {args: [test-type, no-sandbox, ignore-certificate-errors, --window-size=1000,800, incognito, disable-infobars, disable-gpu, disable-default-apps, disable-popup-blocking], extensions: []}}
  &amp#27;[32mGiven &amp#27;[0m&amp#27;[32mUser is on home page of SMT application&amp#27;[0m                                                                         &amp#27;[90m# stepdefinitions.CommonDefinitions.user_is_on_home_page_of_smt_application()&amp#27;[0m
  &amp#27;[32mAnd &amp#27;[0m&amp#27;[32mUser is able to see login button on home page&amp#27;[0m                                                                     &amp#27;[90m# stepdefinitions.HomeDefinitions.user_is_able_to_see_login_button_on_home_page()&amp#27;[0m
  &amp#27;[32mWhen &amp#27;[0m&amp#27;[32mUser click on login button&amp#27;[0m                                                                                       &amp#27;[90m# stepdefinitions.HomeDefinitions.user_click_on_login_button()&amp#27;[0m
  &amp#27;[32mAnd &amp#27;[0m&amp#27;[32mUser click on Proceed To Login button in &amp#27;[0m&amp#27;[32m&amp#27;[1m"English"&amp#27;[0m                                                                &amp#27;[90m# stepdefinitions.HomeDefinitions.user_click_on_proceed_to_login_button_in(java.lang.String)&amp#27;[0m
  &amp#27;[32mThen &amp#27;[0m&amp#27;[32mUser login as &amp#27;[0m&amp#27;[32m&amp#27;[1m"Store Operator"&amp#27;[0m                                                                                   &amp#27;[90m# stepdefinitions.CommonDefinitions.user_login_as(java.lang.String)&amp#27;[0m
  &amp#27;[32mAnd &amp#27;[0m&amp#27;[32mUser click on &amp#27;[0m&amp#27;[32m&amp#27;[1m"Apply"&amp#27;[0m&amp#27;[32m button&amp#27;[0m                                                                                      &amp#27;[90m# stepdefinitions.CommonDefinitions.user_click_on_button(java.lang.String)&amp#27;[0m
  &amp#27;[32mAnd &amp#27;[0m&amp#27;[32mUser click on &amp#27;[0m&amp#27;[32m&amp#27;[1m"Issuing"&amp#27;[0m&amp#27;[32m tab&amp#27;[0m                                                                                       &amp#27;[90m# stepdefinitions.CommonDefinitions.user_click_on_tab(java.lang.String)&amp#27;[0m
  &amp#27;[32mAnd &amp#27;[0m&amp#27;[32mUser wait for &amp#27;[0m&amp#27;[32m&amp#27;[1m"5"&amp#27;[0m&amp#27;[32m seconds&amp#27;[0m                                                                                         &amp#27;[90m# stepdefinitions.CommonDefinitions.user_wait_for_seconds(java.lang.String)&amp#27;[0m
  &amp#27;[32mGiven &amp#27;[0m&amp#27;[32mUser click on &amp#27;[0m&amp#27;[32m&amp#27;[1m"Issue New Stock"&amp#27;[0m&amp#27;[32m button&amp#27;[0m                                                                          &amp#27;[90m# stepdefinitions.CommonDefinitions.user_click_on_button(java.lang.String)&amp#27;[0m
  &amp#27;[32mAnd &amp#27;[0m&amp#27;[32m&amp#27;[0m&amp#27;[32m&amp#27;[1m"Issue New Stock"&amp#27;[0m&amp#27;[32m text is visible&amp#27;[0m                                                                                 &amp#27;[90m# stepdefinitions.CommonDefinitions.text_is_visible(java.lang.String)&amp#27;[0m
  &amp#27;[32mAnd &amp#27;[0m&amp#27;[32mUser select &amp#27;[0m&amp#27;[32m&amp#27;[1m"Requisition"&amp#27;[0m&amp#27;[32m from &amp#27;[0m&amp#27;[32m&amp#27;[1m"Issue Type"&amp#27;[0m&amp#27;[32m in &amp#27;[0m&amp#27;[32m&amp#27;[1m"Issuing"&amp#27;[0m&amp#27;[32m tab&amp#27;[0m                                                      &amp#27;[90m# stepdefinitions.CommonDefinitions.user_select_from_in_tab(java.lang.String,java.lang.String,java.lang.String)&amp#27;[0m
  &amp#27;[32mAnd &amp#27;[0m&amp#27;[32mUser type and select &amp#27;[0m&amp#27;[32m&amp#27;[1m"Dubai 2"&amp#27;[0m&amp#27;[32m from &amp#27;[0m&amp#27;[32m&amp#27;[1m"Recipient Store / Reason"&amp#27;[0m&amp#27;[32m in &amp#27;[0m&amp#27;[32m&amp#27;[1m"Issuing"&amp#27;[0m&amp#27;[32m tab&amp#27;[0m                                   &amp#27;[90m# stepdefinitions.CommonDefinitions.user_type_and_select_from(java.lang.String,java.lang.String,java.lang.String)&amp#27;[0m
  &amp#27;[32mAnd &amp#27;[0m&amp#27;[32mUser select &amp#27;[0m&amp#27;[32m&amp#27;[1m"No"&amp#27;[0m&amp#27;[32m from &amp#27;[0m&amp#27;[32m&amp#27;[1m"Distributed Late"&amp#27;[0m&amp#27;[32m in &amp#27;[0m&amp#27;[32m&amp#27;[1m"Issuing"&amp#27;[0m&amp#27;[32m tab&amp#27;[0m                                                         &amp#27;[90m# stepdefinitions.CommonDefinitions.user_select_from_in_tab(java.lang.String,java.lang.String,java.lang.String)&amp#27;[0m
  &amp#27;[32mAnd &amp#27;[0m&amp#27;[32mUser enter random text in &amp#27;[0m&amp#27;[32m&amp#27;[1m"internationaRef"&amp#27;[0m                                                                       &amp#27;[90m# stepdefinitions.CommonDefinitions.user_enter_random_text_in(java.lang.String)&amp#27;[0m
  &amp#27;[32mWhen &amp#27;[0m&amp#27;[32mUser click on &amp#27;[0m&amp#27;[32m&amp#27;[1m"Add Line to Issue"&amp#27;[0m&amp#27;[32m button&amp#27;[0m                                                                         &amp#27;[90m# stepdefinitions.CommonDefinitions.user_click_on_button(java.lang.String)&amp#27;[0m
  &amp#27;[32mThen &amp#27;[0m&amp#27;[32m&amp#27;[0m&amp#27;[32m&amp#27;[1m"Add Product to Issue"&amp#27;[0m&amp#27;[32m heading is visible&amp#27;[0m                                                                        &amp#27;[90m# stepdefinitions.CommonDefinitions.heading_is_visible(java.lang.String)&amp#27;[0m
  &amp#27;[32mAnd &amp#27;[0m&amp#27;[32mUser select &amp#27;[0m&amp#27;[32m&amp#27;[1m"Vaccine"&amp#27;[0m&amp#27;[32m from &amp#27;[0m&amp#27;[32m&amp#27;[1m"Product Type"&amp#27;[0m&amp#27;[32m in &amp#27;[0m&amp#27;[32m&amp#27;[1m"Issuing"&amp#27;[0m&amp#27;[32m tab&amp#27;[0m                                                        &amp#27;[90m# stepdefinitions.CommonDefinitions.user_select_from_in_tab(java.lang.String,java.lang.String,java.lang.String)&amp#27;[0m
  &amp#27;[32mAnd &amp#27;[0m&amp#27;[32mUser select &amp#27;[0m&amp#27;[32m&amp#27;[1m"YF"&amp#27;[0m&amp#27;[32m from &amp#27;[0m&amp#27;[32m&amp#27;[1m"Product"&amp#27;[0m&amp#27;[32m in &amp#27;[0m&amp#27;[32m&amp#27;[1m"Issuing"&amp#27;[0m&amp#27;[32m tab&amp#27;[0m                                                                  &amp#27;[90m# stepdefinitions.CommonDefinitions.user_select_from_in_tab(java.lang.String,java.lang.String,java.lang.String)&amp#27;[0m
  &amp#27;[32mAnd &amp#27;[0m&amp#27;[32mUser select &amp#27;[0m&amp#27;[32m&amp#27;[1m"200A"&amp#27;[0m&amp#27;[32m from &amp#27;[0m&amp#27;[32m&amp#27;[1m"Batch Number"&amp#27;[0m&amp#27;[32m in &amp#27;[0m&amp#27;[32m&amp#27;[1m"Issuing"&amp#27;[0m&amp#27;[32m tab&amp#27;[0m                                                           &amp#27;[90m# stepdefinitions.CommonDefinitions.user_select_from_in_tab(java.lang.String,java.lang.String,java.lang.String)&amp#27;[0m
  &amp#27;[32mAnd &amp#27;[0m&amp#27;[32mUser wait for &amp#27;[0m&amp#27;[32m&amp#27;[1m"3"&amp#27;[0m&amp#27;[32m seconds&amp#27;[0m                                                                                         &amp#27;[90m# stepdefinitions.CommonDefinitions.user_wait_for_seconds(java.lang.String)&amp#27;[0m
  &amp#27;[32mAnd &amp#27;[0m&amp#27;[32mUser enter &amp#27;[0m&amp#27;[32m&amp#27;[1m"1"&amp#27;[0m&amp#27;[32m in &amp#27;[0m&amp#27;[32m&amp#27;[1m"dosesOrUnit"&amp#27;[0m                                                                                   &amp#27;[90m# stepdefinitions.CommonDefinitions.user_enter_in(java.lang.String,java.lang.String)&amp#27;[0m
  &amp#27;[32mAnd &amp#27;[0m&amp#27;[32mUser enter random text in &amp#27;[0m&amp#27;[32m&amp#27;[1m"comment"&amp#27;[0m                                                                               &amp#27;[90m# stepdefinitions.CommonDefinitions.user_enter_random_text_in(java.lang.String)&amp#27;[0m
  &amp#27;[32mWhen &amp#27;[0m&amp#27;[32mUser click on &amp#27;[0m&amp#27;[32m&amp#27;[1m"Save"&amp#27;[0m&amp#27;[32m button&amp#27;[0m                                                                                      &amp#27;[90m# stepdefinitions.CommonDefinitions.user_click_on_button(java.lang.String)&amp#27;[0m
  &amp#27;[32mAnd &amp#27;[0m&amp#27;[32mUser wait for &amp#27;[0m&amp#27;[32m&amp#27;[1m"3"&amp#27;[0m&amp#27;[32m seconds&amp#27;[0m                                                                                         &amp#27;[90m# stepdefinitions.CommonDefinitions.user_wait_for_seconds(java.lang.String)&amp#27;[0m
  &amp#27;[32mThen &amp#27;[0m&amp#27;[32mIssuing line is created successfully&amp#27;[0m                                                                             &amp#27;[90m# stepdefinitions.StoreOperator.IssuingDefinition.issuing_line_is_created_sucessfully()&amp#27;[0m
  &amp#27;[32mAnd &amp#27;[0m&amp#27;[32mIssuing line Data is visible in issuing line table to user&amp#27;[0m                                                        &amp#27;[90m# stepdefinitions.StoreOperator.IssuingDefinition.issuing_line_data_is_visible_in_issuing_line_table_to_user()&amp#27;[0m
  &amp#27;[32mAnd &amp#27;[0m&amp#27;[32mUser click on &amp#27;[0m&amp#27;[32m&amp#27;[1m"Save as draft and go back"&amp#27;[0m&amp#27;[32m button&amp#27;[0m                                                                  &amp#27;[90m# stepdefinitions.CommonDefinitions.user_click_on_button(java.lang.String)&amp#27;[0m
  &amp#27;[32mAnd &amp#27;[0m&amp#27;[32mUser wait for &amp#27;[0m&amp#27;[32m&amp#27;[1m"10"&amp#27;[0m&amp#27;[32m seconds&amp#27;[0m                                                                                        &amp#27;[90m# stepdefinitions.CommonDefinitions.user_wait_for_seconds(java.lang.String)&amp#27;[0m
  &amp#27;[31mAnd &amp#27;[0m&amp#27;[31mValidate issuing state is &amp#27;[0m&amp#27;[31m&amp#27;[1m"Draft"&amp#27;[0m                                                                                 &amp#27;[90m# stepdefinitions.StoreOperator.IssuingDefinition.validate_issuing_state_is(java.lang.String)&amp#27;[0m
      &amp#27;[31morg.junit.ComparisonFailure: expected:<[Draft]> but was:<[Complete]>
	at org.junit.Assert.assertEquals(Assert.java:117)
	at org.junit.Assert.assertEquals(Assert.java:146)
	at pages.StoreOperator.IssuingPage.validateStateOfIssuingEntry(IssuingPage.java:73)
	at pages.StoreOperator.IssuingPage$ByteBuddy$a4PlfOPg.validateStateOfIssuingEntry$accessor$l54xKcOE(Unknown Source)
	at sun.reflect.NativeMethodAccessorImpl.invoke0(Native Method)
	at sun.reflect.NativeMethodAccessorImpl.invoke(NativeMethodAccessorImpl.java:62)
	at sun.reflect.DelegatingMethodAccessorImpl.invoke(DelegatingMethodAccessorImpl.java:43)
	at java.lang.reflect.Method.invoke(Method.java:498)
	at net.thucydides.core.steps.BaseMethodRunner.invokeMethod(BaseMethodRunner.java:18)
	at net.thucydides.core.steps.NormalMethodRunner.invokeMethodAndNotifyFailures(NormalMethodRunner.java:18)
	at net.thucydides.core.steps.StepInterceptor.runNormalMethod(StepInterceptor.java:406)
	at net.thucydides.core.steps.StepInterceptor.testStepResult(StepInterceptor.java:191)
	at net.thucydides.core.steps.StepInterceptor.intercept(StepInterceptor.java:84)
	at net.thucydides.core.steps.ProxyConfiguration$InterceptorDispatcher.intercept(ProxyConfiguration.java:51)
	at pages.StoreOperator.IssuingPage$ByteBuddy$a4PlfOPg.validateStateOfIssuingEntry(Unknown Source)
	at stepdefinitions.StoreOperator.IssuingDefinition.validate_issuing_state_is(IssuingDefinition.java:80)
	at ✽.Validate issuing state is "Draft"(file:///C:/Users/Sandeepkumar.Phalke/eclipse-workspace/UNICEF_SerenityBDD_Automation_Framework/src/test/resources/features/StoreOperator/Issuing.feature:116)
&amp#27;[0m
  &amp#27;[36mAnd &amp#27;[0m&amp#27;[36mUser edit the Issuing data&amp#27;[0m                                                                                        &amp#27;[90m# stepdefinitions.StoreOperator.IssuingDefinition.user_edit_the_issuing_data()&amp#27;[0m
  &amp#27;[36mWhen &amp#27;[0m&amp#27;[36mUser delete the line in issuing&amp#27;[0m                                                                                  &amp#27;[90m# stepdefinitions.StoreOperator.IssuingDefinition.user_delete_the_line_in_issuing()&amp#27;[0m
  &amp#27;[36mAnd &amp#27;[0m&amp#27;[36mUser click on &amp#27;[0m&amp#27;[36m&amp#27;[1m"Yes"&amp#27;[0m&amp#27;[36m button&amp#27;[0m                                                                                        &amp#27;[90m# stepdefinitions.CommonDefinitions.user_click_on_button(java.lang.String)&amp#27;[0m
  &amp#27;[36mThen &amp#27;[0m&amp#27;[36mIssuing line is deleted successfully&amp#27;[0m                                                                             &amp#27;[90m# stepdefinitions.StoreOperator.IssuingDefinition.issuing_line_is_deleted_sucessfully()&amp#27;[0m
  &amp#27;[36mAnd &amp#27;[0m&amp#27;[36mIssuing line Data is not visible in issuing line table to user&amp#27;[0m                                                    &amp#27;[90m# stepdefinitions.StoreOperator.IssuingDefinition.issuing_line_data_is_not_visible_in_storage_data_table_to_user()&amp#27;[0m
  &amp#27;[36mWhen &amp#27;[0m&amp#27;[36mUser click on &amp#27;[0m&amp#27;[36m&amp#27;[1m"Save as draft and go back"&amp#27;[0m&amp#27;[36m button&amp#27;[0m                                                                 &amp#27;[90m# stepdefinitions.CommonDefinitions.user_click_on_button(java.lang.String)&amp#27;[0m
  &amp#27;[36mAnd &amp#27;[0m&amp#27;[36mUser wait for &amp#27;[0m&amp#27;[36m&amp#27;[1m"7"&amp#27;[0m&amp#27;[36m seconds&amp#27;[0m                                                                                         &amp#27;[90m# stepdefinitions.CommonDefinitions.user_wait_for_seconds(java.lang.String)&amp#27;[0m
  &amp#27;[36mAnd &amp#27;[0m&amp#27;[36mUser delete the Issuing data&amp#27;[0m                                                                                      &amp#27;[90m# stepdefinitions.StoreOperator.IssuingDefinition.user_delete_the_issuing_data()&amp#27;[0m
  &amp#27;[36mAnd &amp#27;[0m&amp#27;[36mUser click on &amp#27;[0m&amp#27;[36m&amp#27;[1m"Yes"&amp#27;[0m&amp#27;[36m button&amp#27;[0m                                                                                        &amp#27;[90m# stepdefinitions.CommonDefinitions.user_click_on_button(java.lang.String)&amp#27;[0m
  &amp#27;[36mAnd &amp#27;[0m&amp#27;[36mUser wait for &amp#27;[0m&amp#27;[36m&amp#27;[1m"3"&amp#27;[0m&amp#27;[36m seconds&amp#27;[0m                                                                                         &amp#27;[90m# stepdefinitions.CommonDefinitions.user_wait_for_seconds(java.lang.String)&amp#27;[0m
  &amp#27;[36mThen &amp#27;[0m&amp#27;[36mIssuing data is deleted successfully&amp#27;[0m                                                                             &amp#27;[90m# stepdefinitions.StoreOperator.IssuingDefinition.issuing_is_deleted_sucessfully()&amp#27;[0m
  &amp#27;[36mAnd &amp#27;[0m&amp#27;[36mIssuing Data is not visible in issuing table to user&amp#27;[0m                                                              &amp#27;[90m# stepdefinitions.StoreOperator.IssuingDefinition.issuing_data_is_not_visible_in_issuing_table_to_user()&amp#27;[0m
  &amp#27;[36mAnd &amp#27;[0m&amp#27;[36mUser wait for &amp#27;[0m&amp#27;[36m&amp#27;[1m"60"&amp#27;[0m&amp#27;[36m seconds&amp#27;[0m                                                                                        &amp#27;[90m# stepdefinitions.CommonDefinitions.user_wait_for_seconds(java.lang.String)&amp#27;[0m
10:59:51.374 [main] ERROR  - 
  _____   ___   ___   _____     ___     _     ___   _      ___   ___  
 |_   _| | __| / __| |_   _|   | __|   /_\   |_ _| | |    | __| |   \ 
   | |   | _|  \__ \   | |     | _|   / _ \   | |  | |__  | _|  | |) |
   |_|   |___| |___/   |_|     |_|   /_/ \_\ |___| |____| |___| |___/ 

Verify user is able to delete issuing line and delete issuing requisition type data before finalizing
-----------------------------------------------------------------------
10:59:51.374 [main] ERROR  -     Test failed at step: Validate state of issuing entry: Draft
10:59:51.374 [main] ERROR  -     expected:<[Draft]> but was:<[Complete]>
]]></system-out>
      <system-err><![CDATA[Starting ChromeDriver 109.0.5414.74 (e7c5703604daa9cc128ccf5a5d3e993513758913-refs/branch-heads/5414@{#1172}) on port 21076
Only local connections are allowed.
Please see https://chromedriver.chromium.org/security-considerations for suggestions on keeping ChromeDriver safe.
ChromeDriver was started successfully.
Jan 31, 2023 10:58:57 AM org.openqa.selenium.devtools.CdpVersionFinder findNearestMatch
WARNING: Unable to find an exact match for CDP version 109, so returning the closest version found: 107
]]></system-err>
    </rerunFailure>
    <rerunFailure type="org.junit.ComparisonFailure">
      <stackTrace><![CDATA[org.junit.ComparisonFailure: expected:<[Draft]> but was:<[Complete]>
]]></stackTrace>
      <system-out><![CDATA[11:06:02.482 [main] INFO  i.c.core.plugin.SerenityReporter - Running feature from file:///C:/Users/Sandeepkumar.Phalke/eclipse-workspace/UNICEF_SerenityBDD_Automation_Framework/src/test/resources/features/Generic/LanguageChange.feature
11:06:02.482 [main] INFO   - Test Suite Started: Language change in SMT application
11:06:02.482 [main] INFO  i.c.core.plugin.SerenityReporter - Running feature from file:///C:/Users/Sandeepkumar.Phalke/eclipse-workspace/UNICEF_SerenityBDD_Automation_Framework/src/test/resources/features/Generic/SignIn.feature
11:06:02.482 [main] INFO   - Test Suite Started: Login to SMT application
11:06:02.482 [main] INFO  i.c.core.plugin.SerenityReporter - Running feature from file:///C:/Users/Sandeepkumar.Phalke/eclipse-workspace/UNICEF_SerenityBDD_Automation_Framework/src/test/resources/features/SDAdmin/CreateUser.feature
11:06:02.482 [main] INFO   - Test Suite Started: Creation of user in SMT application
11:06:02.482 [main] INFO  i.c.core.plugin.SerenityReporter - Running feature from file:///C:/Users/Sandeepkumar.Phalke/eclipse-workspace/UNICEF_SerenityBDD_Automation_Framework/src/test/resources/features/StoreOperator/Arrivals.feature
11:06:02.505 [main] INFO   - Test Suite Started: Arrivals tab in SMT application for Store Operator user
11:06:02.505 [main] INFO  i.c.core.plugin.SerenityReporter - Running feature from file:///C:/Users/Sandeepkumar.Phalke/eclipse-workspace/UNICEF_SerenityBDD_Automation_Framework/src/test/resources/features/StoreOperator/Issuing.feature
11:06:02.508 [main] INFO   - Test Suite Started: Issuing tab in SMT application for Store Operator user
11:06:02.509 [main] INFO  i.c.core.plugin.SerenityReporter - Running feature from file:///C:/Users/Sandeepkumar.Phalke/eclipse-workspace/UNICEF_SerenityBDD_Automation_Framework/src/test/resources/features/StoreOperator/PhysicalCountAndAdjustments.feature
11:06:02.511 [main] INFO   - Test Suite Started: Physical Count & Adjustments tab in SMT application for Store Operator user
11:06:02.511 [main] INFO  i.c.core.plugin.SerenityReporter - Running feature from file:///C:/Users/Sandeepkumar.Phalke/eclipse-workspace/UNICEF_SerenityBDD_Automation_Framework/src/test/resources/features/StoreOperator/Reports.feature
11:06:02.511 [main] INFO   - Test Suite Started: Reports tab in SMT application for Store Operator user
11:06:02.511 [main] INFO  i.c.core.plugin.SerenityReporter - Running feature from file:///C:/Users/Sandeepkumar.Phalke/eclipse-workspace/UNICEF_SerenityBDD_Automation_Framework/src/test/resources/features/StoreOperator/StockOverview.feature
11:06:02.527 [main] INFO   - Test Suite Started: Stock Overview tab in SMT application for Store Operator user
11:06:02.527 [main] INFO  i.c.core.plugin.SerenityReporter - Running feature from file:///C:/Users/Sandeepkumar.Phalke/eclipse-workspace/UNICEF_SerenityBDD_Automation_Framework/src/test/resources/features/StoreOperator/StoreData.feature
11:06:02.532 [main] INFO   - Test Suite Started: Store Data tab in SMT application for Store Operator user
11:06:02.532 [main] INFO  i.c.core.plugin.SerenityReporter - Running feature from file:///C:/Users/Sandeepkumar.Phalke/eclipse-workspace/UNICEF_SerenityBDD_Automation_Framework/src/test/resources/features/StoreOperator/TempLogging.feature
11:06:02.535 [main] INFO   - Test Suite Started: Temperature Logging tab in SMT application for Store Operator user
11:06:02.535 [main] INFO  i.c.core.plugin.SerenityReporter - Running feature from file:///C:/Users/Sandeepkumar.Phalke/eclipse-workspace/UNICEF_SerenityBDD_Automation_Framework/src/test/resources/features/StoreOperator/Issuing.feature
11:06:02.535 [main] INFO   - Test Suite Started: Issuing tab in SMT application for Store Operator user

Scenario Outline: Verify user is able to delete issuing line and delete issuing requisition type data before finalizing &amp#27;[90m# src/test/resources/features/StoreOperator/Issuing.feature:132&amp#27;[0m
11:06:02.563 [main] INFO  i.c.core.plugin.SerenityReporter - Running feature from file:///C:/Users/Sandeepkumar.Phalke/eclipse-workspace/UNICEF_SerenityBDD_Automation_Framework/src/test/resources/features/StoreOperator/Issuing.feature
11:06:02.563 [main] INFO   - 
  _____   ___   ___   _____     ___   _____     _     ___   _____   ___   ___  
 |_   _| | __| / __| |_   _|   / __| |_   _|   /_\   | _ \ |_   _| | __| |   \ 
   | |   | _|  \__ \   | |     \__ \   | |    / _ \  |   /   | |   | _|  | |) |
   |_|   |___| |___/   |_|     |___/   |_|   /_/ \_\ |_|_\   |_|   |___| |___/ 

Verify user is able to delete issuing line and delete issuing requisition type data before finalizing(issuing-tab-in-smt-application-for-store-operator-user;verify-user-is-able-to-delete-issuing-line-and-delete-issuing-requisition-type-data-before-finalizing)
--------------------------------------------------------------------------------
11:06:02.911 [main] INFO  n.s.c.w.d.ChromeDriverProvider - Starting Chrome driver instance with capabilities:
11:06:02.912 [main] INFO  n.s.c.w.d.ChromeDriverProvider - Capabilities {acceptInsecureCerts: false, browserName: chrome, goog:chromeOptions: {args: [test-type, no-sandbox, ignore-certificate-errors, --window-size=1000,800, incognito, disable-infobars, disable-gpu, disable-default-apps, disable-popup-blocking], extensions: []}}
  &amp#27;[32mGiven &amp#27;[0m&amp#27;[32mUser is on home page of SMT application&amp#27;[0m                                                                         &amp#27;[90m# stepdefinitions.CommonDefinitions.user_is_on_home_page_of_smt_application()&amp#27;[0m
  &amp#27;[32mAnd &amp#27;[0m&amp#27;[32mUser is able to see login button on home page&amp#27;[0m                                                                     &amp#27;[90m# stepdefinitions.HomeDefinitions.user_is_able_to_see_login_button_on_home_page()&amp#27;[0m
  &amp#27;[32mWhen &amp#27;[0m&amp#27;[32mUser click on login button&amp#27;[0m                                                                                       &amp#27;[90m# stepdefinitions.HomeDefinitions.user_click_on_login_button()&amp#27;[0m
  &amp#27;[32mAnd &amp#27;[0m&amp#27;[32mUser click on Proceed To Login button in &amp#27;[0m&amp#27;[32m&amp#27;[1m"English"&amp#27;[0m                                                                &amp#27;[90m# stepdefinitions.HomeDefinitions.user_click_on_proceed_to_login_button_in(java.lang.String)&amp#27;[0m
  &amp#27;[32mThen &amp#27;[0m&amp#27;[32mUser login as &amp#27;[0m&amp#27;[32m&amp#27;[1m"Store Operator"&amp#27;[0m                                                                                   &amp#27;[90m# stepdefinitions.CommonDefinitions.user_login_as(java.lang.String)&amp#27;[0m
  &amp#27;[32mAnd &amp#27;[0m&amp#27;[32mUser click on &amp#27;[0m&amp#27;[32m&amp#27;[1m"Apply"&amp#27;[0m&amp#27;[32m button&amp#27;[0m                                                                                      &amp#27;[90m# stepdefinitions.CommonDefinitions.user_click_on_button(java.lang.String)&amp#27;[0m
  &amp#27;[32mAnd &amp#27;[0m&amp#27;[32mUser click on &amp#27;[0m&amp#27;[32m&amp#27;[1m"Issuing"&amp#27;[0m&amp#27;[32m tab&amp#27;[0m                                                                                       &amp#27;[90m# stepdefinitions.CommonDefinitions.user_click_on_tab(java.lang.String)&amp#27;[0m
  &amp#27;[32mAnd &amp#27;[0m&amp#27;[32mUser wait for &amp#27;[0m&amp#27;[32m&amp#27;[1m"5"&amp#27;[0m&amp#27;[32m seconds&amp#27;[0m                                                                                         &amp#27;[90m# stepdefinitions.CommonDefinitions.user_wait_for_seconds(java.lang.String)&amp#27;[0m
  &amp#27;[32mGiven &amp#27;[0m&amp#27;[32mUser click on &amp#27;[0m&amp#27;[32m&amp#27;[1m"Issue New Stock"&amp#27;[0m&amp#27;[32m button&amp#27;[0m                                                                          &amp#27;[90m# stepdefinitions.CommonDefinitions.user_click_on_button(java.lang.String)&amp#27;[0m
  &amp#27;[32mAnd &amp#27;[0m&amp#27;[32m&amp#27;[0m&amp#27;[32m&amp#27;[1m"Issue New Stock"&amp#27;[0m&amp#27;[32m text is visible&amp#27;[0m                                                                                 &amp#27;[90m# stepdefinitions.CommonDefinitions.text_is_visible(java.lang.String)&amp#27;[0m
  &amp#27;[32mAnd &amp#27;[0m&amp#27;[32mUser select &amp#27;[0m&amp#27;[32m&amp#27;[1m"Requisition"&amp#27;[0m&amp#27;[32m from &amp#27;[0m&amp#27;[32m&amp#27;[1m"Issue Type"&amp#27;[0m&amp#27;[32m in &amp#27;[0m&amp#27;[32m&amp#27;[1m"Issuing"&amp#27;[0m&amp#27;[32m tab&amp#27;[0m                                                      &amp#27;[90m# stepdefinitions.CommonDefinitions.user_select_from_in_tab(java.lang.String,java.lang.String,java.lang.String)&amp#27;[0m
  &amp#27;[32mAnd &amp#27;[0m&amp#27;[32mUser type and select &amp#27;[0m&amp#27;[32m&amp#27;[1m"Dubai 2"&amp#27;[0m&amp#27;[32m from &amp#27;[0m&amp#27;[32m&amp#27;[1m"Recipient Store / Reason"&amp#27;[0m&amp#27;[32m in &amp#27;[0m&amp#27;[32m&amp#27;[1m"Issuing"&amp#27;[0m&amp#27;[32m tab&amp#27;[0m                                   &amp#27;[90m# stepdefinitions.CommonDefinitions.user_type_and_select_from(java.lang.String,java.lang.String,java.lang.String)&amp#27;[0m
  &amp#27;[32mAnd &amp#27;[0m&amp#27;[32mUser select &amp#27;[0m&amp#27;[32m&amp#27;[1m"No"&amp#27;[0m&amp#27;[32m from &amp#27;[0m&amp#27;[32m&amp#27;[1m"Distributed Late"&amp#27;[0m&amp#27;[32m in &amp#27;[0m&amp#27;[32m&amp#27;[1m"Issuing"&amp#27;[0m&amp#27;[32m tab&amp#27;[0m                                                         &amp#27;[90m# stepdefinitions.CommonDefinitions.user_select_from_in_tab(java.lang.String,java.lang.String,java.lang.String)&amp#27;[0m
  &amp#27;[32mAnd &amp#27;[0m&amp#27;[32mUser enter random text in &amp#27;[0m&amp#27;[32m&amp#27;[1m"internationaRef"&amp#27;[0m                                                                       &amp#27;[90m# stepdefinitions.CommonDefinitions.user_enter_random_text_in(java.lang.String)&amp#27;[0m
  &amp#27;[32mWhen &amp#27;[0m&amp#27;[32mUser click on &amp#27;[0m&amp#27;[32m&amp#27;[1m"Add Line to Issue"&amp#27;[0m&amp#27;[32m button&amp#27;[0m                                                                         &amp#27;[90m# stepdefinitions.CommonDefinitions.user_click_on_button(java.lang.String)&amp#27;[0m
  &amp#27;[32mThen &amp#27;[0m&amp#27;[32m&amp#27;[0m&amp#27;[32m&amp#27;[1m"Add Product to Issue"&amp#27;[0m&amp#27;[32m heading is visible&amp#27;[0m                                                                        &amp#27;[90m# stepdefinitions.CommonDefinitions.heading_is_visible(java.lang.String)&amp#27;[0m
  &amp#27;[32mAnd &amp#27;[0m&amp#27;[32mUser select &amp#27;[0m&amp#27;[32m&amp#27;[1m"Vaccine"&amp#27;[0m&amp#27;[32m from &amp#27;[0m&amp#27;[32m&amp#27;[1m"Product Type"&amp#27;[0m&amp#27;[32m in &amp#27;[0m&amp#27;[32m&amp#27;[1m"Issuing"&amp#27;[0m&amp#27;[32m tab&amp#27;[0m                                                        &amp#27;[90m# stepdefinitions.CommonDefinitions.user_select_from_in_tab(java.lang.String,java.lang.String,java.lang.String)&amp#27;[0m
  &amp#27;[32mAnd &amp#27;[0m&amp#27;[32mUser select &amp#27;[0m&amp#27;[32m&amp#27;[1m"YF"&amp#27;[0m&amp#27;[32m from &amp#27;[0m&amp#27;[32m&amp#27;[1m"Product"&amp#27;[0m&amp#27;[32m in &amp#27;[0m&amp#27;[32m&amp#27;[1m"Issuing"&amp#27;[0m&amp#27;[32m tab&amp#27;[0m                                                                  &amp#27;[90m# stepdefinitions.CommonDefinitions.user_select_from_in_tab(java.lang.String,java.lang.String,java.lang.String)&amp#27;[0m
  &amp#27;[32mAnd &amp#27;[0m&amp#27;[32mUser select &amp#27;[0m&amp#27;[32m&amp#27;[1m"200A"&amp#27;[0m&amp#27;[32m from &amp#27;[0m&amp#27;[32m&amp#27;[1m"Batch Number"&amp#27;[0m&amp#27;[32m in &amp#27;[0m&amp#27;[32m&amp#27;[1m"Issuing"&amp#27;[0m&amp#27;[32m tab&amp#27;[0m                                                           &amp#27;[90m# stepdefinitions.CommonDefinitions.user_select_from_in_tab(java.lang.String,java.lang.String,java.lang.String)&amp#27;[0m
  &amp#27;[32mAnd &amp#27;[0m&amp#27;[32mUser wait for &amp#27;[0m&amp#27;[32m&amp#27;[1m"3"&amp#27;[0m&amp#27;[32m seconds&amp#27;[0m                                                                                         &amp#27;[90m# stepdefinitions.CommonDefinitions.user_wait_for_seconds(java.lang.String)&amp#27;[0m
  &amp#27;[32mAnd &amp#27;[0m&amp#27;[32mUser enter &amp#27;[0m&amp#27;[32m&amp#27;[1m"1"&amp#27;[0m&amp#27;[32m in &amp#27;[0m&amp#27;[32m&amp#27;[1m"dosesOrUnit"&amp#27;[0m                                                                                   &amp#27;[90m# stepdefinitions.CommonDefinitions.user_enter_in(java.lang.String,java.lang.String)&amp#27;[0m
  &amp#27;[32mAnd &amp#27;[0m&amp#27;[32mUser enter random text in &amp#27;[0m&amp#27;[32m&amp#27;[1m"comment"&amp#27;[0m                                                                               &amp#27;[90m# stepdefinitions.CommonDefinitions.user_enter_random_text_in(java.lang.String)&amp#27;[0m
  &amp#27;[32mWhen &amp#27;[0m&amp#27;[32mUser click on &amp#27;[0m&amp#27;[32m&amp#27;[1m"Save"&amp#27;[0m&amp#27;[32m button&amp#27;[0m                                                                                      &amp#27;[90m# stepdefinitions.CommonDefinitions.user_click_on_button(java.lang.String)&amp#27;[0m
  &amp#27;[32mAnd &amp#27;[0m&amp#27;[32mUser wait for &amp#27;[0m&amp#27;[32m&amp#27;[1m"3"&amp#27;[0m&amp#27;[32m seconds&amp#27;[0m                                                                                         &amp#27;[90m# stepdefinitions.CommonDefinitions.user_wait_for_seconds(java.lang.String)&amp#27;[0m
  &amp#27;[32mThen &amp#27;[0m&amp#27;[32mIssuing line is created successfully&amp#27;[0m                                                                             &amp#27;[90m# stepdefinitions.StoreOperator.IssuingDefinition.issuing_line_is_created_sucessfully()&amp#27;[0m
  &amp#27;[32mAnd &amp#27;[0m&amp#27;[32mIssuing line Data is visible in issuing line table to user&amp#27;[0m                                                        &amp#27;[90m# stepdefinitions.StoreOperator.IssuingDefinition.issuing_line_data_is_visible_in_issuing_line_table_to_user()&amp#27;[0m
  &amp#27;[32mAnd &amp#27;[0m&amp#27;[32mUser click on &amp#27;[0m&amp#27;[32m&amp#27;[1m"Save as draft and go back"&amp#27;[0m&amp#27;[32m button&amp#27;[0m                                                                  &amp#27;[90m# stepdefinitions.CommonDefinitions.user_click_on_button(java.lang.String)&amp#27;[0m
  &amp#27;[32mAnd &amp#27;[0m&amp#27;[32mUser wait for &amp#27;[0m&amp#27;[32m&amp#27;[1m"10"&amp#27;[0m&amp#27;[32m seconds&amp#27;[0m                                                                                        &amp#27;[90m# stepdefinitions.CommonDefinitions.user_wait_for_seconds(java.lang.String)&amp#27;[0m
  &amp#27;[31mAnd &amp#27;[0m&amp#27;[31mValidate issuing state is &amp#27;[0m&amp#27;[31m&amp#27;[1m"Draft"&amp#27;[0m                                                                                 &amp#27;[90m# stepdefinitions.StoreOperator.IssuingDefinition.validate_issuing_state_is(java.lang.String)&amp#27;[0m
      &amp#27;[31morg.junit.ComparisonFailure: expected:<[Draft]> but was:<[Complete]>
	at org.junit.Assert.assertEquals(Assert.java:117)
	at org.junit.Assert.assertEquals(Assert.java:146)
	at pages.StoreOperator.IssuingPage.validateStateOfIssuingEntry(IssuingPage.java:73)
	at pages.StoreOperator.IssuingPage$ByteBuddy$a4PlfOPg.validateStateOfIssuingEntry$accessor$l54xKcOE(Unknown Source)
	at sun.reflect.NativeMethodAccessorImpl.invoke0(Native Method)
	at sun.reflect.NativeMethodAccessorImpl.invoke(NativeMethodAccessorImpl.java:62)
	at sun.reflect.DelegatingMethodAccessorImpl.invoke(DelegatingMethodAccessorImpl.java:43)
	at java.lang.reflect.Method.invoke(Method.java:498)
	at net.thucydides.core.steps.BaseMethodRunner.invokeMethod(BaseMethodRunner.java:18)
	at net.thucydides.core.steps.NormalMethodRunner.invokeMethodAndNotifyFailures(NormalMethodRunner.java:18)
	at net.thucydides.core.steps.StepInterceptor.runNormalMethod(StepInterceptor.java:406)
	at net.thucydides.core.steps.StepInterceptor.testStepResult(StepInterceptor.java:191)
	at net.thucydides.core.steps.StepInterceptor.intercept(StepInterceptor.java:84)
	at net.thucydides.core.steps.ProxyConfiguration$InterceptorDispatcher.intercept(ProxyConfiguration.java:51)
	at pages.StoreOperator.IssuingPage$ByteBuddy$a4PlfOPg.validateStateOfIssuingEntry(Unknown Source)
	at stepdefinitions.StoreOperator.IssuingDefinition.validate_issuing_state_is(IssuingDefinition.java:80)
	at ✽.Validate issuing state is "Draft"(file:///C:/Users/Sandeepkumar.Phalke/eclipse-workspace/UNICEF_SerenityBDD_Automation_Framework/src/test/resources/features/StoreOperator/Issuing.feature:116)
&amp#27;[0m
  &amp#27;[36mAnd &amp#27;[0m&amp#27;[36mUser edit the Issuing data&amp#27;[0m                                                                                        &amp#27;[90m# stepdefinitions.StoreOperator.IssuingDefinition.user_edit_the_issuing_data()&amp#27;[0m
  &amp#27;[36mWhen &amp#27;[0m&amp#27;[36mUser delete the line in issuing&amp#27;[0m                                                                                  &amp#27;[90m# stepdefinitions.StoreOperator.IssuingDefinition.user_delete_the_line_in_issuing()&amp#27;[0m
  &amp#27;[36mAnd &amp#27;[0m&amp#27;[36mUser click on &amp#27;[0m&amp#27;[36m&amp#27;[1m"Yes"&amp#27;[0m&amp#27;[36m button&amp#27;[0m                                                                                        &amp#27;[90m# stepdefinitions.CommonDefinitions.user_click_on_button(java.lang.String)&amp#27;[0m
  &amp#27;[36mThen &amp#27;[0m&amp#27;[36mIssuing line is deleted successfully&amp#27;[0m                                                                             &amp#27;[90m# stepdefinitions.StoreOperator.IssuingDefinition.issuing_line_is_deleted_sucessfully()&amp#27;[0m
  &amp#27;[36mAnd &amp#27;[0m&amp#27;[36mIssuing line Data is not visible in issuing line table to user&amp#27;[0m                                                    &amp#27;[90m# stepdefinitions.StoreOperator.IssuingDefinition.issuing_line_data_is_not_visible_in_storage_data_table_to_user()&amp#27;[0m
  &amp#27;[36mWhen &amp#27;[0m&amp#27;[36mUser click on &amp#27;[0m&amp#27;[36m&amp#27;[1m"Save as draft and go back"&amp#27;[0m&amp#27;[36m button&amp#27;[0m                                                                 &amp#27;[90m# stepdefinitions.CommonDefinitions.user_click_on_button(java.lang.String)&amp#27;[0m
  &amp#27;[36mAnd &amp#27;[0m&amp#27;[36mUser wait for &amp#27;[0m&amp#27;[36m&amp#27;[1m"7"&amp#27;[0m&amp#27;[36m seconds&amp#27;[0m                                                                                         &amp#27;[90m# stepdefinitions.CommonDefinitions.user_wait_for_seconds(java.lang.String)&amp#27;[0m
  &amp#27;[36mAnd &amp#27;[0m&amp#27;[36mUser delete the Issuing data&amp#27;[0m                                                                                      &amp#27;[90m# stepdefinitions.StoreOperator.IssuingDefinition.user_delete_the_issuing_data()&amp#27;[0m
  &amp#27;[36mAnd &amp#27;[0m&amp#27;[36mUser click on &amp#27;[0m&amp#27;[36m&amp#27;[1m"Yes"&amp#27;[0m&amp#27;[36m button&amp#27;[0m                                                                                        &amp#27;[90m# stepdefinitions.CommonDefinitions.user_click_on_button(java.lang.String)&amp#27;[0m
  &amp#27;[36mAnd &amp#27;[0m&amp#27;[36mUser wait for &amp#27;[0m&amp#27;[36m&amp#27;[1m"3"&amp#27;[0m&amp#27;[36m seconds&amp#27;[0m                                                                                         &amp#27;[90m# stepdefinitions.CommonDefinitions.user_wait_for_seconds(java.lang.String)&amp#27;[0m
  &amp#27;[36mThen &amp#27;[0m&amp#27;[36mIssuing data is deleted successfully&amp#27;[0m                                                                             &amp#27;[90m# stepdefinitions.StoreOperator.IssuingDefinition.issuing_is_deleted_sucessfully()&amp#27;[0m
  &amp#27;[36mAnd &amp#27;[0m&amp#27;[36mIssuing Data is not visible in issuing table to user&amp#27;[0m                                                              &amp#27;[90m# stepdefinitions.StoreOperator.IssuingDefinition.issuing_data_is_not_visible_in_issuing_table_to_user()&amp#27;[0m
  &amp#27;[36mAnd &amp#27;[0m&amp#27;[36mUser wait for &amp#27;[0m&amp#27;[36m&amp#27;[1m"60"&amp#27;[0m&amp#27;[36m seconds&amp#27;[0m                                                                                        &amp#27;[90m# stepdefinitions.CommonDefinitions.user_wait_for_seconds(java.lang.String)&amp#27;[0m
11:07:00.094 [main] ERROR  - 
  _____   ___   ___   _____     ___     _     ___   _      ___   ___  
 |_   _| | __| / __| |_   _|   | __|   /_\   |_ _| | |    | __| |   \ 
   | |   | _|  \__ \   | |     | _|   / _ \   | |  | |__  | _|  | |) |
   |_|   |___| |___/   |_|     |_|   /_/ \_\ |___| |____| |___| |___/ 

Verify user is able to delete issuing line and delete issuing requisition type data before finalizing
-----------------------------------------------------------------------
11:07:00.094 [main] ERROR  -     Test failed at step: Validate state of issuing entry: Draft
11:07:00.094 [main] ERROR  -     expected:<[Draft]> but was:<[Complete]>
]]></system-out>
      <system-err><![CDATA[Starting ChromeDriver 109.0.5414.74 (e7c5703604daa9cc128ccf5a5d3e993513758913-refs/branch-heads/5414@{#1172}) on port 1198
Only local connections are allowed.
Please see https://chromedriver.chromium.org/security-considerations for suggestions on keeping ChromeDriver safe.
ChromeDriver was started successfully.
Jan 31, 2023 11:06:04 AM org.openqa.selenium.devtools.CdpVersionFinder findNearestMatch
WARNING: Unable to find an exact match for CDP version 109, so returning the closest version found: 107
]]></system-err>
    </rerunFailure>
  </testcase>
  <testcase name="Verify user is able to add arrival receipt type data and perform physical count type surplus adjustment" classname="Physical Count &amp; Adjustments tab in SMT application for Store Operator user" time="90.123"/>
  <testcase name="Verify user is able to add arrival receipt type data and perform adjustment type missing adjustment" classname="Physical Count &amp; Adjustments tab in SMT application for Store Operator user" time="89.311"/>
  <testcase name="Verify user is able to download all excel report" classname="Reports tab in SMT application for Store Operator user" time="171.007"/>
  <testcase name="Verify user is able to download all pdf report" classname="Reports tab in SMT application for Store Operator user" time="212.592"/>
  <testcase name="Verify user is able to download all excel report including sub store" classname="Reports tab in SMT application for Store Operator user" time="145.39"/>
  <testcase name="Verify user is able to download all pdf report including sub store" classname="Reports tab in SMT application for Store Operator user" time="154.669">
    <flakyFailure type="java.lang.AssertionError">
      <stackTrace><![CDATA[java.lang.AssertionError
]]></stackTrace>
      <system-out><![CDATA[
Scenario Outline: Verify user is able to download all pdf report including sub store  &amp#27;[90m# src/test/resources/features/StoreOperator/Reports.feature:384&amp#27;[0m
10:46:40.411 [main] INFO  i.c.core.plugin.SerenityReporter - Running feature from file:///C:/Users/Sandeepkumar.Phalke/eclipse-workspace/UNICEF_SerenityBDD_Automation_Framework/src/test/resources/features/StoreOperator/Reports.feature
10:46:40.411 [main] INFO   - 
  _____   ___   ___   _____     ___   _____     _     ___   _____   ___   ___  
 |_   _| | __| / __| |_   _|   / __| |_   _|   /_\   | _ \ |_   _| | __| |   \ 
   | |   | _|  \__ \   | |     \__ \   | |    / _ \  |   /   | |   | _|  | |) |
   |_|   |___| |___/   |_|     |___/   |_|   /_/ \_\ |_|_\   |_|   |___| |___/ 

Verify user is able to download all pdf report including sub store(reports-tab-in-smt-application-for-store-operator-user;verify-user-is-able-to-download-all-pdf-report-including-sub-store)
--------------------------------------------------------------------------------
10:46:40.659 [main] INFO  n.s.c.w.d.ChromeDriverProvider - Starting Chrome driver instance with capabilities:
10:46:40.659 [main] INFO  n.s.c.w.d.ChromeDriverProvider - Capabilities {acceptInsecureCerts: false, browserName: chrome, goog:chromeOptions: {args: [test-type, no-sandbox, ignore-certificate-errors, --window-size=1000,800, incognito, disable-infobars, disable-gpu, disable-default-apps, disable-popup-blocking], extensions: []}}
  &amp#27;[32mGiven &amp#27;[0m&amp#27;[32mUser is on home page of SMT application&amp#27;[0m                                       &amp#27;[90m# stepdefinitions.CommonDefinitions.user_is_on_home_page_of_smt_application()&amp#27;[0m
  &amp#27;[32mAnd &amp#27;[0m&amp#27;[32mUser is able to see login button on home page&amp#27;[0m                                   &amp#27;[90m# stepdefinitions.HomeDefinitions.user_is_able_to_see_login_button_on_home_page()&amp#27;[0m
  &amp#27;[32mWhen &amp#27;[0m&amp#27;[32mUser click on login button&amp#27;[0m                                                     &amp#27;[90m# stepdefinitions.HomeDefinitions.user_click_on_login_button()&amp#27;[0m
  &amp#27;[32mAnd &amp#27;[0m&amp#27;[32mUser click on Proceed To Login button in &amp#27;[0m&amp#27;[32m&amp#27;[1m"English"&amp#27;[0m                              &amp#27;[90m# stepdefinitions.HomeDefinitions.user_click_on_proceed_to_login_button_in(java.lang.String)&amp#27;[0m
  &amp#27;[32mThen &amp#27;[0m&amp#27;[32mUser login as &amp#27;[0m&amp#27;[32m&amp#27;[1m"Store Operator"&amp#27;[0m                                                 &amp#27;[90m# stepdefinitions.CommonDefinitions.user_login_as(java.lang.String)&amp#27;[0m
  &amp#27;[32mAnd &amp#27;[0m&amp#27;[32mUser click on &amp#27;[0m&amp#27;[32m&amp#27;[1m"Apply"&amp#27;[0m&amp#27;[32m button&amp#27;[0m                                                    &amp#27;[90m# stepdefinitions.CommonDefinitions.user_click_on_button(java.lang.String)&amp#27;[0m
  &amp#27;[32mAnd &amp#27;[0m&amp#27;[32mUser click on &amp#27;[0m&amp#27;[32m&amp#27;[1m"Reports"&amp#27;[0m&amp#27;[32m tab&amp#27;[0m                                                     &amp#27;[90m# stepdefinitions.CommonDefinitions.user_click_on_tab(java.lang.String)&amp#27;[0m
  &amp#27;[32mAnd &amp#27;[0m&amp#27;[32mUser wait for &amp#27;[0m&amp#27;[32m&amp#27;[1m"20"&amp#27;[0m&amp#27;[32m seconds&amp#27;[0m                                                      &amp#27;[90m# stepdefinitions.CommonDefinitions.user_wait_for_seconds(java.lang.String)&amp#27;[0m
  &amp#27;[32mGiven &amp#27;[0m&amp#27;[32mUser click on &amp#27;[0m&amp#27;[32m&amp#27;[1m"Stock Management Summary"&amp#27;[0m&amp#27;[32m tab&amp#27;[0m                                  &amp#27;[90m# stepdefinitions.CommonDefinitions.user_click_on_tab(java.lang.String)&amp#27;[0m
  &amp#27;[32mAnd &amp#27;[0m&amp#27;[32mUser type and select &amp#27;[0m&amp#27;[32m&amp#27;[1m"UAE L2"&amp#27;[0m&amp#27;[32m from &amp#27;[0m&amp#27;[32m&amp#27;[1m"Store"&amp#27;[0m&amp#27;[32m in &amp#27;[0m&amp#27;[32m&amp#27;[1m"Reports"&amp#27;[0m&amp#27;[32m tab&amp#27;[0m                     &amp#27;[90m# stepdefinitions.CommonDefinitions.user_type_and_select_from(java.lang.String,java.lang.String,java.lang.String)&amp#27;[0m
  &amp#27;[32mAnd &amp#27;[0m&amp#27;[32mUser wait for &amp#27;[0m&amp#27;[32m&amp#27;[1m"2"&amp#27;[0m&amp#27;[32m seconds&amp#27;[0m                                                       &amp#27;[90m# stepdefinitions.CommonDefinitions.user_wait_for_seconds(java.lang.String)&amp#27;[0m
  &amp#27;[32mThen &amp#27;[0m&amp#27;[32mUser click on includeSubStore checkbox&amp#27;[0m                                         &amp#27;[90m# stepdefinitions.StoreOperator.ReportsDefinition.user_click_on_includeSubStore_checkbox()&amp#27;[0m
  &amp#27;[32mWhen &amp#27;[0m&amp#27;[32mUser enter &amp#27;[0m&amp#27;[32m&amp#27;[1m"01-01-2022"&amp#27;[0m&amp#27;[32m in &amp#27;[0m&amp#27;[32m&amp#27;[1m"startDate"&amp#27;[0m                                         &amp#27;[90m# stepdefinitions.CommonDefinitions.user_enter_in(java.lang.String,java.lang.String)&amp#27;[0m
  &amp#27;[32mAnd &amp#27;[0m&amp#27;[32mUser click on &amp#27;[0m&amp#27;[32m&amp#27;[1m"Generate Report"&amp#27;[0m&amp#27;[32m button&amp#27;[0m                                          &amp#27;[90m# stepdefinitions.CommonDefinitions.user_click_on_button(java.lang.String)&amp#27;[0m
  &amp#27;[32mAnd &amp#27;[0m&amp#27;[32mUser wait for &amp#27;[0m&amp#27;[32m&amp#27;[1m"3"&amp#27;[0m&amp#27;[32m seconds&amp#27;[0m                                                       &amp#27;[90m# stepdefinitions.CommonDefinitions.user_wait_for_seconds(java.lang.String)&amp#27;[0m
  &amp#27;[32mAnd &amp#27;[0m&amp#27;[32mUser click on Export Report button&amp#27;[0m                                              &amp#27;[90m# stepdefinitions.StoreOperator.ReportsDefinition.user_click_on_export_report_button()&amp#27;[0m
  &amp#27;[32mAnd &amp#27;[0m&amp#27;[32mUser click on Export PDF button&amp#27;[0m                                                 &amp#27;[90m# stepdefinitions.StoreOperator.ReportsDefinition.user_click_on_export_pdf_button()&amp#27;[0m
  &amp#27;[32mAnd &amp#27;[0m&amp#27;[32mUser wait for &amp#27;[0m&amp#27;[32m&amp#27;[1m"10"&amp#27;[0m&amp#27;[32m seconds&amp#27;[0m                                                      &amp#27;[90m# stepdefinitions.CommonDefinitions.user_wait_for_seconds(java.lang.String)&amp#27;[0m
  &amp#27;[32mAnd &amp#27;[0m&amp#27;[32mUser press escape button on keyboard&amp#27;[0m                                            &amp#27;[90m# stepdefinitions.CommonDefinitions.user_press_button_on_keyboard()&amp#27;[0m
  &amp#27;[32mAnd &amp#27;[0m&amp#27;[32mUser wait for &amp#27;[0m&amp#27;[32m&amp#27;[1m"2"&amp#27;[0m&amp#27;[32m seconds&amp#27;[0m                                                       &amp#27;[90m# stepdefinitions.CommonDefinitions.user_wait_for_seconds(java.lang.String)&amp#27;[0m
  &amp#27;[32mThen &amp#27;[0m&amp#27;[32mUser validate UI and &amp#27;[0m&amp#27;[32m&amp#27;[1m"PDF"&amp#27;[0m&amp#27;[32m data for &amp#27;[0m&amp#27;[32m&amp#27;[1m"Stock Management Summary"&amp#27;[0m&amp#27;[32m with Sub Store&amp#27;[0m  &amp#27;[90m# stepdefinitions.StoreOperator.ReportsDefinition.user_validate_ui_and_data_with_sub_store(java.lang.String,java.lang.String)&amp#27;[0m
  &amp#27;[32mGiven &amp#27;[0m&amp#27;[32mUser click on &amp#27;[0m&amp#27;[32m&amp#27;[1m"Stock Status"&amp#27;[0m&amp#27;[32m tab&amp#27;[0m                                              &amp#27;[90m# stepdefinitions.CommonDefinitions.user_click_on_tab(java.lang.String)&amp#27;[0m
  &amp#27;[32mAnd &amp#27;[0m&amp#27;[32mUser select &amp#27;[0m&amp#27;[32m&amp#27;[1m"Level2"&amp#27;[0m&amp#27;[32m from &amp#27;[0m&amp#27;[32m&amp#27;[1m"Level"&amp#27;[0m&amp#27;[32m in &amp#27;[0m&amp#27;[32m&amp#27;[1m"Reports"&amp#27;[0m&amp#27;[32m tab&amp#27;[0m                              &amp#27;[90m# stepdefinitions.CommonDefinitions.user_select_from_in_tab(java.lang.String,java.lang.String,java.lang.String)&amp#27;[0m
  &amp#27;[32mAnd &amp#27;[0m&amp#27;[32mUser select &amp#27;[0m&amp#27;[32m&amp#27;[1m"UAE L2"&amp#27;[0m&amp#27;[32m from &amp#27;[0m&amp#27;[32m&amp#27;[1m"Store"&amp#27;[0m&amp#27;[32m in &amp#27;[0m&amp#27;[32m&amp#27;[1m"Reports"&amp#27;[0m&amp#27;[32m tab&amp#27;[0m                              &amp#27;[90m# stepdefinitions.CommonDefinitions.user_select_from_in_tab(java.lang.String,java.lang.String,java.lang.String)&amp#27;[0m
  &amp#27;[32mThen &amp#27;[0m&amp#27;[32mUser click on includeSubStore checkbox&amp#27;[0m                                         &amp#27;[90m# stepdefinitions.StoreOperator.ReportsDefinition.user_click_on_includeSubStore_checkbox()&amp#27;[0m
  &amp#27;[32mAnd &amp#27;[0m&amp#27;[32mUser type and select &amp#27;[0m&amp#27;[32m&amp#27;[1m"Vaccine Routine"&amp#27;[0m&amp#27;[32m from &amp#27;[0m&amp#27;[32m&amp#27;[1m"Product Category"&amp#27;[0m&amp#27;[32m in &amp#27;[0m&amp#27;[32m&amp#27;[1m"Reports"&amp#27;[0m&amp#27;[32m tab&amp#27;[0m &amp#27;[90m# stepdefinitions.CommonDefinitions.user_type_and_select_from(java.lang.String,java.lang.String,java.lang.String)&amp#27;[0m
  &amp#27;[32mAnd &amp#27;[0m&amp#27;[32mUser click on &amp#27;[0m&amp#27;[32m&amp#27;[1m"Generate Report"&amp#27;[0m&amp#27;[32m button&amp#27;[0m                                          &amp#27;[90m# stepdefinitions.CommonDefinitions.user_click_on_button(java.lang.String)&amp#27;[0m
  &amp#27;[32mAnd &amp#27;[0m&amp#27;[32mUser wait for &amp#27;[0m&amp#27;[32m&amp#27;[1m"3"&amp#27;[0m&amp#27;[32m seconds&amp#27;[0m                                                       &amp#27;[90m# stepdefinitions.CommonDefinitions.user_wait_for_seconds(java.lang.String)&amp#27;[0m
  &amp#27;[32mAnd &amp#27;[0m&amp#27;[32mUser click on Export Report button&amp#27;[0m                                              &amp#27;[90m# stepdefinitions.StoreOperator.ReportsDefinition.user_click_on_export_report_button()&amp#27;[0m
  &amp#27;[32mAnd &amp#27;[0m&amp#27;[32mUser click on Export PDF button&amp#27;[0m                                                 &amp#27;[90m# stepdefinitions.StoreOperator.ReportsDefinition.user_click_on_export_pdf_button()&amp#27;[0m
  &amp#27;[32mAnd &amp#27;[0m&amp#27;[32mUser wait for &amp#27;[0m&amp#27;[32m&amp#27;[1m"10"&amp#27;[0m&amp#27;[32m seconds&amp#27;[0m                                                      &amp#27;[90m# stepdefinitions.CommonDefinitions.user_wait_for_seconds(java.lang.String)&amp#27;[0m
  &amp#27;[32mAnd &amp#27;[0m&amp#27;[32mUser press escape button on keyboard&amp#27;[0m                                            &amp#27;[90m# stepdefinitions.CommonDefinitions.user_press_button_on_keyboard()&amp#27;[0m
  &amp#27;[32mAnd &amp#27;[0m&amp#27;[32mUser wait for &amp#27;[0m&amp#27;[32m&amp#27;[1m"2"&amp#27;[0m&amp#27;[32m seconds&amp#27;[0m                                                       &amp#27;[90m# stepdefinitions.CommonDefinitions.user_wait_for_seconds(java.lang.String)&amp#27;[0m
  &amp#27;[32mThen &amp#27;[0m&amp#27;[32mUser validate UI and &amp#27;[0m&amp#27;[32m&amp#27;[1m"PDF"&amp#27;[0m&amp#27;[32m data for &amp#27;[0m&amp#27;[32m&amp#27;[1m"Stock Status"&amp#27;[0m&amp#27;[32m with Sub Store&amp#27;[0m              &amp#27;[90m# stepdefinitions.StoreOperator.ReportsDefinition.user_validate_ui_and_data_with_sub_store(java.lang.String,java.lang.String)&amp#27;[0m
  &amp#27;[32mGiven &amp#27;[0m&amp#27;[32mUser click on &amp#27;[0m&amp#27;[32m&amp#27;[1m"Storage Status"&amp#27;[0m&amp#27;[32m tab&amp#27;[0m                                            &amp#27;[90m# stepdefinitions.CommonDefinitions.user_click_on_tab(java.lang.String)&amp#27;[0m
  &amp#27;[32mAnd &amp#27;[0m&amp#27;[32mUser select &amp#27;[0m&amp#27;[32m&amp#27;[1m"Level2"&amp#27;[0m&amp#27;[32m from &amp#27;[0m&amp#27;[32m&amp#27;[1m"Level"&amp#27;[0m&amp#27;[32m in &amp#27;[0m&amp#27;[32m&amp#27;[1m"Reports"&amp#27;[0m&amp#27;[32m tab&amp#27;[0m                              &amp#27;[90m# stepdefinitions.CommonDefinitions.user_select_from_in_tab(java.lang.String,java.lang.String,java.lang.String)&amp#27;[0m
  &amp#27;[32mAnd &amp#27;[0m&amp#27;[32mUser select &amp#27;[0m&amp#27;[32m&amp#27;[1m"UAE L2"&amp#27;[0m&amp#27;[32m from &amp#27;[0m&amp#27;[32m&amp#27;[1m"Store"&amp#27;[0m&amp#27;[32m in &amp#27;[0m&amp#27;[32m&amp#27;[1m"Reports"&amp#27;[0m&amp#27;[32m tab&amp#27;[0m                              &amp#27;[90m# stepdefinitions.CommonDefinitions.user_select_from_in_tab(java.lang.String,java.lang.String,java.lang.String)&amp#27;[0m
  &amp#27;[32mThen &amp#27;[0m&amp#27;[32mUser click on includeSubStore checkbox&amp#27;[0m                                         &amp#27;[90m# stepdefinitions.StoreOperator.ReportsDefinition.user_click_on_includeSubStore_checkbox()&amp#27;[0m
  &amp#27;[32mAnd &amp#27;[0m&amp#27;[32mUser type and select &amp#27;[0m&amp#27;[32m&amp#27;[1m"+5C Capacity"&amp#27;[0m&amp#27;[32m from &amp#27;[0m&amp#27;[32m&amp#27;[1m"Storage Temperature"&amp#27;[0m&amp#27;[32m in &amp#27;[0m&amp#27;[32m&amp#27;[1m"Reports"&amp#27;[0m&amp#27;[32m tab&amp#27;[0m &amp#27;[90m# stepdefinitions.CommonDefinitions.user_type_and_select_from(java.lang.String,java.lang.String,java.lang.String)&amp#27;[0m
  &amp#27;[32mAnd &amp#27;[0m&amp#27;[32mUser click on &amp#27;[0m&amp#27;[32m&amp#27;[1m"Generate Report"&amp#27;[0m&amp#27;[32m button&amp#27;[0m                                          &amp#27;[90m# stepdefinitions.CommonDefinitions.user_click_on_button(java.lang.String)&amp#27;[0m
  &amp#27;[32mAnd &amp#27;[0m&amp#27;[32mUser wait for &amp#27;[0m&amp#27;[32m&amp#27;[1m"3"&amp#27;[0m&amp#27;[32m seconds&amp#27;[0m                                                       &amp#27;[90m# stepdefinitions.CommonDefinitions.user_wait_for_seconds(java.lang.String)&amp#27;[0m
  &amp#27;[32mGiven &amp#27;[0m&amp#27;[32mUser click on &amp#27;[0m&amp#27;[32m&amp#27;[1m"iSC Performance"&amp#27;[0m&amp#27;[32m tab&amp#27;[0m                                           &amp#27;[90m# stepdefinitions.CommonDefinitions.user_click_on_tab(java.lang.String)&amp#27;[0m
  &amp#27;[32mAnd &amp#27;[0m&amp#27;[32mUser select &amp#27;[0m&amp#27;[32m&amp#27;[1m"Level2"&amp#27;[0m&amp#27;[32m from &amp#27;[0m&amp#27;[32m&amp#27;[1m"Level"&amp#27;[0m&amp#27;[32m in &amp#27;[0m&amp#27;[32m&amp#27;[1m"Reports"&amp#27;[0m&amp#27;[32m tab&amp#27;[0m                              &amp#27;[90m# stepdefinitions.CommonDefinitions.user_select_from_in_tab(java.lang.String,java.lang.String,java.lang.String)&amp#27;[0m
  &amp#27;[32mAnd &amp#27;[0m&amp#27;[32mUser select &amp#27;[0m&amp#27;[32m&amp#27;[1m"UAE L2"&amp#27;[0m&amp#27;[32m from &amp#27;[0m&amp#27;[32m&amp#27;[1m"Store"&amp#27;[0m&amp#27;[32m in &amp#27;[0m&amp#27;[32m&amp#27;[1m"Reports"&amp#27;[0m&amp#27;[32m tab&amp#27;[0m                              &amp#27;[90m# stepdefinitions.CommonDefinitions.user_select_from_in_tab(java.lang.String,java.lang.String,java.lang.String)&amp#27;[0m
  &amp#27;[32mThen &amp#27;[0m&amp#27;[32mUser click on includeSubStore checkbox&amp#27;[0m                                         &amp#27;[90m# stepdefinitions.StoreOperator.ReportsDefinition.user_click_on_includeSubStore_checkbox()&amp#27;[0m
  &amp#27;[32mWhen &amp#27;[0m&amp#27;[32mUser enter &amp#27;[0m&amp#27;[32m&amp#27;[1m"08-2022"&amp#27;[0m&amp#27;[32m in &amp#27;[0m&amp#27;[32m&amp#27;[1m"startDate"&amp#27;[0m                                            &amp#27;[90m# stepdefinitions.CommonDefinitions.user_enter_in(java.lang.String,java.lang.String)&amp#27;[0m
  &amp#27;[32mAnd &amp#27;[0m&amp#27;[32mUser click on &amp#27;[0m&amp#27;[32m&amp#27;[1m"Generate Report"&amp#27;[0m&amp#27;[32m button&amp#27;[0m                                          &amp#27;[90m# stepdefinitions.CommonDefinitions.user_click_on_button(java.lang.String)&amp#27;[0m
  &amp#27;[32mAnd &amp#27;[0m&amp#27;[32mUser wait for &amp#27;[0m&amp#27;[32m&amp#27;[1m"5"&amp#27;[0m&amp#27;[32m seconds&amp#27;[0m                                                       &amp#27;[90m# stepdefinitions.CommonDefinitions.user_wait_for_seconds(java.lang.String)&amp#27;[0m
  &amp#27;[32mAnd &amp#27;[0m&amp#27;[32mUser click on &amp#27;[0m&amp#27;[32m&amp#27;[1m"Stocked According to Plan"&amp#27;[0m&amp#27;[32m button&amp#27;[0m                                &amp#27;[90m# stepdefinitions.CommonDefinitions.user_click_on_button(java.lang.String)&amp#27;[0m
  &amp#27;[32mAnd &amp#27;[0m&amp#27;[32mUser click on Export Report button&amp#27;[0m                                              &amp#27;[90m# stepdefinitions.StoreOperator.ReportsDefinition.user_click_on_export_report_button()&amp#27;[0m
  &amp#27;[32mAnd &amp#27;[0m&amp#27;[32mUser click on Export PDF button&amp#27;[0m                                                 &amp#27;[90m# stepdefinitions.StoreOperator.ReportsDefinition.user_click_on_export_pdf_button()&amp#27;[0m
  &amp#27;[32mAnd &amp#27;[0m&amp#27;[32mUser press escape button on keyboard&amp#27;[0m                                            &amp#27;[90m# stepdefinitions.CommonDefinitions.user_press_button_on_keyboard()&amp#27;[0m
  &amp#27;[32mAnd &amp#27;[0m&amp#27;[32mUser wait for &amp#27;[0m&amp#27;[32m&amp#27;[1m"10"&amp#27;[0m&amp#27;[32m seconds&amp#27;[0m                                                      &amp#27;[90m# stepdefinitions.CommonDefinitions.user_wait_for_seconds(java.lang.String)&amp#27;[0m
  &amp#27;[31mThen &amp#27;[0m&amp#27;[31mUser validate UI and &amp#27;[0m&amp#27;[31m&amp#27;[1m"PDF"&amp#27;[0m&amp#27;[31m data for &amp#27;[0m&amp#27;[31m&amp#27;[1m"iSC Performance"&amp#27;[0m&amp#27;[31m with Sub Store&amp#27;[0m           &amp#27;[90m# stepdefinitions.StoreOperator.ReportsDefinition.user_validate_ui_and_data_with_sub_store(java.lang.String,java.lang.String)&amp#27;[0m
      &amp#27;[31mjava.lang.AssertionError
	at org.junit.Assert.fail(Assert.java:87)
	at org.junit.Assert.assertTrue(Assert.java:42)
	at org.junit.Assert.assertTrue(Assert.java:53)
	at pages.StoreOperator.ReportsPage.validateUIAndPDFDataWithSubStore(ReportsPage.java:338)
	at pages.StoreOperator.ReportsPage$ByteBuddy$GOb1jfHH.validateUIAndPDFDataWithSubStore$accessor$CHrd45dJ(Unknown Source)
	at sun.reflect.NativeMethodAccessorImpl.invoke0(Native Method)
	at sun.reflect.NativeMethodAccessorImpl.invoke(NativeMethodAccessorImpl.java:62)
	at sun.reflect.DelegatingMethodAccessorImpl.invoke(DelegatingMethodAccessorImpl.java:43)
	at java.lang.reflect.Method.invoke(Method.java:498)
	at net.thucydides.core.steps.StepInterceptor.invokeMethod(StepInterceptor.java:503)
	at net.thucydides.core.steps.StepInterceptor.executeTestStepMethod(StepInterceptor.java:483)
	at net.thucydides.core.steps.StepInterceptor.runTestStep(StepInterceptor.java:457)
	at net.thucydides.core.steps.StepInterceptor.runOrSkipMethod(StepInterceptor.java:209)
	at net.thucydides.core.steps.StepInterceptor.testStepResult(StepInterceptor.java:196)
	at net.thucydides.core.steps.StepInterceptor.intercept(StepInterceptor.java:84)
	at net.thucydides.core.steps.ProxyConfiguration$InterceptorDispatcher.intercept(ProxyConfiguration.java:51)
	at pages.StoreOperator.ReportsPage$ByteBuddy$GOb1jfHH.validateUIAndPDFDataWithSubStore(Unknown Source)
	at stepdefinitions.StoreOperator.ReportsDefinition.user_validate_ui_and_data_with_sub_store(ReportsDefinition.java:60)
	at ✽.User validate UI and "PDF" data for "iSC Performance" with Sub Store(file:///C:/Users/Sandeepkumar.Phalke/eclipse-workspace/UNICEF_SerenityBDD_Automation_Framework/src/test/resources/features/StoreOperator/Reports.feature:353)
&amp#27;[0m
  &amp#27;[36mGiven &amp#27;[0m&amp#27;[36mUser click on &amp#27;[0m&amp#27;[36m&amp#27;[1m"Supply Adequacy"&amp#27;[0m&amp#27;[36m tab&amp#27;[0m                                           &amp#27;[90m# stepdefinitions.CommonDefinitions.user_click_on_tab(java.lang.String)&amp#27;[0m
  &amp#27;[36mAnd &amp#27;[0m&amp#27;[36mUser select &amp#27;[0m&amp#27;[36m&amp#27;[1m"Level2"&amp#27;[0m&amp#27;[36m from &amp#27;[0m&amp#27;[36m&amp#27;[1m"Level"&amp#27;[0m&amp#27;[36m in &amp#27;[0m&amp#27;[36m&amp#27;[1m"Reports"&amp#27;[0m&amp#27;[36m tab&amp#27;[0m                              &amp#27;[90m# stepdefinitions.CommonDefinitions.user_select_from_in_tab(java.lang.String,java.lang.String,java.lang.String)&amp#27;[0m
  &amp#27;[36mAnd &amp#27;[0m&amp#27;[36mUser select &amp#27;[0m&amp#27;[36m&amp#27;[1m"UAE L2"&amp#27;[0m&amp#27;[36m from &amp#27;[0m&amp#27;[36m&amp#27;[1m"Store"&amp#27;[0m&amp#27;[36m in &amp#27;[0m&amp#27;[36m&amp#27;[1m"Reports"&amp#27;[0m&amp#27;[36m tab&amp#27;[0m                              &amp#27;[90m# stepdefinitions.CommonDefinitions.user_select_from_in_tab(java.lang.String,java.lang.String,java.lang.String)&amp#27;[0m
  &amp#27;[36mThen &amp#27;[0m&amp#27;[36mUser click on includeSubStore checkbox&amp#27;[0m                                         &amp#27;[90m# stepdefinitions.StoreOperator.ReportsDefinition.user_click_on_includeSubStore_checkbox()&amp#27;[0m
  &amp#27;[36mAnd &amp#27;[0m&amp#27;[36mUser select &amp#27;[0m&amp#27;[36m&amp#27;[1m"Vaccine Routine"&amp#27;[0m&amp#27;[36m from &amp#27;[0m&amp#27;[36m&amp#27;[1m"Product Category"&amp#27;[0m&amp#27;[36m in &amp#27;[0m&amp#27;[36m&amp#27;[1m"Reports"&amp#27;[0m&amp#27;[36m tab&amp#27;[0m          &amp#27;[90m# stepdefinitions.CommonDefinitions.user_select_from_in_tab(java.lang.String,java.lang.String,java.lang.String)&amp#27;[0m
  &amp#27;[36mAnd &amp#27;[0m&amp#27;[36mUser click on &amp#27;[0m&amp#27;[36m&amp#27;[1m"Generate Report"&amp#27;[0m&amp#27;[36m button&amp#27;[0m                                          &amp#27;[90m# stepdefinitions.CommonDefinitions.user_click_on_button(java.lang.String)&amp#27;[0m
  &amp#27;[36mAnd &amp#27;[0m&amp#27;[36mUser wait for &amp#27;[0m&amp#27;[36m&amp#27;[1m"10"&amp#27;[0m&amp#27;[36m seconds&amp#27;[0m                                                      &amp#27;[90m# stepdefinitions.CommonDefinitions.user_wait_for_seconds(java.lang.String)&amp#27;[0m
  &amp#27;[36mAnd &amp#27;[0m&amp#27;[36mUser click on Export Report button&amp#27;[0m                                              &amp#27;[90m# stepdefinitions.StoreOperator.ReportsDefinition.user_click_on_export_report_button()&amp#27;[0m
  &amp#27;[36mAnd &amp#27;[0m&amp#27;[36mUser click on Export PDF button&amp#27;[0m                                                 &amp#27;[90m# stepdefinitions.StoreOperator.ReportsDefinition.user_click_on_export_pdf_button()&amp#27;[0m
  &amp#27;[36mAnd &amp#27;[0m&amp#27;[36mUser wait for &amp#27;[0m&amp#27;[36m&amp#27;[1m"10"&amp#27;[0m&amp#27;[36m seconds&amp#27;[0m                                                      &amp#27;[90m# stepdefinitions.CommonDefinitions.user_wait_for_seconds(java.lang.String)&amp#27;[0m
  &amp#27;[36mAnd &amp#27;[0m&amp#27;[36mUser press escape button on keyboard&amp#27;[0m                                            &amp#27;[90m# stepdefinitions.CommonDefinitions.user_press_button_on_keyboard()&amp#27;[0m
  &amp#27;[36mAnd &amp#27;[0m&amp#27;[36mUser wait for &amp#27;[0m&amp#27;[36m&amp#27;[1m"2"&amp#27;[0m&amp#27;[36m seconds&amp#27;[0m                                                       &amp#27;[90m# stepdefinitions.CommonDefinitions.user_wait_for_seconds(java.lang.String)&amp#27;[0m
  &amp#27;[36mThen &amp#27;[0m&amp#27;[36mUser validate UI and &amp#27;[0m&amp#27;[36m&amp#27;[1m"PDF"&amp#27;[0m&amp#27;[36m data for &amp#27;[0m&amp#27;[36m&amp#27;[1m"Supply Adequacy"&amp#27;[0m&amp#27;[36m with Sub Store&amp#27;[0m           &amp#27;[90m# stepdefinitions.StoreOperator.ReportsDefinition.user_validate_ui_and_data_with_sub_store(java.lang.String,java.lang.String)&amp#27;[0m
  &amp#27;[36mGiven &amp#27;[0m&amp#27;[36mUser click on &amp#27;[0m&amp#27;[36m&amp#27;[1m"Cold Chain Equipment"&amp#27;[0m&amp#27;[36m tab&amp#27;[0m                                      &amp#27;[90m# stepdefinitions.CommonDefinitions.user_click_on_tab(java.lang.String)&amp#27;[0m
  &amp#27;[36mAnd &amp#27;[0m&amp#27;[36mUser select &amp#27;[0m&amp#27;[36m&amp#27;[1m"Level2"&amp#27;[0m&amp#27;[36m from &amp#27;[0m&amp#27;[36m&amp#27;[1m"Level"&amp#27;[0m&amp#27;[36m in &amp#27;[0m&amp#27;[36m&amp#27;[1m"Reports"&amp#27;[0m&amp#27;[36m tab&amp#27;[0m                              &amp#27;[90m# stepdefinitions.CommonDefinitions.user_select_from_in_tab(java.lang.String,java.lang.String,java.lang.String)&amp#27;[0m
  &amp#27;[36mAnd &amp#27;[0m&amp#27;[36mUser select &amp#27;[0m&amp#27;[36m&amp#27;[1m"UAE L2"&amp#27;[0m&amp#27;[36m from &amp#27;[0m&amp#27;[36m&amp#27;[1m"Store"&amp#27;[0m&amp#27;[36m in &amp#27;[0m&amp#27;[36m&amp#27;[1m"Reports"&amp#27;[0m&amp#27;[36m tab&amp#27;[0m                              &amp#27;[90m# stepdefinitions.CommonDefinitions.user_select_from_in_tab(java.lang.String,java.lang.String,java.lang.String)&amp#27;[0m
  &amp#27;[36mThen &amp#27;[0m&amp#27;[36mUser click on includeSubStore checkbox&amp#27;[0m                                         &amp#27;[90m# stepdefinitions.StoreOperator.ReportsDefinition.user_click_on_includeSubStore_checkbox()&amp#27;[0m
  &amp#27;[36mAnd &amp#27;[0m&amp#27;[36mUser click on &amp#27;[0m&amp#27;[36m&amp#27;[1m"Generate Report"&amp#27;[0m&amp#27;[36m button&amp#27;[0m                                          &amp#27;[90m# stepdefinitions.CommonDefinitions.user_click_on_button(java.lang.String)&amp#27;[0m
  &amp#27;[36mAnd &amp#27;[0m&amp#27;[36mUser wait for &amp#27;[0m&amp#27;[36m&amp#27;[1m"3"&amp#27;[0m&amp#27;[36m seconds&amp#27;[0m                                                       &amp#27;[90m# stepdefinitions.CommonDefinitions.user_wait_for_seconds(java.lang.String)&amp#27;[0m
  &amp#27;[36mAnd &amp#27;[0m&amp#27;[36mUser click on Export Report button&amp#27;[0m                                              &amp#27;[90m# stepdefinitions.StoreOperator.ReportsDefinition.user_click_on_export_report_button()&amp#27;[0m
  &amp#27;[36mAnd &amp#27;[0m&amp#27;[36mUser click on Export PDF button&amp#27;[0m                                                 &amp#27;[90m# stepdefinitions.StoreOperator.ReportsDefinition.user_click_on_export_pdf_button()&amp#27;[0m
  &amp#27;[36mAnd &amp#27;[0m&amp#27;[36mUser wait for &amp#27;[0m&amp#27;[36m&amp#27;[1m"10"&amp#27;[0m&amp#27;[36m seconds&amp#27;[0m                                                      &amp#27;[90m# stepdefinitions.CommonDefinitions.user_wait_for_seconds(java.lang.String)&amp#27;[0m
  &amp#27;[36mAnd &amp#27;[0m&amp#27;[36mUser press escape button on keyboard&amp#27;[0m                                            &amp#27;[90m# stepdefinitions.CommonDefinitions.user_press_button_on_keyboard()&amp#27;[0m
  &amp#27;[36mAnd &amp#27;[0m&amp#27;[36mUser wait for &amp#27;[0m&amp#27;[36m&amp#27;[1m"2"&amp#27;[0m&amp#27;[36m seconds&amp#27;[0m                                                       &amp#27;[90m# stepdefinitions.CommonDefinitions.user_wait_for_seconds(java.lang.String)&amp#27;[0m
  &amp#27;[36mThen &amp#27;[0m&amp#27;[36mUser validate UI and &amp#27;[0m&amp#27;[36m&amp#27;[1m"PDF"&amp#27;[0m&amp#27;[36m data for &amp#27;[0m&amp#27;[36m&amp#27;[1m"Cold Chain Equipment"&amp#27;[0m&amp#27;[36m with Sub Store&amp#27;[0m      &amp#27;[90m# stepdefinitions.StoreOperator.ReportsDefinition.user_validate_ui_and_data_with_sub_store(java.lang.String,java.lang.String)&amp#27;[0m
10:48:40.693 [main] ERROR  - 
  _____   ___   ___   _____     ___     _     ___   _      ___   ___  
 |_   _| | __| / __| |_   _|   | __|   /_\   |_ _| | |    | __| |   \ 
   | |   | _|  \__ \   | |     | _|   / _ \   | |  | |__  | _|  | |) |
   |_|   |___| |___/   |_|     |_|   /_/ \_\ |___| |____| |___| |___/ 

Verify user is able to download all pdf report including sub store
-----------------------------------------------------------------------
10:48:40.693 [main] ERROR  -     Test failed at step: Validate UI and PDF data with sub store: iSC Performance
10:48:40.693 [main] ERROR  -     
]]></system-out>
      <system-err><![CDATA[Starting ChromeDriver 109.0.5414.74 (e7c5703604daa9cc128ccf5a5d3e993513758913-refs/branch-heads/5414@{#1172}) on port 19765
Only local connections are allowed.
Please see https://chromedriver.chromium.org/security-considerations for suggestions on keeping ChromeDriver safe.
ChromeDriver was started successfully.
Jan 31, 2023 10:46:41 AM org.openqa.selenium.devtools.CdpVersionFinder findNearestMatch
WARNING: Unable to find an exact match for CDP version 109, so returning the closest version found: 107
]]></system-err>
    </flakyFailure>
  </testcase>
  <testcase name="Verify user is able to download all pdf report including sub store for iSC Performance tab" classname="Reports tab in SMT application for Store Operator user" time="125.941">
    <flakyFailure type="java.lang.AssertionError">
      <stackTrace><![CDATA[java.lang.AssertionError
]]></stackTrace>
      <system-out><![CDATA[
Scenario Outline: Verify user is able to download all pdf report including sub store for iSC Performance tab &amp#27;[90m# src/test/resources/features/StoreOperator/Reports.feature:461&amp#27;[0m
10:48:40.747 [main] INFO  i.c.core.plugin.SerenityReporter - Running feature from file:///C:/Users/Sandeepkumar.Phalke/eclipse-workspace/UNICEF_SerenityBDD_Automation_Framework/src/test/resources/features/StoreOperator/Reports.feature
10:48:40.748 [main] INFO   - 
  _____   ___   ___   _____     ___   _____     _     ___   _____   ___   ___  
 |_   _| | __| / __| |_   _|   / __| |_   _|   /_\   | _ \ |_   _| | __| |   \ 
   | |   | _|  \__ \   | |     \__ \   | |    / _ \  |   /   | |   | _|  | |) |
   |_|   |___| |___/   |_|     |___/   |_|   /_/ \_\ |_|_\   |_|   |___| |___/ 

Verify user is able to download all pdf report including sub store for iSC Performance tab(reports-tab-in-smt-application-for-store-operator-user;verify-user-is-able-to-download-all-pdf-report-including-sub-store-for-isc-performance-tab)
--------------------------------------------------------------------------------
10:48:40.989 [main] INFO  n.s.c.w.d.ChromeDriverProvider - Starting Chrome driver instance with capabilities:
10:48:40.990 [main] INFO  n.s.c.w.d.ChromeDriverProvider - Capabilities {acceptInsecureCerts: false, browserName: chrome, goog:chromeOptions: {args: [test-type, no-sandbox, ignore-certificate-errors, --window-size=1000,800, incognito, disable-infobars, disable-gpu, disable-default-apps, disable-popup-blocking], extensions: []}}
  &amp#27;[32mGiven &amp#27;[0m&amp#27;[32mUser is on home page of SMT application&amp#27;[0m                                                              &amp#27;[90m# stepdefinitions.CommonDefinitions.user_is_on_home_page_of_smt_application()&amp#27;[0m
  &amp#27;[32mAnd &amp#27;[0m&amp#27;[32mUser is able to see login button on home page&amp#27;[0m                                                          &amp#27;[90m# stepdefinitions.HomeDefinitions.user_is_able_to_see_login_button_on_home_page()&amp#27;[0m
  &amp#27;[32mWhen &amp#27;[0m&amp#27;[32mUser click on login button&amp#27;[0m                                                                            &amp#27;[90m# stepdefinitions.HomeDefinitions.user_click_on_login_button()&amp#27;[0m
  &amp#27;[32mAnd &amp#27;[0m&amp#27;[32mUser click on Proceed To Login button in &amp#27;[0m&amp#27;[32m&amp#27;[1m"English"&amp#27;[0m                                                     &amp#27;[90m# stepdefinitions.HomeDefinitions.user_click_on_proceed_to_login_button_in(java.lang.String)&amp#27;[0m
  &amp#27;[32mThen &amp#27;[0m&amp#27;[32mUser login as &amp#27;[0m&amp#27;[32m&amp#27;[1m"Store Operator"&amp#27;[0m                                                                        &amp#27;[90m# stepdefinitions.CommonDefinitions.user_login_as(java.lang.String)&amp#27;[0m
  &amp#27;[32mAnd &amp#27;[0m&amp#27;[32mUser click on &amp#27;[0m&amp#27;[32m&amp#27;[1m"Apply"&amp#27;[0m&amp#27;[32m button&amp#27;[0m                                                                           &amp#27;[90m# stepdefinitions.CommonDefinitions.user_click_on_button(java.lang.String)&amp#27;[0m
  &amp#27;[32mAnd &amp#27;[0m&amp#27;[32mUser click on &amp#27;[0m&amp#27;[32m&amp#27;[1m"Reports"&amp#27;[0m&amp#27;[32m tab&amp#27;[0m                                                                            &amp#27;[90m# stepdefinitions.CommonDefinitions.user_click_on_tab(java.lang.String)&amp#27;[0m
  &amp#27;[32mAnd &amp#27;[0m&amp#27;[32mUser wait for &amp#27;[0m&amp#27;[32m&amp#27;[1m"20"&amp#27;[0m&amp#27;[32m seconds&amp#27;[0m                                                                             &amp#27;[90m# stepdefinitions.CommonDefinitions.user_wait_for_seconds(java.lang.String)&amp#27;[0m
  &amp#27;[32mGiven &amp#27;[0m&amp#27;[32mUser click on &amp#27;[0m&amp#27;[32m&amp#27;[1m"iSC Performance"&amp#27;[0m&amp#27;[32m tab&amp#27;[0m                                                                  &amp#27;[90m# stepdefinitions.CommonDefinitions.user_click_on_tab(java.lang.String)&amp#27;[0m
  &amp#27;[32mAnd &amp#27;[0m&amp#27;[32mUser select &amp#27;[0m&amp#27;[32m&amp#27;[1m"Level2"&amp#27;[0m&amp#27;[32m from &amp#27;[0m&amp#27;[32m&amp#27;[1m"Level"&amp#27;[0m&amp#27;[32m in &amp#27;[0m&amp#27;[32m&amp#27;[1m"Reports"&amp#27;[0m&amp#27;[32m tab&amp#27;[0m                                                     &amp#27;[90m# stepdefinitions.CommonDefinitions.user_select_from_in_tab(java.lang.String,java.lang.String,java.lang.String)&amp#27;[0m
  &amp#27;[32mAnd &amp#27;[0m&amp#27;[32mUser select &amp#27;[0m&amp#27;[32m&amp#27;[1m"UAE L2"&amp#27;[0m&amp#27;[32m from &amp#27;[0m&amp#27;[32m&amp#27;[1m"Store"&amp#27;[0m&amp#27;[32m in &amp#27;[0m&amp#27;[32m&amp#27;[1m"Reports"&amp#27;[0m&amp#27;[32m tab&amp#27;[0m                                                     &amp#27;[90m# stepdefinitions.CommonDefinitions.user_select_from_in_tab(java.lang.String,java.lang.String,java.lang.String)&amp#27;[0m
  &amp#27;[32mThen &amp#27;[0m&amp#27;[32mUser click on includeSubStore checkbox&amp#27;[0m                                                                &amp#27;[90m# stepdefinitions.StoreOperator.ReportsDefinition.user_click_on_includeSubStore_checkbox()&amp#27;[0m
  &amp#27;[32mWhen &amp#27;[0m&amp#27;[32mUser enter &amp#27;[0m&amp#27;[32m&amp#27;[1m"08-2022"&amp#27;[0m&amp#27;[32m in &amp#27;[0m&amp#27;[32m&amp#27;[1m"startDate"&amp#27;[0m                                                                   &amp#27;[90m# stepdefinitions.CommonDefinitions.user_enter_in(java.lang.String,java.lang.String)&amp#27;[0m
  &amp#27;[32mAnd &amp#27;[0m&amp#27;[32mUser click on &amp#27;[0m&amp#27;[32m&amp#27;[1m"Generate Report"&amp#27;[0m&amp#27;[32m button&amp#27;[0m                                                                 &amp#27;[90m# stepdefinitions.CommonDefinitions.user_click_on_button(java.lang.String)&amp#27;[0m
  &amp#27;[32mAnd &amp#27;[0m&amp#27;[32mUser wait for &amp#27;[0m&amp#27;[32m&amp#27;[1m"3"&amp#27;[0m&amp#27;[32m seconds&amp#27;[0m                                                                              &amp#27;[90m# stepdefinitions.CommonDefinitions.user_wait_for_seconds(java.lang.String)&amp#27;[0m
  &amp#27;[32mAnd &amp#27;[0m&amp#27;[32mUser click on &amp#27;[0m&amp#27;[32m&amp#27;[1m"Temperature"&amp#27;[0m&amp#27;[32m button&amp#27;[0m                                                                     &amp#27;[90m# stepdefinitions.CommonDefinitions.user_click_on_button(java.lang.String)&amp#27;[0m
  &amp#27;[32mAnd &amp#27;[0m&amp#27;[32mUser wait for &amp#27;[0m&amp#27;[32m&amp#27;[1m"5"&amp#27;[0m&amp#27;[32m seconds&amp#27;[0m                                                                              &amp#27;[90m# stepdefinitions.CommonDefinitions.user_wait_for_seconds(java.lang.String)&amp#27;[0m
  &amp#27;[32mAnd &amp#27;[0m&amp#27;[32mUser click on Export Report button&amp#27;[0m                                                                     &amp#27;[90m# stepdefinitions.StoreOperator.ReportsDefinition.user_click_on_export_report_button()&amp#27;[0m
  &amp#27;[32mAnd &amp#27;[0m&amp#27;[32mUser click on Export PDF button&amp#27;[0m                                                                        &amp#27;[90m# stepdefinitions.StoreOperator.ReportsDefinition.user_click_on_export_pdf_button()&amp#27;[0m
  &amp#27;[32mAnd &amp#27;[0m&amp#27;[32mUser press escape button on keyboard&amp#27;[0m                                                                   &amp#27;[90m# stepdefinitions.CommonDefinitions.user_press_button_on_keyboard()&amp#27;[0m
  &amp#27;[32mAnd &amp#27;[0m&amp#27;[32mUser wait for &amp#27;[0m&amp#27;[32m&amp#27;[1m"10"&amp#27;[0m&amp#27;[32m seconds&amp#27;[0m                                                                             &amp#27;[90m# stepdefinitions.CommonDefinitions.user_wait_for_seconds(java.lang.String)&amp#27;[0m
  &amp#27;[32mThen &amp#27;[0m&amp#27;[32mUser validate UI and &amp#27;[0m&amp#27;[32m&amp#27;[1m"PDF"&amp#27;[0m&amp#27;[32m data for &amp#27;[0m&amp#27;[32m&amp#27;[1m"iSC Performance"&amp#27;[0m&amp#27;[32m with &amp#27;[0m&amp#27;[32m&amp#27;[1m"Temperature"&amp#27;[0m                              &amp#27;[90m# stepdefinitions.StoreOperator.ReportsDefinition.user_validate_ui_and_data(java.lang.String,java.lang.String,java.lang.String)&amp#27;[0m
  &amp#27;[32mAnd &amp#27;[0m&amp#27;[32mUser click on &amp#27;[0m&amp#27;[32m&amp#27;[1m"Temperature"&amp#27;[0m&amp#27;[32m button&amp#27;[0m                                                                     &amp#27;[90m# stepdefinitions.CommonDefinitions.user_click_on_button(java.lang.String)&amp#27;[0m
  &amp#27;[32mAnd &amp#27;[0m&amp#27;[32mUser click on &amp#27;[0m&amp#27;[32m&amp#27;[1m"CCE Functionality"&amp#27;[0m&amp#27;[32m button&amp#27;[0m                                                               &amp#27;[90m# stepdefinitions.CommonDefinitions.user_click_on_button(java.lang.String)&amp#27;[0m
  &amp#27;[32mAnd &amp#27;[0m&amp#27;[32mUser wait for &amp#27;[0m&amp#27;[32m&amp#27;[1m"5"&amp#27;[0m&amp#27;[32m seconds&amp#27;[0m                                                                              &amp#27;[90m# stepdefinitions.CommonDefinitions.user_wait_for_seconds(java.lang.String)&amp#27;[0m
  &amp#27;[32mAnd &amp#27;[0m&amp#27;[32mUser click on Export Report button&amp#27;[0m                                                                     &amp#27;[90m# stepdefinitions.StoreOperator.ReportsDefinition.user_click_on_export_report_button()&amp#27;[0m
  &amp#27;[32mAnd &amp#27;[0m&amp#27;[32mUser click on Export PDF button&amp#27;[0m                                                                        &amp#27;[90m# stepdefinitions.StoreOperator.ReportsDefinition.user_click_on_export_pdf_button()&amp#27;[0m
  &amp#27;[32mAnd &amp#27;[0m&amp#27;[32mUser press escape button on keyboard&amp#27;[0m                                                                   &amp#27;[90m# stepdefinitions.CommonDefinitions.user_press_button_on_keyboard()&amp#27;[0m
  &amp#27;[32mAnd &amp#27;[0m&amp#27;[32mUser wait for &amp#27;[0m&amp#27;[32m&amp#27;[1m"10"&amp#27;[0m&amp#27;[32m seconds&amp#27;[0m                                                                             &amp#27;[90m# stepdefinitions.CommonDefinitions.user_wait_for_seconds(java.lang.String)&amp#27;[0m
  &amp#27;[32mThen &amp#27;[0m&amp#27;[32mUser validate UI and &amp#27;[0m&amp#27;[32m&amp#27;[1m"PDF"&amp#27;[0m&amp#27;[32m data for &amp#27;[0m&amp#27;[32m&amp#27;[1m"iSC Performance"&amp#27;[0m&amp#27;[32m with &amp#27;[0m&amp#27;[32m&amp#27;[1m"CCE Functionality"&amp#27;[0m                        &amp#27;[90m# stepdefinitions.StoreOperator.ReportsDefinition.user_validate_ui_and_data(java.lang.String,java.lang.String,java.lang.String)&amp#27;[0m
  &amp#27;[32mAnd &amp#27;[0m&amp#27;[32mUser click on &amp#27;[0m&amp#27;[32m&amp#27;[1m"CCE Functionality"&amp#27;[0m&amp#27;[32m button&amp#27;[0m                                                               &amp#27;[90m# stepdefinitions.CommonDefinitions.user_click_on_button(java.lang.String)&amp#27;[0m
  &amp#27;[32mAnd &amp#27;[0m&amp#27;[32mUser click on &amp#27;[0m&amp#27;[32m&amp#27;[1m"Wastage"&amp#27;[0m&amp#27;[32m button&amp#27;[0m                                                                         &amp#27;[90m# stepdefinitions.CommonDefinitions.user_click_on_button(java.lang.String)&amp#27;[0m
  &amp#27;[32mAnd &amp#27;[0m&amp#27;[32mUser wait for &amp#27;[0m&amp#27;[32m&amp#27;[1m"5"&amp#27;[0m&amp#27;[32m seconds&amp#27;[0m                                                                              &amp#27;[90m# stepdefinitions.CommonDefinitions.user_wait_for_seconds(java.lang.String)&amp#27;[0m
  &amp#27;[32mAnd &amp#27;[0m&amp#27;[32mUser click on Export Report button&amp#27;[0m                                                                     &amp#27;[90m# stepdefinitions.StoreOperator.ReportsDefinition.user_click_on_export_report_button()&amp#27;[0m
  &amp#27;[32mAnd &amp#27;[0m&amp#27;[32mUser click on Export PDF button&amp#27;[0m                                                                        &amp#27;[90m# stepdefinitions.StoreOperator.ReportsDefinition.user_click_on_export_pdf_button()&amp#27;[0m
  &amp#27;[32mAnd &amp#27;[0m&amp#27;[32mUser press escape button on keyboard&amp#27;[0m                                                                   &amp#27;[90m# stepdefinitions.CommonDefinitions.user_press_button_on_keyboard()&amp#27;[0m
  &amp#27;[32mAnd &amp#27;[0m&amp#27;[32mUser wait for &amp#27;[0m&amp#27;[32m&amp#27;[1m"10"&amp#27;[0m&amp#27;[32m seconds&amp#27;[0m                                                                             &amp#27;[90m# stepdefinitions.CommonDefinitions.user_wait_for_seconds(java.lang.String)&amp#27;[0m
  &amp#27;[32mThen &amp#27;[0m&amp#27;[32mUser validate UI and &amp#27;[0m&amp#27;[32m&amp#27;[1m"PDF"&amp#27;[0m&amp#27;[32m data for &amp#27;[0m&amp#27;[32m&amp#27;[1m"iSC Performance"&amp#27;[0m&amp#27;[32m with &amp#27;[0m&amp#27;[32m&amp#27;[1m"Wastage"&amp#27;[0m                                  &amp#27;[90m# stepdefinitions.StoreOperator.ReportsDefinition.user_validate_ui_and_data(java.lang.String,java.lang.String,java.lang.String)&amp#27;[0m
  &amp#27;[32mAnd &amp#27;[0m&amp#27;[32mUser click on &amp#27;[0m&amp#27;[32m&amp#27;[1m"Wastage"&amp#27;[0m&amp#27;[32m button&amp#27;[0m                                                                         &amp#27;[90m# stepdefinitions.CommonDefinitions.user_click_on_button(java.lang.String)&amp#27;[0m
  &amp#27;[32mAnd &amp#27;[0m&amp#27;[32mUser click on &amp#27;[0m&amp#27;[32m&amp#27;[1m"Full Stock Availibility"&amp#27;[0m&amp#27;[32m button&amp#27;[0m                                                         &amp#27;[90m# stepdefinitions.CommonDefinitions.user_click_on_button(java.lang.String)&amp#27;[0m
  &amp#27;[32mAnd &amp#27;[0m&amp#27;[32mUser wait for &amp#27;[0m&amp#27;[32m&amp#27;[1m"5"&amp#27;[0m&amp#27;[32m seconds&amp#27;[0m                                                                              &amp#27;[90m# stepdefinitions.CommonDefinitions.user_wait_for_seconds(java.lang.String)&amp#27;[0m
  &amp#27;[32mAnd &amp#27;[0m&amp#27;[32mUser click on Export Report button&amp#27;[0m                                                                     &amp#27;[90m# stepdefinitions.StoreOperator.ReportsDefinition.user_click_on_export_report_button()&amp#27;[0m
  &amp#27;[32mAnd &amp#27;[0m&amp#27;[32mUser click on Export PDF button&amp#27;[0m                                                                        &amp#27;[90m# stepdefinitions.StoreOperator.ReportsDefinition.user_click_on_export_pdf_button()&amp#27;[0m
  &amp#27;[32mAnd &amp#27;[0m&amp#27;[32mUser press escape button on keyboard&amp#27;[0m                                                                   &amp#27;[90m# stepdefinitions.CommonDefinitions.user_press_button_on_keyboard()&amp#27;[0m
  &amp#27;[32mAnd &amp#27;[0m&amp#27;[32mUser wait for &amp#27;[0m&amp#27;[32m&amp#27;[1m"10"&amp#27;[0m&amp#27;[32m seconds&amp#27;[0m                                                                             &amp#27;[90m# stepdefinitions.CommonDefinitions.user_wait_for_seconds(java.lang.String)&amp#27;[0m
  &amp#27;[31mThen &amp#27;[0m&amp#27;[31mUser validate UI and &amp#27;[0m&amp#27;[31m&amp#27;[1m"PDF"&amp#27;[0m&amp#27;[31m data for &amp#27;[0m&amp#27;[31m&amp#27;[1m"iSC Performance"&amp#27;[0m&amp#27;[31m with &amp#27;[0m&amp#27;[31m&amp#27;[1m"Full Stock Availability"&amp#27;[0m                  &amp#27;[90m# stepdefinitions.StoreOperator.ReportsDefinition.user_validate_ui_and_data(java.lang.String,java.lang.String,java.lang.String)&amp#27;[0m
      &amp#27;[31mjava.lang.AssertionError
	at org.junit.Assert.fail(Assert.java:87)
	at org.junit.Assert.assertTrue(Assert.java:42)
	at org.junit.Assert.assertTrue(Assert.java:53)
	at pages.StoreOperator.ReportsPage.validateUIAndPDFDataISCPerformance(ReportsPage.java:255)
	at pages.StoreOperator.ReportsPage$ByteBuddy$GOb1jfHH.validateUIAndPDFDataISCPerformance$accessor$CHrd45dJ(Unknown Source)
	at sun.reflect.NativeMethodAccessorImpl.invoke0(Native Method)
	at sun.reflect.NativeMethodAccessorImpl.invoke(NativeMethodAccessorImpl.java:62)
	at sun.reflect.DelegatingMethodAccessorImpl.invoke(DelegatingMethodAccessorImpl.java:43)
	at java.lang.reflect.Method.invoke(Method.java:498)
	at net.thucydides.core.steps.StepInterceptor.invokeMethod(StepInterceptor.java:503)
	at net.thucydides.core.steps.StepInterceptor.executeTestStepMethod(StepInterceptor.java:483)
	at net.thucydides.core.steps.StepInterceptor.runTestStep(StepInterceptor.java:457)
	at net.thucydides.core.steps.StepInterceptor.runOrSkipMethod(StepInterceptor.java:209)
	at net.thucydides.core.steps.StepInterceptor.testStepResult(StepInterceptor.java:196)
	at net.thucydides.core.steps.StepInterceptor.intercept(StepInterceptor.java:84)
	at net.thucydides.core.steps.ProxyConfiguration$InterceptorDispatcher.intercept(ProxyConfiguration.java:51)
	at pages.StoreOperator.ReportsPage$ByteBuddy$GOb1jfHH.validateUIAndPDFDataISCPerformance(Unknown Source)
	at stepdefinitions.StoreOperator.ReportsDefinition.user_validate_ui_and_data(ReportsDefinition.java:68)
	at ✽.User validate UI and "PDF" data for "iSC Performance" with "Full Stock Availability"(file:///C:/Users/Sandeepkumar.Phalke/eclipse-workspace/UNICEF_SerenityBDD_Automation_Framework/src/test/resources/features/StoreOperator/Reports.feature:429)
&amp#27;[0m
  &amp#27;[36mAnd &amp#27;[0m&amp#27;[36mUser click on &amp#27;[0m&amp#27;[36m&amp#27;[1m"Full Stock Availibility"&amp#27;[0m&amp#27;[36m button&amp#27;[0m                                                         &amp#27;[90m# stepdefinitions.CommonDefinitions.user_click_on_button(java.lang.String)&amp#27;[0m
  &amp#27;[36mAnd &amp#27;[0m&amp#27;[36mUser click on &amp#27;[0m&amp#27;[36m&amp#27;[1m"Stocked According to Plan"&amp#27;[0m&amp#27;[36m button&amp#27;[0m                                                       &amp#27;[90m# stepdefinitions.CommonDefinitions.user_click_on_button(java.lang.String)&amp#27;[0m
  &amp#27;[36mAnd &amp#27;[0m&amp#27;[36mUser wait for &amp#27;[0m&amp#27;[36m&amp#27;[1m"5"&amp#27;[0m&amp#27;[36m seconds&amp#27;[0m                                                                              &amp#27;[90m# stepdefinitions.CommonDefinitions.user_wait_for_seconds(java.lang.String)&amp#27;[0m
  &amp#27;[36mAnd &amp#27;[0m&amp#27;[36mUser click on Export Report button&amp#27;[0m                                                                     &amp#27;[90m# stepdefinitions.StoreOperator.ReportsDefinition.user_click_on_export_report_button()&amp#27;[0m
  &amp#27;[36mAnd &amp#27;[0m&amp#27;[36mUser click on Export PDF button&amp#27;[0m                                                                        &amp#27;[90m# stepdefinitions.StoreOperator.ReportsDefinition.user_click_on_export_pdf_button()&amp#27;[0m
  &amp#27;[36mAnd &amp#27;[0m&amp#27;[36mUser press escape button on keyboard&amp#27;[0m                                                                   &amp#27;[90m# stepdefinitions.CommonDefinitions.user_press_button_on_keyboard()&amp#27;[0m
  &amp#27;[36mAnd &amp#27;[0m&amp#27;[36mUser wait for &amp#27;[0m&amp#27;[36m&amp#27;[1m"10"&amp#27;[0m&amp#27;[36m seconds&amp#27;[0m                                                                             &amp#27;[90m# stepdefinitions.CommonDefinitions.user_wait_for_seconds(java.lang.String)&amp#27;[0m
  &amp#27;[36mThen &amp#27;[0m&amp#27;[36mUser validate UI and &amp#27;[0m&amp#27;[36m&amp#27;[1m"PDF"&amp#27;[0m&amp#27;[36m data for &amp#27;[0m&amp#27;[36m&amp#27;[1m"iSC Performance"&amp#27;[0m&amp#27;[36m with &amp#27;[0m&amp#27;[36m&amp#27;[1m"Stocked According to Plan"&amp#27;[0m                &amp#27;[90m# stepdefinitions.StoreOperator.ReportsDefinition.user_validate_ui_and_data(java.lang.String,java.lang.String,java.lang.String)&amp#27;[0m
  &amp#27;[36mAnd &amp#27;[0m&amp#27;[36mUser click on &amp#27;[0m&amp#27;[36m&amp#27;[1m"Stocked According to Plan"&amp#27;[0m&amp#27;[36m button&amp#27;[0m                                                       &amp#27;[90m# stepdefinitions.CommonDefinitions.user_click_on_button(java.lang.String)&amp#27;[0m
10:50:33.195 [main] ERROR  - 
  _____   ___   ___   _____     ___     _     ___   _      ___   ___  
 |_   _| | __| / __| |_   _|   | __|   /_\   |_ _| | |    | __| |   \ 
   | |   | _|  \__ \   | |     | _|   / _ \   | |  | |__  | _|  | |) |
   |_|   |___| |___/   |_|     |_|   /_/ \_\ |___| |____| |___| |___/ 

Verify user is able to download all pdf report including sub store for iSC Performance tab
-----------------------------------------------------------------------
10:50:33.195 [main] ERROR  -     Test failed at step: Validate UI and PDF data ISC performance: Full Stock Availability
10:50:33.195 [main] ERROR  -     
]]></system-out>
      <system-err><![CDATA[Starting ChromeDriver 109.0.5414.74 (e7c5703604daa9cc128ccf5a5d3e993513758913-refs/branch-heads/5414@{#1172}) on port 23850
Only local connections are allowed.
Please see https://chromedriver.chromium.org/security-considerations for suggestions on keeping ChromeDriver safe.
ChromeDriver was started successfully.
Jan 31, 2023 10:48:42 AM org.openqa.selenium.devtools.CdpVersionFinder findNearestMatch
WARNING: Unable to find an exact match for CDP version 109, so returning the closest version found: 107
]]></system-err>
    </flakyFailure>
  </testcase>
  <testcase name="Verify user is able to validate data is present for all the listed products" classname="Stock Overview tab in SMT application for Store Operator user" time="31.703">
    <flakyError type="net.thucydides.core.webdriver.exceptions.ElementShouldBeEnabledException">
      <stackTrace><![CDATA[net.thucydides.core.webdriver.exceptions.ElementShouldBeEnabledException: Expected enabled element was not enabled
Caused by: org.openqa.selenium.TimeoutException: Expected condition failed: waiting for By.xpath: //span[text()='Stock Overview'] to be clickable (tried for 5 second(s) with 100 milliseconds interval)
Caused by: org.openqa.selenium.NoSuchElementException: 
no such element: Unable to locate element: {"method":"xpath","selector":"//span[text()='Stock Overview']"}
  (Session info: chrome=109.0.5414.75)
For documentation on this error, please visit: https://selenium.dev/exceptions/#no_such_element
Build info: version: '4.6.0', revision: '79f1c02ae20'
System info: os.name: 'Windows 11', os.arch: 'amd64', os.version: '10.0', java.version: '1.8.0_341'
Driver info: org.openqa.selenium.chrome.ChromeDriver
Command: [9291547435c1abebfb9e10720347eea9, findElement {using=xpath, value=//span[text()='Stock Overview']}]
Capabilities {acceptInsecureCerts: false, browserName: chrome, browserVersion: 109.0.5414.75, chrome: {chromedriverVersion: 109.0.5414.74 (e7c5703604da..., userDataDir: C:\Users\SANDEE~1.PHA\AppDa...}, goog:chromeOptions: {debuggerAddress: localhost:54583}, networkConnectionEnabled: false, pageLoadStrategy: normal, platformName: WINDOWS, proxy: Proxy(), se:cdp: ws://localhost:54583/devtoo..., se:cdpVersion: 109.0.5414.75, setWindowRect: true, strictFileInteractability: false, timeouts: {implicit: 0, pageLoad: 300000, script: 30000}, unhandledPromptBehavior: dismiss and notify, webauthn:extension:credBlob: true, webauthn:extension:largeBlob: true, webauthn:virtualAuthenticators: true}
Session ID: 9291547435c1abebfb9e10720347eea9
]]></stackTrace>
      <system-out><![CDATA[10:50:33.195 [main] INFO  i.c.core.plugin.SerenityReporter - Running feature from file:///C:/Users/Sandeepkumar.Phalke/eclipse-workspace/UNICEF_SerenityBDD_Automation_Framework/src/test/resources/features/StoreOperator/StockOverview.feature
10:50:33.216 [main] INFO   - Test Suite Started: Stock Overview tab in SMT application for Store Operator user

Scenario: Verify user is able to validate data is present for all the listed products &amp#27;[90m# src/test/resources/features/StoreOperator/StockOverview.feature:14&amp#27;[0m
10:50:33.233 [main] INFO  i.c.core.plugin.SerenityReporter - Running feature from file:///C:/Users/Sandeepkumar.Phalke/eclipse-workspace/UNICEF_SerenityBDD_Automation_Framework/src/test/resources/features/StoreOperator/StockOverview.feature
10:50:33.235 [main] INFO   - 
  _____   ___   ___   _____     ___   _____     _     ___   _____   ___   ___  
 |_   _| | __| / __| |_   _|   / __| |_   _|   /_\   | _ \ |_   _| | __| |   \ 
   | |   | _|  \__ \   | |     \__ \   | |    / _ \  |   /   | |   | _|  | |) |
   |_|   |___| |___/   |_|     |___/   |_|   /_/ \_\ |_|_\   |_|   |___| |___/ 

Verify user is able to validate data is present for all the listed products(stock-overview-tab-in-smt-application-for-store-operator-user;verify-user-is-able-to-validate-data-is-present-for-all-the-listed-products)
--------------------------------------------------------------------------------
10:50:33.487 [main] INFO  n.s.c.w.d.ChromeDriverProvider - Starting Chrome driver instance with capabilities:
10:50:33.488 [main] INFO  n.s.c.w.d.ChromeDriverProvider - Capabilities {acceptInsecureCerts: false, browserName: chrome, goog:chromeOptions: {args: [test-type, no-sandbox, ignore-certificate-errors, --window-size=1000,800, incognito, disable-infobars, disable-gpu, disable-default-apps, disable-popup-blocking], extensions: []}}
  &amp#27;[32mGiven &amp#27;[0m&amp#27;[32mUser is on home page of SMT application&amp#27;[0m                                       &amp#27;[90m# stepdefinitions.CommonDefinitions.user_is_on_home_page_of_smt_application()&amp#27;[0m
  &amp#27;[32mAnd &amp#27;[0m&amp#27;[32mUser is able to see login button on home page&amp#27;[0m                                   &amp#27;[90m# stepdefinitions.HomeDefinitions.user_is_able_to_see_login_button_on_home_page()&amp#27;[0m
  &amp#27;[32mWhen &amp#27;[0m&amp#27;[32mUser click on login button&amp#27;[0m                                                     &amp#27;[90m# stepdefinitions.HomeDefinitions.user_click_on_login_button()&amp#27;[0m
  &amp#27;[32mAnd &amp#27;[0m&amp#27;[32mUser click on Proceed To Login button in &amp#27;[0m&amp#27;[32m&amp#27;[1m"English"&amp#27;[0m                              &amp#27;[90m# stepdefinitions.HomeDefinitions.user_click_on_proceed_to_login_button_in(java.lang.String)&amp#27;[0m
  &amp#27;[32mThen &amp#27;[0m&amp#27;[32mUser login as &amp#27;[0m&amp#27;[32m&amp#27;[1m"Store Operator"&amp#27;[0m                                                 &amp#27;[90m# stepdefinitions.CommonDefinitions.user_login_as(java.lang.String)&amp#27;[0m
  &amp#27;[32mAnd &amp#27;[0m&amp#27;[32mUser click on &amp#27;[0m&amp#27;[32m&amp#27;[1m"Apply"&amp#27;[0m&amp#27;[32m button&amp#27;[0m                                                    &amp#27;[90m# stepdefinitions.CommonDefinitions.user_click_on_button(java.lang.String)&amp#27;[0m
  &amp#27;[31mAnd &amp#27;[0m&amp#27;[31mUser click on &amp#27;[0m&amp#27;[31m&amp#27;[1m"Stock Overview"&amp#27;[0m&amp#27;[31m tab&amp#27;[0m                                              &amp#27;[90m# stepdefinitions.CommonDefinitions.user_click_on_tab(java.lang.String)&amp#27;[0m
      &amp#27;[31mnet.thucydides.core.webdriver.exceptions.ElementShouldBeEnabledException: Expected enabled element was not enabled
	at net.serenitybdd.core.pages.WebElementFacadeImpl.waitUntilClickable(WebElementFacadeImpl.java:1134)
	at pages.CommonPage.clickOnTab(CommonPage.java:64)
	at pages.CommonPage$ByteBuddy$rPYsx20O.clickOnTab$accessor$wulDi93G(Unknown Source)
	at sun.reflect.GeneratedMethodAccessor106.invoke(Unknown Source)
	at sun.reflect.DelegatingMethodAccessorImpl.invoke(DelegatingMethodAccessorImpl.java:43)
	at java.lang.reflect.Method.invoke(Method.java:498)
	at net.thucydides.core.steps.StepInterceptor.invokeMethod(StepInterceptor.java:503)
	at net.thucydides.core.steps.StepInterceptor.executeTestStepMethod(StepInterceptor.java:483)
	at net.thucydides.core.steps.StepInterceptor.runTestStep(StepInterceptor.java:457)
	at net.thucydides.core.steps.StepInterceptor.runOrSkipMethod(StepInterceptor.java:209)
	at net.thucydides.core.steps.StepInterceptor.testStepResult(StepInterceptor.java:196)
	at net.thucydides.core.steps.StepInterceptor.intercept(StepInterceptor.java:84)
	at net.thucydides.core.steps.ProxyConfiguration$InterceptorDispatcher.intercept(ProxyConfiguration.java:51)
	at pages.CommonPage$ByteBuddy$rPYsx20O.clickOnTab(Unknown Source)
	at stepdefinitions.CommonDefinitions.user_click_on_tab(CommonDefinitions.java:58)
	at ✽.User click on "Stock Overview" tab(file:///C:/Users/Sandeepkumar.Phalke/eclipse-workspace/UNICEF_SerenityBDD_Automation_Framework/src/test/resources/features/StoreOperator/StockOverview.feature:11)
Caused by: org.openqa.selenium.TimeoutException: Expected condition failed: waiting for By.xpath: //span[text()='Stock Overview'] to be clickable (tried for 5 second(s) with 100 milliseconds interval)
	at org.openqa.selenium.support.ui.FluentWait.timeoutException(FluentWait.java:263)
	at org.openqa.selenium.support.ui.FluentWait.until(FluentWait.java:231)
	at net.serenitybdd.core.pages.WebElementFacadeImpl.waitUntilClickable(WebElementFacadeImpl.java:1131)
	at pages.CommonPage.clickOnTab(CommonPage.java:64)
	at pages.CommonPage$ByteBuddy$rPYsx20O.clickOnTab$accessor$wulDi93G(Unknown Source)
	at sun.reflect.GeneratedMethodAccessor106.invoke(Unknown Source)
	at sun.reflect.DelegatingMethodAccessorImpl.invoke(DelegatingMethodAccessorImpl.java:43)
	at java.lang.reflect.Method.invoke(Method.java:498)
	at net.thucydides.core.steps.StepInterceptor.invokeMethod(StepInterceptor.java:503)
	at net.thucydides.core.steps.StepInterceptor.executeTestStepMethod(StepInterceptor.java:483)
	at net.thucydides.core.steps.StepInterceptor.runTestStep(StepInterceptor.java:457)
	at net.thucydides.core.steps.StepInterceptor.runOrSkipMethod(StepInterceptor.java:209)
	at net.thucydides.core.steps.StepInterceptor.testStepResult(StepInterceptor.java:196)
	at net.thucydides.core.steps.StepInterceptor.intercept(StepInterceptor.java:84)
	at net.thucydides.core.steps.ProxyConfiguration$InterceptorDispatcher.intercept(ProxyConfiguration.java:51)
	at pages.CommonPage$ByteBuddy$rPYsx20O.clickOnTab(Unknown Source)
	at stepdefinitions.CommonDefinitions.user_click_on_tab(CommonDefinitions.java:58)
	at sun.reflect.GeneratedMethodAccessor105.invoke(Unknown Source)
	at sun.reflect.DelegatingMethodAccessorImpl.invoke(DelegatingMethodAccessorImpl.java:43)
	at java.lang.reflect.Method.invoke(Method.java:498)
	at io.cucumber.java.Invoker.doInvoke(Invoker.java:66)
	at io.cucumber.java.Invoker.invoke(Invoker.java:24)
	at io.cucumber.java.AbstractGlueDefinition.invokeMethod(AbstractGlueDefinition.java:47)
	at io.cucumber.java.JavaStepDefinition.execute(JavaStepDefinition.java:29)
	at io.cucumber.core.runner.CoreStepDefinition.execute(CoreStepDefinition.java:66)
	at io.cucumber.core.runner.PickleStepDefinitionMatch.runStep(PickleStepDefinitionMatch.java:63)
	at io.cucumber.core.runner.ExecutionMode$1.execute(ExecutionMode.java:10)
	at io.cucumber.core.runner.TestStep.executeStep(TestStep.java:85)
	at io.cucumber.core.runner.TestStep.run(TestStep.java:57)
	at io.cucumber.core.runner.PickleStepTestStep.run(PickleStepTestStep.java:51)
	at io.cucumber.core.runner.TestCase.run(TestCase.java:84)
	at io.cucumber.core.runner.Runner.runPickle(Runner.java:75)
	at io.cucumber.junit.PickleRunners$NoStepDescriptions.lambda$run$0(PickleRunners.java:151)
	at io.cucumber.core.runtime.CucumberExecutionContext.lambda$runTestCase$5(CucumberExecutionContext.java:129)
	at io.cucumber.core.runtime.RethrowingThrowableCollector.executeAndThrow(RethrowingThrowableCollector.java:23)
	at io.cucumber.core.runtime.CucumberExecutionContext.runTestCase(CucumberExecutionContext.java:129)
	at io.cucumber.junit.PickleRunners$NoStepDescriptions.run(PickleRunners.java:148)
	at io.cucumber.junit.FeatureRunner.runChild(FeatureRunner.java:144)
	at io.cucumber.junit.FeatureRunner.runChild(FeatureRunner.java:28)
	at org.junit.runners.ParentRunner$4.run(ParentRunner.java:331)
	at org.junit.runners.ParentRunner$1.schedule(ParentRunner.java:79)
	at org.junit.runners.ParentRunner.runChildren(ParentRunner.java:329)
	at org.junit.runners.ParentRunner.access$100(ParentRunner.java:66)
	at org.junit.runners.ParentRunner$2.evaluate(ParentRunner.java:293)
	at org.junit.runners.ParentRunner$3.evaluate(ParentRunner.java:306)
	at org.junit.runners.ParentRunner.run(ParentRunner.java:413)
	at io.cucumber.junit.FeatureRunner.run(FeatureRunner.java:137)
	at io.cucumber.junit.CucumberSerenityRunner.runChild(CucumberSerenityRunner.java:259)
	at io.cucumber.junit.CucumberSerenityRunner.runChild(CucumberSerenityRunner.java:59)
	at org.junit.runners.ParentRunner$4.run(ParentRunner.java:331)
	at org.junit.runners.ParentRunner$1.schedule(ParentRunner.java:79)
	at org.junit.runners.ParentRunner.runChildren(ParentRunner.java:329)
	at org.junit.runners.ParentRunner.access$100(ParentRunner.java:66)
	at org.junit.runners.ParentRunner$2.evaluate(ParentRunner.java:293)
	at io.cucumber.junit.CucumberSerenityRunner$RunCucumber.evaluate(CucumberSerenityRunner.java:288)
	at org.junit.runners.ParentRunner$3.evaluate(ParentRunner.java:306)
	at org.junit.runners.ParentRunner.run(ParentRunner.java:413)
	at org.junit.runner.JUnitCore.run(JUnitCore.java:137)
	at org.junit.runner.JUnitCore.run(JUnitCore.java:115)
	at org.junit.vintage.engine.execution.RunnerExecutor.execute(RunnerExecutor.java:42)
	at org.junit.vintage.engine.VintageTestEngine.executeAllChildren(VintageTestEngine.java:80)
	at org.junit.vintage.engine.VintageTestEngine.execute(VintageTestEngine.java:72)
	at org.junit.platform.launcher.core.EngineExecutionOrchestrator.execute(EngineExecutionOrchestrator.java:107)
	at org.junit.platform.launcher.core.EngineExecutionOrchestrator.execute(EngineExecutionOrchestrator.java:88)
	at org.junit.platform.launcher.core.EngineExecutionOrchestrator.lambda$execute$0(EngineExecutionOrchestrator.java:54)
	at org.junit.platform.launcher.core.EngineExecutionOrchestrator.withInterceptedStreams(EngineExecutionOrchestrator.java:67)
	at org.junit.platform.launcher.core.EngineExecutionOrchestrator.execute(EngineExecutionOrchestrator.java:52)
	at org.junit.platform.launcher.core.DefaultLauncher.execute(DefaultLauncher.java:114)
	at org.junit.platform.launcher.core.DefaultLauncher.execute(DefaultLauncher.java:86)
	at org.junit.platform.launcher.core.DefaultLauncherSession$DelegatingLauncher.execute(DefaultLauncherSession.java:86)
	at org.junit.platform.launcher.core.SessionPerRequestLauncher.execute(SessionPerRequestLauncher.java:53)
	at org.apache.maven.surefire.junitplatform.JUnitPlatformProvider.execute(JUnitPlatformProvider.java:188)
	at org.apache.maven.surefire.junitplatform.JUnitPlatformProvider.invokeAllTests(JUnitPlatformProvider.java:154)
	at org.apache.maven.surefire.junitplatform.JUnitPlatformProvider.invoke(JUnitPlatformProvider.java:128)
	at org.apache.maven.surefire.booter.ForkedBooter.runSuitesInProcess(ForkedBooter.java:428)
	at org.apache.maven.surefire.booter.ForkedBooter.execute(ForkedBooter.java:162)
	at org.apache.maven.surefire.booter.ForkedBooter.run(ForkedBooter.java:562)
	at org.apache.maven.surefire.booter.ForkedBooter.main(ForkedBooter.java:548)
Caused by: org.openqa.selenium.NoSuchElementException: no such element: Unable to locate element: {"method":"xpath","selector":"//span[text()='Stock Overview']"}
  (Session info: chrome=109.0.5414.75)
For documentation on this error, please visit: https://selenium.dev/exceptions/#no_such_element
Build info: version: '4.6.0', revision: '79f1c02ae20'
System info: os.name: 'Windows 11', os.arch: 'amd64', os.version: '10.0', java.version: '1.8.0_341'
Driver info: org.openqa.selenium.chrome.ChromeDriver
Command: [9291547435c1abebfb9e10720347eea9, findElement {using=xpath, value=//span[text()='Stock Overview']}]
Capabilities {acceptInsecureCerts: false, browserName: chrome, browserVersion: 109.0.5414.75, chrome: {chromedriverVersion: 109.0.5414.74 (e7c5703604da..., userDataDir: C:\Users\SANDEE~1.PHA\AppDa...}, goog:chromeOptions: {debuggerAddress: localhost:54583}, networkConnectionEnabled: false, pageLoadStrategy: normal, platformName: WINDOWS, proxy: Proxy(), se:cdp: ws://localhost:54583/devtoo..., se:cdpVersion: 109.0.5414.75, setWindowRect: true, strictFileInteractability: false, timeouts: {implicit: 0, pageLoad: 300000, script: 30000}, unhandledPromptBehavior: dismiss and notify, webauthn:extension:credBlob: true, webauthn:extension:largeBlob: true, webauthn:virtualAuthenticators: true}
Session ID: 9291547435c1abebfb9e10720347eea9
	at sun.reflect.GeneratedConstructorAccessor29.newInstance(Unknown Source)
	at sun.reflect.DelegatingConstructorAccessorImpl.newInstance(DelegatingConstructorAccessorImpl.java:45)
	at java.lang.reflect.Constructor.newInstance(Constructor.java:423)
	at org.openqa.selenium.remote.codec.w3c.W3CHttpResponseCodec.createException(W3CHttpResponseCodec.java:200)
	at org.openqa.selenium.remote.codec.w3c.W3CHttpResponseCodec.decode(W3CHttpResponseCodec.java:133)
	at org.openqa.selenium.remote.codec.w3c.W3CHttpResponseCodec.decode(W3CHttpResponseCodec.java:53)
	at org.openqa.selenium.remote.HttpCommandExecutor.execute(HttpCommandExecutor.java:184)
	at org.openqa.selenium.remote.service.DriverCommandExecutor.invokeExecute(DriverCommandExecutor.java:167)
	at org.openqa.selenium.remote.service.DriverCommandExecutor.execute(DriverCommandExecutor.java:142)
	at org.openqa.selenium.remote.RemoteWebDriver.execute(RemoteWebDriver.java:541)
	at org.openqa.selenium.remote.ElementLocation$ElementFinder$2.findElement(ElementLocation.java:162)
	at org.openqa.selenium.remote.ElementLocation.findElement(ElementLocation.java:60)
	at org.openqa.selenium.remote.RemoteWebDriver.findElement(RemoteWebDriver.java:365)
	at org.openqa.selenium.remote.RemoteWebDriver.findElement(RemoteWebDriver.java:357)
	at net.thucydides.core.webdriver.WebDriverFacade.findElement(WebDriverFacade.java:246)
	at net.serenitybdd.core.pages.WebElementResolverByLocator.resolveForDriver(WebElementResolverByLocator.java:25)
	at net.serenitybdd.core.pages.WebElementFacadeImpl.getResolvedElement(WebElementFacadeImpl.java:189)
	at net.serenitybdd.core.pages.WebElementFacadeImpl.getElement(WebElementFacadeImpl.java:184)
	at net.serenitybdd.core.pages.WebElementExpectations$5.apply(WebElementExpectations.java:106)
	at net.serenitybdd.core.pages.WebElementExpectations$5.apply(WebElementExpectations.java:98)
	at org.openqa.selenium.support.ui.FluentWait.until(FluentWait.java:208)
	... 76 more
&amp#27;[0m
  &amp#27;[36mAnd &amp#27;[0m&amp#27;[36mUser wait for &amp#27;[0m&amp#27;[36m&amp#27;[1m"5"&amp#27;[0m&amp#27;[36m seconds&amp#27;[0m                                                       &amp#27;[90m# stepdefinitions.CommonDefinitions.user_wait_for_seconds(java.lang.String)&amp#27;[0m
  &amp#27;[36mGiven &amp#27;[0m&amp#27;[36mUser is on stock overview page&amp#27;[0m                                                &amp#27;[90m# stepdefinitions.StoreOperator.StockOverviewDefinition.user_is_on_stock_overiew_page()&amp#27;[0m
  &amp#27;[36mThen &amp#27;[0m&amp#27;[36mUser validates the detail present against each product&amp#27;[0m                         &amp#27;[90m# stepdefinitions.StoreOperator.StockOverviewDefinition.user_validates_the_detail_present_against_each_product()&amp#27;[0m
10:52:32.195 [main] ERROR  - 
  _____   ___   ___   _____     ___     _     ___   _      ___   ___  
 |_   _| | __| / __| |_   _|   | __|   /_\   |_ _| | |    | __| |   \ 
   | |   | _|  \__ \   | |     | _|   / _ \   | |  | |__  | _|  | |) |
   |_|   |___| |___/   |_|     |_|   /_/ \_\ |___| |____| |___| |___/ 

Verify user is able to validate data is present for all the listed products
-----------------------------------------------------------------------
10:52:32.204 [main] ERROR  -     Test failed at step: Click on tab: Stock Overview
10:52:32.204 [main] ERROR  -     Expected enabled element was not enabled
]]></system-out>
      <system-err><![CDATA[Starting ChromeDriver 109.0.5414.74 (e7c5703604daa9cc128ccf5a5d3e993513758913-refs/branch-heads/5414@{#1172}) on port 27569
Only local connections are allowed.
Please see https://chromedriver.chromium.org/security-considerations for suggestions on keeping ChromeDriver safe.
ChromeDriver was started successfully.
Jan 31, 2023 10:50:34 AM org.openqa.selenium.devtools.CdpVersionFinder findNearestMatch
WARNING: Unable to find an exact match for CDP version 109, so returning the closest version found: 107
]]></system-err>
    </flakyError>
  </testcase>
  <testcase name="Verify user is able to add storage data" classname="Store Data tab in SMT application for Store Operator user" time="28.845"/>
  <testcase name="Verify user is able to update storage data" classname="Store Data tab in SMT application for Store Operator user" time="35.661"/>
  <testcase name="Verify user is able to delete storage data" classname="Store Data tab in SMT application for Store Operator user" time="68.55"/>
  <testcase name="Verify user is able to add details of temperature, alarms and save" classname="Temperature Logging tab in SMT application for Store Operator user" time="54.745"/>
  <testcase name="Verify user is able to update details of temperature, alarms and save" classname="Temperature Logging tab in SMT application for Store Operator user" time="56.937"/>
  <testcase name="Verify user is able to cancel details of temperature, alarms" classname="Temperature Logging tab in SMT application for Store Operator user" time="57.824">
    <error type="net.thucydides.core.webdriver.exceptions.ElementShouldBeEnabledException"><![CDATA[net.thucydides.core.webdriver.exceptions.ElementShouldBeEnabledException: Expected enabled element was not enabled
Caused by: org.openqa.selenium.TimeoutException: Expected condition failed: waiting for By.xpath: //span[text()='Temp Logging'] to be clickable (tried for 5 second(s) with 100 milliseconds interval)
Caused by: org.openqa.selenium.NoSuchElementException: 
no such element: Unable to locate element: {"method":"xpath","selector":"//span[text()='Temp Logging']"}
  (Session info: chrome=109.0.5414.75)
For documentation on this error, please visit: https://selenium.dev/exceptions/#no_such_element
Build info: version: '4.6.0', revision: '79f1c02ae20'
System info: os.name: 'Windows 11', os.arch: 'amd64', os.version: '10.0', java.version: '1.8.0_341'
Driver info: org.openqa.selenium.chrome.ChromeDriver
Command: [acde386a4a727fa635ccdb8757227119, findElement {using=xpath, value=//span[text()='Temp Logging']}]
Capabilities {acceptInsecureCerts: false, browserName: chrome, browserVersion: 109.0.5414.75, chrome: {chromedriverVersion: 109.0.5414.74 (e7c5703604da..., userDataDir: C:\Users\SANDEE~1.PHA\AppDa...}, goog:chromeOptions: {debuggerAddress: localhost:54831}, networkConnectionEnabled: false, pageLoadStrategy: normal, platformName: WINDOWS, proxy: Proxy(), se:cdp: ws://localhost:54831/devtoo..., se:cdpVersion: 109.0.5414.75, setWindowRect: true, strictFileInteractability: false, timeouts: {implicit: 0, pageLoad: 300000, script: 30000}, unhandledPromptBehavior: dismiss and notify, webauthn:extension:credBlob: true, webauthn:extension:largeBlob: true, webauthn:virtualAuthenticators: true}
Session ID: acde386a4a727fa635ccdb8757227119
]]></error>
    <system-out><![CDATA[
Scenario: Verify user is able to cancel details of temperature, alarms &amp#27;[90m# src/test/resources/features/StoreOperator/TempLogging.feature:49&amp#27;[0m
10:56:37.697 [main] INFO  i.c.core.plugin.SerenityReporter - Running feature from file:///C:/Users/Sandeepkumar.Phalke/eclipse-workspace/UNICEF_SerenityBDD_Automation_Framework/src/test/resources/features/StoreOperator/TempLogging.feature
10:56:37.698 [main] INFO   - 
  _____   ___   ___   _____     ___   _____     _     ___   _____   ___   ___  
 |_   _| | __| / __| |_   _|   / __| |_   _|   /_\   | _ \ |_   _| | __| |   \ 
   | |   | _|  \__ \   | |     \__ \   | |    / _ \  |   /   | |   | _|  | |) |
   |_|   |___| |___/   |_|     |___/   |_|   /_/ \_\ |_|_\   |_|   |___| |___/ 

Verify user is able to cancel details of temperature, alarms(temperature-logging-tab-in-smt-application-for-store-operator-user;verify-user-is-able-to-cancel-details-of-temperature--alarms)
--------------------------------------------------------------------------------
10:56:37.958 [main] INFO  n.s.c.w.d.ChromeDriverProvider - Starting Chrome driver instance with capabilities:
10:56:37.958 [main] INFO  n.s.c.w.d.ChromeDriverProvider - Capabilities {acceptInsecureCerts: false, browserName: chrome, goog:chromeOptions: {args: [test-type, no-sandbox, ignore-certificate-errors, --window-size=1000,800, incognito, disable-infobars, disable-gpu, disable-default-apps, disable-popup-blocking], extensions: []}}
  &amp#27;[32mGiven &amp#27;[0m&amp#27;[32mUser is on home page of SMT application&amp#27;[0m                        &amp#27;[90m# stepdefinitions.CommonDefinitions.user_is_on_home_page_of_smt_application()&amp#27;[0m
  &amp#27;[32mAnd &amp#27;[0m&amp#27;[32mUser is able to see login button on home page&amp#27;[0m                    &amp#27;[90m# stepdefinitions.HomeDefinitions.user_is_able_to_see_login_button_on_home_page()&amp#27;[0m
  &amp#27;[32mWhen &amp#27;[0m&amp#27;[32mUser click on login button&amp#27;[0m                                      &amp#27;[90m# stepdefinitions.HomeDefinitions.user_click_on_login_button()&amp#27;[0m
  &amp#27;[32mAnd &amp#27;[0m&amp#27;[32mUser click on Proceed To Login button in &amp#27;[0m&amp#27;[32m&amp#27;[1m"English"&amp#27;[0m               &amp#27;[90m# stepdefinitions.HomeDefinitions.user_click_on_proceed_to_login_button_in(java.lang.String)&amp#27;[0m
  &amp#27;[32mThen &amp#27;[0m&amp#27;[32mUser login as &amp#27;[0m&amp#27;[32m&amp#27;[1m"Store Operator"&amp#27;[0m                                  &amp#27;[90m# stepdefinitions.CommonDefinitions.user_login_as(java.lang.String)&amp#27;[0m
  &amp#27;[32mAnd &amp#27;[0m&amp#27;[32mUser click on &amp#27;[0m&amp#27;[32m&amp#27;[1m"Apply"&amp#27;[0m&amp#27;[32m button&amp#27;[0m                                     &amp#27;[90m# stepdefinitions.CommonDefinitions.user_click_on_button(java.lang.String)&amp#27;[0m
  &amp#27;[32mAnd &amp#27;[0m&amp#27;[32mUser wait for &amp#27;[0m&amp#27;[32m&amp#27;[1m"5"&amp#27;[0m&amp#27;[32m seconds&amp#27;[0m                                        &amp#27;[90m# stepdefinitions.CommonDefinitions.user_wait_for_seconds(java.lang.String)&amp#27;[0m
  &amp#27;[31mGiven &amp#27;[0m&amp#27;[31mUser click on &amp#27;[0m&amp#27;[31m&amp#27;[1m"Temp Logging"&amp#27;[0m&amp#27;[31m tab&amp#27;[0m                               &amp#27;[90m# stepdefinitions.CommonDefinitions.user_click_on_tab(java.lang.String)&amp#27;[0m
      &amp#27;[31mnet.thucydides.core.webdriver.exceptions.ElementShouldBeEnabledException: Expected enabled element was not enabled
	at net.serenitybdd.core.pages.WebElementFacadeImpl.waitUntilClickable(WebElementFacadeImpl.java:1134)
	at pages.CommonPage.clickOnTab(CommonPage.java:64)
	at pages.CommonPage$ByteBuddy$rPYsx20O.clickOnTab$accessor$wulDi93G(Unknown Source)
	at sun.reflect.GeneratedMethodAccessor106.invoke(Unknown Source)
	at sun.reflect.DelegatingMethodAccessorImpl.invoke(DelegatingMethodAccessorImpl.java:43)
	at java.lang.reflect.Method.invoke(Method.java:498)
	at net.thucydides.core.steps.StepInterceptor.invokeMethod(StepInterceptor.java:503)
	at net.thucydides.core.steps.StepInterceptor.executeTestStepMethod(StepInterceptor.java:483)
	at net.thucydides.core.steps.StepInterceptor.runTestStep(StepInterceptor.java:457)
	at net.thucydides.core.steps.StepInterceptor.runOrSkipMethod(StepInterceptor.java:209)
	at net.thucydides.core.steps.StepInterceptor.testStepResult(StepInterceptor.java:196)
	at net.thucydides.core.steps.StepInterceptor.intercept(StepInterceptor.java:84)
	at net.thucydides.core.steps.ProxyConfiguration$InterceptorDispatcher.intercept(ProxyConfiguration.java:51)
	at pages.CommonPage$ByteBuddy$rPYsx20O.clickOnTab(Unknown Source)
	at stepdefinitions.CommonDefinitions.user_click_on_tab(CommonDefinitions.java:58)
	at ✽.User click on "Temp Logging" tab(file:///C:/Users/Sandeepkumar.Phalke/eclipse-workspace/UNICEF_SerenityBDD_Automation_Framework/src/test/resources/features/StoreOperator/TempLogging.feature:50)
Caused by: org.openqa.selenium.TimeoutException: Expected condition failed: waiting for By.xpath: //span[text()='Temp Logging'] to be clickable (tried for 5 second(s) with 100 milliseconds interval)
	at org.openqa.selenium.support.ui.FluentWait.timeoutException(FluentWait.java:263)
	at org.openqa.selenium.support.ui.FluentWait.until(FluentWait.java:231)
	at net.serenitybdd.core.pages.WebElementFacadeImpl.waitUntilClickable(WebElementFacadeImpl.java:1131)
	at pages.CommonPage.clickOnTab(CommonPage.java:64)
	at pages.CommonPage$ByteBuddy$rPYsx20O.clickOnTab$accessor$wulDi93G(Unknown Source)
	at sun.reflect.GeneratedMethodAccessor106.invoke(Unknown Source)
	at sun.reflect.DelegatingMethodAccessorImpl.invoke(DelegatingMethodAccessorImpl.java:43)
	at java.lang.reflect.Method.invoke(Method.java:498)
	at net.thucydides.core.steps.StepInterceptor.invokeMethod(StepInterceptor.java:503)
	at net.thucydides.core.steps.StepInterceptor.executeTestStepMethod(StepInterceptor.java:483)
	at net.thucydides.core.steps.StepInterceptor.runTestStep(StepInterceptor.java:457)
	at net.thucydides.core.steps.StepInterceptor.runOrSkipMethod(StepInterceptor.java:209)
	at net.thucydides.core.steps.StepInterceptor.testStepResult(StepInterceptor.java:196)
	at net.thucydides.core.steps.StepInterceptor.intercept(StepInterceptor.java:84)
	at net.thucydides.core.steps.ProxyConfiguration$InterceptorDispatcher.intercept(ProxyConfiguration.java:51)
	at pages.CommonPage$ByteBuddy$rPYsx20O.clickOnTab(Unknown Source)
	at stepdefinitions.CommonDefinitions.user_click_on_tab(CommonDefinitions.java:58)
	at sun.reflect.GeneratedMethodAccessor105.invoke(Unknown Source)
	at sun.reflect.DelegatingMethodAccessorImpl.invoke(DelegatingMethodAccessorImpl.java:43)
	at java.lang.reflect.Method.invoke(Method.java:498)
	at io.cucumber.java.Invoker.doInvoke(Invoker.java:66)
	at io.cucumber.java.Invoker.invoke(Invoker.java:24)
	at io.cucumber.java.AbstractGlueDefinition.invokeMethod(AbstractGlueDefinition.java:47)
	at io.cucumber.java.JavaStepDefinition.execute(JavaStepDefinition.java:29)
	at io.cucumber.core.runner.CoreStepDefinition.execute(CoreStepDefinition.java:66)
	at io.cucumber.core.runner.PickleStepDefinitionMatch.runStep(PickleStepDefinitionMatch.java:63)
	at io.cucumber.core.runner.ExecutionMode$1.execute(ExecutionMode.java:10)
	at io.cucumber.core.runner.TestStep.executeStep(TestStep.java:85)
	at io.cucumber.core.runner.TestStep.run(TestStep.java:57)
	at io.cucumber.core.runner.PickleStepTestStep.run(PickleStepTestStep.java:51)
	at io.cucumber.core.runner.TestCase.run(TestCase.java:84)
	at io.cucumber.core.runner.Runner.runPickle(Runner.java:75)
	at io.cucumber.junit.PickleRunners$NoStepDescriptions.lambda$run$0(PickleRunners.java:151)
	at io.cucumber.core.runtime.CucumberExecutionContext.lambda$runTestCase$5(CucumberExecutionContext.java:129)
	at io.cucumber.core.runtime.RethrowingThrowableCollector.executeAndThrow(RethrowingThrowableCollector.java:23)
	at io.cucumber.core.runtime.CucumberExecutionContext.runTestCase(CucumberExecutionContext.java:129)
	at io.cucumber.junit.PickleRunners$NoStepDescriptions.run(PickleRunners.java:148)
	at io.cucumber.junit.FeatureRunner.runChild(FeatureRunner.java:144)
	at io.cucumber.junit.FeatureRunner.runChild(FeatureRunner.java:28)
	at org.junit.runners.ParentRunner$4.run(ParentRunner.java:331)
	at org.junit.runners.ParentRunner$1.schedule(ParentRunner.java:79)
	at org.junit.runners.ParentRunner.runChildren(ParentRunner.java:329)
	at org.junit.runners.ParentRunner.access$100(ParentRunner.java:66)
	at org.junit.runners.ParentRunner$2.evaluate(ParentRunner.java:293)
	at org.junit.runners.ParentRunner$3.evaluate(ParentRunner.java:306)
	at org.junit.runners.ParentRunner.run(ParentRunner.java:413)
	at io.cucumber.junit.FeatureRunner.run(FeatureRunner.java:137)
	at io.cucumber.junit.CucumberSerenityRunner.runChild(CucumberSerenityRunner.java:259)
	at io.cucumber.junit.CucumberSerenityRunner.runChild(CucumberSerenityRunner.java:59)
	at org.junit.runners.ParentRunner$4.run(ParentRunner.java:331)
	at org.junit.runners.ParentRunner$1.schedule(ParentRunner.java:79)
	at org.junit.runners.ParentRunner.runChildren(ParentRunner.java:329)
	at org.junit.runners.ParentRunner.access$100(ParentRunner.java:66)
	at org.junit.runners.ParentRunner$2.evaluate(ParentRunner.java:293)
	at io.cucumber.junit.CucumberSerenityRunner$RunCucumber.evaluate(CucumberSerenityRunner.java:288)
	at org.junit.runners.ParentRunner$3.evaluate(ParentRunner.java:306)
	at org.junit.runners.ParentRunner.run(ParentRunner.java:413)
	at org.junit.runner.JUnitCore.run(JUnitCore.java:137)
	at org.junit.runner.JUnitCore.run(JUnitCore.java:115)
	at org.junit.vintage.engine.execution.RunnerExecutor.execute(RunnerExecutor.java:42)
	at org.junit.vintage.engine.VintageTestEngine.executeAllChildren(VintageTestEngine.java:80)
	at org.junit.vintage.engine.VintageTestEngine.execute(VintageTestEngine.java:72)
	at org.junit.platform.launcher.core.EngineExecutionOrchestrator.execute(EngineExecutionOrchestrator.java:107)
	at org.junit.platform.launcher.core.EngineExecutionOrchestrator.execute(EngineExecutionOrchestrator.java:88)
	at org.junit.platform.launcher.core.EngineExecutionOrchestrator.lambda$execute$0(EngineExecutionOrchestrator.java:54)
	at org.junit.platform.launcher.core.EngineExecutionOrchestrator.withInterceptedStreams(EngineExecutionOrchestrator.java:67)
	at org.junit.platform.launcher.core.EngineExecutionOrchestrator.execute(EngineExecutionOrchestrator.java:52)
	at org.junit.platform.launcher.core.DefaultLauncher.execute(DefaultLauncher.java:114)
	at org.junit.platform.launcher.core.DefaultLauncher.execute(DefaultLauncher.java:86)
	at org.junit.platform.launcher.core.DefaultLauncherSession$DelegatingLauncher.execute(DefaultLauncherSession.java:86)
	at org.junit.platform.launcher.core.SessionPerRequestLauncher.execute(SessionPerRequestLauncher.java:53)
	at org.apache.maven.surefire.junitplatform.JUnitPlatformProvider.execute(JUnitPlatformProvider.java:188)
	at org.apache.maven.surefire.junitplatform.JUnitPlatformProvider.invokeAllTests(JUnitPlatformProvider.java:154)
	at org.apache.maven.surefire.junitplatform.JUnitPlatformProvider.invoke(JUnitPlatformProvider.java:128)
	at org.apache.maven.surefire.booter.ForkedBooter.runSuitesInProcess(ForkedBooter.java:428)
	at org.apache.maven.surefire.booter.ForkedBooter.execute(ForkedBooter.java:162)
	at org.apache.maven.surefire.booter.ForkedBooter.run(ForkedBooter.java:562)
	at org.apache.maven.surefire.booter.ForkedBooter.main(ForkedBooter.java:548)
Caused by: org.openqa.selenium.NoSuchElementException: no such element: Unable to locate element: {"method":"xpath","selector":"//span[text()='Temp Logging']"}
  (Session info: chrome=109.0.5414.75)
For documentation on this error, please visit: https://selenium.dev/exceptions/#no_such_element
Build info: version: '4.6.0', revision: '79f1c02ae20'
System info: os.name: 'Windows 11', os.arch: 'amd64', os.version: '10.0', java.version: '1.8.0_341'
Driver info: org.openqa.selenium.chrome.ChromeDriver
Command: [acde386a4a727fa635ccdb8757227119, findElement {using=xpath, value=//span[text()='Temp Logging']}]
Capabilities {acceptInsecureCerts: false, browserName: chrome, browserVersion: 109.0.5414.75, chrome: {chromedriverVersion: 109.0.5414.74 (e7c5703604da..., userDataDir: C:\Users\SANDEE~1.PHA\AppDa...}, goog:chromeOptions: {debuggerAddress: localhost:54831}, networkConnectionEnabled: false, pageLoadStrategy: normal, platformName: WINDOWS, proxy: Proxy(), se:cdp: ws://localhost:54831/devtoo..., se:cdpVersion: 109.0.5414.75, setWindowRect: true, strictFileInteractability: false, timeouts: {implicit: 0, pageLoad: 300000, script: 30000}, unhandledPromptBehavior: dismiss and notify, webauthn:extension:credBlob: true, webauthn:extension:largeBlob: true, webauthn:virtualAuthenticators: true}
Session ID: acde386a4a727fa635ccdb8757227119
	at sun.reflect.GeneratedConstructorAccessor29.newInstance(Unknown Source)
	at sun.reflect.DelegatingConstructorAccessorImpl.newInstance(DelegatingConstructorAccessorImpl.java:45)
	at java.lang.reflect.Constructor.newInstance(Constructor.java:423)
	at org.openqa.selenium.remote.codec.w3c.W3CHttpResponseCodec.createException(W3CHttpResponseCodec.java:200)
	at org.openqa.selenium.remote.codec.w3c.W3CHttpResponseCodec.decode(W3CHttpResponseCodec.java:133)
	at org.openqa.selenium.remote.codec.w3c.W3CHttpResponseCodec.decode(W3CHttpResponseCodec.java:53)
	at org.openqa.selenium.remote.HttpCommandExecutor.execute(HttpCommandExecutor.java:184)
	at org.openqa.selenium.remote.service.DriverCommandExecutor.invokeExecute(DriverCommandExecutor.java:167)
	at org.openqa.selenium.remote.service.DriverCommandExecutor.execute(DriverCommandExecutor.java:142)
	at org.openqa.selenium.remote.RemoteWebDriver.execute(RemoteWebDriver.java:541)
	at org.openqa.selenium.remote.ElementLocation$ElementFinder$2.findElement(ElementLocation.java:162)
	at org.openqa.selenium.remote.ElementLocation.findElement(ElementLocation.java:60)
	at org.openqa.selenium.remote.RemoteWebDriver.findElement(RemoteWebDriver.java:365)
	at org.openqa.selenium.remote.RemoteWebDriver.findElement(RemoteWebDriver.java:357)
	at net.thucydides.core.webdriver.WebDriverFacade.findElement(WebDriverFacade.java:246)
	at net.serenitybdd.core.pages.WebElementResolverByLocator.resolveForDriver(WebElementResolverByLocator.java:25)
	at net.serenitybdd.core.pages.WebElementFacadeImpl.getResolvedElement(WebElementFacadeImpl.java:189)
	at net.serenitybdd.core.pages.WebElementFacadeImpl.getElement(WebElementFacadeImpl.java:184)
	at net.serenitybdd.core.pages.WebElementExpectations$5.apply(WebElementExpectations.java:106)
	at net.serenitybdd.core.pages.WebElementExpectations$5.apply(WebElementExpectations.java:98)
	at org.openqa.selenium.support.ui.FluentWait.until(FluentWait.java:208)
	... 76 more
&amp#27;[0m
  &amp#27;[36mAnd &amp#27;[0m&amp#27;[36mUser wait for &amp#27;[0m&amp#27;[36m&amp#27;[1m"3"&amp#27;[0m&amp#27;[36m seconds&amp#27;[0m                                        &amp#27;[90m# stepdefinitions.CommonDefinitions.user_wait_for_seconds(java.lang.String)&amp#27;[0m
  &amp#27;[36mAnd &amp#27;[0m&amp#27;[36mUser click on &amp#27;[0m&amp#27;[36m&amp#27;[1m"Edit"&amp#27;[0m&amp#27;[36m button in templogging tab&amp#27;[0m                   &amp#27;[90m# stepdefinitions.StoreOperator.TempLoggingDefinition.user_click_on_button_in_templogging_tab(java.lang.String)&amp#27;[0m
  &amp#27;[36mAnd &amp#27;[0m&amp#27;[36mUser enter &amp#27;[0m&amp#27;[36m&amp#27;[1m"valid"&amp#27;[0m&amp#27;[36m temperature details in table&amp#27;[0m                  &amp#27;[90m# stepdefinitions.StoreOperator.TempLoggingDefinition.user_enter_temperature_details_in_table(java.lang.String)&amp#27;[0m
  &amp#27;[36mWhen &amp#27;[0m&amp#27;[36mUser click on &amp#27;[0m&amp#27;[36m&amp#27;[1m"Cancel"&amp#27;[0m&amp#27;[36m button in templogging tab&amp#27;[0m                &amp#27;[90m# stepdefinitions.StoreOperator.TempLoggingDefinition.user_click_on_button_in_templogging_tab(java.lang.String)&amp#27;[0m
  &amp#27;[36mAnd &amp#27;[0m&amp#27;[36mUser click on &amp#27;[0m&amp#27;[36m&amp#27;[1m"Yes"&amp#27;[0m&amp#27;[36m button&amp#27;[0m                                       &amp#27;[90m# stepdefinitions.CommonDefinitions.user_click_on_button(java.lang.String)&amp#27;[0m
  &amp#27;[36mThen &amp#27;[0m&amp#27;[36mTemperature and alarm data is visible in table&amp#27;[0m                  &amp#27;[90m# stepdefinitions.StoreOperator.TempLoggingDefinition.temperature_and_alarm_data_is_visible_in_table()&amp#27;[0m
10:57:34.828 [main] ERROR  - 
  _____   ___   ___   _____     ___     _     ___   _      ___   ___  
 |_   _| | __| / __| |_   _|   | __|   /_\   |_ _| | |    | __| |   \ 
   | |   | _|  \__ \   | |     | _|   / _ \   | |  | |__  | _|  | |) |
   |_|   |___| |___/   |_|     |_|   /_/ \_\ |___| |____| |___| |___/ 

Verify user is able to cancel details of temperature, alarms
-----------------------------------------------------------------------
10:57:34.828 [main] ERROR  -     Test failed at step: Click on tab: Temp Logging
10:57:34.828 [main] ERROR  -     Expected enabled element was not enabled
]]></system-out>
    <system-err><![CDATA[Starting ChromeDriver 109.0.5414.74 (e7c5703604daa9cc128ccf5a5d3e993513758913-refs/branch-heads/5414@{#1172}) on port 38386
Only local connections are allowed.
Please see https://chromedriver.chromium.org/security-considerations for suggestions on keeping ChromeDriver safe.
ChromeDriver was started successfully.
Jan 31, 2023 10:56:39 AM org.openqa.selenium.devtools.CdpVersionFinder findNearestMatch
WARNING: Unable to find an exact match for CDP version 109, so returning the closest version found: 107
]]></system-err>
    <rerunError type="net.thucydides.core.webdriver.exceptions.ElementShouldBeEnabledException">
      <stackTrace><![CDATA[net.thucydides.core.webdriver.exceptions.ElementShouldBeEnabledException: Expected enabled element was not enabled
Caused by: org.openqa.selenium.TimeoutException: Expected condition failed: waiting for By.xpath: //table[@aria-label='caption table']//tbody//tr//td[text()='AutoTest310123105929']//following::td[14]//button[@title='Edit'] to be clickable (tried for 5 second(s) with 100 milliseconds interval)
Caused by: org.openqa.selenium.NoSuchElementException: 
no such element: Unable to locate element: {"method":"xpath","selector":"//table[@aria-label='caption table']//tbody//tr//td[text()='AutoTest310123105929']//following::td[14]//button[@title='Edit']"}
  (Session info: chrome=109.0.5414.75)
For documentation on this error, please visit: https://selenium.dev/exceptions/#no_such_element
Build info: version: '4.6.0', revision: '79f1c02ae20'
System info: os.name: 'Windows 11', os.arch: 'amd64', os.version: '10.0', java.version: '1.8.0_341'
Driver info: org.openqa.selenium.chrome.ChromeDriver
Command: [91c626b68375da4903938fc3a146b462, findElement {using=xpath, value=//table[@aria-label='caption table']//tbody//tr//td[text()='AutoTest310123105929']//following::td[14]//button[@title='Edit']}]
Capabilities {acceptInsecureCerts: false, browserName: chrome, browserVersion: 109.0.5414.75, chrome: {chromedriverVersion: 109.0.5414.74 (e7c5703604da..., userDataDir: C:\Users\SANDEE~1.PHA\AppDa...}, goog:chromeOptions: {debuggerAddress: localhost:55064}, networkConnectionEnabled: false, pageLoadStrategy: normal, platformName: WINDOWS, proxy: Proxy(), se:cdp: ws://localhost:55064/devtoo..., se:cdpVersion: 109.0.5414.75, setWindowRect: true, strictFileInteractability: false, timeouts: {implicit: 0, pageLoad: 300000, script: 30000}, unhandledPromptBehavior: dismiss and notify, webauthn:extension:credBlob: true, webauthn:extension:largeBlob: true, webauthn:virtualAuthenticators: true}
Session ID: 91c626b68375da4903938fc3a146b462
]]></stackTrace>
      <system-out><![CDATA[11:05:03.712 [main] INFO  i.c.core.plugin.SerenityReporter - Running feature from file:///C:/Users/Sandeepkumar.Phalke/eclipse-workspace/UNICEF_SerenityBDD_Automation_Framework/src/test/resources/features/StoreOperator/TempLogging.feature
11:05:03.720 [main] INFO   - Test Suite Started: Temperature Logging tab in SMT application for Store Operator user

Scenario: Verify user is able to cancel details of temperature, alarms &amp#27;[90m# src/test/resources/features/StoreOperator/TempLogging.feature:49&amp#27;[0m
11:05:03.742 [main] INFO  i.c.core.plugin.SerenityReporter - Running feature from file:///C:/Users/Sandeepkumar.Phalke/eclipse-workspace/UNICEF_SerenityBDD_Automation_Framework/src/test/resources/features/StoreOperator/TempLogging.feature
11:05:03.744 [main] INFO   - 
  _____   ___   ___   _____     ___   _____     _     ___   _____   ___   ___  
 |_   _| | __| / __| |_   _|   / __| |_   _|   /_\   | _ \ |_   _| | __| |   \ 
   | |   | _|  \__ \   | |     \__ \   | |    / _ \  |   /   | |   | _|  | |) |
   |_|   |___| |___/   |_|     |___/   |_|   /_/ \_\ |_|_\   |_|   |___| |___/ 

Verify user is able to cancel details of temperature, alarms(temperature-logging-tab-in-smt-application-for-store-operator-user;verify-user-is-able-to-cancel-details-of-temperature--alarms)
--------------------------------------------------------------------------------
11:05:03.977 [main] INFO  n.s.c.w.d.ChromeDriverProvider - Starting Chrome driver instance with capabilities:
11:05:03.977 [main] INFO  n.s.c.w.d.ChromeDriverProvider - Capabilities {acceptInsecureCerts: false, browserName: chrome, goog:chromeOptions: {args: [test-type, no-sandbox, ignore-certificate-errors, --window-size=1000,800, incognito, disable-infobars, disable-gpu, disable-default-apps, disable-popup-blocking], extensions: []}}
  &amp#27;[32mGiven &amp#27;[0m&amp#27;[32mUser is on home page of SMT application&amp#27;[0m                        &amp#27;[90m# stepdefinitions.CommonDefinitions.user_is_on_home_page_of_smt_application()&amp#27;[0m
  &amp#27;[32mAnd &amp#27;[0m&amp#27;[32mUser is able to see login button on home page&amp#27;[0m                    &amp#27;[90m# stepdefinitions.HomeDefinitions.user_is_able_to_see_login_button_on_home_page()&amp#27;[0m
  &amp#27;[32mWhen &amp#27;[0m&amp#27;[32mUser click on login button&amp#27;[0m                                      &amp#27;[90m# stepdefinitions.HomeDefinitions.user_click_on_login_button()&amp#27;[0m
  &amp#27;[32mAnd &amp#27;[0m&amp#27;[32mUser click on Proceed To Login button in &amp#27;[0m&amp#27;[32m&amp#27;[1m"English"&amp#27;[0m               &amp#27;[90m# stepdefinitions.HomeDefinitions.user_click_on_proceed_to_login_button_in(java.lang.String)&amp#27;[0m
  &amp#27;[32mThen &amp#27;[0m&amp#27;[32mUser login as &amp#27;[0m&amp#27;[32m&amp#27;[1m"Store Operator"&amp#27;[0m                                  &amp#27;[90m# stepdefinitions.CommonDefinitions.user_login_as(java.lang.String)&amp#27;[0m
  &amp#27;[32mAnd &amp#27;[0m&amp#27;[32mUser click on &amp#27;[0m&amp#27;[32m&amp#27;[1m"Apply"&amp#27;[0m&amp#27;[32m button&amp#27;[0m                                     &amp#27;[90m# stepdefinitions.CommonDefinitions.user_click_on_button(java.lang.String)&amp#27;[0m
  &amp#27;[32mAnd &amp#27;[0m&amp#27;[32mUser wait for &amp#27;[0m&amp#27;[32m&amp#27;[1m"5"&amp#27;[0m&amp#27;[32m seconds&amp#27;[0m                                        &amp#27;[90m# stepdefinitions.CommonDefinitions.user_wait_for_seconds(java.lang.String)&amp#27;[0m
  &amp#27;[32mGiven &amp#27;[0m&amp#27;[32mUser click on &amp#27;[0m&amp#27;[32m&amp#27;[1m"Temp Logging"&amp#27;[0m&amp#27;[32m tab&amp#27;[0m                               &amp#27;[90m# stepdefinitions.CommonDefinitions.user_click_on_tab(java.lang.String)&amp#27;[0m
  &amp#27;[32mAnd &amp#27;[0m&amp#27;[32mUser wait for &amp#27;[0m&amp#27;[32m&amp#27;[1m"3"&amp#27;[0m&amp#27;[32m seconds&amp#27;[0m                                        &amp#27;[90m# stepdefinitions.CommonDefinitions.user_wait_for_seconds(java.lang.String)&amp#27;[0m
  &amp#27;[31mAnd &amp#27;[0m&amp#27;[31mUser click on &amp#27;[0m&amp#27;[31m&amp#27;[1m"Edit"&amp#27;[0m&amp#27;[31m button in templogging tab&amp#27;[0m                   &amp#27;[90m# stepdefinitions.StoreOperator.TempLoggingDefinition.user_click_on_button_in_templogging_tab(java.lang.String)&amp#27;[0m
      &amp#27;[31mnet.thucydides.core.webdriver.exceptions.ElementShouldBeEnabledException: Expected enabled element was not enabled
	at net.serenitybdd.core.pages.WebElementFacadeImpl.waitUntilClickable(WebElementFacadeImpl.java:1134)
	at pages.StoreOperator.TempLoggingPage.clickOnEditTemperatureButton(TempLoggingPage.java:18)
	at pages.StoreOperator.TempLoggingPage$ByteBuddy$IbiWJdeL.clickOnEditTemperatureButton$accessor$vmvSb0j8(Unknown Source)
	at sun.reflect.NativeMethodAccessorImpl.invoke0(Native Method)
	at sun.reflect.NativeMethodAccessorImpl.invoke(NativeMethodAccessorImpl.java:62)
	at sun.reflect.DelegatingMethodAccessorImpl.invoke(DelegatingMethodAccessorImpl.java:43)
	at java.lang.reflect.Method.invoke(Method.java:498)
	at net.thucydides.core.steps.StepInterceptor.invokeMethod(StepInterceptor.java:503)
	at net.thucydides.core.steps.StepInterceptor.executeTestStepMethod(StepInterceptor.java:483)
	at net.thucydides.core.steps.StepInterceptor.runTestStep(StepInterceptor.java:457)
	at net.thucydides.core.steps.StepInterceptor.runOrSkipMethod(StepInterceptor.java:209)
	at net.thucydides.core.steps.StepInterceptor.testStepResult(StepInterceptor.java:196)
	at net.thucydides.core.steps.StepInterceptor.intercept(StepInterceptor.java:84)
	at net.thucydides.core.steps.ProxyConfiguration$InterceptorDispatcher.intercept(ProxyConfiguration.java:51)
	at pages.StoreOperator.TempLoggingPage$ByteBuddy$IbiWJdeL.clickOnEditTemperatureButton(Unknown Source)
	at stepdefinitions.StoreOperator.TempLoggingDefinition.user_click_on_button_in_templogging_tab(TempLoggingDefinition.java:23)
	at ✽.User click on "Edit" button in templogging tab(file:///C:/Users/Sandeepkumar.Phalke/eclipse-workspace/UNICEF_SerenityBDD_Automation_Framework/src/test/resources/features/StoreOperator/TempLogging.feature:52)
Caused by: org.openqa.selenium.TimeoutException: Expected condition failed: waiting for By.xpath: //table[@aria-label='caption table']//tbody//tr//td[text()='AutoTest310123105929']//following::td[14]//button[@title='Edit'] to be clickable (tried for 5 second(s) with 100 milliseconds interval)
	at org.openqa.selenium.support.ui.FluentWait.timeoutException(FluentWait.java:263)
	at org.openqa.selenium.support.ui.FluentWait.until(FluentWait.java:231)
	at net.serenitybdd.core.pages.WebElementFacadeImpl.waitUntilClickable(WebElementFacadeImpl.java:1131)
	at pages.StoreOperator.TempLoggingPage.clickOnEditTemperatureButton(TempLoggingPage.java:18)
	at pages.StoreOperator.TempLoggingPage$ByteBuddy$IbiWJdeL.clickOnEditTemperatureButton$accessor$vmvSb0j8(Unknown Source)
	at sun.reflect.NativeMethodAccessorImpl.invoke0(Native Method)
	at sun.reflect.NativeMethodAccessorImpl.invoke(NativeMethodAccessorImpl.java:62)
	at sun.reflect.DelegatingMethodAccessorImpl.invoke(DelegatingMethodAccessorImpl.java:43)
	at java.lang.reflect.Method.invoke(Method.java:498)
	at net.thucydides.core.steps.StepInterceptor.invokeMethod(StepInterceptor.java:503)
	at net.thucydides.core.steps.StepInterceptor.executeTestStepMethod(StepInterceptor.java:483)
	at net.thucydides.core.steps.StepInterceptor.runTestStep(StepInterceptor.java:457)
	at net.thucydides.core.steps.StepInterceptor.runOrSkipMethod(StepInterceptor.java:209)
	at net.thucydides.core.steps.StepInterceptor.testStepResult(StepInterceptor.java:196)
	at net.thucydides.core.steps.StepInterceptor.intercept(StepInterceptor.java:84)
	at net.thucydides.core.steps.ProxyConfiguration$InterceptorDispatcher.intercept(ProxyConfiguration.java:51)
	at pages.StoreOperator.TempLoggingPage$ByteBuddy$IbiWJdeL.clickOnEditTemperatureButton(Unknown Source)
	at stepdefinitions.StoreOperator.TempLoggingDefinition.user_click_on_button_in_templogging_tab(TempLoggingDefinition.java:23)
	at sun.reflect.NativeMethodAccessorImpl.invoke0(Native Method)
	at sun.reflect.NativeMethodAccessorImpl.invoke(NativeMethodAccessorImpl.java:62)
	at sun.reflect.DelegatingMethodAccessorImpl.invoke(DelegatingMethodAccessorImpl.java:43)
	at java.lang.reflect.Method.invoke(Method.java:498)
	at io.cucumber.java.Invoker.doInvoke(Invoker.java:66)
	at io.cucumber.java.Invoker.invoke(Invoker.java:24)
	at io.cucumber.java.AbstractGlueDefinition.invokeMethod(AbstractGlueDefinition.java:47)
	at io.cucumber.java.JavaStepDefinition.execute(JavaStepDefinition.java:29)
	at io.cucumber.core.runner.CoreStepDefinition.execute(CoreStepDefinition.java:66)
	at io.cucumber.core.runner.PickleStepDefinitionMatch.runStep(PickleStepDefinitionMatch.java:63)
	at io.cucumber.core.runner.ExecutionMode$1.execute(ExecutionMode.java:10)
	at io.cucumber.core.runner.TestStep.executeStep(TestStep.java:85)
	at io.cucumber.core.runner.TestStep.run(TestStep.java:57)
	at io.cucumber.core.runner.PickleStepTestStep.run(PickleStepTestStep.java:51)
	at io.cucumber.core.runner.TestCase.run(TestCase.java:84)
	at io.cucumber.core.runner.Runner.runPickle(Runner.java:75)
	at io.cucumber.junit.PickleRunners$NoStepDescriptions.lambda$run$0(PickleRunners.java:151)
	at io.cucumber.core.runtime.CucumberExecutionContext.lambda$runTestCase$5(CucumberExecutionContext.java:129)
	at io.cucumber.core.runtime.RethrowingThrowableCollector.executeAndThrow(RethrowingThrowableCollector.java:23)
	at io.cucumber.core.runtime.CucumberExecutionContext.runTestCase(CucumberExecutionContext.java:129)
	at io.cucumber.junit.PickleRunners$NoStepDescriptions.run(PickleRunners.java:148)
	at io.cucumber.junit.FeatureRunner.runChild(FeatureRunner.java:144)
	at io.cucumber.junit.FeatureRunner.runChild(FeatureRunner.java:28)
	at org.junit.runners.ParentRunner$4.run(ParentRunner.java:331)
	at org.junit.runners.ParentRunner$1.schedule(ParentRunner.java:79)
	at org.junit.runners.ParentRunner.runChildren(ParentRunner.java:329)
	at org.junit.runners.ParentRunner.access$100(ParentRunner.java:66)
	at org.junit.runners.ParentRunner$2.evaluate(ParentRunner.java:293)
	at org.junit.runners.ParentRunner$3.evaluate(ParentRunner.java:306)
	at org.junit.runners.ParentRunner.run(ParentRunner.java:413)
	at io.cucumber.junit.FeatureRunner.run(FeatureRunner.java:137)
	at io.cucumber.junit.CucumberSerenityRunner.runChild(CucumberSerenityRunner.java:259)
	at io.cucumber.junit.CucumberSerenityRunner.runChild(CucumberSerenityRunner.java:59)
	at org.junit.runners.ParentRunner$4.run(ParentRunner.java:331)
	at org.junit.runners.ParentRunner$1.schedule(ParentRunner.java:79)
	at org.junit.runners.ParentRunner.runChildren(ParentRunner.java:329)
	at org.junit.runners.ParentRunner.access$100(ParentRunner.java:66)
	at org.junit.runners.ParentRunner$2.evaluate(ParentRunner.java:293)
	at io.cucumber.junit.CucumberSerenityRunner$RunCucumber.evaluate(CucumberSerenityRunner.java:288)
	at org.junit.runners.ParentRunner$3.evaluate(ParentRunner.java:306)
	at org.junit.runners.ParentRunner.run(ParentRunner.java:413)
	at org.junit.runner.JUnitCore.run(JUnitCore.java:137)
	at org.junit.runner.JUnitCore.run(JUnitCore.java:115)
	at org.junit.vintage.engine.execution.RunnerExecutor.execute(RunnerExecutor.java:42)
	at org.junit.vintage.engine.VintageTestEngine.executeAllChildren(VintageTestEngine.java:80)
	at org.junit.vintage.engine.VintageTestEngine.execute(VintageTestEngine.java:72)
	at org.junit.platform.launcher.core.EngineExecutionOrchestrator.execute(EngineExecutionOrchestrator.java:107)
	at org.junit.platform.launcher.core.EngineExecutionOrchestrator.execute(EngineExecutionOrchestrator.java:88)
	at org.junit.platform.launcher.core.EngineExecutionOrchestrator.lambda$execute$0(EngineExecutionOrchestrator.java:54)
	at org.junit.platform.launcher.core.EngineExecutionOrchestrator.withInterceptedStreams(EngineExecutionOrchestrator.java:67)
	at org.junit.platform.launcher.core.EngineExecutionOrchestrator.execute(EngineExecutionOrchestrator.java:52)
	at org.junit.platform.launcher.core.DefaultLauncher.execute(DefaultLauncher.java:114)
	at org.junit.platform.launcher.core.DefaultLauncher.execute(DefaultLauncher.java:86)
	at org.junit.platform.launcher.core.DefaultLauncherSession$DelegatingLauncher.execute(DefaultLauncherSession.java:86)
	at org.junit.platform.launcher.core.SessionPerRequestLauncher.execute(SessionPerRequestLauncher.java:53)
	at org.apache.maven.surefire.junitplatform.JUnitPlatformProvider.invokeAllTests(JUnitPlatformProvider.java:165)
	at org.apache.maven.surefire.junitplatform.JUnitPlatformProvider.invoke(JUnitPlatformProvider.java:128)
	at org.apache.maven.surefire.booter.ForkedBooter.runSuitesInProcess(ForkedBooter.java:428)
	at org.apache.maven.surefire.booter.ForkedBooter.execute(ForkedBooter.java:162)
	at org.apache.maven.surefire.booter.ForkedBooter.run(ForkedBooter.java:562)
	at org.apache.maven.surefire.booter.ForkedBooter.main(ForkedBooter.java:548)
Caused by: org.openqa.selenium.NoSuchElementException: no such element: Unable to locate element: {"method":"xpath","selector":"//table[@aria-label='caption table']//tbody//tr//td[text()='AutoTest310123105929']//following::td[14]//button[@title='Edit']"}
  (Session info: chrome=109.0.5414.75)
For documentation on this error, please visit: https://selenium.dev/exceptions/#no_such_element
Build info: version: '4.6.0', revision: '79f1c02ae20'
System info: os.name: 'Windows 11', os.arch: 'amd64', os.version: '10.0', java.version: '1.8.0_341'
Driver info: org.openqa.selenium.chrome.ChromeDriver
Command: [91c626b68375da4903938fc3a146b462, findElement {using=xpath, value=//table[@aria-label='caption table']//tbody//tr//td[text()='AutoTest310123105929']//following::td[14]//button[@title='Edit']}]
Capabilities {acceptInsecureCerts: false, browserName: chrome, browserVersion: 109.0.5414.75, chrome: {chromedriverVersion: 109.0.5414.74 (e7c5703604da..., userDataDir: C:\Users\SANDEE~1.PHA\AppDa...}, goog:chromeOptions: {debuggerAddress: localhost:55064}, networkConnectionEnabled: false, pageLoadStrategy: normal, platformName: WINDOWS, proxy: Proxy(), se:cdp: ws://localhost:55064/devtoo..., se:cdpVersion: 109.0.5414.75, setWindowRect: true, strictFileInteractability: false, timeouts: {implicit: 0, pageLoad: 300000, script: 30000}, unhandledPromptBehavior: dismiss and notify, webauthn:extension:credBlob: true, webauthn:extension:largeBlob: true, webauthn:virtualAuthenticators: true}
Session ID: 91c626b68375da4903938fc3a146b462
	at sun.reflect.GeneratedConstructorAccessor29.newInstance(Unknown Source)
	at sun.reflect.DelegatingConstructorAccessorImpl.newInstance(DelegatingConstructorAccessorImpl.java:45)
	at java.lang.reflect.Constructor.newInstance(Constructor.java:423)
	at org.openqa.selenium.remote.codec.w3c.W3CHttpResponseCodec.createException(W3CHttpResponseCodec.java:200)
	at org.openqa.selenium.remote.codec.w3c.W3CHttpResponseCodec.decode(W3CHttpResponseCodec.java:133)
	at org.openqa.selenium.remote.codec.w3c.W3CHttpResponseCodec.decode(W3CHttpResponseCodec.java:53)
	at org.openqa.selenium.remote.HttpCommandExecutor.execute(HttpCommandExecutor.java:184)
	at org.openqa.selenium.remote.service.DriverCommandExecutor.invokeExecute(DriverCommandExecutor.java:167)
	at org.openqa.selenium.remote.service.DriverCommandExecutor.execute(DriverCommandExecutor.java:142)
	at org.openqa.selenium.remote.RemoteWebDriver.execute(RemoteWebDriver.java:541)
	at org.openqa.selenium.remote.ElementLocation$ElementFinder$2.findElement(ElementLocation.java:162)
	at org.openqa.selenium.remote.ElementLocation.findElement(ElementLocation.java:60)
	at org.openqa.selenium.remote.RemoteWebDriver.findElement(RemoteWebDriver.java:365)
	at org.openqa.selenium.remote.RemoteWebDriver.findElement(RemoteWebDriver.java:357)
	at net.thucydides.core.webdriver.WebDriverFacade.findElement(WebDriverFacade.java:246)
	at net.serenitybdd.core.pages.WebElementResolverByLocator.resolveForDriver(WebElementResolverByLocator.java:25)
	at net.serenitybdd.core.pages.WebElementFacadeImpl.getResolvedElement(WebElementFacadeImpl.java:189)
	at net.serenitybdd.core.pages.WebElementFacadeImpl.getElement(WebElementFacadeImpl.java:184)
	at net.serenitybdd.core.pages.WebElementExpectations$5.apply(WebElementExpectations.java:106)
	at net.serenitybdd.core.pages.WebElementExpectations$5.apply(WebElementExpectations.java:98)
	at org.openqa.selenium.support.ui.FluentWait.until(FluentWait.java:208)
	... 77 more
&amp#27;[0m
  &amp#27;[36mAnd &amp#27;[0m&amp#27;[36mUser enter &amp#27;[0m&amp#27;[36m&amp#27;[1m"valid"&amp#27;[0m&amp#27;[36m temperature details in table&amp#27;[0m                  &amp#27;[90m# stepdefinitions.StoreOperator.TempLoggingDefinition.user_enter_temperature_details_in_table(java.lang.String)&amp#27;[0m
  &amp#27;[36mWhen &amp#27;[0m&amp#27;[36mUser click on &amp#27;[0m&amp#27;[36m&amp#27;[1m"Cancel"&amp#27;[0m&amp#27;[36m button in templogging tab&amp#27;[0m                &amp#27;[90m# stepdefinitions.StoreOperator.TempLoggingDefinition.user_click_on_button_in_templogging_tab(java.lang.String)&amp#27;[0m
  &amp#27;[36mAnd &amp#27;[0m&amp#27;[36mUser click on &amp#27;[0m&amp#27;[36m&amp#27;[1m"Yes"&amp#27;[0m&amp#27;[36m button&amp#27;[0m                                       &amp#27;[90m# stepdefinitions.CommonDefinitions.user_click_on_button(java.lang.String)&amp#27;[0m
  &amp#27;[36mThen &amp#27;[0m&amp#27;[36mTemperature and alarm data is visible in table&amp#27;[0m                  &amp#27;[90m# stepdefinitions.StoreOperator.TempLoggingDefinition.temperature_and_alarm_data_is_visible_in_table()&amp#27;[0m
11:06:01.451 [main] ERROR  - 
  _____   ___   ___   _____     ___     _     ___   _      ___   ___  
 |_   _| | __| / __| |_   _|   | __|   /_\   |_ _| | |    | __| |   \ 
   | |   | _|  \__ \   | |     | _|   / _ \   | |  | |__  | _|  | |) |
   |_|   |___| |___/   |_|     |_|   /_/ \_\ |___| |____| |___| |___/ 

Verify user is able to cancel details of temperature, alarms
-----------------------------------------------------------------------
11:06:01.451 [main] ERROR  -     Test failed at step: Click on edit temperature button: Edit
11:06:01.451 [main] ERROR  -     Expected enabled element was not enabled
]]></system-out>
      <system-err><![CDATA[Starting ChromeDriver 109.0.5414.74 (e7c5703604daa9cc128ccf5a5d3e993513758913-refs/branch-heads/5414@{#1172}) on port 3143
Only local connections are allowed.
Please see https://chromedriver.chromium.org/security-considerations for suggestions on keeping ChromeDriver safe.
ChromeDriver was started successfully.
Jan 31, 2023 11:05:05 AM org.openqa.selenium.devtools.CdpVersionFinder findNearestMatch
WARNING: Unable to find an exact match for CDP version 109, so returning the closest version found: 107
]]></system-err>
    </rerunError>
    <rerunError type="net.thucydides.core.webdriver.exceptions.ElementShouldBeEnabledException">
      <stackTrace><![CDATA[net.thucydides.core.webdriver.exceptions.ElementShouldBeEnabledException: Expected enabled element was not enabled
Caused by: org.openqa.selenium.TimeoutException: Expected condition failed: waiting for By.xpath: //table[@aria-label='caption table']//tbody//tr//td[text()='AutoTest310123110638']//following::td[14]//button[@title='Edit'] to be clickable (tried for 5 second(s) with 100 milliseconds interval)
Caused by: org.openqa.selenium.NoSuchElementException: 
no such element: Unable to locate element: {"method":"xpath","selector":"//table[@aria-label='caption table']//tbody//tr//td[text()='AutoTest310123110638']//following::td[14]//button[@title='Edit']"}
  (Session info: chrome=109.0.5414.75)
For documentation on this error, please visit: https://selenium.dev/exceptions/#no_such_element
Build info: version: '4.6.0', revision: '79f1c02ae20'
System info: os.name: 'Windows 11', os.arch: 'amd64', os.version: '10.0', java.version: '1.8.0_341'
Driver info: org.openqa.selenium.chrome.ChromeDriver
Command: [224c8927c6de36050ff479aaf9f7cfa3, findElement {using=xpath, value=//table[@aria-label='caption table']//tbody//tr//td[text()='AutoTest310123110638']//following::td[14]//button[@title='Edit']}]
Capabilities {acceptInsecureCerts: false, browserName: chrome, browserVersion: 109.0.5414.75, chrome: {chromedriverVersion: 109.0.5414.74 (e7c5703604da..., userDataDir: C:\Users\SANDEE~1.PHA\AppDa...}, goog:chromeOptions: {debuggerAddress: localhost:55136}, networkConnectionEnabled: false, pageLoadStrategy: normal, platformName: WINDOWS, proxy: Proxy(), se:cdp: ws://localhost:55136/devtoo..., se:cdpVersion: 109.0.5414.75, setWindowRect: true, strictFileInteractability: false, timeouts: {implicit: 0, pageLoad: 300000, script: 30000}, unhandledPromptBehavior: dismiss and notify, webauthn:extension:credBlob: true, webauthn:extension:largeBlob: true, webauthn:virtualAuthenticators: true}
Session ID: 224c8927c6de36050ff479aaf9f7cfa3
]]></stackTrace>
      <system-out><![CDATA[11:07:00.094 [main] INFO  i.c.core.plugin.SerenityReporter - Running feature from file:///C:/Users/Sandeepkumar.Phalke/eclipse-workspace/UNICEF_SerenityBDD_Automation_Framework/src/test/resources/features/StoreOperator/TempLogging.feature
11:07:00.104 [main] INFO   - Test Suite Started: Temperature Logging tab in SMT application for Store Operator user

Scenario: Verify user is able to cancel details of temperature, alarms &amp#27;[90m# src/test/resources/features/StoreOperator/TempLogging.feature:49&amp#27;[0m
11:07:00.120 [main] INFO  i.c.core.plugin.SerenityReporter - Running feature from file:///C:/Users/Sandeepkumar.Phalke/eclipse-workspace/UNICEF_SerenityBDD_Automation_Framework/src/test/resources/features/StoreOperator/TempLogging.feature
11:07:00.122 [main] INFO   - 
  _____   ___   ___   _____     ___   _____     _     ___   _____   ___   ___  
 |_   _| | __| / __| |_   _|   / __| |_   _|   /_\   | _ \ |_   _| | __| |   \ 
   | |   | _|  \__ \   | |     \__ \   | |    / _ \  |   /   | |   | _|  | |) |
   |_|   |___| |___/   |_|     |___/   |_|   /_/ \_\ |_|_\   |_|   |___| |___/ 

Verify user is able to cancel details of temperature, alarms(temperature-logging-tab-in-smt-application-for-store-operator-user;verify-user-is-able-to-cancel-details-of-temperature--alarms)
--------------------------------------------------------------------------------
11:07:00.320 [main] INFO  n.s.c.w.d.ChromeDriverProvider - Starting Chrome driver instance with capabilities:
11:07:00.321 [main] INFO  n.s.c.w.d.ChromeDriverProvider - Capabilities {acceptInsecureCerts: false, browserName: chrome, goog:chromeOptions: {args: [test-type, no-sandbox, ignore-certificate-errors, --window-size=1000,800, incognito, disable-infobars, disable-gpu, disable-default-apps, disable-popup-blocking], extensions: []}}
  &amp#27;[32mGiven &amp#27;[0m&amp#27;[32mUser is on home page of SMT application&amp#27;[0m                        &amp#27;[90m# stepdefinitions.CommonDefinitions.user_is_on_home_page_of_smt_application()&amp#27;[0m
  &amp#27;[32mAnd &amp#27;[0m&amp#27;[32mUser is able to see login button on home page&amp#27;[0m                    &amp#27;[90m# stepdefinitions.HomeDefinitions.user_is_able_to_see_login_button_on_home_page()&amp#27;[0m
  &amp#27;[32mWhen &amp#27;[0m&amp#27;[32mUser click on login button&amp#27;[0m                                      &amp#27;[90m# stepdefinitions.HomeDefinitions.user_click_on_login_button()&amp#27;[0m
  &amp#27;[32mAnd &amp#27;[0m&amp#27;[32mUser click on Proceed To Login button in &amp#27;[0m&amp#27;[32m&amp#27;[1m"English"&amp#27;[0m               &amp#27;[90m# stepdefinitions.HomeDefinitions.user_click_on_proceed_to_login_button_in(java.lang.String)&amp#27;[0m
  &amp#27;[32mThen &amp#27;[0m&amp#27;[32mUser login as &amp#27;[0m&amp#27;[32m&amp#27;[1m"Store Operator"&amp#27;[0m                                  &amp#27;[90m# stepdefinitions.CommonDefinitions.user_login_as(java.lang.String)&amp#27;[0m
  &amp#27;[32mAnd &amp#27;[0m&amp#27;[32mUser click on &amp#27;[0m&amp#27;[32m&amp#27;[1m"Apply"&amp#27;[0m&amp#27;[32m button&amp#27;[0m                                     &amp#27;[90m# stepdefinitions.CommonDefinitions.user_click_on_button(java.lang.String)&amp#27;[0m
  &amp#27;[32mAnd &amp#27;[0m&amp#27;[32mUser wait for &amp#27;[0m&amp#27;[32m&amp#27;[1m"5"&amp#27;[0m&amp#27;[32m seconds&amp#27;[0m                                        &amp#27;[90m# stepdefinitions.CommonDefinitions.user_wait_for_seconds(java.lang.String)&amp#27;[0m
  &amp#27;[32mGiven &amp#27;[0m&amp#27;[32mUser click on &amp#27;[0m&amp#27;[32m&amp#27;[1m"Temp Logging"&amp#27;[0m&amp#27;[32m tab&amp#27;[0m                               &amp#27;[90m# stepdefinitions.CommonDefinitions.user_click_on_tab(java.lang.String)&amp#27;[0m
  &amp#27;[32mAnd &amp#27;[0m&amp#27;[32mUser wait for &amp#27;[0m&amp#27;[32m&amp#27;[1m"3"&amp#27;[0m&amp#27;[32m seconds&amp#27;[0m                                        &amp#27;[90m# stepdefinitions.CommonDefinitions.user_wait_for_seconds(java.lang.String)&amp#27;[0m
  &amp#27;[31mAnd &amp#27;[0m&amp#27;[31mUser click on &amp#27;[0m&amp#27;[31m&amp#27;[1m"Edit"&amp#27;[0m&amp#27;[31m button in templogging tab&amp#27;[0m                   &amp#27;[90m# stepdefinitions.StoreOperator.TempLoggingDefinition.user_click_on_button_in_templogging_tab(java.lang.String)&amp#27;[0m
      &amp#27;[31mnet.thucydides.core.webdriver.exceptions.ElementShouldBeEnabledException: Expected enabled element was not enabled
	at net.serenitybdd.core.pages.WebElementFacadeImpl.waitUntilClickable(WebElementFacadeImpl.java:1134)
	at pages.StoreOperator.TempLoggingPage.clickOnEditTemperatureButton(TempLoggingPage.java:18)
	at pages.StoreOperator.TempLoggingPage$ByteBuddy$IbiWJdeL.clickOnEditTemperatureButton$accessor$vmvSb0j8(Unknown Source)
	at sun.reflect.NativeMethodAccessorImpl.invoke0(Native Method)
	at sun.reflect.NativeMethodAccessorImpl.invoke(NativeMethodAccessorImpl.java:62)
	at sun.reflect.DelegatingMethodAccessorImpl.invoke(DelegatingMethodAccessorImpl.java:43)
	at java.lang.reflect.Method.invoke(Method.java:498)
	at net.thucydides.core.steps.StepInterceptor.invokeMethod(StepInterceptor.java:503)
	at net.thucydides.core.steps.StepInterceptor.executeTestStepMethod(StepInterceptor.java:483)
	at net.thucydides.core.steps.StepInterceptor.runTestStep(StepInterceptor.java:457)
	at net.thucydides.core.steps.StepInterceptor.runOrSkipMethod(StepInterceptor.java:209)
	at net.thucydides.core.steps.StepInterceptor.testStepResult(StepInterceptor.java:196)
	at net.thucydides.core.steps.StepInterceptor.intercept(StepInterceptor.java:84)
	at net.thucydides.core.steps.ProxyConfiguration$InterceptorDispatcher.intercept(ProxyConfiguration.java:51)
	at pages.StoreOperator.TempLoggingPage$ByteBuddy$IbiWJdeL.clickOnEditTemperatureButton(Unknown Source)
	at stepdefinitions.StoreOperator.TempLoggingDefinition.user_click_on_button_in_templogging_tab(TempLoggingDefinition.java:23)
	at ✽.User click on "Edit" button in templogging tab(file:///C:/Users/Sandeepkumar.Phalke/eclipse-workspace/UNICEF_SerenityBDD_Automation_Framework/src/test/resources/features/StoreOperator/TempLogging.feature:52)
Caused by: org.openqa.selenium.TimeoutException: Expected condition failed: waiting for By.xpath: //table[@aria-label='caption table']//tbody//tr//td[text()='AutoTest310123110638']//following::td[14]//button[@title='Edit'] to be clickable (tried for 5 second(s) with 100 milliseconds interval)
	at org.openqa.selenium.support.ui.FluentWait.timeoutException(FluentWait.java:263)
	at org.openqa.selenium.support.ui.FluentWait.until(FluentWait.java:231)
	at net.serenitybdd.core.pages.WebElementFacadeImpl.waitUntilClickable(WebElementFacadeImpl.java:1131)
	at pages.StoreOperator.TempLoggingPage.clickOnEditTemperatureButton(TempLoggingPage.java:18)
	at pages.StoreOperator.TempLoggingPage$ByteBuddy$IbiWJdeL.clickOnEditTemperatureButton$accessor$vmvSb0j8(Unknown Source)
	at sun.reflect.NativeMethodAccessorImpl.invoke0(Native Method)
	at sun.reflect.NativeMethodAccessorImpl.invoke(NativeMethodAccessorImpl.java:62)
	at sun.reflect.DelegatingMethodAccessorImpl.invoke(DelegatingMethodAccessorImpl.java:43)
	at java.lang.reflect.Method.invoke(Method.java:498)
	at net.thucydides.core.steps.StepInterceptor.invokeMethod(StepInterceptor.java:503)
	at net.thucydides.core.steps.StepInterceptor.executeTestStepMethod(StepInterceptor.java:483)
	at net.thucydides.core.steps.StepInterceptor.runTestStep(StepInterceptor.java:457)
	at net.thucydides.core.steps.StepInterceptor.runOrSkipMethod(StepInterceptor.java:209)
	at net.thucydides.core.steps.StepInterceptor.testStepResult(StepInterceptor.java:196)
	at net.thucydides.core.steps.StepInterceptor.intercept(StepInterceptor.java:84)
	at net.thucydides.core.steps.ProxyConfiguration$InterceptorDispatcher.intercept(ProxyConfiguration.java:51)
	at pages.StoreOperator.TempLoggingPage$ByteBuddy$IbiWJdeL.clickOnEditTemperatureButton(Unknown Source)
	at stepdefinitions.StoreOperator.TempLoggingDefinition.user_click_on_button_in_templogging_tab(TempLoggingDefinition.java:23)
	at sun.reflect.NativeMethodAccessorImpl.invoke0(Native Method)
	at sun.reflect.NativeMethodAccessorImpl.invoke(NativeMethodAccessorImpl.java:62)
	at sun.reflect.DelegatingMethodAccessorImpl.invoke(DelegatingMethodAccessorImpl.java:43)
	at java.lang.reflect.Method.invoke(Method.java:498)
	at io.cucumber.java.Invoker.doInvoke(Invoker.java:66)
	at io.cucumber.java.Invoker.invoke(Invoker.java:24)
	at io.cucumber.java.AbstractGlueDefinition.invokeMethod(AbstractGlueDefinition.java:47)
	at io.cucumber.java.JavaStepDefinition.execute(JavaStepDefinition.java:29)
	at io.cucumber.core.runner.CoreStepDefinition.execute(CoreStepDefinition.java:66)
	at io.cucumber.core.runner.PickleStepDefinitionMatch.runStep(PickleStepDefinitionMatch.java:63)
	at io.cucumber.core.runner.ExecutionMode$1.execute(ExecutionMode.java:10)
	at io.cucumber.core.runner.TestStep.executeStep(TestStep.java:85)
	at io.cucumber.core.runner.TestStep.run(TestStep.java:57)
	at io.cucumber.core.runner.PickleStepTestStep.run(PickleStepTestStep.java:51)
	at io.cucumber.core.runner.TestCase.run(TestCase.java:84)
	at io.cucumber.core.runner.Runner.runPickle(Runner.java:75)
	at io.cucumber.junit.PickleRunners$NoStepDescriptions.lambda$run$0(PickleRunners.java:151)
	at io.cucumber.core.runtime.CucumberExecutionContext.lambda$runTestCase$5(CucumberExecutionContext.java:129)
	at io.cucumber.core.runtime.RethrowingThrowableCollector.executeAndThrow(RethrowingThrowableCollector.java:23)
	at io.cucumber.core.runtime.CucumberExecutionContext.runTestCase(CucumberExecutionContext.java:129)
	at io.cucumber.junit.PickleRunners$NoStepDescriptions.run(PickleRunners.java:148)
	at io.cucumber.junit.FeatureRunner.runChild(FeatureRunner.java:144)
	at io.cucumber.junit.FeatureRunner.runChild(FeatureRunner.java:28)
	at org.junit.runners.ParentRunner$4.run(ParentRunner.java:331)
	at org.junit.runners.ParentRunner$1.schedule(ParentRunner.java:79)
	at org.junit.runners.ParentRunner.runChildren(ParentRunner.java:329)
	at org.junit.runners.ParentRunner.access$100(ParentRunner.java:66)
	at org.junit.runners.ParentRunner$2.evaluate(ParentRunner.java:293)
	at org.junit.runners.ParentRunner$3.evaluate(ParentRunner.java:306)
	at org.junit.runners.ParentRunner.run(ParentRunner.java:413)
	at io.cucumber.junit.FeatureRunner.run(FeatureRunner.java:137)
	at io.cucumber.junit.CucumberSerenityRunner.runChild(CucumberSerenityRunner.java:259)
	at io.cucumber.junit.CucumberSerenityRunner.runChild(CucumberSerenityRunner.java:59)
	at org.junit.runners.ParentRunner$4.run(ParentRunner.java:331)
	at org.junit.runners.ParentRunner$1.schedule(ParentRunner.java:79)
	at org.junit.runners.ParentRunner.runChildren(ParentRunner.java:329)
	at org.junit.runners.ParentRunner.access$100(ParentRunner.java:66)
	at org.junit.runners.ParentRunner$2.evaluate(ParentRunner.java:293)
	at io.cucumber.junit.CucumberSerenityRunner$RunCucumber.evaluate(CucumberSerenityRunner.java:288)
	at org.junit.runners.ParentRunner$3.evaluate(ParentRunner.java:306)
	at org.junit.runners.ParentRunner.run(ParentRunner.java:413)
	at org.junit.runner.JUnitCore.run(JUnitCore.java:137)
	at org.junit.runner.JUnitCore.run(JUnitCore.java:115)
	at org.junit.vintage.engine.execution.RunnerExecutor.execute(RunnerExecutor.java:42)
	at org.junit.vintage.engine.VintageTestEngine.executeAllChildren(VintageTestEngine.java:80)
	at org.junit.vintage.engine.VintageTestEngine.execute(VintageTestEngine.java:72)
	at org.junit.platform.launcher.core.EngineExecutionOrchestrator.execute(EngineExecutionOrchestrator.java:107)
	at org.junit.platform.launcher.core.EngineExecutionOrchestrator.execute(EngineExecutionOrchestrator.java:88)
	at org.junit.platform.launcher.core.EngineExecutionOrchestrator.lambda$execute$0(EngineExecutionOrchestrator.java:54)
	at org.junit.platform.launcher.core.EngineExecutionOrchestrator.withInterceptedStreams(EngineExecutionOrchestrator.java:67)
	at org.junit.platform.launcher.core.EngineExecutionOrchestrator.execute(EngineExecutionOrchestrator.java:52)
	at org.junit.platform.launcher.core.DefaultLauncher.execute(DefaultLauncher.java:114)
	at org.junit.platform.launcher.core.DefaultLauncher.execute(DefaultLauncher.java:86)
	at org.junit.platform.launcher.core.DefaultLauncherSession$DelegatingLauncher.execute(DefaultLauncherSession.java:86)
	at org.junit.platform.launcher.core.SessionPerRequestLauncher.execute(SessionPerRequestLauncher.java:53)
	at org.apache.maven.surefire.junitplatform.JUnitPlatformProvider.invokeAllTests(JUnitPlatformProvider.java:165)
	at org.apache.maven.surefire.junitplatform.JUnitPlatformProvider.invoke(JUnitPlatformProvider.java:128)
	at org.apache.maven.surefire.booter.ForkedBooter.runSuitesInProcess(ForkedBooter.java:428)
	at org.apache.maven.surefire.booter.ForkedBooter.execute(ForkedBooter.java:162)
	at org.apache.maven.surefire.booter.ForkedBooter.run(ForkedBooter.java:562)
	at org.apache.maven.surefire.booter.ForkedBooter.main(ForkedBooter.java:548)
Caused by: org.openqa.selenium.NoSuchElementException: no such element: Unable to locate element: {"method":"xpath","selector":"//table[@aria-label='caption table']//tbody//tr//td[text()='AutoTest310123110638']//following::td[14]//button[@title='Edit']"}
  (Session info: chrome=109.0.5414.75)
For documentation on this error, please visit: https://selenium.dev/exceptions/#no_such_element
Build info: version: '4.6.0', revision: '79f1c02ae20'
System info: os.name: 'Windows 11', os.arch: 'amd64', os.version: '10.0', java.version: '1.8.0_341'
Driver info: org.openqa.selenium.chrome.ChromeDriver
Command: [224c8927c6de36050ff479aaf9f7cfa3, findElement {using=xpath, value=//table[@aria-label='caption table']//tbody//tr//td[text()='AutoTest310123110638']//following::td[14]//button[@title='Edit']}]
Capabilities {acceptInsecureCerts: false, browserName: chrome, browserVersion: 109.0.5414.75, chrome: {chromedriverVersion: 109.0.5414.74 (e7c5703604da..., userDataDir: C:\Users\SANDEE~1.PHA\AppDa...}, goog:chromeOptions: {debuggerAddress: localhost:55136}, networkConnectionEnabled: false, pageLoadStrategy: normal, platformName: WINDOWS, proxy: Proxy(), se:cdp: ws://localhost:55136/devtoo..., se:cdpVersion: 109.0.5414.75, setWindowRect: true, strictFileInteractability: false, timeouts: {implicit: 0, pageLoad: 300000, script: 30000}, unhandledPromptBehavior: dismiss and notify, webauthn:extension:credBlob: true, webauthn:extension:largeBlob: true, webauthn:virtualAuthenticators: true}
Session ID: 224c8927c6de36050ff479aaf9f7cfa3
	at sun.reflect.GeneratedConstructorAccessor29.newInstance(Unknown Source)
	at sun.reflect.DelegatingConstructorAccessorImpl.newInstance(DelegatingConstructorAccessorImpl.java:45)
	at java.lang.reflect.Constructor.newInstance(Constructor.java:423)
	at org.openqa.selenium.remote.codec.w3c.W3CHttpResponseCodec.createException(W3CHttpResponseCodec.java:200)
	at org.openqa.selenium.remote.codec.w3c.W3CHttpResponseCodec.decode(W3CHttpResponseCodec.java:133)
	at org.openqa.selenium.remote.codec.w3c.W3CHttpResponseCodec.decode(W3CHttpResponseCodec.java:53)
	at org.openqa.selenium.remote.HttpCommandExecutor.execute(HttpCommandExecutor.java:184)
	at org.openqa.selenium.remote.service.DriverCommandExecutor.invokeExecute(DriverCommandExecutor.java:167)
	at org.openqa.selenium.remote.service.DriverCommandExecutor.execute(DriverCommandExecutor.java:142)
	at org.openqa.selenium.remote.RemoteWebDriver.execute(RemoteWebDriver.java:541)
	at org.openqa.selenium.remote.ElementLocation$ElementFinder$2.findElement(ElementLocation.java:162)
	at org.openqa.selenium.remote.ElementLocation.findElement(ElementLocation.java:60)
	at org.openqa.selenium.remote.RemoteWebDriver.findElement(RemoteWebDriver.java:365)
	at org.openqa.selenium.remote.RemoteWebDriver.findElement(RemoteWebDriver.java:357)
	at net.thucydides.core.webdriver.WebDriverFacade.findElement(WebDriverFacade.java:246)
	at net.serenitybdd.core.pages.WebElementResolverByLocator.resolveForDriver(WebElementResolverByLocator.java:25)
	at net.serenitybdd.core.pages.WebElementFacadeImpl.getResolvedElement(WebElementFacadeImpl.java:189)
	at net.serenitybdd.core.pages.WebElementFacadeImpl.getElement(WebElementFacadeImpl.java:184)
	at net.serenitybdd.core.pages.WebElementExpectations$5.apply(WebElementExpectations.java:106)
	at net.serenitybdd.core.pages.WebElementExpectations$5.apply(WebElementExpectations.java:98)
	at org.openqa.selenium.support.ui.FluentWait.until(FluentWait.java:208)
	... 77 more
&amp#27;[0m
  &amp#27;[36mAnd &amp#27;[0m&amp#27;[36mUser enter &amp#27;[0m&amp#27;[36m&amp#27;[1m"valid"&amp#27;[0m&amp#27;[36m temperature details in table&amp#27;[0m                  &amp#27;[90m# stepdefinitions.StoreOperator.TempLoggingDefinition.user_enter_temperature_details_in_table(java.lang.String)&amp#27;[0m
  &amp#27;[36mWhen &amp#27;[0m&amp#27;[36mUser click on &amp#27;[0m&amp#27;[36m&amp#27;[1m"Cancel"&amp#27;[0m&amp#27;[36m button in templogging tab&amp#27;[0m                &amp#27;[90m# stepdefinitions.StoreOperator.TempLoggingDefinition.user_click_on_button_in_templogging_tab(java.lang.String)&amp#27;[0m
  &amp#27;[36mAnd &amp#27;[0m&amp#27;[36mUser click on &amp#27;[0m&amp#27;[36m&amp#27;[1m"Yes"&amp#27;[0m&amp#27;[36m button&amp#27;[0m                                       &amp#27;[90m# stepdefinitions.CommonDefinitions.user_click_on_button(java.lang.String)&amp#27;[0m
  &amp#27;[36mThen &amp#27;[0m&amp#27;[36mTemperature and alarm data is visible in table&amp#27;[0m                  &amp#27;[90m# stepdefinitions.StoreOperator.TempLoggingDefinition.temperature_and_alarm_data_is_visible_in_table()&amp#27;[0m
11:07:57.235 [main] ERROR  - 
  _____   ___   ___   _____     ___     _     ___   _      ___   ___  
 |_   _| | __| / __| |_   _|   | __|   /_\   |_ _| | |    | __| |   \ 
   | |   | _|  \__ \   | |     | _|   / _ \   | |  | |__  | _|  | |) |
   |_|   |___| |___/   |_|     |_|   /_/ \_\ |___| |____| |___| |___/ 

Verify user is able to cancel details of temperature, alarms
-----------------------------------------------------------------------
11:07:57.235 [main] ERROR  -     Test failed at step: Click on edit temperature button: Edit
11:07:57.235 [main] ERROR  -     Expected enabled element was not enabled
]]></system-out>
      <system-err><![CDATA[Starting ChromeDriver 109.0.5414.74 (e7c5703604daa9cc128ccf5a5d3e993513758913-refs/branch-heads/5414@{#1172}) on port 8643
Only local connections are allowed.
Please see https://chromedriver.chromium.org/security-considerations for suggestions on keeping ChromeDriver safe.
ChromeDriver was started successfully.
Jan 31, 2023 11:07:01 AM org.openqa.selenium.devtools.CdpVersionFinder findNearestMatch
WARNING: Unable to find an exact match for CDP version 109, so returning the closest version found: 107
]]></system-err>
    </rerunError>
  </testcase>
</testsuite>