<?xml version="1.0" encoding="UTF-8"?>
<testsuite xmlns:xsi="http://www.w3.org/2001/XMLSchema-instance" xsi:noNamespaceSchemaLocation="https://maven.apache.org/surefire/maven-failsafe-plugin/xsd/failsafe-test-report-3.0.xsd" version="3.0" name="runner.Runner" time="3.902" tests="21" errors="21" skipped="0" failures="0">
  <properties>
    <property name="sun.desktop" value="windows"/>
    <property name="awt.toolkit" value="sun.awt.windows.WToolkit"/>
    <property name="file.encoding.pkg" value="sun.io"/>
    <property name="java.specification.version" value="1.8"/>
    <property name="sun.cpu.isalist" value="amd64"/>
    <property name="sun.jnu.encoding" value="Cp1252"/>
    <property name="java.class.path" value="C:\Users\Sandeepkumar.Phalke\eclipse-workspace\UNICEF_SerenityBDD_Automation_Framework\target\test-classes;C:\Users\Sandeepkumar.Phalke\eclipse-workspace\UNICEF_SerenityBDD_Automation_Framework\target\cucumber-serenity-1.0.0-SNAPSHOT.jar;C:\Users\Sandeepkumar.Phalke\.m2\repository\net\serenity-bdd\serenity-core\3.4.2\serenity-core-3.4.2.jar;C:\Users\Sandeepkumar.Phalke\.m2\repository\net\serenity-bdd\serenity-model\3.4.2\serenity-model-3.4.2.jar;C:\Users\Sandeepkumar.Phalke\.m2\repository\org\apache\commons\commons-text\1.10.0\commons-text-1.10.0.jar;C:\Users\Sandeepkumar.Phalke\.m2\repository\commons-net\commons-net\3.8.0\commons-net-3.8.0.jar;C:\Users\Sandeepkumar.Phalke\.m2\repository\com\google\guava\guava\31.1-jre\guava-31.1-jre.jar;C:\Users\Sandeepkumar.Phalke\.m2\repository\com\google\guava\failureaccess\1.0.1\failureaccess-1.0.1.jar;C:\Users\Sandeepkumar.Phalke\.m2\repository\com\google\guava\listenablefuture\9999.0-empty-to-avoid-conflict-with-guava\listenablefuture-9999.0-empty-to-avoid-conflict-with-guava.jar;C:\Users\Sandeepkumar.Phalke\.m2\repository\com\google\code\findbugs\jsr305\3.0.2\jsr305-3.0.2.jar;C:\Users\Sandeepkumar.Phalke\.m2\repository\org\checkerframework\checker-qual\3.12.0\checker-qual-3.12.0.jar;C:\Users\Sandeepkumar.Phalke\.m2\repository\com\google\errorprone\error_prone_annotations\2.11.0\error_prone_annotations-2.11.0.jar;C:\Users\Sandeepkumar.Phalke\.m2\repository\com\google\j2objc\j2objc-annotations\1.3\j2objc-annotations-1.3.jar;C:\Users\Sandeepkumar.Phalke\.m2\repository\com\google\inject\guice\5.1.0\guice-5.1.0.jar;C:\Users\Sandeepkumar.Phalke\.m2\repository\javax\inject\javax.inject\1\javax.inject-1.jar;C:\Users\Sandeepkumar.Phalke\.m2\repository\aopalliance\aopalliance\1.0\aopalliance-1.0.jar;C:\Users\Sandeepkumar.Phalke\.m2\repository\org\jsoup\jsoup\1.14.3\jsoup-1.14.3.jar;C:\Users\Sandeepkumar.Phalke\.m2\repository\com\thoughtworks\xstream\xstream\1.4.19\xstream-1.4.19.jar;C:\Users\Sandeepkumar.Phalke\.m2\repository\io\github\x-stream\mxparser\1.2.2\mxparser-1.2.2.jar;C:\Users\Sandeepkumar.Phalke\.m2\repository\xmlpull\xmlpull\1.1.3.1\xmlpull-1.1.3.1.jar;C:\Users\Sandeepkumar.Phalke\.m2\repository\com\typesafe\config\1.4.2\config-1.4.2.jar;C:\Users\Sandeepkumar.Phalke\.m2\repository\org\imgscalr\imgscalr-lib\4.2\imgscalr-lib-4.2.jar;C:\Users\Sandeepkumar.Phalke\.m2\repository\org\awaitility\awaitility\4.2.0\awaitility-4.2.0.jar;C:\Users\Sandeepkumar.Phalke\.m2\repository\org\freemarker\freemarker\2.3.31\freemarker-2.3.31.jar;C:\Users\Sandeepkumar.Phalke\.m2\repository\io\github\classgraph\classgraph\4.8.138\classgraph-4.8.138.jar;C:\Users\Sandeepkumar.Phalke\.m2\repository\net\sourceforge\jexcelapi\jxl\2.6.12\jxl-2.6.12.jar;C:\Users\Sandeepkumar.Phalke\.m2\repository\net\bytebuddy\byte-buddy-agent\1.12.18\byte-buddy-agent-1.12.18.jar;C:\Users\Sandeepkumar.Phalke\.m2\repository\org\objenesis\objenesis\3.1\objenesis-3.1.jar;C:\Users\Sandeepkumar.Phalke\.m2\repository\net\serenity-bdd\serenity-reports\3.4.2\serenity-reports-3.4.2.jar;C:\Users\Sandeepkumar.Phalke\.m2\repository\net\serenity-bdd\serenity-stats\3.4.2\serenity-stats-3.4.2.jar;C:\Users\Sandeepkumar.Phalke\.m2\repository\net\serenity-bdd\serenity-reports-configuration\3.4.2\serenity-reports-configuration-3.4.2.jar;C:\Users\Sandeepkumar.Phalke\.m2\repository\com\vladsch\flexmark\flexmark-all\0.34.30\flexmark-all-0.34.30.jar;C:\Users\Sandeepkumar.Phalke\.m2\repository\com\vladsch\flexmark\flexmark\0.34.30\flexmark-0.34.30.jar;C:\Users\Sandeepkumar.Phalke\.m2\repository\com\vladsch\flexmark\flexmark-ext-abbreviation\0.34.30\flexmark-ext-abbreviation-0.34.30.jar;C:\Users\Sandeepkumar.Phalke\.m2\repository\com\vladsch\flexmark\flexmark-ext-admonition\0.34.30\flexmark-ext-admonition-0.34.30.jar;C:\Users\Sandeepkumar.Phalke\.m2\repository\com\vladsch\flexmark\flexmark-ext-anchorlink\0.34.30\flexmark-ext-anchorlink-0.34.30.jar;C:\Users\Sandeepkumar.Phalke\.m2\repository\com\vladsch\flexmark\flexmark-ext-aside\0.34.30\flexmark-ext-aside-0.34.30.jar;C:\Users\Sandeepkumar.Phalke\.m2\repository\com\vladsch\flexmark\flexmark-ext-attributes\0.34.30\flexmark-ext-attributes-0.34.30.jar;C:\Users\Sandeepkumar.Phalke\.m2\repository\com\vladsch\flexmark\flexmark-ext-autolink\0.34.30\flexmark-ext-autolink-0.34.30.jar;C:\Users\Sandeepkumar.Phalke\.m2\repository\org\nibor\autolink\autolink\0.6.0\autolink-0.6.0.jar;C:\Users\Sandeepkumar.Phalke\.m2\repository\com\vladsch\flexmark\flexmark-ext-definition\0.34.30\flexmark-ext-definition-0.34.30.jar;C:\Users\Sandeepkumar.Phalke\.m2\repository\com\vladsch\flexmark\flexmark-ext-emoji\0.34.30\flexmark-ext-emoji-0.34.30.jar;C:\Users\Sandeepkumar.Phalke\.m2\repository\com\vladsch\flexmark\flexmark-ext-enumerated-reference\0.34.30\flexmark-ext-enumerated-reference-0.34.30.jar;C:\Users\Sandeepkumar.Phalke\.m2\repository\com\vladsch\flexmark\flexmark-ext-escaped-character\0.34.30\flexmark-ext-escaped-character-0.34.30.jar;C:\Users\Sandeepkumar.Phalke\.m2\repository\com\vladsch\flexmark\flexmark-ext-footnotes\0.34.30\flexmark-ext-footnotes-0.34.30.jar;C:\Users\Sandeepkumar.Phalke\.m2\repository\com\vladsch\flexmark\flexmark-ext-gfm-issues\0.34.30\flexmark-ext-gfm-issues-0.34.30.jar;C:\Users\Sandeepkumar.Phalke\.m2\repository\com\vladsch\flexmark\flexmark-ext-gfm-strikethrough\0.34.30\flexmark-ext-gfm-strikethrough-0.34.30.jar;C:\Users\Sandeepkumar.Phalke\.m2\repository\com\vladsch\flexmark\flexmark-ext-gfm-tables\0.34.30\flexmark-ext-gfm-tables-0.34.30.jar;C:\Users\Sandeepkumar.Phalke\.m2\repository\com\vladsch\flexmark\flexmark-ext-gfm-tasklist\0.34.30\flexmark-ext-gfm-tasklist-0.34.30.jar;C:\Users\Sandeepkumar.Phalke\.m2\repository\com\vladsch\flexmark\flexmark-ext-gfm-users\0.34.30\flexmark-ext-gfm-users-0.34.30.jar;C:\Users\Sandeepkumar.Phalke\.m2\repository\com\vladsch\flexmark\flexmark-ext-gitlab\0.34.30\flexmark-ext-gitlab-0.34.30.jar;C:\Users\Sandeepkumar.Phalke\.m2\repository\com\vladsch\flexmark\flexmark-ext-jekyll-front-matter\0.34.30\flexmark-ext-jekyll-front-matter-0.34.30.jar;C:\Users\Sandeepkumar.Phalke\.m2\repository\com\vladsch\flexmark\flexmark-ext-jekyll-tag\0.34.30\flexmark-ext-jekyll-tag-0.34.30.jar;C:\Users\Sandeepkumar.Phalke\.m2\repository\com\vladsch\flexmark\flexmark-ext-media-tags\0.34.30\flexmark-ext-media-tags-0.34.30.jar;C:\Users\Sandeepkumar.Phalke\.m2\repository\com\vladsch\flexmark\flexmark-test-util\0.34.30\flexmark-test-util-0.34.30.jar;C:\Users\Sandeepkumar.Phalke\.m2\repository\com\vladsch\flexmark\flexmark-ext-ins\0.34.30\flexmark-ext-ins-0.34.30.jar;C:\Users\Sandeepkumar.Phalke\.m2\repository\com\vladsch\flexmark\flexmark-ext-xwiki-macros\0.34.30\flexmark-ext-xwiki-macros-0.34.30.jar;C:\Users\Sandeepkumar.Phalke\.m2\repository\com\vladsch\flexmark\flexmark-ext-superscript\0.34.30\flexmark-ext-superscript-0.34.30.jar;C:\Users\Sandeepkumar.Phalke\.m2\repository\com\vladsch\flexmark\flexmark-ext-tables\0.34.30\flexmark-ext-tables-0.34.30.jar;C:\Users\Sandeepkumar.Phalke\.m2\repository\com\vladsch\flexmark\flexmark-ext-toc\0.34.30\flexmark-ext-toc-0.34.30.jar;C:\Users\Sandeepkumar.Phalke\.m2\repository\com\vladsch\flexmark\flexmark-ext-typographic\0.34.30\flexmark-ext-typographic-0.34.30.jar;C:\Users\Sandeepkumar.Phalke\.m2\repository\com\vladsch\flexmark\flexmark-ext-wikilink\0.34.30\flexmark-ext-wikilink-0.34.30.jar;C:\Users\Sandeepkumar.Phalke\.m2\repository\com\vladsch\flexmark\flexmark-ext-yaml-front-matter\0.34.30\flexmark-ext-yaml-front-matter-0.34.30.jar;C:\Users\Sandeepkumar.Phalke\.m2\repository\com\vladsch\flexmark\flexmark-ext-youtube-embedded\0.34.30\flexmark-ext-youtube-embedded-0.34.30.jar;C:\Users\Sandeepkumar.Phalke\.m2\repository\com\vladsch\flexmark\flexmark-formatter\0.34.30\flexmark-formatter-0.34.30.jar;C:\Users\Sandeepkumar.Phalke\.m2\repository\com\vladsch\flexmark\flexmark-html-parser\0.34.30\flexmark-html-parser-0.34.30.jar;C:\Users\Sandeepkumar.Phalke\.m2\repository\com\vladsch\flexmark\flexmark-jira-converter\0.34.30\flexmark-jira-converter-0.34.30.jar;C:\Users\Sandeepkumar.Phalke\.m2\repository\com\vladsch\flexmark\flexmark-pdf-converter\0.34.30\flexmark-pdf-converter-0.34.30.jar;C:\Users\Sandeepkumar.Phalke\.m2\repository\com\openhtmltopdf\openhtmltopdf-core\0.0.1-RC13\openhtmltopdf-core-0.0.1-RC13.jar;C:\Users\Sandeepkumar.Phalke\.m2\repository\com\openhtmltopdf\openhtmltopdf-pdfbox\0.0.1-RC13\openhtmltopdf-pdfbox-0.0.1-RC13.jar;C:\Users\Sandeepkumar.Phalke\.m2\repository\org\apache\pdfbox\pdfbox\2.0.8\pdfbox-2.0.8.jar;C:\Users\Sandeepkumar.Phalke\.m2\repository\org\apache\pdfbox\fontbox\2.0.8\fontbox-2.0.8.jar;C:\Users\Sandeepkumar.Phalke\.m2\repository\org\apache\pdfbox\xmpbox\2.0.8\xmpbox-2.0.8.jar;C:\Users\Sandeepkumar.Phalke\.m2\repository\de\rototor\pdfbox\graphics2d\0.12\graphics2d-0.12.jar;C:\Users\Sandeepkumar.Phalke\.m2\repository\com\openhtmltopdf\openhtmltopdf-rtl-support\0.0.1-RC13\openhtmltopdf-rtl-support-0.0.1-RC13.jar;C:\Users\Sandeepkumar.Phalke\.m2\repository\com\ibm\icu\icu4j\59.1\icu4j-59.1.jar;C:\Users\Sandeepkumar.Phalke\.m2\repository\com\openhtmltopdf\openhtmltopdf-jsoup-dom-converter\0.0.1-RC13\openhtmltopdf-jsoup-dom-converter-0.0.1-RC13.jar;C:\Users\Sandeepkumar.Phalke\.m2\repository\com\vladsch\flexmark\flexmark-profile-pegdown\0.34.30\flexmark-profile-pegdown-0.34.30.jar;C:\Users\Sandeepkumar.Phalke\.m2\repository\com\vladsch\flexmark\flexmark-util\0.34.30\flexmark-util-0.34.30.jar;C:\Users\Sandeepkumar.Phalke\.m2\repository\com\vladsch\flexmark\flexmark-youtrack-converter\0.34.30\flexmark-youtrack-converter-0.34.30.jar;C:\Users\Sandeepkumar.Phalke\.m2\repository\es\nitaur\markdown\txtmark\0.16\txtmark-0.16.jar;C:\Users\Sandeepkumar.Phalke\.m2\repository\net\serenity-bdd\serenity-report-resources\3.4.2\serenity-report-resources-3.4.2.jar;C:\Users\Sandeepkumar.Phalke\.m2\repository\com\google\code\gson\gson\2.9.0\gson-2.9.0.jar;C:\Users\Sandeepkumar.Phalke\.m2\repository\com\fasterxml\jackson\core\jackson-core\2.13.4\jackson-core-2.13.4.jar;C:\Users\Sandeepkumar.Phalke\.m2\repository\com\fasterxml\jackson\core\jackson-databind\2.13.4\jackson-databind-2.13.4.jar;C:\Users\Sandeepkumar.Phalke\.m2\repository\com\fasterxml\jackson\core\jackson-annotations\2.13.4\jackson-annotations-2.13.4.jar;C:\Users\Sandeepkumar.Phalke\.m2\repository\commons-codec\commons-codec\1.15\commons-codec-1.15.jar;C:\Users\Sandeepkumar.Phalke\.m2\repository\commons-io\commons-io\2.11.0\commons-io-2.11.0.jar;C:\Users\Sandeepkumar.Phalke\.m2\repository\org\apache\httpcomponents\httpclient\4.5.13\httpclient-4.5.13.jar;C:\Users\Sandeepkumar.Phalke\.m2\repository\org\apache\httpcomponents\httpcore\4.4.13\httpcore-4.4.13.jar;C:\Users\Sandeepkumar.Phalke\.m2\repository\commons-logging\commons-logging\1.2\commons-logging-1.2.jar;C:\Users\Sandeepkumar.Phalke\.m2\repository\org\seleniumhq\selenium\selenium-java\4.6.0\selenium-java-4.6.0.jar;C:\Users\Sandeepkumar.Phalke\.m2\repository\org\seleniumhq\selenium\selenium-devtools-v105\4.6.0\selenium-devtools-v105-4.6.0.jar;C:\Users\Sandeepkumar.Phalke\.m2\repository\org\seleniumhq\selenium\selenium-devtools-v106\4.6.0\selenium-devtools-v106-4.6.0.jar;C:\Users\Sandeepkumar.Phalke\.m2\repository\org\seleniumhq\selenium\selenium-devtools-v107\4.6.0\selenium-devtools-v107-4.6.0.jar;C:\Users\Sandeepkumar.Phalke\.m2\repository\org\seleniumhq\selenium\selenium-devtools-v85\4.6.0\selenium-devtools-v85-4.6.0.jar;C:\Users\Sandeepkumar.Phalke\.m2\repository\org\seleniumhq\selenium\selenium-remote-driver\4.6.0\selenium-remote-driver-4.6.0.jar;C:\Users\Sandeepkumar.Phalke\.m2\repository\com\beust\jcommander\1.82\jcommander-1.82.jar;C:\Users\Sandeepkumar.Phalke\.m2\repository\io\netty\netty-buffer\4.1.84.Final\netty-buffer-4.1.84.Final.jar;C:\Users\Sandeepkumar.Phalke\.m2\repository\io\netty\netty-codec-http\4.1.84.Final\netty-codec-http-4.1.84.Final.jar;C:\Users\Sandeepkumar.Phalke\.m2\repository\io\netty\netty-codec\4.1.84.Final\netty-codec-4.1.84.Final.jar;C:\Users\Sandeepkumar.Phalke\.m2\repository\io\netty\netty-handler\4.1.84.Final\netty-handler-4.1.84.Final.jar;C:\Users\Sandeepkumar.Phalke\.m2\repository\io\netty\netty-common\4.1.84.Final\netty-common-4.1.84.Final.jar;C:\Users\Sandeepkumar.Phalke\.m2\repository\io\netty\netty-transport-classes-epoll\4.1.84.Final\netty-transport-classes-epoll-4.1.84.Final.jar;C:\Users\Sandeepkumar.Phalke\.m2\repository\io\netty\netty-transport-classes-kqueue\4.1.84.Final\netty-transport-classes-kqueue-4.1.84.Final.jar;C:\Users\Sandeepkumar.Phalke\.m2\repository\io\netty\netty-transport-native-epoll\4.1.84.Final\netty-transport-native-epoll-4.1.84.Final.jar;C:\Users\Sandeepkumar.Phalke\.m2\repository\io\netty\netty-transport-native-kqueue\4.1.84.Final\netty-transport-native-kqueue-4.1.84.Final.jar;C:\Users\Sandeepkumar.Phalke\.m2\repository\io\netty\netty-transport-native-unix-common\4.1.84.Final\netty-transport-native-unix-common-4.1.84.Final.jar;C:\Users\Sandeepkumar.Phalke\.m2\repository\io\netty\netty-transport\4.1.84.Final\netty-transport-4.1.84.Final.jar;C:\Users\Sandeepkumar.Phalke\.m2\repository\io\netty\netty-resolver\4.1.84.Final\netty-resolver-4.1.84.Final.jar;C:\Users\Sandeepkumar.Phalke\.m2\repository\io\opentelemetry\opentelemetry-api\1.19.0\opentelemetry-api-1.19.0.jar;C:\Users\Sandeepkumar.Phalke\.m2\repository\io\opentelemetry\opentelemetry-context\1.19.0\opentelemetry-context-1.19.0.jar;C:\Users\Sandeepkumar.Phalke\.m2\repository\io\opentelemetry\opentelemetry-exporter-logging\1.19.0\opentelemetry-exporter-logging-1.19.0.jar;C:\Users\Sandeepkumar.Phalke\.m2\repository\io\opentelemetry\opentelemetry-sdk-metrics\1.19.0\opentelemetry-sdk-metrics-1.19.0.jar;C:\Users\Sandeepkumar.Phalke\.m2\repository\io\opentelemetry\opentelemetry-sdk-logs\1.19.0-alpha\opentelemetry-sdk-logs-1.19.0-alpha.jar;C:\Users\Sandeepkumar.Phalke\.m2\repository\io\opentelemetry\opentelemetry-api-logs\1.19.0-alpha\opentelemetry-api-logs-1.19.0-alpha.jar;C:\Users\Sandeepkumar.Phalke\.m2\repository\io\opentelemetry\opentelemetry-sdk-common\1.19.0\opentelemetry-sdk-common-1.19.0.jar;C:\Users\Sandeepkumar.Phalke\.m2\repository\io\opentelemetry\opentelemetry-sdk-extension-autoconfigure-spi\1.19.0\opentelemetry-sdk-extension-autoconfigure-spi-1.19.0.jar;C:\Users\Sandeepkumar.Phalke\.m2\repository\io\opentelemetry\opentelemetry-sdk-extension-autoconfigure\1.19.0-alpha\opentelemetry-sdk-extension-autoconfigure-1.19.0-alpha.jar;C:\Users\Sandeepkumar.Phalke\.m2\repository\io\opentelemetry\opentelemetry-exporter-common\1.19.0\opentelemetry-exporter-common-1.19.0.jar;C:\Users\Sandeepkumar.Phalke\.m2\repository\io\opentelemetry\opentelemetry-sdk-trace\1.19.0\opentelemetry-sdk-trace-1.19.0.jar;C:\Users\Sandeepkumar.Phalke\.m2\repository\io\opentelemetry\opentelemetry-sdk\1.19.0\opentelemetry-sdk-1.19.0.jar;C:\Users\Sandeepkumar.Phalke\.m2\repository\io\opentelemetry\opentelemetry-semconv\1.19.0-alpha\opentelemetry-semconv-1.19.0-alpha.jar;C:\Users\Sandeepkumar.Phalke\.m2\repository\io\ous\jtoml\2.0.0\jtoml-2.0.0.jar;C:\Users\Sandeepkumar.Phalke\.m2\repository\org\apache\commons\commons-exec\1.3\commons-exec-1.3.jar;C:\Users\Sandeepkumar.Phalke\.m2\repository\org\asynchttpclient\async-http-client\2.12.3\async-http-client-2.12.3.jar;C:\Users\Sandeepkumar.Phalke\.m2\repository\org\asynchttpclient\async-http-client-netty-utils\2.12.3\async-http-client-netty-utils-2.12.3.jar;C:\Users\Sandeepkumar.Phalke\.m2\repository\io\netty\netty-codec-socks\4.1.60.Final\netty-codec-socks-4.1.60.Final.jar;C:\Users\Sandeepkumar.Phalke\.m2\repository\io\netty\netty-handler-proxy\4.1.60.Final\netty-handler-proxy-4.1.60.Final.jar;C:\Users\Sandeepkumar.Phalke\.m2\repository\io\netty\netty-transport-native-epoll\4.1.60.Final\netty-transport-native-epoll-4.1.60.Final-linux-x86_64.jar;C:\Users\Sandeepkumar.Phalke\.m2\repository\io\netty\netty-transport-native-kqueue\4.1.60.Final\netty-transport-native-kqueue-4.1.60.Final-osx-x86_64.jar;C:\Users\Sandeepkumar.Phalke\.m2\repository\org\reactivestreams\reactive-streams\1.0.3\reactive-streams-1.0.3.jar;C:\Users\Sandeepkumar.Phalke\.m2\repository\com\typesafe\netty\netty-reactive-streams\2.0.4\netty-reactive-streams-2.0.4.jar;C:\Users\Sandeepkumar.Phalke\.m2\repository\org\seleniumhq\selenium\selenium-http\4.6.0\selenium-http-4.6.0.jar;C:\Users\Sandeepkumar.Phalke\.m2\repository\dev\failsafe\failsafe\3.3.0\failsafe-3.3.0.jar;C:\Users\Sandeepkumar.Phalke\.m2\repository\org\seleniumhq\selenium\selenium-manager\4.6.0\selenium-manager-4.6.0.jar;C:\Users\Sandeepkumar.Phalke\.m2\repository\org\seleniumhq\selenium\selenium-safari-driver\4.6.0\selenium-safari-driver-4.6.0.jar;C:\Users\Sandeepkumar.Phalke\.m2\repository\org\seleniumhq\selenium\selenium-api\4.6.0\selenium-api-4.6.0.jar;C:\Users\Sandeepkumar.Phalke\.m2\repository\org\seleniumhq\selenium\selenium-support\4.6.0\selenium-support-4.6.0.jar;C:\Users\Sandeepkumar.Phalke\.m2\repository\com\google\auto\service\auto-service-annotations\1.0.1\auto-service-annotations-1.0.1.jar;C:\Users\Sandeepkumar.Phalke\.m2\repository\com\google\auto\service\auto-service\1.0.1\auto-service-1.0.1.jar;C:\Users\Sandeepkumar.Phalke\.m2\repository\com\google\auto\auto-common\1.2\auto-common-1.2.jar;C:\Users\Sandeepkumar.Phalke\.m2\repository\org\seleniumhq\selenium\selenium-json\4.6.0\selenium-json-4.6.0.jar;C:\Users\Sandeepkumar.Phalke\.m2\repository\org\seleniumhq\selenium\selenium-chrome-driver\4.6.0\selenium-chrome-driver-4.6.0.jar;C:\Users\Sandeepkumar.Phalke\.m2\repository\org\seleniumhq\selenium\selenium-chromium-driver\4.6.0\selenium-chromium-driver-4.6.0.jar;C:\Users\Sandeepkumar.Phalke\.m2\repository\org\seleniumhq\selenium\selenium-firefox-driver\4.6.0\selenium-firefox-driver-4.6.0.jar;C:\Users\Sandeepkumar.Phalke\.m2\repository\org\seleniumhq\selenium\selenium-edge-driver\4.6.0\selenium-edge-driver-4.6.0.jar;C:\Users\Sandeepkumar.Phalke\.m2\repository\org\seleniumhq\selenium\selenium-ie-driver\4.6.0\selenium-ie-driver-4.6.0.jar;C:\Users\Sandeepkumar.Phalke\.m2\repository\org\projectlombok\lombok\1.18.20\lombok-1.18.20.jar;C:\Users\Sandeepkumar.Phalke\.m2\repository\io\appium\java-client\8.2.0\java-client-8.2.0.jar;C:\Users\Sandeepkumar.Phalke\.m2\repository\commons-validator\commons-validator\1.7\commons-validator-1.7.jar;C:\Users\Sandeepkumar.Phalke\.m2\repository\commons-digester\commons-digester\2.1\commons-digester-2.1.jar;C:\Users\Sandeepkumar.Phalke\.m2\repository\org\apache\groovy\groovy\4.0.6\groovy-4.0.6.jar;C:\Users\Sandeepkumar.Phalke\.m2\repository\net\sf\opencsv\opencsv\2.0\opencsv-2.0.jar;C:\Users\Sandeepkumar.Phalke\.m2\repository\commons-beanutils\commons-beanutils\1.9.4\commons-beanutils-1.9.4.jar;C:\Users\Sandeepkumar.Phalke\.m2\repository\org\apache\commons\commons-lang3\3.12.0\commons-lang3-3.12.0.jar;C:\Users\Sandeepkumar.Phalke\.m2\repository\commons-collections\commons-collections\3.2.2\commons-collections-3.2.2.jar;C:\Users\Sandeepkumar.Phalke\.m2\repository\org\fluentlenium\fluentlenium-core\0.10.2\fluentlenium-core-0.10.2.jar;C:\Users\Sandeepkumar.Phalke\.m2\repository\io\github\bonigarcia\webdrivermanager\5.3.0\webdrivermanager-5.3.0.jar;C:\Users\Sandeepkumar.Phalke\.m2\repository\com\github\docker-java\docker-java\3.2.13\docker-java-3.2.13.jar;C:\Users\Sandeepkumar.Phalke\.m2\repository\com\github\docker-java\docker-java-core\3.2.13\docker-java-core-3.2.13.jar;C:\Users\Sandeepkumar.Phalke\.m2\repository\com\github\docker-java\docker-java-api\3.2.13\docker-java-api-3.2.13.jar;C:\Users\Sandeepkumar.Phalke\.m2\repository\org\apache\commons\commons-compress\1.21\commons-compress-1.21.jar;C:\Users\Sandeepkumar.Phalke\.m2\repository\org\bouncycastle\bcpkix-jdk15on\1.64\bcpkix-jdk15on-1.64.jar;C:\Users\Sandeepkumar.Phalke\.m2\repository\org\bouncycastle\bcprov-jdk15on\1.64\bcprov-jdk15on-1.64.jar;C:\Users\Sandeepkumar.Phalke\.m2\repository\org\slf4j\jcl-over-slf4j\1.7.30\jcl-over-slf4j-1.7.30.jar;C:\Users\Sandeepkumar.Phalke\.m2\repository\com\github\docker-java\docker-java-transport-httpclient5\3.2.13\docker-java-transport-httpclient5-3.2.13.jar;C:\Users\Sandeepkumar.Phalke\.m2\repository\com\github\docker-java\docker-java-transport\3.2.13\docker-java-transport-3.2.13.jar;C:\Users\Sandeepkumar.Phalke\.m2\repository\net\java\dev\jna\jna\5.8.0\jna-5.8.0.jar;C:\Users\Sandeepkumar.Phalke\.m2\repository\org\brotli\dec\0.1.2\dec-0.1.2.jar;C:\Users\Sandeepkumar.Phalke\.m2\repository\org\apache\httpcomponents\client5\httpclient5\5.1.3\httpclient5-5.1.3.jar;C:\Users\Sandeepkumar.Phalke\.m2\repository\org\apache\httpcomponents\core5\httpcore5\5.1.3\httpcore5-5.1.3.jar;C:\Users\Sandeepkumar.Phalke\.m2\repository\org\apache\httpcomponents\core5\httpcore5-h2\5.1.3\httpcore5-h2-5.1.3.jar;C:\Users\Sandeepkumar.Phalke\.m2\repository\com\jhlabs\filters\2.0.235\filters-2.0.235.jar;C:\Users\Sandeepkumar.Phalke\.m2\repository\com\paulhammant\ngwebdriver\1.1.6\ngwebdriver-1.1.6.jar;C:\Users\Sandeepkumar.Phalke\.m2\repository\joda-time\joda-time\2.8.2\joda-time-2.8.2.jar;C:\Users\Sandeepkumar.Phalke\.m2\repository\org\hamcrest\hamcrest\2.2\hamcrest-2.2.jar;C:\Users\Sandeepkumar.Phalke\.m2\repository\com\google\jimfs\jimfs\1.2\jimfs-1.2.jar;C:\Users\Sandeepkumar.Phalke\.m2\repository\org\mockito\mockito-core\3.3.3\mockito-core-3.3.3.jar;C:\Users\Sandeepkumar.Phalke\.m2\repository\javax\xml\bind\jaxb-api\2.3.1\jaxb-api-2.3.1.jar;C:\Users\Sandeepkumar.Phalke\.m2\repository\javax\activation\javax.activation-api\1.2.0\javax.activation-api-1.2.0.jar;C:\Users\Sandeepkumar.Phalke\.m2\repository\com\sun\xml\bind\jaxb-core\2.3.0.1\jaxb-core-2.3.0.1.jar;C:\Users\Sandeepkumar.Phalke\.m2\repository\com\sun\xml\bind\jaxb-impl\2.3.3\jaxb-impl-2.3.3.jar;C:\Users\Sandeepkumar.Phalke\.m2\repository\jakarta\xml\bind\jakarta.xml.bind-api\2.3.3\jakarta.xml.bind-api-2.3.3.jar;C:\Users\Sandeepkumar.Phalke\.m2\repository\com\sun\activation\jakarta.activation\1.2.2\jakarta.activation-1.2.2.jar;C:\Users\Sandeepkumar.Phalke\.m2\repository\javax\activation\activation\1.1.1\activation-1.1.1.jar;C:\Users\Sandeepkumar.Phalke\.m2\repository\net\serenity-bdd\serenity-cucumber\3.4.2\serenity-cucumber-3.4.2.jar;C:\Users\Sandeepkumar.Phalke\.m2\repository\io\cucumber\cucumber-core\7.8.1\cucumber-core-7.8.1.jar;C:\Users\Sandeepkumar.Phalke\.m2\repository\io\cucumber\cucumber-gherkin\7.8.1\cucumber-gherkin-7.8.1.jar;C:\Users\Sandeepkumar.Phalke\.m2\repository\io\cucumber\cucumber-gherkin-messages\7.8.1\cucumber-gherkin-messages-7.8.1.jar;C:\Users\Sandeepkumar.Phalke\.m2\repository\io\cucumber\gherkin\24.0.0\gherkin-24.0.0.jar;C:\Users\Sandeepkumar.Phalke\.m2\repository\io\cucumber\messages\19.1.4\messages-19.1.4.jar;C:\Users\Sandeepkumar.Phalke\.m2\repository\io\cucumber\tag-expressions\4.1.0\tag-expressions-4.1.0.jar;C:\Users\Sandeepkumar.Phalke\.m2\repository\io\cucumber\cucumber-expressions\16.0.0\cucumber-expressions-16.0.0.jar;C:\Users\Sandeepkumar.Phalke\.m2\repository\io\cucumber\datatable\7.8.1\datatable-7.8.1.jar;C:\Users\Sandeepkumar.Phalke\.m2\repository\io\cucumber\cucumber-plugin\7.8.1\cucumber-plugin-7.8.1.jar;C:\Users\Sandeepkumar.Phalke\.m2\repository\io\cucumber\docstring\7.8.1\docstring-7.8.1.jar;C:\Users\Sandeepkumar.Phalke\.m2\repository\io\cucumber\html-formatter\20.1.0\html-formatter-20.1.0.jar;C:\Users\Sandeepkumar.Phalke\.m2\repository\io\cucumber\ci-environment\9.1.0\ci-environment-9.1.0.jar;C:\Users\Sandeepkumar.Phalke\.m2\repository\io\cucumber\cucumber-java\7.8.1\cucumber-java-7.8.1.jar;C:\Users\Sandeepkumar.Phalke\.m2\repository\io\cucumber\cucumber-junit\7.8.1\cucumber-junit-7.8.1.jar;C:\Users\Sandeepkumar.Phalke\.m2\repository\org\apache\commons\commons-csv\1.5\commons-csv-1.5.jar;C:\Users\Sandeepkumar.Phalke\.m2\repository\net\serenity-bdd\serenity-screenplay\3.4.2\serenity-screenplay-3.4.2.jar;C:\Users\Sandeepkumar.Phalke\.m2\repository\net\serenity-bdd\serenity-screenplay-webdriver\3.4.2\serenity-screenplay-webdriver-3.4.2.jar;C:\Users\Sandeepkumar.Phalke\.m2\repository\net\serenity-bdd\serenity-ensure\3.4.2\serenity-ensure-3.4.2.jar;C:\Users\Sandeepkumar.Phalke\.m2\repository\net\serenity-bdd\serenity-junit\3.4.2\serenity-junit-3.4.2.jar;C:\Users\Sandeepkumar.Phalke\.m2\repository\org\jetbrains\kotlin\kotlin-stdlib\1.7.20\kotlin-stdlib-1.7.20.jar;C:\Users\Sandeepkumar.Phalke\.m2\repository\org\jetbrains\kotlin\kotlin-stdlib-common\1.7.20\kotlin-stdlib-common-1.7.20.jar;C:\Users\Sandeepkumar.Phalke\.m2\repository\org\jetbrains\annotations\13.0\annotations-13.0.jar;C:\Users\Sandeepkumar.Phalke\.m2\repository\org\junit\platform\junit-platform-launcher\1.8.2\junit-platform-launcher-1.8.2.jar;C:\Users\Sandeepkumar.Phalke\.m2\repository\org\junit\platform\junit-platform-engine\1.8.2\junit-platform-engine-1.8.2.jar;C:\Users\Sandeepkumar.Phalke\.m2\repository\org\opentest4j\opentest4j\1.2.0\opentest4j-1.2.0.jar;C:\Users\Sandeepkumar.Phalke\.m2\repository\org\junit\platform\junit-platform-commons\1.8.2\junit-platform-commons-1.8.2.jar;C:\Users\Sandeepkumar.Phalke\.m2\repository\org\apiguardian\apiguardian-api\1.1.2\apiguardian-api-1.1.2.jar;C:\Users\Sandeepkumar.Phalke\.m2\repository\org\junit\jupiter\junit-jupiter-engine\5.8.2\junit-jupiter-engine-5.8.2.jar;C:\Users\Sandeepkumar.Phalke\.m2\repository\org\junit\jupiter\junit-jupiter-api\5.8.2\junit-jupiter-api-5.8.2.jar;C:\Users\Sandeepkumar.Phalke\.m2\repository\org\junit\vintage\junit-vintage-engine\5.8.2\junit-vintage-engine-5.8.2.jar;C:\Users\Sandeepkumar.Phalke\.m2\repository\junit\junit\4.13.2\junit-4.13.2.jar;C:\Users\Sandeepkumar.Phalke\.m2\repository\org\hamcrest\hamcrest-core\1.3\hamcrest-core-1.3.jar;C:\Users\Sandeepkumar.Phalke\.m2\repository\ch\qos\logback\logback-classic\1.2.10\logback-classic-1.2.10.jar;C:\Users\Sandeepkumar.Phalke\.m2\repository\ch\qos\logback\logback-core\1.2.10\logback-core-1.2.10.jar;C:\Users\Sandeepkumar.Phalke\.m2\repository\org\slf4j\slf4j-api\1.7.32\slf4j-api-1.7.32.jar;C:\Users\Sandeepkumar.Phalke\.m2\repository\org\assertj\assertj-core\3.23.1\assertj-core-3.23.1.jar;C:\Users\Sandeepkumar.Phalke\.m2\repository\net\bytebuddy\byte-buddy\1.12.10\byte-buddy-1.12.10.jar;"/>
    <property name="java.vm.vendor" value="Oracle Corporation"/>
    <property name="sun.arch.data.model" value="64"/>
    <property name="user.variant" value=""/>
    <property name="java.vendor.url" value="http://java.oracle.com/"/>
    <property name="user.timezone" value="Asia/Calcutta"/>
    <property name="java.vm.specification.version" value="1.8"/>
    <property name="os.name" value="Windows 11"/>
    <property name="user.country" value="IN"/>
    <property name="sun.java.launcher" value="SUN_STANDARD"/>
    <property name="sun.boot.library.path" value="C:\Program Files\Java\jdk1.8.0_341\jre\bin"/>
    <property name="sun.java.command" value="C:\Users\Sandeepkumar.Phalke\AppData\Local\Temp\surefire7367814925532337367\surefirebooter3600344715258200250.jar C:\Users\Sandeepkumar.Phalke\AppData\Local\Temp\surefire7367814925532337367 2023-01-06T13-58-21_329-jvmRun1 surefire780281817956350832tmp surefire_0842754123510497703tmp"/>
    <property name="surefire.test.class.path" value="C:\Users\Sandeepkumar.Phalke\eclipse-workspace\UNICEF_SerenityBDD_Automation_Framework\target\test-classes;C:\Users\Sandeepkumar.Phalke\eclipse-workspace\UNICEF_SerenityBDD_Automation_Framework\target\cucumber-serenity-1.0.0-SNAPSHOT.jar;C:\Users\Sandeepkumar.Phalke\.m2\repository\net\serenity-bdd\serenity-core\3.4.2\serenity-core-3.4.2.jar;C:\Users\Sandeepkumar.Phalke\.m2\repository\net\serenity-bdd\serenity-model\3.4.2\serenity-model-3.4.2.jar;C:\Users\Sandeepkumar.Phalke\.m2\repository\org\apache\commons\commons-text\1.10.0\commons-text-1.10.0.jar;C:\Users\Sandeepkumar.Phalke\.m2\repository\commons-net\commons-net\3.8.0\commons-net-3.8.0.jar;C:\Users\Sandeepkumar.Phalke\.m2\repository\com\google\guava\guava\31.1-jre\guava-31.1-jre.jar;C:\Users\Sandeepkumar.Phalke\.m2\repository\com\google\guava\failureaccess\1.0.1\failureaccess-1.0.1.jar;C:\Users\Sandeepkumar.Phalke\.m2\repository\com\google\guava\listenablefuture\9999.0-empty-to-avoid-conflict-with-guava\listenablefuture-9999.0-empty-to-avoid-conflict-with-guava.jar;C:\Users\Sandeepkumar.Phalke\.m2\repository\com\google\code\findbugs\jsr305\3.0.2\jsr305-3.0.2.jar;C:\Users\Sandeepkumar.Phalke\.m2\repository\org\checkerframework\checker-qual\3.12.0\checker-qual-3.12.0.jar;C:\Users\Sandeepkumar.Phalke\.m2\repository\com\google\errorprone\error_prone_annotations\2.11.0\error_prone_annotations-2.11.0.jar;C:\Users\Sandeepkumar.Phalke\.m2\repository\com\google\j2objc\j2objc-annotations\1.3\j2objc-annotations-1.3.jar;C:\Users\Sandeepkumar.Phalke\.m2\repository\com\google\inject\guice\5.1.0\guice-5.1.0.jar;C:\Users\Sandeepkumar.Phalke\.m2\repository\javax\inject\javax.inject\1\javax.inject-1.jar;C:\Users\Sandeepkumar.Phalke\.m2\repository\aopalliance\aopalliance\1.0\aopalliance-1.0.jar;C:\Users\Sandeepkumar.Phalke\.m2\repository\org\jsoup\jsoup\1.14.3\jsoup-1.14.3.jar;C:\Users\Sandeepkumar.Phalke\.m2\repository\com\thoughtworks\xstream\xstream\1.4.19\xstream-1.4.19.jar;C:\Users\Sandeepkumar.Phalke\.m2\repository\io\github\x-stream\mxparser\1.2.2\mxparser-1.2.2.jar;C:\Users\Sandeepkumar.Phalke\.m2\repository\xmlpull\xmlpull\1.1.3.1\xmlpull-1.1.3.1.jar;C:\Users\Sandeepkumar.Phalke\.m2\repository\com\typesafe\config\1.4.2\config-1.4.2.jar;C:\Users\Sandeepkumar.Phalke\.m2\repository\org\imgscalr\imgscalr-lib\4.2\imgscalr-lib-4.2.jar;C:\Users\Sandeepkumar.Phalke\.m2\repository\org\awaitility\awaitility\4.2.0\awaitility-4.2.0.jar;C:\Users\Sandeepkumar.Phalke\.m2\repository\org\freemarker\freemarker\2.3.31\freemarker-2.3.31.jar;C:\Users\Sandeepkumar.Phalke\.m2\repository\io\github\classgraph\classgraph\4.8.138\classgraph-4.8.138.jar;C:\Users\Sandeepkumar.Phalke\.m2\repository\net\sourceforge\jexcelapi\jxl\2.6.12\jxl-2.6.12.jar;C:\Users\Sandeepkumar.Phalke\.m2\repository\net\bytebuddy\byte-buddy-agent\1.12.18\byte-buddy-agent-1.12.18.jar;C:\Users\Sandeepkumar.Phalke\.m2\repository\org\objenesis\objenesis\3.1\objenesis-3.1.jar;C:\Users\Sandeepkumar.Phalke\.m2\repository\net\serenity-bdd\serenity-reports\3.4.2\serenity-reports-3.4.2.jar;C:\Users\Sandeepkumar.Phalke\.m2\repository\net\serenity-bdd\serenity-stats\3.4.2\serenity-stats-3.4.2.jar;C:\Users\Sandeepkumar.Phalke\.m2\repository\net\serenity-bdd\serenity-reports-configuration\3.4.2\serenity-reports-configuration-3.4.2.jar;C:\Users\Sandeepkumar.Phalke\.m2\repository\com\vladsch\flexmark\flexmark-all\0.34.30\flexmark-all-0.34.30.jar;C:\Users\Sandeepkumar.Phalke\.m2\repository\com\vladsch\flexmark\flexmark\0.34.30\flexmark-0.34.30.jar;C:\Users\Sandeepkumar.Phalke\.m2\repository\com\vladsch\flexmark\flexmark-ext-abbreviation\0.34.30\flexmark-ext-abbreviation-0.34.30.jar;C:\Users\Sandeepkumar.Phalke\.m2\repository\com\vladsch\flexmark\flexmark-ext-admonition\0.34.30\flexmark-ext-admonition-0.34.30.jar;C:\Users\Sandeepkumar.Phalke\.m2\repository\com\vladsch\flexmark\flexmark-ext-anchorlink\0.34.30\flexmark-ext-anchorlink-0.34.30.jar;C:\Users\Sandeepkumar.Phalke\.m2\repository\com\vladsch\flexmark\flexmark-ext-aside\0.34.30\flexmark-ext-aside-0.34.30.jar;C:\Users\Sandeepkumar.Phalke\.m2\repository\com\vladsch\flexmark\flexmark-ext-attributes\0.34.30\flexmark-ext-attributes-0.34.30.jar;C:\Users\Sandeepkumar.Phalke\.m2\repository\com\vladsch\flexmark\flexmark-ext-autolink\0.34.30\flexmark-ext-autolink-0.34.30.jar;C:\Users\Sandeepkumar.Phalke\.m2\repository\org\nibor\autolink\autolink\0.6.0\autolink-0.6.0.jar;C:\Users\Sandeepkumar.Phalke\.m2\repository\com\vladsch\flexmark\flexmark-ext-definition\0.34.30\flexmark-ext-definition-0.34.30.jar;C:\Users\Sandeepkumar.Phalke\.m2\repository\com\vladsch\flexmark\flexmark-ext-emoji\0.34.30\flexmark-ext-emoji-0.34.30.jar;C:\Users\Sandeepkumar.Phalke\.m2\repository\com\vladsch\flexmark\flexmark-ext-enumerated-reference\0.34.30\flexmark-ext-enumerated-reference-0.34.30.jar;C:\Users\Sandeepkumar.Phalke\.m2\repository\com\vladsch\flexmark\flexmark-ext-escaped-character\0.34.30\flexmark-ext-escaped-character-0.34.30.jar;C:\Users\Sandeepkumar.Phalke\.m2\repository\com\vladsch\flexmark\flexmark-ext-footnotes\0.34.30\flexmark-ext-footnotes-0.34.30.jar;C:\Users\Sandeepkumar.Phalke\.m2\repository\com\vladsch\flexmark\flexmark-ext-gfm-issues\0.34.30\flexmark-ext-gfm-issues-0.34.30.jar;C:\Users\Sandeepkumar.Phalke\.m2\repository\com\vladsch\flexmark\flexmark-ext-gfm-strikethrough\0.34.30\flexmark-ext-gfm-strikethrough-0.34.30.jar;C:\Users\Sandeepkumar.Phalke\.m2\repository\com\vladsch\flexmark\flexmark-ext-gfm-tables\0.34.30\flexmark-ext-gfm-tables-0.34.30.jar;C:\Users\Sandeepkumar.Phalke\.m2\repository\com\vladsch\flexmark\flexmark-ext-gfm-tasklist\0.34.30\flexmark-ext-gfm-tasklist-0.34.30.jar;C:\Users\Sandeepkumar.Phalke\.m2\repository\com\vladsch\flexmark\flexmark-ext-gfm-users\0.34.30\flexmark-ext-gfm-users-0.34.30.jar;C:\Users\Sandeepkumar.Phalke\.m2\repository\com\vladsch\flexmark\flexmark-ext-gitlab\0.34.30\flexmark-ext-gitlab-0.34.30.jar;C:\Users\Sandeepkumar.Phalke\.m2\repository\com\vladsch\flexmark\flexmark-ext-jekyll-front-matter\0.34.30\flexmark-ext-jekyll-front-matter-0.34.30.jar;C:\Users\Sandeepkumar.Phalke\.m2\repository\com\vladsch\flexmark\flexmark-ext-jekyll-tag\0.34.30\flexmark-ext-jekyll-tag-0.34.30.jar;C:\Users\Sandeepkumar.Phalke\.m2\repository\com\vladsch\flexmark\flexmark-ext-media-tags\0.34.30\flexmark-ext-media-tags-0.34.30.jar;C:\Users\Sandeepkumar.Phalke\.m2\repository\com\vladsch\flexmark\flexmark-test-util\0.34.30\flexmark-test-util-0.34.30.jar;C:\Users\Sandeepkumar.Phalke\.m2\repository\com\vladsch\flexmark\flexmark-ext-ins\0.34.30\flexmark-ext-ins-0.34.30.jar;C:\Users\Sandeepkumar.Phalke\.m2\repository\com\vladsch\flexmark\flexmark-ext-xwiki-macros\0.34.30\flexmark-ext-xwiki-macros-0.34.30.jar;C:\Users\Sandeepkumar.Phalke\.m2\repository\com\vladsch\flexmark\flexmark-ext-superscript\0.34.30\flexmark-ext-superscript-0.34.30.jar;C:\Users\Sandeepkumar.Phalke\.m2\repository\com\vladsch\flexmark\flexmark-ext-tables\0.34.30\flexmark-ext-tables-0.34.30.jar;C:\Users\Sandeepkumar.Phalke\.m2\repository\com\vladsch\flexmark\flexmark-ext-toc\0.34.30\flexmark-ext-toc-0.34.30.jar;C:\Users\Sandeepkumar.Phalke\.m2\repository\com\vladsch\flexmark\flexmark-ext-typographic\0.34.30\flexmark-ext-typographic-0.34.30.jar;C:\Users\Sandeepkumar.Phalke\.m2\repository\com\vladsch\flexmark\flexmark-ext-wikilink\0.34.30\flexmark-ext-wikilink-0.34.30.jar;C:\Users\Sandeepkumar.Phalke\.m2\repository\com\vladsch\flexmark\flexmark-ext-yaml-front-matter\0.34.30\flexmark-ext-yaml-front-matter-0.34.30.jar;C:\Users\Sandeepkumar.Phalke\.m2\repository\com\vladsch\flexmark\flexmark-ext-youtube-embedded\0.34.30\flexmark-ext-youtube-embedded-0.34.30.jar;C:\Users\Sandeepkumar.Phalke\.m2\repository\com\vladsch\flexmark\flexmark-formatter\0.34.30\flexmark-formatter-0.34.30.jar;C:\Users\Sandeepkumar.Phalke\.m2\repository\com\vladsch\flexmark\flexmark-html-parser\0.34.30\flexmark-html-parser-0.34.30.jar;C:\Users\Sandeepkumar.Phalke\.m2\repository\com\vladsch\flexmark\flexmark-jira-converter\0.34.30\flexmark-jira-converter-0.34.30.jar;C:\Users\Sandeepkumar.Phalke\.m2\repository\com\vladsch\flexmark\flexmark-pdf-converter\0.34.30\flexmark-pdf-converter-0.34.30.jar;C:\Users\Sandeepkumar.Phalke\.m2\repository\com\openhtmltopdf\openhtmltopdf-core\0.0.1-RC13\openhtmltopdf-core-0.0.1-RC13.jar;C:\Users\Sandeepkumar.Phalke\.m2\repository\com\openhtmltopdf\openhtmltopdf-pdfbox\0.0.1-RC13\openhtmltopdf-pdfbox-0.0.1-RC13.jar;C:\Users\Sandeepkumar.Phalke\.m2\repository\org\apache\pdfbox\pdfbox\2.0.8\pdfbox-2.0.8.jar;C:\Users\Sandeepkumar.Phalke\.m2\repository\org\apache\pdfbox\fontbox\2.0.8\fontbox-2.0.8.jar;C:\Users\Sandeepkumar.Phalke\.m2\repository\org\apache\pdfbox\xmpbox\2.0.8\xmpbox-2.0.8.jar;C:\Users\Sandeepkumar.Phalke\.m2\repository\de\rototor\pdfbox\graphics2d\0.12\graphics2d-0.12.jar;C:\Users\Sandeepkumar.Phalke\.m2\repository\com\openhtmltopdf\openhtmltopdf-rtl-support\0.0.1-RC13\openhtmltopdf-rtl-support-0.0.1-RC13.jar;C:\Users\Sandeepkumar.Phalke\.m2\repository\com\ibm\icu\icu4j\59.1\icu4j-59.1.jar;C:\Users\Sandeepkumar.Phalke\.m2\repository\com\openhtmltopdf\openhtmltopdf-jsoup-dom-converter\0.0.1-RC13\openhtmltopdf-jsoup-dom-converter-0.0.1-RC13.jar;C:\Users\Sandeepkumar.Phalke\.m2\repository\com\vladsch\flexmark\flexmark-profile-pegdown\0.34.30\flexmark-profile-pegdown-0.34.30.jar;C:\Users\Sandeepkumar.Phalke\.m2\repository\com\vladsch\flexmark\flexmark-util\0.34.30\flexmark-util-0.34.30.jar;C:\Users\Sandeepkumar.Phalke\.m2\repository\com\vladsch\flexmark\flexmark-youtrack-converter\0.34.30\flexmark-youtrack-converter-0.34.30.jar;C:\Users\Sandeepkumar.Phalke\.m2\repository\es\nitaur\markdown\txtmark\0.16\txtmark-0.16.jar;C:\Users\Sandeepkumar.Phalke\.m2\repository\net\serenity-bdd\serenity-report-resources\3.4.2\serenity-report-resources-3.4.2.jar;C:\Users\Sandeepkumar.Phalke\.m2\repository\com\google\code\gson\gson\2.9.0\gson-2.9.0.jar;C:\Users\Sandeepkumar.Phalke\.m2\repository\com\fasterxml\jackson\core\jackson-core\2.13.4\jackson-core-2.13.4.jar;C:\Users\Sandeepkumar.Phalke\.m2\repository\com\fasterxml\jackson\core\jackson-databind\2.13.4\jackson-databind-2.13.4.jar;C:\Users\Sandeepkumar.Phalke\.m2\repository\com\fasterxml\jackson\core\jackson-annotations\2.13.4\jackson-annotations-2.13.4.jar;C:\Users\Sandeepkumar.Phalke\.m2\repository\commons-codec\commons-codec\1.15\commons-codec-1.15.jar;C:\Users\Sandeepkumar.Phalke\.m2\repository\commons-io\commons-io\2.11.0\commons-io-2.11.0.jar;C:\Users\Sandeepkumar.Phalke\.m2\repository\org\apache\httpcomponents\httpclient\4.5.13\httpclient-4.5.13.jar;C:\Users\Sandeepkumar.Phalke\.m2\repository\org\apache\httpcomponents\httpcore\4.4.13\httpcore-4.4.13.jar;C:\Users\Sandeepkumar.Phalke\.m2\repository\commons-logging\commons-logging\1.2\commons-logging-1.2.jar;C:\Users\Sandeepkumar.Phalke\.m2\repository\org\seleniumhq\selenium\selenium-java\4.6.0\selenium-java-4.6.0.jar;C:\Users\Sandeepkumar.Phalke\.m2\repository\org\seleniumhq\selenium\selenium-devtools-v105\4.6.0\selenium-devtools-v105-4.6.0.jar;C:\Users\Sandeepkumar.Phalke\.m2\repository\org\seleniumhq\selenium\selenium-devtools-v106\4.6.0\selenium-devtools-v106-4.6.0.jar;C:\Users\Sandeepkumar.Phalke\.m2\repository\org\seleniumhq\selenium\selenium-devtools-v107\4.6.0\selenium-devtools-v107-4.6.0.jar;C:\Users\Sandeepkumar.Phalke\.m2\repository\org\seleniumhq\selenium\selenium-devtools-v85\4.6.0\selenium-devtools-v85-4.6.0.jar;C:\Users\Sandeepkumar.Phalke\.m2\repository\org\seleniumhq\selenium\selenium-remote-driver\4.6.0\selenium-remote-driver-4.6.0.jar;C:\Users\Sandeepkumar.Phalke\.m2\repository\com\beust\jcommander\1.82\jcommander-1.82.jar;C:\Users\Sandeepkumar.Phalke\.m2\repository\io\netty\netty-buffer\4.1.84.Final\netty-buffer-4.1.84.Final.jar;C:\Users\Sandeepkumar.Phalke\.m2\repository\io\netty\netty-codec-http\4.1.84.Final\netty-codec-http-4.1.84.Final.jar;C:\Users\Sandeepkumar.Phalke\.m2\repository\io\netty\netty-codec\4.1.84.Final\netty-codec-4.1.84.Final.jar;C:\Users\Sandeepkumar.Phalke\.m2\repository\io\netty\netty-handler\4.1.84.Final\netty-handler-4.1.84.Final.jar;C:\Users\Sandeepkumar.Phalke\.m2\repository\io\netty\netty-common\4.1.84.Final\netty-common-4.1.84.Final.jar;C:\Users\Sandeepkumar.Phalke\.m2\repository\io\netty\netty-transport-classes-epoll\4.1.84.Final\netty-transport-classes-epoll-4.1.84.Final.jar;C:\Users\Sandeepkumar.Phalke\.m2\repository\io\netty\netty-transport-classes-kqueue\4.1.84.Final\netty-transport-classes-kqueue-4.1.84.Final.jar;C:\Users\Sandeepkumar.Phalke\.m2\repository\io\netty\netty-transport-native-epoll\4.1.84.Final\netty-transport-native-epoll-4.1.84.Final.jar;C:\Users\Sandeepkumar.Phalke\.m2\repository\io\netty\netty-transport-native-kqueue\4.1.84.Final\netty-transport-native-kqueue-4.1.84.Final.jar;C:\Users\Sandeepkumar.Phalke\.m2\repository\io\netty\netty-transport-native-unix-common\4.1.84.Final\netty-transport-native-unix-common-4.1.84.Final.jar;C:\Users\Sandeepkumar.Phalke\.m2\repository\io\netty\netty-transport\4.1.84.Final\netty-transport-4.1.84.Final.jar;C:\Users\Sandeepkumar.Phalke\.m2\repository\io\netty\netty-resolver\4.1.84.Final\netty-resolver-4.1.84.Final.jar;C:\Users\Sandeepkumar.Phalke\.m2\repository\io\opentelemetry\opentelemetry-api\1.19.0\opentelemetry-api-1.19.0.jar;C:\Users\Sandeepkumar.Phalke\.m2\repository\io\opentelemetry\opentelemetry-context\1.19.0\opentelemetry-context-1.19.0.jar;C:\Users\Sandeepkumar.Phalke\.m2\repository\io\opentelemetry\opentelemetry-exporter-logging\1.19.0\opentelemetry-exporter-logging-1.19.0.jar;C:\Users\Sandeepkumar.Phalke\.m2\repository\io\opentelemetry\opentelemetry-sdk-metrics\1.19.0\opentelemetry-sdk-metrics-1.19.0.jar;C:\Users\Sandeepkumar.Phalke\.m2\repository\io\opentelemetry\opentelemetry-sdk-logs\1.19.0-alpha\opentelemetry-sdk-logs-1.19.0-alpha.jar;C:\Users\Sandeepkumar.Phalke\.m2\repository\io\opentelemetry\opentelemetry-api-logs\1.19.0-alpha\opentelemetry-api-logs-1.19.0-alpha.jar;C:\Users\Sandeepkumar.Phalke\.m2\repository\io\opentelemetry\opentelemetry-sdk-common\1.19.0\opentelemetry-sdk-common-1.19.0.jar;C:\Users\Sandeepkumar.Phalke\.m2\repository\io\opentelemetry\opentelemetry-sdk-extension-autoconfigure-spi\1.19.0\opentelemetry-sdk-extension-autoconfigure-spi-1.19.0.jar;C:\Users\Sandeepkumar.Phalke\.m2\repository\io\opentelemetry\opentelemetry-sdk-extension-autoconfigure\1.19.0-alpha\opentelemetry-sdk-extension-autoconfigure-1.19.0-alpha.jar;C:\Users\Sandeepkumar.Phalke\.m2\repository\io\opentelemetry\opentelemetry-exporter-common\1.19.0\opentelemetry-exporter-common-1.19.0.jar;C:\Users\Sandeepkumar.Phalke\.m2\repository\io\opentelemetry\opentelemetry-sdk-trace\1.19.0\opentelemetry-sdk-trace-1.19.0.jar;C:\Users\Sandeepkumar.Phalke\.m2\repository\io\opentelemetry\opentelemetry-sdk\1.19.0\opentelemetry-sdk-1.19.0.jar;C:\Users\Sandeepkumar.Phalke\.m2\repository\io\opentelemetry\opentelemetry-semconv\1.19.0-alpha\opentelemetry-semconv-1.19.0-alpha.jar;C:\Users\Sandeepkumar.Phalke\.m2\repository\io\ous\jtoml\2.0.0\jtoml-2.0.0.jar;C:\Users\Sandeepkumar.Phalke\.m2\repository\org\apache\commons\commons-exec\1.3\commons-exec-1.3.jar;C:\Users\Sandeepkumar.Phalke\.m2\repository\org\asynchttpclient\async-http-client\2.12.3\async-http-client-2.12.3.jar;C:\Users\Sandeepkumar.Phalke\.m2\repository\org\asynchttpclient\async-http-client-netty-utils\2.12.3\async-http-client-netty-utils-2.12.3.jar;C:\Users\Sandeepkumar.Phalke\.m2\repository\io\netty\netty-codec-socks\4.1.60.Final\netty-codec-socks-4.1.60.Final.jar;C:\Users\Sandeepkumar.Phalke\.m2\repository\io\netty\netty-handler-proxy\4.1.60.Final\netty-handler-proxy-4.1.60.Final.jar;C:\Users\Sandeepkumar.Phalke\.m2\repository\io\netty\netty-transport-native-epoll\4.1.60.Final\netty-transport-native-epoll-4.1.60.Final-linux-x86_64.jar;C:\Users\Sandeepkumar.Phalke\.m2\repository\io\netty\netty-transport-native-kqueue\4.1.60.Final\netty-transport-native-kqueue-4.1.60.Final-osx-x86_64.jar;C:\Users\Sandeepkumar.Phalke\.m2\repository\org\reactivestreams\reactive-streams\1.0.3\reactive-streams-1.0.3.jar;C:\Users\Sandeepkumar.Phalke\.m2\repository\com\typesafe\netty\netty-reactive-streams\2.0.4\netty-reactive-streams-2.0.4.jar;C:\Users\Sandeepkumar.Phalke\.m2\repository\org\seleniumhq\selenium\selenium-http\4.6.0\selenium-http-4.6.0.jar;C:\Users\Sandeepkumar.Phalke\.m2\repository\dev\failsafe\failsafe\3.3.0\failsafe-3.3.0.jar;C:\Users\Sandeepkumar.Phalke\.m2\repository\org\seleniumhq\selenium\selenium-manager\4.6.0\selenium-manager-4.6.0.jar;C:\Users\Sandeepkumar.Phalke\.m2\repository\org\seleniumhq\selenium\selenium-safari-driver\4.6.0\selenium-safari-driver-4.6.0.jar;C:\Users\Sandeepkumar.Phalke\.m2\repository\org\seleniumhq\selenium\selenium-api\4.6.0\selenium-api-4.6.0.jar;C:\Users\Sandeepkumar.Phalke\.m2\repository\org\seleniumhq\selenium\selenium-support\4.6.0\selenium-support-4.6.0.jar;C:\Users\Sandeepkumar.Phalke\.m2\repository\com\google\auto\service\auto-service-annotations\1.0.1\auto-service-annotations-1.0.1.jar;C:\Users\Sandeepkumar.Phalke\.m2\repository\com\google\auto\service\auto-service\1.0.1\auto-service-1.0.1.jar;C:\Users\Sandeepkumar.Phalke\.m2\repository\com\google\auto\auto-common\1.2\auto-common-1.2.jar;C:\Users\Sandeepkumar.Phalke\.m2\repository\org\seleniumhq\selenium\selenium-json\4.6.0\selenium-json-4.6.0.jar;C:\Users\Sandeepkumar.Phalke\.m2\repository\org\seleniumhq\selenium\selenium-chrome-driver\4.6.0\selenium-chrome-driver-4.6.0.jar;C:\Users\Sandeepkumar.Phalke\.m2\repository\org\seleniumhq\selenium\selenium-chromium-driver\4.6.0\selenium-chromium-driver-4.6.0.jar;C:\Users\Sandeepkumar.Phalke\.m2\repository\org\seleniumhq\selenium\selenium-firefox-driver\4.6.0\selenium-firefox-driver-4.6.0.jar;C:\Users\Sandeepkumar.Phalke\.m2\repository\org\seleniumhq\selenium\selenium-edge-driver\4.6.0\selenium-edge-driver-4.6.0.jar;C:\Users\Sandeepkumar.Phalke\.m2\repository\org\seleniumhq\selenium\selenium-ie-driver\4.6.0\selenium-ie-driver-4.6.0.jar;C:\Users\Sandeepkumar.Phalke\.m2\repository\org\projectlombok\lombok\1.18.20\lombok-1.18.20.jar;C:\Users\Sandeepkumar.Phalke\.m2\repository\io\appium\java-client\8.2.0\java-client-8.2.0.jar;C:\Users\Sandeepkumar.Phalke\.m2\repository\commons-validator\commons-validator\1.7\commons-validator-1.7.jar;C:\Users\Sandeepkumar.Phalke\.m2\repository\commons-digester\commons-digester\2.1\commons-digester-2.1.jar;C:\Users\Sandeepkumar.Phalke\.m2\repository\org\apache\groovy\groovy\4.0.6\groovy-4.0.6.jar;C:\Users\Sandeepkumar.Phalke\.m2\repository\net\sf\opencsv\opencsv\2.0\opencsv-2.0.jar;C:\Users\Sandeepkumar.Phalke\.m2\repository\commons-beanutils\commons-beanutils\1.9.4\commons-beanutils-1.9.4.jar;C:\Users\Sandeepkumar.Phalke\.m2\repository\org\apache\commons\commons-lang3\3.12.0\commons-lang3-3.12.0.jar;C:\Users\Sandeepkumar.Phalke\.m2\repository\commons-collections\commons-collections\3.2.2\commons-collections-3.2.2.jar;C:\Users\Sandeepkumar.Phalke\.m2\repository\org\fluentlenium\fluentlenium-core\0.10.2\fluentlenium-core-0.10.2.jar;C:\Users\Sandeepkumar.Phalke\.m2\repository\io\github\bonigarcia\webdrivermanager\5.3.0\webdrivermanager-5.3.0.jar;C:\Users\Sandeepkumar.Phalke\.m2\repository\com\github\docker-java\docker-java\3.2.13\docker-java-3.2.13.jar;C:\Users\Sandeepkumar.Phalke\.m2\repository\com\github\docker-java\docker-java-core\3.2.13\docker-java-core-3.2.13.jar;C:\Users\Sandeepkumar.Phalke\.m2\repository\com\github\docker-java\docker-java-api\3.2.13\docker-java-api-3.2.13.jar;C:\Users\Sandeepkumar.Phalke\.m2\repository\org\apache\commons\commons-compress\1.21\commons-compress-1.21.jar;C:\Users\Sandeepkumar.Phalke\.m2\repository\org\bouncycastle\bcpkix-jdk15on\1.64\bcpkix-jdk15on-1.64.jar;C:\Users\Sandeepkumar.Phalke\.m2\repository\org\bouncycastle\bcprov-jdk15on\1.64\bcprov-jdk15on-1.64.jar;C:\Users\Sandeepkumar.Phalke\.m2\repository\org\slf4j\jcl-over-slf4j\1.7.30\jcl-over-slf4j-1.7.30.jar;C:\Users\Sandeepkumar.Phalke\.m2\repository\com\github\docker-java\docker-java-transport-httpclient5\3.2.13\docker-java-transport-httpclient5-3.2.13.jar;C:\Users\Sandeepkumar.Phalke\.m2\repository\com\github\docker-java\docker-java-transport\3.2.13\docker-java-transport-3.2.13.jar;C:\Users\Sandeepkumar.Phalke\.m2\repository\net\java\dev\jna\jna\5.8.0\jna-5.8.0.jar;C:\Users\Sandeepkumar.Phalke\.m2\repository\org\brotli\dec\0.1.2\dec-0.1.2.jar;C:\Users\Sandeepkumar.Phalke\.m2\repository\org\apache\httpcomponents\client5\httpclient5\5.1.3\httpclient5-5.1.3.jar;C:\Users\Sandeepkumar.Phalke\.m2\repository\org\apache\httpcomponents\core5\httpcore5\5.1.3\httpcore5-5.1.3.jar;C:\Users\Sandeepkumar.Phalke\.m2\repository\org\apache\httpcomponents\core5\httpcore5-h2\5.1.3\httpcore5-h2-5.1.3.jar;C:\Users\Sandeepkumar.Phalke\.m2\repository\com\jhlabs\filters\2.0.235\filters-2.0.235.jar;C:\Users\Sandeepkumar.Phalke\.m2\repository\com\paulhammant\ngwebdriver\1.1.6\ngwebdriver-1.1.6.jar;C:\Users\Sandeepkumar.Phalke\.m2\repository\joda-time\joda-time\2.8.2\joda-time-2.8.2.jar;C:\Users\Sandeepkumar.Phalke\.m2\repository\org\hamcrest\hamcrest\2.2\hamcrest-2.2.jar;C:\Users\Sandeepkumar.Phalke\.m2\repository\com\google\jimfs\jimfs\1.2\jimfs-1.2.jar;C:\Users\Sandeepkumar.Phalke\.m2\repository\org\mockito\mockito-core\3.3.3\mockito-core-3.3.3.jar;C:\Users\Sandeepkumar.Phalke\.m2\repository\javax\xml\bind\jaxb-api\2.3.1\jaxb-api-2.3.1.jar;C:\Users\Sandeepkumar.Phalke\.m2\repository\javax\activation\javax.activation-api\1.2.0\javax.activation-api-1.2.0.jar;C:\Users\Sandeepkumar.Phalke\.m2\repository\com\sun\xml\bind\jaxb-core\2.3.0.1\jaxb-core-2.3.0.1.jar;C:\Users\Sandeepkumar.Phalke\.m2\repository\com\sun\xml\bind\jaxb-impl\2.3.3\jaxb-impl-2.3.3.jar;C:\Users\Sandeepkumar.Phalke\.m2\repository\jakarta\xml\bind\jakarta.xml.bind-api\2.3.3\jakarta.xml.bind-api-2.3.3.jar;C:\Users\Sandeepkumar.Phalke\.m2\repository\com\sun\activation\jakarta.activation\1.2.2\jakarta.activation-1.2.2.jar;C:\Users\Sandeepkumar.Phalke\.m2\repository\javax\activation\activation\1.1.1\activation-1.1.1.jar;C:\Users\Sandeepkumar.Phalke\.m2\repository\net\serenity-bdd\serenity-cucumber\3.4.2\serenity-cucumber-3.4.2.jar;C:\Users\Sandeepkumar.Phalke\.m2\repository\io\cucumber\cucumber-core\7.8.1\cucumber-core-7.8.1.jar;C:\Users\Sandeepkumar.Phalke\.m2\repository\io\cucumber\cucumber-gherkin\7.8.1\cucumber-gherkin-7.8.1.jar;C:\Users\Sandeepkumar.Phalke\.m2\repository\io\cucumber\cucumber-gherkin-messages\7.8.1\cucumber-gherkin-messages-7.8.1.jar;C:\Users\Sandeepkumar.Phalke\.m2\repository\io\cucumber\gherkin\24.0.0\gherkin-24.0.0.jar;C:\Users\Sandeepkumar.Phalke\.m2\repository\io\cucumber\messages\19.1.4\messages-19.1.4.jar;C:\Users\Sandeepkumar.Phalke\.m2\repository\io\cucumber\tag-expressions\4.1.0\tag-expressions-4.1.0.jar;C:\Users\Sandeepkumar.Phalke\.m2\repository\io\cucumber\cucumber-expressions\16.0.0\cucumber-expressions-16.0.0.jar;C:\Users\Sandeepkumar.Phalke\.m2\repository\io\cucumber\datatable\7.8.1\datatable-7.8.1.jar;C:\Users\Sandeepkumar.Phalke\.m2\repository\io\cucumber\cucumber-plugin\7.8.1\cucumber-plugin-7.8.1.jar;C:\Users\Sandeepkumar.Phalke\.m2\repository\io\cucumber\docstring\7.8.1\docstring-7.8.1.jar;C:\Users\Sandeepkumar.Phalke\.m2\repository\io\cucumber\html-formatter\20.1.0\html-formatter-20.1.0.jar;C:\Users\Sandeepkumar.Phalke\.m2\repository\io\cucumber\ci-environment\9.1.0\ci-environment-9.1.0.jar;C:\Users\Sandeepkumar.Phalke\.m2\repository\io\cucumber\cucumber-java\7.8.1\cucumber-java-7.8.1.jar;C:\Users\Sandeepkumar.Phalke\.m2\repository\io\cucumber\cucumber-junit\7.8.1\cucumber-junit-7.8.1.jar;C:\Users\Sandeepkumar.Phalke\.m2\repository\org\apache\commons\commons-csv\1.5\commons-csv-1.5.jar;C:\Users\Sandeepkumar.Phalke\.m2\repository\net\serenity-bdd\serenity-screenplay\3.4.2\serenity-screenplay-3.4.2.jar;C:\Users\Sandeepkumar.Phalke\.m2\repository\net\serenity-bdd\serenity-screenplay-webdriver\3.4.2\serenity-screenplay-webdriver-3.4.2.jar;C:\Users\Sandeepkumar.Phalke\.m2\repository\net\serenity-bdd\serenity-ensure\3.4.2\serenity-ensure-3.4.2.jar;C:\Users\Sandeepkumar.Phalke\.m2\repository\net\serenity-bdd\serenity-junit\3.4.2\serenity-junit-3.4.2.jar;C:\Users\Sandeepkumar.Phalke\.m2\repository\org\jetbrains\kotlin\kotlin-stdlib\1.7.20\kotlin-stdlib-1.7.20.jar;C:\Users\Sandeepkumar.Phalke\.m2\repository\org\jetbrains\kotlin\kotlin-stdlib-common\1.7.20\kotlin-stdlib-common-1.7.20.jar;C:\Users\Sandeepkumar.Phalke\.m2\repository\org\jetbrains\annotations\13.0\annotations-13.0.jar;C:\Users\Sandeepkumar.Phalke\.m2\repository\org\junit\platform\junit-platform-launcher\1.8.2\junit-platform-launcher-1.8.2.jar;C:\Users\Sandeepkumar.Phalke\.m2\repository\org\junit\platform\junit-platform-engine\1.8.2\junit-platform-engine-1.8.2.jar;C:\Users\Sandeepkumar.Phalke\.m2\repository\org\opentest4j\opentest4j\1.2.0\opentest4j-1.2.0.jar;C:\Users\Sandeepkumar.Phalke\.m2\repository\org\junit\platform\junit-platform-commons\1.8.2\junit-platform-commons-1.8.2.jar;C:\Users\Sandeepkumar.Phalke\.m2\repository\org\apiguardian\apiguardian-api\1.1.2\apiguardian-api-1.1.2.jar;C:\Users\Sandeepkumar.Phalke\.m2\repository\org\junit\jupiter\junit-jupiter-engine\5.8.2\junit-jupiter-engine-5.8.2.jar;C:\Users\Sandeepkumar.Phalke\.m2\repository\org\junit\jupiter\junit-jupiter-api\5.8.2\junit-jupiter-api-5.8.2.jar;C:\Users\Sandeepkumar.Phalke\.m2\repository\org\junit\vintage\junit-vintage-engine\5.8.2\junit-vintage-engine-5.8.2.jar;C:\Users\Sandeepkumar.Phalke\.m2\repository\junit\junit\4.13.2\junit-4.13.2.jar;C:\Users\Sandeepkumar.Phalke\.m2\repository\org\hamcrest\hamcrest-core\1.3\hamcrest-core-1.3.jar;C:\Users\Sandeepkumar.Phalke\.m2\repository\ch\qos\logback\logback-classic\1.2.10\logback-classic-1.2.10.jar;C:\Users\Sandeepkumar.Phalke\.m2\repository\ch\qos\logback\logback-core\1.2.10\logback-core-1.2.10.jar;C:\Users\Sandeepkumar.Phalke\.m2\repository\org\slf4j\slf4j-api\1.7.32\slf4j-api-1.7.32.jar;C:\Users\Sandeepkumar.Phalke\.m2\repository\org\assertj\assertj-core\3.23.1\assertj-core-3.23.1.jar;C:\Users\Sandeepkumar.Phalke\.m2\repository\net\bytebuddy\byte-buddy\1.12.10\byte-buddy-1.12.10.jar;"/>
    <property name="sun.cpu.endian" value="little"/>
    <property name="user.home" value="C:\Users\Sandeepkumar.Phalke"/>
    <property name="user.language" value="en"/>
    <property name="java.specification.vendor" value="Oracle Corporation"/>
    <property name="java.home" value="C:\Program Files\Java\jdk1.8.0_341\jre"/>
    <property name="basedir" value="C:\Users\Sandeepkumar.Phalke\eclipse-workspace\UNICEF_SerenityBDD_Automation_Framework"/>
    <property name="file.separator" value="\"/>
    <property name="line.separator" value="&#10;"/>
    <property name="java.vm.specification.vendor" value="Oracle Corporation"/>
    <property name="java.specification.name" value="Java Platform API Specification"/>
    <property name="java.awt.graphicsenv" value="sun.awt.Win32GraphicsEnvironment"/>
    <property name="surefire.real.class.path" value="C:\Users\Sandeepkumar.Phalke\AppData\Local\Temp\surefire7367814925532337367\surefirebooter3600344715258200250.jar"/>
    <property name="sun.boot.class.path" value="C:\Program Files\Java\jdk1.8.0_341\jre\lib\resources.jar;C:\Program Files\Java\jdk1.8.0_341\jre\lib\rt.jar;C:\Program Files\Java\jdk1.8.0_341\jre\lib\jsse.jar;C:\Program Files\Java\jdk1.8.0_341\jre\lib\jce.jar;C:\Program Files\Java\jdk1.8.0_341\jre\lib\charsets.jar;C:\Program Files\Java\jdk1.8.0_341\jre\lib\jfr.jar;C:\Program Files\Java\jdk1.8.0_341\jre\classes"/>
    <property name="user.script" value=""/>
    <property name="sun.management.compiler" value="HotSpot 64-Bit Tiered Compilers"/>
    <property name="java.runtime.version" value="1.8.0_341-b10"/>
    <property name="user.name" value="Sandeepkumar.Phalke"/>
    <property name="path.separator" value=";"/>
    <property name="os.version" value="10.0"/>
    <property name="java.endorsed.dirs" value="C:\Program Files\Java\jdk1.8.0_341\jre\lib\endorsed"/>
    <property name="java.runtime.name" value="Java(TM) SE Runtime Environment"/>
    <property name="file.encoding" value="Cp1252"/>
    <property name="webdriver.base.url" value=""/>
    <property name="java.vm.name" value="Java HotSpot(TM) 64-Bit Server VM"/>
    <property name="localRepository" value="C:\Users\Sandeepkumar.Phalke\.m2\repository"/>
    <property name="java.vendor.url.bug" value="http://bugreport.sun.com/bugreport/"/>
    <property name="java.io.tmpdir" value="C:\Users\SANDEE~1.PHA\AppData\Local\Temp\"/>
    <property name="java.version" value="1.8.0_341"/>
    <property name="user.dir" value="C:\Users\Sandeepkumar.Phalke\eclipse-workspace\UNICEF_SerenityBDD_Automation_Framework"/>
    <property name="os.arch" value="amd64"/>
    <property name="java.vm.specification.name" value="Java Virtual Machine Specification"/>
    <property name="java.awt.printerjob" value="sun.awt.windows.WPrinterJob"/>
    <property name="sun.os.patch.level" value=""/>
    <property name="java.library.path" value="C:\Program Files\Java\jdk1.8.0_341\jre\bin;C:\Windows\Sun\Java\bin;C:\Windows\system32;C:\Windows;C:\Program Files (x86)\Common Files\Oracle\Java\javapath;C:\Windows\system32;C:\Windows;C:\Windows\System32\Wbem;C:\Windows\System32\WindowsPowerShell\v1.0\;C:\Windows\System32\OpenSSH\;C:\Program Files\Git\cmd;C:\Users\Sandeepkumar.Phalke\AppData\Local\Microsoft\WindowsApps;C:\Program Files\apache-maven-3.8.6-bin\apache-maven-3.8.6\bin;C:\Program Files\apache-maven-3.8.6-bin\apache-maven-3.8.6\bin;C:\Program Files\Java\jdk1.8.0_341\bin;;."/>
    <property name="java.vm.info" value="mixed mode"/>
    <property name="java.vendor" value="Oracle Corporation"/>
    <property name="java.vm.version" value="25.341-b10"/>
    <property name="java.ext.dirs" value="C:\Program Files\Java\jdk1.8.0_341\jre\lib\ext;C:\Windows\Sun\Java\lib\ext"/>
    <property name="sun.io.unicode.encoding" value="UnicodeLittle"/>
    <property name="java.class.version" value="52.0"/>
  </properties>
  <testcase name="Change language from English to French" classname="Language change in SMT application" time="0.422">
    <error type="io.cucumber.junit.UndefinedStepException"><![CDATA[io.cucumber.junit.UndefinedStepException: 
The step 'User is on home page of SMT application' and 3 other step(s) are undefined.
You can implement these steps using the snippet(s) below:

@Given("User is on home page of SMT application")
public void user_is_on_home_page_of_smt_application() {
    // Write code here that turns the phrase above into concrete actions
    throw new io.cucumber.java.PendingException();
}
@Given("User is able to see login button on home page")
public void user_is_able_to_see_login_button_on_home_page() {
    // Write code here that turns the phrase above into concrete actions
    throw new io.cucumber.java.PendingException();
}
@When("User select {string} from language dropdown")
public void user_select_from_language_dropdown(String string) {
    // Write code here that turns the phrase above into concrete actions
    throw new io.cucumber.java.PendingException();
}
@Then("{string} is displayed on the home page")
public void is_displayed_on_the_home_page(String string) {
    // Write code here that turns the phrase above into concrete actions
    throw new io.cucumber.java.PendingException();
}

]]></error>
    <system-out><![CDATA[13:58:23.811 [main] INFO  i.c.core.plugin.SerenityReporter - Running feature from file:///C:/Users/Sandeepkumar.Phalke/eclipse-workspace/UNICEF_SerenityBDD_Automation_Framework/src/test/resources/features/Generic/LanguageChange.feature
13:58:23.972 [main] INFO   - 

-------------------------------------------------------------------------------------
     _______. _______ .______       _______ .__   __.  __  .___________.____    ____ 
    /       ||   ____||   _  \     |   ____||  \ |  | |  | |           |\   \  /   / 
   |   (----`|  |__   |  |_)  |    |  |__   |   \|  | |  | `---|  |----` \   \/   /  
    \   \    |   __|  |      /     |   __|  |  . `  | |  |     |  |       \_    _/   
.----)   |   |  |____ |  |\  \----.|  |____ |  |\   | |  |     |  |         |  |     
|_______/    |_______|| _| `._____||_______||__| \__| |__|     |__|         |__|    
                                                                                     
 News and tutorials at http://www.serenity-bdd.info                                  
 Documentation at https://wakaleo.gitbooks.io/the-serenity-book/content/             
 Join the Serenity Community on Gitter: https://gitter.im/serenity-bdd/serenity-core 
 Serenity BDD Support and Training at http://serenity-bdd.info/#/trainingandsupport  
-------------------------------------------------------------------------------------

13:58:23.976 [main] INFO   - Test Suite Started: Language change in SMT application
13:58:23.976 [main] INFO  i.c.core.plugin.SerenityReporter - Running feature from file:///C:/Users/Sandeepkumar.Phalke/eclipse-workspace/UNICEF_SerenityBDD_Automation_Framework/src/test/resources/features/Generic/SignIn.feature
13:58:23.992 [main] INFO   - Test Suite Started: Login to SMT application
13:58:23.993 [main] INFO  i.c.core.plugin.SerenityReporter - Running feature from file:///C:/Users/Sandeepkumar.Phalke/eclipse-workspace/UNICEF_SerenityBDD_Automation_Framework/src/test/resources/features/SDAdmin/CreateUser.feature
13:58:23.996 [main] INFO   - Test Suite Started: Creation of user in SMT application
13:58:23.996 [main] INFO  i.c.core.plugin.SerenityReporter - Running feature from file:///C:/Users/Sandeepkumar.Phalke/eclipse-workspace/UNICEF_SerenityBDD_Automation_Framework/src/test/resources/features/StoreOperator/Arrivals.feature
13:58:24.000 [main] INFO   - Test Suite Started: Arrivals tab in SMT application for Store Operator user
13:58:24.000 [main] INFO  i.c.core.plugin.SerenityReporter - Running feature from file:///C:/Users/Sandeepkumar.Phalke/eclipse-workspace/UNICEF_SerenityBDD_Automation_Framework/src/test/resources/features/StoreOperator/Issuing.feature
13:58:24.017 [main] INFO   - Test Suite Started: Issuing tab in SMT application for Store Operator user
13:58:24.017 [main] INFO  i.c.core.plugin.SerenityReporter - Running feature from file:///C:/Users/Sandeepkumar.Phalke/eclipse-workspace/UNICEF_SerenityBDD_Automation_Framework/src/test/resources/features/StoreOperator/PhysicalCountAndAdjustments.feature
13:58:24.028 [main] INFO   - Test Suite Started: Physical Count & Adjustments tab in SMT application for Store Operator user
13:58:24.030 [main] INFO  i.c.core.plugin.SerenityReporter - Running feature from file:///C:/Users/Sandeepkumar.Phalke/eclipse-workspace/UNICEF_SerenityBDD_Automation_Framework/src/test/resources/features/StoreOperator/StoreData.feature
13:58:24.033 [main] INFO   - Test Suite Started: Store Data tab in SMT application for Store Operator user
13:58:24.033 [main] INFO  i.c.core.plugin.SerenityReporter - Running feature from file:///C:/Users/Sandeepkumar.Phalke/eclipse-workspace/UNICEF_SerenityBDD_Automation_Framework/src/test/resources/features/StoreOperator/TempLogging.feature
13:58:24.038 [main] INFO   - Test Suite Started: Temperature Logging tab in SMT application for Store Operator user
13:58:24.039 [main] INFO  i.c.core.plugin.SerenityReporter - Running feature from file:///C:/Users/Sandeepkumar.Phalke/eclipse-workspace/UNICEF_SerenityBDD_Automation_Framework/src/test/resources/features/Generic/LanguageChange.feature
13:58:24.041 [main] INFO   - Test Suite Started: Language change in SMT application

Scenario: Change language from English to French    &amp#27;[90m# src/test/resources/features/Generic/LanguageChange.feature:8&amp#27;[0m
13:58:24.134 [main] INFO  i.c.core.plugin.SerenityReporter - Running feature from file:///C:/Users/Sandeepkumar.Phalke/eclipse-workspace/UNICEF_SerenityBDD_Automation_Framework/src/test/resources/features/Generic/LanguageChange.feature
13:58:24.243 [main] INFO   - 
  _____   ___   ___   _____     ___   _____     _     ___   _____   ___   ___  
 |_   _| | __| / __| |_   _|   / __| |_   _|   /_\   | _ \ |_   _| | __| |   \ 
   | |   | _|  \__ \   | |     \__ \   | |    / _ \  |   /   | |   | _|  | |) |
   |_|   |___| |___/   |_|     |___/   |_|   /_/ \_\ |_|_\   |_|   |___| |___/ 

Change language from English to French(language-change-in-smt-application;change-language-from-english-to-french)
--------------------------------------------------------------------------------
  &amp#27;[33mGiven &amp#27;[0m&amp#27;[33mUser is on home page of SMT application&amp#27;[0m
  &amp#27;[36mAnd &amp#27;[0m&amp#27;[36mUser is able to see login button on home page&amp#27;[0m
  &amp#27;[36mWhen &amp#27;[0m&amp#27;[36mUser select "French" from language dropdown&amp#27;[0m
  &amp#27;[36mThen &amp#27;[0m&amp#27;[36m"Accueilly" is displayed on the home page&amp#27;[0m
13:58:24.459 [main] INFO   - 
  _____   ___   ___   _____     ___   ___   _  _   ___    ___   _  _    ___ 
 |_   _| | __| / __| |_   _|   | _ \ | __| | \| | |   \  |_ _| | \| |  / __|
   | |   | _|  \__ \   | |     |  _/ | _|  | .` | | |) |  | |  | .` | | (_ |
   |_|   |___| |___/   |_|     |_|   |___| |_|\_| |___/  |___| |_|\_|  \___|

Change language from English to French
-----------------------------------------------------------------------------
]]></system-out>
  </testcase>
  <testcase name="Change language from French to French" classname="Language change in SMT application" time="0.036">
    <error type="io.cucumber.junit.UndefinedStepException"><![CDATA[io.cucumber.junit.UndefinedStepException: 
The step 'User is on home page of SMT application' and 5 other step(s) are undefined.
You can implement these steps using the snippet(s) below:

@Given("User is on home page of SMT application")
public void user_is_on_home_page_of_smt_application() {
    // Write code here that turns the phrase above into concrete actions
    throw new io.cucumber.java.PendingException();
}
@Given("User is able to see login button on home page")
public void user_is_able_to_see_login_button_on_home_page() {
    // Write code here that turns the phrase above into concrete actions
    throw new io.cucumber.java.PendingException();
}
@When("User select {string} from language dropdown")
public void user_select_from_language_dropdown(String string) {
    // Write code here that turns the phrase above into concrete actions
    throw new io.cucumber.java.PendingException();
}
@Then("{string} is displayed on the home page")
public void is_displayed_on_the_home_page(String string) {
    // Write code here that turns the phrase above into concrete actions
    throw new io.cucumber.java.PendingException();
}

]]></error>
    <system-out><![CDATA[
Scenario: Change language from French to French     &amp#27;[90m# src/test/resources/features/Generic/LanguageChange.feature:12&amp#27;[0m
13:58:24.482 [main] INFO  i.c.core.plugin.SerenityReporter - Running feature from file:///C:/Users/Sandeepkumar.Phalke/eclipse-workspace/UNICEF_SerenityBDD_Automation_Framework/src/test/resources/features/Generic/LanguageChange.feature
13:58:24.483 [main] INFO   - 
  _____   ___   ___   _____     ___   _____     _     ___   _____   ___   ___  
 |_   _| | __| / __| |_   _|   / __| |_   _|   /_\   | _ \ |_   _| | __| |   \ 
   | |   | _|  \__ \   | |     \__ \   | |    / _ \  |   /   | |   | _|  | |) |
   |_|   |___| |___/   |_|     |___/   |_|   /_/ \_\ |_|_\   |_|   |___| |___/ 

Change language from French to French(language-change-in-smt-application;change-language-from-french-to-french)
--------------------------------------------------------------------------------
  &amp#27;[33mGiven &amp#27;[0m&amp#27;[33mUser is on home page of SMT application&amp#27;[0m
  &amp#27;[36mAnd &amp#27;[0m&amp#27;[36mUser is able to see login button on home page&amp#27;[0m
  &amp#27;[36mWhen &amp#27;[0m&amp#27;[36mUser select "French" from language dropdown&amp#27;[0m
  &amp#27;[36mThen &amp#27;[0m&amp#27;[36m"Accueil" is displayed on the home page&amp#27;[0m
  &amp#27;[36mWhen &amp#27;[0m&amp#27;[36mUser select "French" from language dropdown&amp#27;[0m
  &amp#27;[36mThen &amp#27;[0m&amp#27;[36m"Accueil" is displayed on the home page&amp#27;[0m
13:58:24.506 [main] INFO   - 
  _____   ___   ___   _____     ___   ___   _  _   ___    ___   _  _    ___ 
 |_   _| | __| / __| |_   _|   | _ \ | __| | \| | |   \  |_ _| | \| |  / __|
   | |   | _|  \__ \   | |     |  _/ | _|  | .` | | |) |  | |  | .` | | (_ |
   |_|   |___| |___/   |_|     |_|   |___| |_|\_| |___/  |___| |_|\_|  \___|

Change language from French to French
-----------------------------------------------------------------------------
]]></system-out>
  </testcase>
  <testcase name="Change language from French to English" classname="Language change in SMT application" time="0.041">
    <error type="io.cucumber.junit.UndefinedStepException"><![CDATA[io.cucumber.junit.UndefinedStepException: 
The step 'User is on home page of SMT application' and 5 other step(s) are undefined.
You can implement these steps using the snippet(s) below:

@Given("User is on home page of SMT application")
public void user_is_on_home_page_of_smt_application() {
    // Write code here that turns the phrase above into concrete actions
    throw new io.cucumber.java.PendingException();
}
@Given("User is able to see login button on home page")
public void user_is_able_to_see_login_button_on_home_page() {
    // Write code here that turns the phrase above into concrete actions
    throw new io.cucumber.java.PendingException();
}
@When("User select {string} from language dropdown")
public void user_select_from_language_dropdown(String string) {
    // Write code here that turns the phrase above into concrete actions
    throw new io.cucumber.java.PendingException();
}
@Then("{string} is displayed on the home page")
public void is_displayed_on_the_home_page(String string) {
    // Write code here that turns the phrase above into concrete actions
    throw new io.cucumber.java.PendingException();
}

]]></error>
    <system-out><![CDATA[
Scenario: Change language from French to English    &amp#27;[90m# src/test/resources/features/Generic/LanguageChange.feature:18&amp#27;[0m
13:58:24.524 [main] INFO  i.c.core.plugin.SerenityReporter - Running feature from file:///C:/Users/Sandeepkumar.Phalke/eclipse-workspace/UNICEF_SerenityBDD_Automation_Framework/src/test/resources/features/Generic/LanguageChange.feature
13:58:24.526 [main] INFO   - 
  _____   ___   ___   _____     ___   _____     _     ___   _____   ___   ___  
 |_   _| | __| / __| |_   _|   / __| |_   _|   /_\   | _ \ |_   _| | __| |   \ 
   | |   | _|  \__ \   | |     \__ \   | |    / _ \  |   /   | |   | _|  | |) |
   |_|   |___| |___/   |_|     |___/   |_|   /_/ \_\ |_|_\   |_|   |___| |___/ 

Change language from French to English(language-change-in-smt-application;change-language-from-french-to-english)
--------------------------------------------------------------------------------
  &amp#27;[33mGiven &amp#27;[0m&amp#27;[33mUser is on home page of SMT application&amp#27;[0m
  &amp#27;[36mAnd &amp#27;[0m&amp#27;[36mUser is able to see login button on home page&amp#27;[0m
  &amp#27;[36mWhen &amp#27;[0m&amp#27;[36mUser select "French" from language dropdown&amp#27;[0m
  &amp#27;[36mThen &amp#27;[0m&amp#27;[36m"Accueil" is displayed on the home page&amp#27;[0m
  &amp#27;[36mWhen &amp#27;[0m&amp#27;[36mUser select "English" from language dropdown&amp#27;[0m
  &amp#27;[36mThen &amp#27;[0m&amp#27;[36m"Home" is displayed on the home page&amp#27;[0m
13:58:24.550 [main] INFO   - 
  _____   ___   ___   _____     ___   ___   _  _   ___    ___   _  _    ___ 
 |_   _| | __| / __| |_   _|   | _ \ | __| | \| | |   \  |_ _| | \| |  / __|
   | |   | _|  \__ \   | |     |  _/ | _|  | .` | | |) |  | |  | .` | | (_ |
   |_|   |___| |___/   |_|     |_|   |___| |_|\_| |___/  |___| |_|\_|  \___|

Change language from French to English
-----------------------------------------------------------------------------
]]></system-out>
  </testcase>
  <testcase name="Change language from English to French and verify sign in Page in french" classname="Language change in SMT application" time="0.045">
    <error type="io.cucumber.junit.UndefinedStepException"><![CDATA[io.cucumber.junit.UndefinedStepException: 
The step 'User is on home page of SMT application' and 6 other step(s) are undefined.
You can implement these steps using the snippet(s) below:

@Given("User is on home page of SMT application")
public void user_is_on_home_page_of_smt_application() {
    // Write code here that turns the phrase above into concrete actions
    throw new io.cucumber.java.PendingException();
}
@Given("User is able to see login button on home page")
public void user_is_able_to_see_login_button_on_home_page() {
    // Write code here that turns the phrase above into concrete actions
    throw new io.cucumber.java.PendingException();
}
@When("User select {string} from language dropdown")
public void user_select_from_language_dropdown(String string) {
    // Write code here that turns the phrase above into concrete actions
    throw new io.cucumber.java.PendingException();
}
@Then("{string} is displayed on the home page")
public void is_displayed_on_the_home_page(String string) {
    // Write code here that turns the phrase above into concrete actions
    throw new io.cucumber.java.PendingException();
}
@Then("User click on login button")
public void user_click_on_login_button() {
    // Write code here that turns the phrase above into concrete actions
    throw new io.cucumber.java.PendingException();
}
@When("User click on Proceed To Login button in {string}")
public void user_click_on_proceed_to_login_button_in(String string) {
    // Write code here that turns the phrase above into concrete actions
    throw new io.cucumber.java.PendingException();
}
@Then("User is on sign in page")
public void user_is_on_sign_in_page() {
    // Write code here that turns the phrase above into concrete actions
    throw new io.cucumber.java.PendingException();
}

]]></error>
    <system-out><![CDATA[
Scenario: Change language from English to French and verify sign in Page in french &amp#27;[90m# src/test/resources/features/Generic/LanguageChange.feature:24&amp#27;[0m
13:58:24.559 [main] INFO  i.c.core.plugin.SerenityReporter - Running feature from file:///C:/Users/Sandeepkumar.Phalke/eclipse-workspace/UNICEF_SerenityBDD_Automation_Framework/src/test/resources/features/Generic/LanguageChange.feature
13:58:24.560 [main] INFO   - 
  _____   ___   ___   _____     ___   _____     _     ___   _____   ___   ___  
 |_   _| | __| / __| |_   _|   / __| |_   _|   /_\   | _ \ |_   _| | __| |   \ 
   | |   | _|  \__ \   | |     \__ \   | |    / _ \  |   /   | |   | _|  | |) |
   |_|   |___| |___/   |_|     |___/   |_|   /_/ \_\ |_|_\   |_|   |___| |___/ 

Change language from English to French and verify sign in Page in french(language-change-in-smt-application;change-language-from-english-to-french-and-verify-sign-in-page-in-french)
--------------------------------------------------------------------------------
  &amp#27;[33mGiven &amp#27;[0m&amp#27;[33mUser is on home page of SMT application&amp#27;[0m
  &amp#27;[36mAnd &amp#27;[0m&amp#27;[36mUser is able to see login button on home page&amp#27;[0m
  &amp#27;[36mWhen &amp#27;[0m&amp#27;[36mUser select "French" from language dropdown&amp#27;[0m
  &amp#27;[36mThen &amp#27;[0m&amp#27;[36m"Accueil" is displayed on the home page&amp#27;[0m
  &amp#27;[36mAnd &amp#27;[0m&amp#27;[36mUser click on login button&amp#27;[0m
  &amp#27;[36mWhen &amp#27;[0m&amp#27;[36mUser click on Proceed To Login button in "French"&amp#27;[0m
  &amp#27;[36mThen &amp#27;[0m&amp#27;[36mUser is on sign in page&amp#27;[0m
13:58:24.593 [main] INFO   - 
  _____   ___   ___   _____     ___   ___   _  _   ___    ___   _  _    ___ 
 |_   _| | __| / __| |_   _|   | _ \ | __| | \| | |   \  |_ _| | \| |  / __|
   | |   | _|  \__ \   | |     |  _/ | _|  | .` | | |) |  | |  | .` | | (_ |
   |_|   |___| |___/   |_|     |_|   |___| |_|\_| |___/  |___| |_|\_|  \___|

Change language from English to French and verify sign in Page in french
-----------------------------------------------------------------------------
]]></system-out>
  </testcase>
  <testcase name="Login to the application with valid credentials" classname="Login to SMT application" time="0.065">
    <error type="io.cucumber.junit.UndefinedStepException"><![CDATA[io.cucumber.junit.UndefinedStepException: 
The step 'User is on home page of SMT application' and 8 other step(s) are undefined.
You can implement these steps using the snippet(s) below:

@Given("User is on home page of SMT application")
public void user_is_on_home_page_of_smt_application() {
    // Write code here that turns the phrase above into concrete actions
    throw new io.cucumber.java.PendingException();
}
@Given("User is able to see login button on home page")
public void user_is_able_to_see_login_button_on_home_page() {
    // Write code here that turns the phrase above into concrete actions
    throw new io.cucumber.java.PendingException();
}
@When("User click on login button")
public void user_click_on_login_button() {
    // Write code here that turns the phrase above into concrete actions
    throw new io.cucumber.java.PendingException();
}
@When("User click on Proceed To Login button in {string}")
public void user_click_on_proceed_to_login_button_in(String string) {
    // Write code here that turns the phrase above into concrete actions
    throw new io.cucumber.java.PendingException();
}
@Given("User is on sign in page")
public void user_is_on_sign_in_page() {
    // Write code here that turns the phrase above into concrete actions
    throw new io.cucumber.java.PendingException();
}
@Given("User enter email {string}")
public void user_enter_email(String string) {
    // Write code here that turns the phrase above into concrete actions
    throw new io.cucumber.java.PendingException();
}
@Given("User enter password")
public void user_enter_password() {
    // Write code here that turns the phrase above into concrete actions
    throw new io.cucumber.java.PendingException();
}
@When("User click on sign in button")
public void user_click_on_sign_in_button() {
    // Write code here that turns the phrase above into concrete actions
    throw new io.cucumber.java.PendingException();
}
@Then("User is signed in and navigated to user home page")
public void user_is_signed_in_and_navigated_to_user_home_page() {
    // Write code here that turns the phrase above into concrete actions
    throw new io.cucumber.java.PendingException();
}

]]></error>
    <system-out><![CDATA[13:58:24.599 [main] INFO  i.c.core.plugin.SerenityReporter - Running feature from file:///C:/Users/Sandeepkumar.Phalke/eclipse-workspace/UNICEF_SerenityBDD_Automation_Framework/src/test/resources/features/Generic/SignIn.feature
13:58:24.603 [main] INFO   - Test Suite Started: Login to SMT application

Scenario Outline: Login to the application with valid credentials &amp#27;[90m# src/test/resources/features/Generic/SignIn.feature:18&amp#27;[0m
13:58:24.615 [main] INFO  i.c.core.plugin.SerenityReporter - Running feature from file:///C:/Users/Sandeepkumar.Phalke/eclipse-workspace/UNICEF_SerenityBDD_Automation_Framework/src/test/resources/features/Generic/SignIn.feature
13:58:24.620 [main] INFO   - 
  _____   ___   ___   _____     ___   _____     _     ___   _____   ___   ___  
 |_   _| | __| / __| |_   _|   / __| |_   _|   /_\   | _ \ |_   _| | __| |   \ 
   | |   | _|  \__ \   | |     \__ \   | |    / _ \  |   /   | |   | _|  | |) |
   |_|   |___| |___/   |_|     |___/   |_|   /_/ \_\ |_|_\   |_|   |___| |___/ 

Login to the application with valid credentials(login-to-smt-application;login-to-the-application-with-valid-credentials)
--------------------------------------------------------------------------------
  &amp#27;[33mGiven &amp#27;[0m&amp#27;[33mUser is on home page of SMT application&amp#27;[0m
  &amp#27;[36mAnd &amp#27;[0m&amp#27;[36mUser is able to see login button on home page&amp#27;[0m
  &amp#27;[36mWhen &amp#27;[0m&amp#27;[36mUser click on login button&amp#27;[0m
  &amp#27;[36mAnd &amp#27;[0m&amp#27;[36mUser click on Proceed To Login button in "English"&amp#27;[0m
  &amp#27;[36mGiven &amp#27;[0m&amp#27;[36mUser is on sign in page&amp#27;[0m
  &amp#27;[36mAnd &amp#27;[0m&amp#27;[36mUser enter email "coamilind@mailinator.com"&amp#27;[0m
  &amp#27;[36mAnd &amp#27;[0m&amp#27;[36mUser enter password&amp#27;[0m
  &amp#27;[36mWhen &amp#27;[0m&amp#27;[36mUser click on sign in button&amp#27;[0m
  &amp#27;[36mThen &amp#27;[0m&amp#27;[36mUser is signed in and navigated to user home page&amp#27;[0m
13:58:24.669 [main] INFO   - 
  _____   ___   ___   _____     ___   ___   _  _   ___    ___   _  _    ___ 
 |_   _| | __| / __| |_   _|   | _ \ | __| | \| | |   \  |_ _| | \| |  / __|
   | |   | _|  \__ \   | |     |  _/ | _|  | .` | | |) |  | |  | .` | | (_ |
   |_|   |___| |___/   |_|     |_|   |___| |_|\_| |___/  |___| |_|\_|  \___|

Login to the application with valid credentials
-----------------------------------------------------------------------------
]]></system-out>
  </testcase>
  <testcase name="Login to the application with invalid credentials" classname="Login to SMT application" time="0.046">
    <error type="io.cucumber.junit.UndefinedStepException"><![CDATA[io.cucumber.junit.UndefinedStepException: 
The step 'User is on home page of SMT application' and 8 other step(s) are undefined.
You can implement these steps using the snippet(s) below:

@Given("User is on home page of SMT application")
public void user_is_on_home_page_of_smt_application() {
    // Write code here that turns the phrase above into concrete actions
    throw new io.cucumber.java.PendingException();
}
@Given("User is able to see login button on home page")
public void user_is_able_to_see_login_button_on_home_page() {
    // Write code here that turns the phrase above into concrete actions
    throw new io.cucumber.java.PendingException();
}
@When("User click on login button")
public void user_click_on_login_button() {
    // Write code here that turns the phrase above into concrete actions
    throw new io.cucumber.java.PendingException();
}
@When("User click on Proceed To Login button in {string}")
public void user_click_on_proceed_to_login_button_in(String string) {
    // Write code here that turns the phrase above into concrete actions
    throw new io.cucumber.java.PendingException();
}
@Given("User is on sign in page")
public void user_is_on_sign_in_page() {
    // Write code here that turns the phrase above into concrete actions
    throw new io.cucumber.java.PendingException();
}
@Given("User enter email {string}")
public void user_enter_email(String string) {
    // Write code here that turns the phrase above into concrete actions
    throw new io.cucumber.java.PendingException();
}
@Given("User enter password")
public void user_enter_password() {
    // Write code here that turns the phrase above into concrete actions
    throw new io.cucumber.java.PendingException();
}
@When("User click on sign in button")
public void user_click_on_sign_in_button() {
    // Write code here that turns the phrase above into concrete actions
    throw new io.cucumber.java.PendingException();
}
@Then("Login error message is displayed to user")
public void login_error_message_is_displayed_to_user() {
    // Write code here that turns the phrase above into concrete actions
    throw new io.cucumber.java.PendingException();
}

]]></error>
    <system-out><![CDATA[
Scenario Outline: Login to the application with invalid credentials &amp#27;[90m# src/test/resources/features/Generic/SignIn.feature:28&amp#27;[0m
13:58:24.685 [main] INFO  i.c.core.plugin.SerenityReporter - Running feature from file:///C:/Users/Sandeepkumar.Phalke/eclipse-workspace/UNICEF_SerenityBDD_Automation_Framework/src/test/resources/features/Generic/SignIn.feature
13:58:24.687 [main] INFO   - 
  _____   ___   ___   _____     ___   _____     _     ___   _____   ___   ___  
 |_   _| | __| / __| |_   _|   / __| |_   _|   /_\   | _ \ |_   _| | __| |   \ 
   | |   | _|  \__ \   | |     \__ \   | |    / _ \  |   /   | |   | _|  | |) |
   |_|   |___| |___/   |_|     |___/   |_|   /_/ \_\ |_|_\   |_|   |___| |___/ 

Login to the application with invalid credentials(login-to-smt-application;login-to-the-application-with-invalid-credentials)
--------------------------------------------------------------------------------
  &amp#27;[33mGiven &amp#27;[0m&amp#27;[33mUser is on home page of SMT application&amp#27;[0m
  &amp#27;[36mAnd &amp#27;[0m&amp#27;[36mUser is able to see login button on home page&amp#27;[0m
  &amp#27;[36mWhen &amp#27;[0m&amp#27;[36mUser click on login button&amp#27;[0m
  &amp#27;[36mAnd &amp#27;[0m&amp#27;[36mUser click on Proceed To Login button in "English"&amp#27;[0m
  &amp#27;[36mGiven &amp#27;[0m&amp#27;[36mUser is on sign in page&amp#27;[0m
  &amp#27;[36mAnd &amp#27;[0m&amp#27;[36mUser enter email "sandeep@e-zest.in"&amp#27;[0m
  &amp#27;[36mAnd &amp#27;[0m&amp#27;[36mUser enter password&amp#27;[0m
  &amp#27;[36mWhen &amp#27;[0m&amp#27;[36mUser click on sign in button&amp#27;[0m
  &amp#27;[36mThen &amp#27;[0m&amp#27;[36mLogin error message is displayed to user&amp#27;[0m
13:58:24.718 [main] INFO   - 
  _____   ___   ___   _____     ___   ___   _  _   ___    ___   _  _    ___ 
 |_   _| | __| / __| |_   _|   | _ \ | __| | \| | |   \  |_ _| | \| |  / __|
   | |   | _|  \__ \   | |     |  _/ | _|  | .` | | |) |  | |  | .` | | (_ |
   |_|   |___| |___/   |_|     |_|   |___| |_|\_| |___/  |___| |_|\_|  \___|

Login to the application with invalid credentials
-----------------------------------------------------------------------------
]]></system-out>
  </testcase>
  <testcase name="Verify user is able to create new SD Admin role user" classname="Creation of user in SMT application" time="0.076">
    <error type="io.cucumber.junit.UndefinedStepException"><![CDATA[io.cucumber.junit.UndefinedStepException: 
The step 'User is on home page of SMT application' and 15 other step(s) are undefined.
You can implement these steps using the snippet(s) below:

@Given("User is on home page of SMT application")
public void user_is_on_home_page_of_smt_application() {
    // Write code here that turns the phrase above into concrete actions
    throw new io.cucumber.java.PendingException();
}
@Given("User is able to see login button on home page")
public void user_is_able_to_see_login_button_on_home_page() {
    // Write code here that turns the phrase above into concrete actions
    throw new io.cucumber.java.PendingException();
}
@When("User click on login button")
public void user_click_on_login_button() {
    // Write code here that turns the phrase above into concrete actions
    throw new io.cucumber.java.PendingException();
}
@When("User click on Proceed To Login button in {string}")
public void user_click_on_proceed_to_login_button_in(String string) {
    // Write code here that turns the phrase above into concrete actions
    throw new io.cucumber.java.PendingException();
}
@Then("User login as {string}")
public void user_login_as(String string) {
    // Write code here that turns the phrase above into concrete actions
    throw new io.cucumber.java.PendingException();
}
@Then("User click on {string} tab")
public void user_click_on_tab(String string) {
    // Write code here that turns the phrase above into concrete actions
    throw new io.cucumber.java.PendingException();
}
@Then("User wait for {string} seconds")
public void user_wait_for_seconds(String string) {
    // Write code here that turns the phrase above into concrete actions
    throw new io.cucumber.java.PendingException();
}
@Given("User click on {string} button")
public void user_click_on_button(String string) {
    // Write code here that turns the phrase above into concrete actions
    throw new io.cucumber.java.PendingException();
}
@Then("User navigates to create user page")
public void user_navigates_to_create_user_page() {
    // Write code here that turns the phrase above into concrete actions
    throw new io.cucumber.java.PendingException();
}
@Then("User enter {string} in {string}")
public void user_enter_in(String string, String string2) {
    // Write code here that turns the phrase above into concrete actions
    throw new io.cucumber.java.PendingException();
}
@Then("User enter random email in {string}")
public void user_enter_random_email_in(String string) {
    // Write code here that turns the phrase above into concrete actions
    throw new io.cucumber.java.PendingException();
}
@Then("User select {string} from {string} in {string} tab")
public void user_select_from_in_tab(String string, String string2, String string3) {
    // Write code here that turns the phrase above into concrete actions
    throw new io.cucumber.java.PendingException();
}
@When("User click on {string} button")
public void user_click_on_button(String string) {
    // Write code here that turns the phrase above into concrete actions
    throw new io.cucumber.java.PendingException();
}
@When("User wait for {string} seconds")
public void user_wait_for_seconds(String string) {
    // Write code here that turns the phrase above into concrete actions
    throw new io.cucumber.java.PendingException();
}
@Then("User is created successfully")
public void user_is_created_successfully() {
    // Write code here that turns the phrase above into concrete actions
    throw new io.cucumber.java.PendingException();
}

]]></error>
    <system-out><![CDATA[13:58:24.720 [main] INFO  i.c.core.plugin.SerenityReporter - Running feature from file:///C:/Users/Sandeepkumar.Phalke/eclipse-workspace/UNICEF_SerenityBDD_Automation_Framework/src/test/resources/features/SDAdmin/CreateUser.feature
13:58:24.723 [main] INFO   - Test Suite Started: Creation of user in SMT application

Scenario Outline: Verify user is able to create new SD Admin role user &amp#27;[90m# src/test/resources/features/SDAdmin/CreateUser.feature:25&amp#27;[0m
13:58:24.738 [main] INFO  i.c.core.plugin.SerenityReporter - Running feature from file:///C:/Users/Sandeepkumar.Phalke/eclipse-workspace/UNICEF_SerenityBDD_Automation_Framework/src/test/resources/features/SDAdmin/CreateUser.feature
13:58:24.739 [main] INFO   - 
  _____   ___   ___   _____     ___   _____     _     ___   _____   ___   ___  
 |_   _| | __| / __| |_   _|   / __| |_   _|   /_\   | _ \ |_   _| | __| |   \ 
   | |   | _|  \__ \   | |     \__ \   | |    / _ \  |   /   | |   | _|  | |) |
   |_|   |___| |___/   |_|     |___/   |_|   /_/ \_\ |_|_\   |_|   |___| |___/ 

Verify user is able to create new SD Admin role user(creation-of-user-in-smt-application;verify-user-is-able-to-create-new-sd-admin-role-user)
--------------------------------------------------------------------------------
  &amp#27;[33mGiven &amp#27;[0m&amp#27;[33mUser is on home page of SMT application&amp#27;[0m
  &amp#27;[36mAnd &amp#27;[0m&amp#27;[36mUser is able to see login button on home page&amp#27;[0m
  &amp#27;[36mWhen &amp#27;[0m&amp#27;[36mUser click on login button&amp#27;[0m
  &amp#27;[36mAnd &amp#27;[0m&amp#27;[36mUser click on Proceed To Login button in "English"&amp#27;[0m
  &amp#27;[36mThen &amp#27;[0m&amp#27;[36mUser login as "SD Admin"&amp#27;[0m
  &amp#27;[36mAnd &amp#27;[0m&amp#27;[36mUser click on "Users" tab&amp#27;[0m
  &amp#27;[36mAnd &amp#27;[0m&amp#27;[36mUser wait for "2" seconds&amp#27;[0m
  &amp#27;[36mGiven &amp#27;[0m&amp#27;[36mUser click on "Create New User" button&amp#27;[0m
  &amp#27;[36mThen &amp#27;[0m&amp#27;[36mUser navigates to create user page&amp#27;[0m
  &amp#27;[36mAnd &amp#27;[0m&amp#27;[36mUser enter "Automation" in "firstName"&amp#27;[0m
  &amp#27;[36mAnd &amp#27;[0m&amp#27;[36mUser enter "Testing" in "lastName"&amp#27;[0m
  &amp#27;[36mAnd &amp#27;[0m&amp#27;[36mUser enter random email in "userEmail"&amp#27;[0m
  &amp#27;[36mAnd &amp#27;[0m&amp#27;[36mUser select "SD Admin" from "Role" in "Users" tab&amp#27;[0m
  &amp#27;[36mWhen &amp#27;[0m&amp#27;[36mUser click on "Submit" button&amp#27;[0m
  &amp#27;[36mAnd &amp#27;[0m&amp#27;[36mUser wait for "5" seconds&amp#27;[0m
  &amp#27;[36mThen &amp#27;[0m&amp#27;[36mUser is created successfully&amp#27;[0m
13:58:24.800 [main] INFO   - 
  _____   ___   ___   _____     ___   ___   _  _   ___    ___   _  _    ___ 
 |_   _| | __| / __| |_   _|   | _ \ | __| | \| | |   \  |_ _| | \| |  / __|
   | |   | _|  \__ \   | |     |  _/ | _|  | .` | | |) |  | |  | .` | | (_ |
   |_|   |___| |___/   |_|     |_|   |___| |_|\_| |___/  |___| |_|\_|  \___|

Verify user is able to create new SD Admin role user
-----------------------------------------------------------------------------
]]></system-out>
  </testcase>
  <testcase name="Verify user is able to add arrival line and arrival receipt type data and finalize it" classname="Arrivals tab in SMT application for Store Operator user" time="0.182">
    <error type="io.cucumber.junit.UndefinedStepException"><![CDATA[io.cucumber.junit.UndefinedStepException: 
The step 'User is on home page of SMT application' and 43 other step(s) are undefined.
You can implement these steps using the snippet(s) below:

@Given("User is on home page of SMT application")
public void user_is_on_home_page_of_smt_application() {
    // Write code here that turns the phrase above into concrete actions
    throw new io.cucumber.java.PendingException();
}
@Given("User is able to see login button on home page")
public void user_is_able_to_see_login_button_on_home_page() {
    // Write code here that turns the phrase above into concrete actions
    throw new io.cucumber.java.PendingException();
}
@When("User click on login button")
public void user_click_on_login_button() {
    // Write code here that turns the phrase above into concrete actions
    throw new io.cucumber.java.PendingException();
}
@When("User click on Proceed To Login button in {string}")
public void user_click_on_proceed_to_login_button_in(String string) {
    // Write code here that turns the phrase above into concrete actions
    throw new io.cucumber.java.PendingException();
}
@Then("User login as {string}")
public void user_login_as(String string) {
    // Write code here that turns the phrase above into concrete actions
    throw new io.cucumber.java.PendingException();
}
@Then("User click on {string} button")
public void user_click_on_button(String string) {
    // Write code here that turns the phrase above into concrete actions
    throw new io.cucumber.java.PendingException();
}
@Then("User click on {string} tab")
public void user_click_on_tab(String string) {
    // Write code here that turns the phrase above into concrete actions
    throw new io.cucumber.java.PendingException();
}
@Then("User wait for {string} seconds")
public void user_wait_for_seconds(String string) {
    // Write code here that turns the phrase above into concrete actions
    throw new io.cucumber.java.PendingException();
}
@Given("User click on {string} button")
public void user_click_on_button(String string) {
    // Write code here that turns the phrase above into concrete actions
    throw new io.cucumber.java.PendingException();
}
@Then("{string} text is visible")
public void text_is_visible(String string) {
    // Write code here that turns the phrase above into concrete actions
    throw new io.cucumber.java.PendingException();
}
@Then("User select {string} from {string} in {string} tab")
public void user_select_from_in_tab(String string, String string2, String string3) {
    // Write code here that turns the phrase above into concrete actions
    throw new io.cucumber.java.PendingException();
}
@Then("User enter random text in {string}")
public void user_enter_random_text_in(String string) {
    // Write code here that turns the phrase above into concrete actions
    throw new io.cucumber.java.PendingException();
}
@Then("User enter random number in {string}")
public void user_enter_random_number_in(String string) {
    // Write code here that turns the phrase above into concrete actions
    throw new io.cucumber.java.PendingException();
}
@When("User click on {string} button")
public void user_click_on_button(String string) {
    // Write code here that turns the phrase above into concrete actions
    throw new io.cucumber.java.PendingException();
}
@Then("{string} heading is visible")
public void heading_is_visible(String string) {
    // Write code here that turns the phrase above into concrete actions
    throw new io.cucumber.java.PendingException();
}
@Then("User enter {string} in {string}")
public void user_enter_in(String string, String string2) {
    // Write code here that turns the phrase above into concrete actions
    throw new io.cucumber.java.PendingException();
}
@Then("Arrivals line is created successfully")
public void arrivals_line_is_created_successfully() {
    // Write code here that turns the phrase above into concrete actions
    throw new io.cucumber.java.PendingException();
}
@Then("Arrivals line Data is visible in arrival line table to user")
public void arrivals_line_data_is_visible_in_arrival_line_table_to_user() {
    // Write code here that turns the phrase above into concrete actions
    throw new io.cucumber.java.PendingException();
}
@When("User wait for {string} seconds")
public void user_wait_for_seconds(String string) {
    // Write code here that turns the phrase above into concrete actions
    throw new io.cucumber.java.PendingException();
}
@Then("Arrivals Data is visible in arrivals table to user")
public void arrivals_data_is_visible_in_arrivals_table_to_user() {
    // Write code here that turns the phrase above into concrete actions
    throw new io.cucumber.java.PendingException();
}
@Then("Validate arrival state is {string}")
public void validate_arrival_state_is(String string) {
    // Write code here that turns the phrase above into concrete actions
    throw new io.cucumber.java.PendingException();
}

]]></error>
    <system-out><![CDATA[13:58:24.800 [main] INFO  i.c.core.plugin.SerenityReporter - Running feature from file:///C:/Users/Sandeepkumar.Phalke/eclipse-workspace/UNICEF_SerenityBDD_Automation_Framework/src/test/resources/features/StoreOperator/Arrivals.feature
13:58:24.810 [main] INFO   - Test Suite Started: Arrivals tab in SMT application for Store Operator user

Scenario Outline: Verify user is able to add arrival line and arrival receipt type data and finalize it &amp#27;[90m# src/test/resources/features/StoreOperator/Arrivals.feature:53&amp#27;[0m
13:58:24.863 [main] INFO  i.c.core.plugin.SerenityReporter - Running feature from file:///C:/Users/Sandeepkumar.Phalke/eclipse-workspace/UNICEF_SerenityBDD_Automation_Framework/src/test/resources/features/StoreOperator/Arrivals.feature
13:58:24.865 [main] INFO   - 
  _____   ___   ___   _____     ___   _____     _     ___   _____   ___   ___  
 |_   _| | __| / __| |_   _|   / __| |_   _|   /_\   | _ \ |_   _| | __| |   \ 
   | |   | _|  \__ \   | |     \__ \   | |    / _ \  |   /   | |   | _|  | |) |
   |_|   |___| |___/   |_|     |___/   |_|   /_/ \_\ |_|_\   |_|   |___| |___/ 

Verify user is able to add arrival line and arrival receipt type data and finalize it(arrivals-tab-in-smt-application-for-store-operator-user;verify-user-is-able-to-add-arrival-line-and-arrival-receipt-type-data-and-finalize-it)
--------------------------------------------------------------------------------
  &amp#27;[33mGiven &amp#27;[0m&amp#27;[33mUser is on home page of SMT application&amp#27;[0m
  &amp#27;[36mAnd &amp#27;[0m&amp#27;[36mUser is able to see login button on home page&amp#27;[0m
  &amp#27;[36mWhen &amp#27;[0m&amp#27;[36mUser click on login button&amp#27;[0m
  &amp#27;[36mAnd &amp#27;[0m&amp#27;[36mUser click on Proceed To Login button in "English"&amp#27;[0m
  &amp#27;[36mThen &amp#27;[0m&amp#27;[36mUser login as "Store Operator"&amp#27;[0m
  &amp#27;[36mAnd &amp#27;[0m&amp#27;[36mUser click on "Apply" button&amp#27;[0m
  &amp#27;[36mAnd &amp#27;[0m&amp#27;[36mUser click on "Arrivals" tab&amp#27;[0m
  &amp#27;[36mAnd &amp#27;[0m&amp#27;[36mUser wait for "2" seconds&amp#27;[0m
  &amp#27;[36mGiven &amp#27;[0m&amp#27;[36mUser click on "Log New Arrival" button&amp#27;[0m
  &amp#27;[36mThen &amp#27;[0m&amp#27;[36m"Stock Arrival" text is visible&amp#27;[0m
  &amp#27;[36mAnd &amp#27;[0m&amp#27;[36mUser select "Arrival" from "Receipt Type" in "Arrivals" tab&amp#27;[0m
  &amp#27;[36mAnd &amp#27;[0m&amp#27;[36mUser enter random text in "smtNumber"&amp#27;[0m
  &amp#27;[36mAnd &amp#27;[0m&amp#27;[36mUser enter random number in "shippingReferance"&amp#27;[0m
  &amp#27;[36mAnd &amp#27;[0m&amp#27;[36mUser enter random text in "fundingSource"&amp#27;[0m
  &amp#27;[36mAnd &amp#27;[0m&amp#27;[36mUser select "AUD" from "Currency" in "Arrivals" tab&amp#27;[0m
  &amp#27;[36mAnd &amp#27;[0m&amp#27;[36mUser enter random number in "freightCost"&amp#27;[0m
  &amp#27;[36mWhen &amp#27;[0m&amp#27;[36mUser click on "Add Line to Arrival" button&amp#27;[0m
  &amp#27;[36mThen &amp#27;[0m&amp#27;[36m"Add Product to Arrival" heading is visible&amp#27;[0m
  &amp#27;[36mAnd &amp#27;[0m&amp#27;[36mUser select "Vaccine" from "Product Type" in "Arrivals" tab&amp#27;[0m
  &amp#27;[36mAnd &amp#27;[0m&amp#27;[36mUser select "bOPV" from "Product" in "Arrivals" tab&amp#27;[0m
  &amp#27;[36mAnd &amp#27;[0m&amp#27;[36mUser enter random text in "batchNo"&amp#27;[0m
  &amp#27;[36mAnd &amp#27;[0m&amp#27;[36mUser select "PT ONEJECT INDONESIA" from "Producer" in "Arrivals" tab&amp#27;[0m
  &amp#27;[36mAnd &amp#27;[0m&amp#27;[36mUser select "BIOPOLIO B1/3" from "Commercial Name" in "Arrivals" tab&amp#27;[0m
  &amp#27;[36mAnd &amp#27;[0m&amp#27;[36mUser select "Liquid: ready to use" from "Formulation" in "Arrivals" tab&amp#27;[0m
  &amp#27;[36mAnd &amp#27;[0m&amp#27;[36mUser select "10" from "Presentation" in "Arrivals" tab&amp#27;[0m
  &amp#27;[36mAnd &amp#27;[0m&amp#27;[36mUser select "1.Initial stage" from "VVM Stage" in "Arrivals" tab&amp#27;[0m
  &amp#27;[36mAnd &amp#27;[0m&amp#27;[36mUser enter "20" in "units"&amp#27;[0m
  &amp#27;[36mAnd &amp#27;[0m&amp#27;[36mUser select "Routine" from "Routine or SIA" in "Arrivals" tab&amp#27;[0m
  &amp#27;[36mAnd &amp#27;[0m&amp#27;[36mUser select "Indonesia" from "Origin" in "Arrivals" tab&amp#27;[0m
  &amp#27;[36mAnd &amp#27;[0m&amp#27;[36mUser select "Alarm" from "Shipping/Freeze Indicator" in "Arrivals" tab&amp#27;[0m
  &amp#27;[36mAnd &amp#27;[0m&amp#27;[36mUser enter "20" in "noOfVials"&amp#27;[0m
  &amp#27;[36mAnd &amp#27;[0m&amp#27;[36mUser enter "20" in "totalVolume"&amp#27;[0m
  &amp#27;[36mAnd &amp#27;[0m&amp#27;[36mUser select "Ambient_2022" from "Storage Location" in "Arrivals" tab&amp#27;[0m
  &amp#27;[36mAnd &amp#27;[0m&amp#27;[36mUser enter "1000" in "totalCost"&amp#27;[0m
  &amp#27;[36mAnd &amp#27;[0m&amp#27;[36mUser enter random text in "comments"&amp#27;[0m
  &amp#27;[36mAnd &amp#27;[0m&amp#27;[36mUser click on "Create" button&amp#27;[0m
  &amp#27;[36mWhen &amp#27;[0m&amp#27;[36mUser click on "Continue" button&amp#27;[0m
  &amp#27;[36mThen &amp#27;[0m&amp#27;[36mArrivals line is created successfully&amp#27;[0m
  &amp#27;[36mAnd &amp#27;[0m&amp#27;[36mArrivals line Data is visible in arrival line table to user&amp#27;[0m
  &amp#27;[36mWhen &amp#27;[0m&amp#27;[36mUser click on "Finalize" button&amp#27;[0m
  &amp#27;[36mAnd &amp#27;[0m&amp#27;[36mUser click on "Continue" button&amp#27;[0m
  &amp#27;[36mAnd &amp#27;[0m&amp#27;[36mUser wait for "3" seconds&amp#27;[0m
  &amp#27;[36mThen &amp#27;[0m&amp#27;[36mArrivals Data is visible in arrivals table to user&amp#27;[0m
  &amp#27;[36mAnd &amp#27;[0m&amp#27;[36mValidate arrival state is "Complete"&amp#27;[0m
13:58:24.992 [main] INFO   - 
  _____   ___   ___   _____     ___   ___   _  _   ___    ___   _  _    ___ 
 |_   _| | __| / __| |_   _|   | _ \ | __| | \| | |   \  |_ _| | \| |  / __|
   | |   | _|  \__ \   | |     |  _/ | _|  | .` | | |) |  | |  | .` | | (_ |
   |_|   |___| |___/   |_|     |_|   |___| |_|\_| |___/  |___| |_|\_|  \___|

Verify user is able to add arrival line and arrival receipt type data and finalize it
-----------------------------------------------------------------------------
]]></system-out>
  </testcase>
  <testcase name="Verify user is able to update arrival line and arrival receipt type data before finalizing" classname="Arrivals tab in SMT application for Store Operator user" time="0.175">
    <error type="io.cucumber.junit.UndefinedStepException"><![CDATA[io.cucumber.junit.UndefinedStepException: 
The step 'User is on home page of SMT application' and 77 other step(s) are undefined.
You can implement these steps using the snippet(s) below:

@Given("User is on home page of SMT application")
public void user_is_on_home_page_of_smt_application() {
    // Write code here that turns the phrase above into concrete actions
    throw new io.cucumber.java.PendingException();
}
@Given("User is able to see login button on home page")
public void user_is_able_to_see_login_button_on_home_page() {
    // Write code here that turns the phrase above into concrete actions
    throw new io.cucumber.java.PendingException();
}
@When("User click on login button")
public void user_click_on_login_button() {
    // Write code here that turns the phrase above into concrete actions
    throw new io.cucumber.java.PendingException();
}
@When("User click on Proceed To Login button in {string}")
public void user_click_on_proceed_to_login_button_in(String string) {
    // Write code here that turns the phrase above into concrete actions
    throw new io.cucumber.java.PendingException();
}
@Then("User login as {string}")
public void user_login_as(String string) {
    // Write code here that turns the phrase above into concrete actions
    throw new io.cucumber.java.PendingException();
}
@Then("User click on {string} button")
public void user_click_on_button(String string) {
    // Write code here that turns the phrase above into concrete actions
    throw new io.cucumber.java.PendingException();
}
@Then("User click on {string} tab")
public void user_click_on_tab(String string) {
    // Write code here that turns the phrase above into concrete actions
    throw new io.cucumber.java.PendingException();
}
@Then("User wait for {string} seconds")
public void user_wait_for_seconds(String string) {
    // Write code here that turns the phrase above into concrete actions
    throw new io.cucumber.java.PendingException();
}
@Given("User click on {string} button")
public void user_click_on_button(String string) {
    // Write code here that turns the phrase above into concrete actions
    throw new io.cucumber.java.PendingException();
}
@Then("{string} text is visible")
public void text_is_visible(String string) {
    // Write code here that turns the phrase above into concrete actions
    throw new io.cucumber.java.PendingException();
}
@Then("User select {string} from {string} in {string} tab")
public void user_select_from_in_tab(String string, String string2, String string3) {
    // Write code here that turns the phrase above into concrete actions
    throw new io.cucumber.java.PendingException();
}
@Then("User enter random text in {string}")
public void user_enter_random_text_in(String string) {
    // Write code here that turns the phrase above into concrete actions
    throw new io.cucumber.java.PendingException();
}
@Then("User enter random number in {string}")
public void user_enter_random_number_in(String string) {
    // Write code here that turns the phrase above into concrete actions
    throw new io.cucumber.java.PendingException();
}
@When("User click on {string} button")
public void user_click_on_button(String string) {
    // Write code here that turns the phrase above into concrete actions
    throw new io.cucumber.java.PendingException();
}
@Then("{string} heading is visible")
public void heading_is_visible(String string) {
    // Write code here that turns the phrase above into concrete actions
    throw new io.cucumber.java.PendingException();
}
@Then("User enter {string} in {string}")
public void user_enter_in(String string, String string2) {
    // Write code here that turns the phrase above into concrete actions
    throw new io.cucumber.java.PendingException();
}
@Then("Arrivals line is created successfully")
public void arrivals_line_is_created_successfully() {
    // Write code here that turns the phrase above into concrete actions
    throw new io.cucumber.java.PendingException();
}
@Then("Arrivals line Data is visible in arrival line table to user")
public void arrivals_line_data_is_visible_in_arrival_line_table_to_user() {
    // Write code here that turns the phrase above into concrete actions
    throw new io.cucumber.java.PendingException();
}
@When("Validate arrival state is {string}")
public void validate_arrival_state_is(String string) {
    // Write code here that turns the phrase above into concrete actions
    throw new io.cucumber.java.PendingException();
}
@Then("Arrivals Data is visible in arrivals table to user")
public void arrivals_data_is_visible_in_arrivals_table_to_user() {
    // Write code here that turns the phrase above into concrete actions
    throw new io.cucumber.java.PendingException();
}
@When("User edit the Arrivals data")
public void user_edit_the_arrivals_data() {
    // Write code here that turns the phrase above into concrete actions
    throw new io.cucumber.java.PendingException();
}
@When("User edit the line in arrival")
public void user_edit_the_line_in_arrival() {
    // Write code here that turns the phrase above into concrete actions
    throw new io.cucumber.java.PendingException();
}
@When("User select {string} from {string} in {string} tab")
public void user_select_from_in_tab(String string, String string2, String string3) {
    // Write code here that turns the phrase above into concrete actions
    throw new io.cucumber.java.PendingException();
}
@When("User enter random text in {string}")
public void user_enter_random_text_in(String string) {
    // Write code here that turns the phrase above into concrete actions
    throw new io.cucumber.java.PendingException();
}
@When("User enter {string} in {string}")
public void user_enter_in(String string, String string2) {
    // Write code here that turns the phrase above into concrete actions
    throw new io.cucumber.java.PendingException();
}
@Then("Arrivals line is updated successfully")
public void arrivals_line_is_updated_successfully() {
    // Write code here that turns the phrase above into concrete actions
    throw new io.cucumber.java.PendingException();
}
@Then("Arrivals data is update successfully")
public void arrivals_data_is_update_successfully() {
    // Write code here that turns the phrase above into concrete actions
    throw new io.cucumber.java.PendingException();
}
@Then("Validate arrival state is {string}")
public void validate_arrival_state_is(String string) {
    // Write code here that turns the phrase above into concrete actions
    throw new io.cucumber.java.PendingException();
}

]]></error>
    <system-out><![CDATA[
Scenario Outline: Verify user is able to update arrival line and arrival receipt type data before finalizing &amp#27;[90m# src/test/resources/features/StoreOperator/Arrivals.feature:128&amp#27;[0m
13:58:25.044 [main] INFO  i.c.core.plugin.SerenityReporter - Running feature from file:///C:/Users/Sandeepkumar.Phalke/eclipse-workspace/UNICEF_SerenityBDD_Automation_Framework/src/test/resources/features/StoreOperator/Arrivals.feature
13:58:25.044 [main] INFO   - 
  _____   ___   ___   _____     ___   _____     _     ___   _____   ___   ___  
 |_   _| | __| / __| |_   _|   / __| |_   _|   /_\   | _ \ |_   _| | __| |   \ 
   | |   | _|  \__ \   | |     \__ \   | |    / _ \  |   /   | |   | _|  | |) |
   |_|   |___| |___/   |_|     |___/   |_|   /_/ \_\ |_|_\   |_|   |___| |___/ 

Verify user is able to update arrival line and arrival receipt type data before finalizing(arrivals-tab-in-smt-application-for-store-operator-user;verify-user-is-able-to-update-arrival-line-and-arrival-receipt-type-data-before-finalizing)
--------------------------------------------------------------------------------
  &amp#27;[33mGiven &amp#27;[0m&amp#27;[33mUser is on home page of SMT application&amp#27;[0m
  &amp#27;[36mAnd &amp#27;[0m&amp#27;[36mUser is able to see login button on home page&amp#27;[0m
  &amp#27;[36mWhen &amp#27;[0m&amp#27;[36mUser click on login button&amp#27;[0m
  &amp#27;[36mAnd &amp#27;[0m&amp#27;[36mUser click on Proceed To Login button in "English"&amp#27;[0m
  &amp#27;[36mThen &amp#27;[0m&amp#27;[36mUser login as "Store Operator"&amp#27;[0m
  &amp#27;[36mAnd &amp#27;[0m&amp#27;[36mUser click on "Apply" button&amp#27;[0m
  &amp#27;[36mAnd &amp#27;[0m&amp#27;[36mUser click on "Arrivals" tab&amp#27;[0m
  &amp#27;[36mAnd &amp#27;[0m&amp#27;[36mUser wait for "2" seconds&amp#27;[0m
  &amp#27;[36mGiven &amp#27;[0m&amp#27;[36mUser click on "Log New Arrival" button&amp#27;[0m
  &amp#27;[36mThen &amp#27;[0m&amp#27;[36m"Stock Arrival" text is visible&amp#27;[0m
  &amp#27;[36mAnd &amp#27;[0m&amp#27;[36mUser select "Arrival" from "Receipt Type" in "Arrivals" tab&amp#27;[0m
  &amp#27;[36mAnd &amp#27;[0m&amp#27;[36mUser enter random text in "smtNumber"&amp#27;[0m
  &amp#27;[36mAnd &amp#27;[0m&amp#27;[36mUser enter random number in "shippingReferance"&amp#27;[0m
  &amp#27;[36mAnd &amp#27;[0m&amp#27;[36mUser enter random text in "fundingSource"&amp#27;[0m
  &amp#27;[36mAnd &amp#27;[0m&amp#27;[36mUser select "AUD" from "Currency" in "Arrivals" tab&amp#27;[0m
  &amp#27;[36mAnd &amp#27;[0m&amp#27;[36mUser enter random number in "freightCost"&amp#27;[0m
  &amp#27;[36mWhen &amp#27;[0m&amp#27;[36mUser click on "Add Line to Arrival" button&amp#27;[0m
  &amp#27;[36mThen &amp#27;[0m&amp#27;[36m"Add Product to Arrival" heading is visible&amp#27;[0m
  &amp#27;[36mAnd &amp#27;[0m&amp#27;[36mUser select "Vaccine" from "Product Type" in "Arrivals" tab&amp#27;[0m
  &amp#27;[36mAnd &amp#27;[0m&amp#27;[36mUser select "bOPV" from "Product" in "Arrivals" tab&amp#27;[0m
  &amp#27;[36mAnd &amp#27;[0m&amp#27;[36mUser enter random text in "batchNo"&amp#27;[0m
  &amp#27;[36mAnd &amp#27;[0m&amp#27;[36mUser select "PT ONEJECT INDONESIA" from "Producer" in "Arrivals" tab&amp#27;[0m
  &amp#27;[36mAnd &amp#27;[0m&amp#27;[36mUser select "BIOPOLIO B1/3" from "Commercial Name" in "Arrivals" tab&amp#27;[0m
  &amp#27;[36mAnd &amp#27;[0m&amp#27;[36mUser select "Liquid: ready to use" from "Formulation" in "Arrivals" tab&amp#27;[0m
  &amp#27;[36mAnd &amp#27;[0m&amp#27;[36mUser select "10" from "Presentation" in "Arrivals" tab&amp#27;[0m
  &amp#27;[36mAnd &amp#27;[0m&amp#27;[36mUser select "1.Initial stage" from "VVM Stage" in "Arrivals" tab&amp#27;[0m
  &amp#27;[36mAnd &amp#27;[0m&amp#27;[36mUser enter "20" in "units"&amp#27;[0m
  &amp#27;[36mAnd &amp#27;[0m&amp#27;[36mUser select "Routine" from "Routine or SIA" in "Arrivals" tab&amp#27;[0m
  &amp#27;[36mAnd &amp#27;[0m&amp#27;[36mUser select "Indonesia" from "Origin" in "Arrivals" tab&amp#27;[0m
  &amp#27;[36mAnd &amp#27;[0m&amp#27;[36mUser select "Alarm" from "Shipping/Freeze Indicator" in "Arrivals" tab&amp#27;[0m
  &amp#27;[36mAnd &amp#27;[0m&amp#27;[36mUser enter "20" in "noOfVials"&amp#27;[0m
  &amp#27;[36mAnd &amp#27;[0m&amp#27;[36mUser enter "20" in "totalVolume"&amp#27;[0m
  &amp#27;[36mAnd &amp#27;[0m&amp#27;[36mUser select "Ambient_2022" from "Storage Location" in "Arrivals" tab&amp#27;[0m
  &amp#27;[36mAnd &amp#27;[0m&amp#27;[36mUser enter "1000" in "totalCost"&amp#27;[0m
  &amp#27;[36mAnd &amp#27;[0m&amp#27;[36mUser enter random text in "comments"&amp#27;[0m
  &amp#27;[36mAnd &amp#27;[0m&amp#27;[36mUser click on "Create" button&amp#27;[0m
  &amp#27;[36mWhen &amp#27;[0m&amp#27;[36mUser click on "Continue" button&amp#27;[0m
  &amp#27;[36mThen &amp#27;[0m&amp#27;[36mArrivals line is created successfully&amp#27;[0m
  &amp#27;[36mAnd &amp#27;[0m&amp#27;[36mArrivals line Data is visible in arrival line table to user&amp#27;[0m
  &amp#27;[36mWhen &amp#27;[0m&amp#27;[36mUser click on "Save as draft and go back" button&amp#27;[0m
  &amp#27;[36mAnd &amp#27;[0m&amp#27;[36mUser click on "Yes" button&amp#27;[0m
  &amp#27;[36mAnd &amp#27;[0m&amp#27;[36mValidate arrival state is "Draft"&amp#27;[0m
  &amp#27;[36mThen &amp#27;[0m&amp#27;[36mArrivals Data is visible in arrivals table to user&amp#27;[0m
  &amp#27;[36mWhen &amp#27;[0m&amp#27;[36mUser edit the Arrivals data&amp#27;[0m
  &amp#27;[36mThen &amp#27;[0m&amp#27;[36m"Stock Arrival" text is visible&amp#27;[0m
  &amp#27;[36mAnd &amp#27;[0m&amp#27;[36mUser select "Arrival" from "Receipt Type" in "Arrivals" tab&amp#27;[0m
  &amp#27;[36mAnd &amp#27;[0m&amp#27;[36mUser enter random text in "smtNumber"&amp#27;[0m
  &amp#27;[36mAnd &amp#27;[0m&amp#27;[36mUser enter random number in "shippingReferance"&amp#27;[0m
  &amp#27;[36mAnd &amp#27;[0m&amp#27;[36mUser enter random text in "fundingSource"&amp#27;[0m
  &amp#27;[36mAnd &amp#27;[0m&amp#27;[36mUser select "AUD" from "Currency" in "Arrivals" tab&amp#27;[0m
  &amp#27;[36mAnd &amp#27;[0m&amp#27;[36mUser enter random number in "freightCost"&amp#27;[0m
  &amp#27;[36mWhen &amp#27;[0m&amp#27;[36mUser edit the line in arrival&amp#27;[0m
  &amp#27;[36mAnd &amp#27;[0m&amp#27;[36mUser select "Vaccine" from "Product Type" in "Arrivals" tab&amp#27;[0m
  &amp#27;[36mAnd &amp#27;[0m&amp#27;[36mUser select "bOPV" from "Product" in "Arrivals" tab&amp#27;[0m
  &amp#27;[36mAnd &amp#27;[0m&amp#27;[36mUser enter random text in "batchNo"&amp#27;[0m
  &amp#27;[36mAnd &amp#27;[0m&amp#27;[36mUser select "PT ONEJECT INDONESIA" from "Producer" in "Arrivals" tab&amp#27;[0m
  &amp#27;[36mAnd &amp#27;[0m&amp#27;[36mUser select "BIOPOLIO B1/3" from "Commercial Name" in "Arrivals" tab&amp#27;[0m
  &amp#27;[36mAnd &amp#27;[0m&amp#27;[36mUser select "Liquid: ready to use" from "Formulation" in "Arrivals" tab&amp#27;[0m
  &amp#27;[36mAnd &amp#27;[0m&amp#27;[36mUser select "10" from "Presentation" in "Arrivals" tab&amp#27;[0m
  &amp#27;[36mAnd &amp#27;[0m&amp#27;[36mUser select "1.Initial stage" from "VVM Stage" in "Arrivals" tab&amp#27;[0m
  &amp#27;[36mAnd &amp#27;[0m&amp#27;[36mUser enter "20" in "units"&amp#27;[0m
  &amp#27;[36mAnd &amp#27;[0m&amp#27;[36mUser select "Routine" from "Routine or SIA" in "Arrivals" tab&amp#27;[0m
  &amp#27;[36mAnd &amp#27;[0m&amp#27;[36mUser select "Indonesia" from "Origin" in "Arrivals" tab&amp#27;[0m
  &amp#27;[36mAnd &amp#27;[0m&amp#27;[36mUser select "Alarm" from "Shipping/Freeze Indicator" in "Arrivals" tab&amp#27;[0m
  &amp#27;[36mAnd &amp#27;[0m&amp#27;[36mUser enter "20" in "noOfVials"&amp#27;[0m
  &amp#27;[36mAnd &amp#27;[0m&amp#27;[36mUser enter "20" in "totalVolume"&amp#27;[0m
  &amp#27;[36mAnd &amp#27;[0m&amp#27;[36mUser select "Ambient_2022" from "Storage Location" in "Arrivals" tab&amp#27;[0m
  &amp#27;[36mAnd &amp#27;[0m&amp#27;[36mUser enter "1000" in "totalCost"&amp#27;[0m
  &amp#27;[36mAnd &amp#27;[0m&amp#27;[36mUser enter random text in "comments"&amp#27;[0m
  &amp#27;[36mAnd &amp#27;[0m&amp#27;[36mUser click on "Update" button&amp#27;[0m
  &amp#27;[36mAnd &amp#27;[0m&amp#27;[36mUser click on "Continue" button&amp#27;[0m
  &amp#27;[36mThen &amp#27;[0m&amp#27;[36mArrivals line is updated successfully&amp#27;[0m
  &amp#27;[36mAnd &amp#27;[0m&amp#27;[36mArrivals line Data is visible in arrival line table to user&amp#27;[0m
  &amp#27;[36mWhen &amp#27;[0m&amp#27;[36mUser click on "Finalize" button&amp#27;[0m
  &amp#27;[36mAnd &amp#27;[0m&amp#27;[36mUser click on "Continue" button&amp#27;[0m
  &amp#27;[36mThen &amp#27;[0m&amp#27;[36mArrivals data is update successfully&amp#27;[0m
  &amp#27;[36mAnd &amp#27;[0m&amp#27;[36mArrivals Data is visible in arrivals table to user&amp#27;[0m
  &amp#27;[36mAnd &amp#27;[0m&amp#27;[36mValidate arrival state is "Complete"&amp#27;[0m
13:58:25.170 [main] INFO   - 
  _____   ___   ___   _____     ___   ___   _  _   ___    ___   _  _    ___ 
 |_   _| | __| / __| |_   _|   | _ \ | __| | \| | |   \  |_ _| | \| |  / __|
   | |   | _|  \__ \   | |     |  _/ | _|  | .` | | |) |  | |  | .` | | (_ |
   |_|   |___| |___/   |_|     |_|   |___| |_|\_| |___/  |___| |_|\_|  \___|

Verify user is able to update arrival line and arrival receipt type data before finalizing
-----------------------------------------------------------------------------
]]></system-out>
  </testcase>
  <testcase name="Verify user is able to delete arrival line  And arrival receipt type data before finalizing" classname="Arrivals tab in SMT application for Store Operator user" time="0.106">
    <error type="io.cucumber.junit.UndefinedStepException"><![CDATA[io.cucumber.junit.UndefinedStepException: 
The step 'User is on home page of SMT application' and 53 other step(s) are undefined.
You can implement these steps using the snippet(s) below:

@Given("User is on home page of SMT application")
public void user_is_on_home_page_of_smt_application() {
    // Write code here that turns the phrase above into concrete actions
    throw new io.cucumber.java.PendingException();
}
@Given("User is able to see login button on home page")
public void user_is_able_to_see_login_button_on_home_page() {
    // Write code here that turns the phrase above into concrete actions
    throw new io.cucumber.java.PendingException();
}
@When("User click on login button")
public void user_click_on_login_button() {
    // Write code here that turns the phrase above into concrete actions
    throw new io.cucumber.java.PendingException();
}
@When("User click on Proceed To Login button in {string}")
public void user_click_on_proceed_to_login_button_in(String string) {
    // Write code here that turns the phrase above into concrete actions
    throw new io.cucumber.java.PendingException();
}
@Then("User login as {string}")
public void user_login_as(String string) {
    // Write code here that turns the phrase above into concrete actions
    throw new io.cucumber.java.PendingException();
}
@Then("User click on {string} button")
public void user_click_on_button(String string) {
    // Write code here that turns the phrase above into concrete actions
    throw new io.cucumber.java.PendingException();
}
@Then("User click on {string} tab")
public void user_click_on_tab(String string) {
    // Write code here that turns the phrase above into concrete actions
    throw new io.cucumber.java.PendingException();
}
@Then("User wait for {string} seconds")
public void user_wait_for_seconds(String string) {
    // Write code here that turns the phrase above into concrete actions
    throw new io.cucumber.java.PendingException();
}
@Given("User click on {string} button")
public void user_click_on_button(String string) {
    // Write code here that turns the phrase above into concrete actions
    throw new io.cucumber.java.PendingException();
}
@Then("{string} text is visible")
public void text_is_visible(String string) {
    // Write code here that turns the phrase above into concrete actions
    throw new io.cucumber.java.PendingException();
}
@Then("User select {string} from {string} in {string} tab")
public void user_select_from_in_tab(String string, String string2, String string3) {
    // Write code here that turns the phrase above into concrete actions
    throw new io.cucumber.java.PendingException();
}
@Then("User enter random text in {string}")
public void user_enter_random_text_in(String string) {
    // Write code here that turns the phrase above into concrete actions
    throw new io.cucumber.java.PendingException();
}
@Then("User enter random number in {string}")
public void user_enter_random_number_in(String string) {
    // Write code here that turns the phrase above into concrete actions
    throw new io.cucumber.java.PendingException();
}
@When("User click on {string} button")
public void user_click_on_button(String string) {
    // Write code here that turns the phrase above into concrete actions
    throw new io.cucumber.java.PendingException();
}
@Then("{string} heading is visible")
public void heading_is_visible(String string) {
    // Write code here that turns the phrase above into concrete actions
    throw new io.cucumber.java.PendingException();
}
@Then("User enter {string} in {string}")
public void user_enter_in(String string, String string2) {
    // Write code here that turns the phrase above into concrete actions
    throw new io.cucumber.java.PendingException();
}
@Then("Arrivals line is created successfully")
public void arrivals_line_is_created_successfully() {
    // Write code here that turns the phrase above into concrete actions
    throw new io.cucumber.java.PendingException();
}
@Then("Arrivals line Data is visible in arrival line table to user")
public void arrivals_line_data_is_visible_in_arrival_line_table_to_user() {
    // Write code here that turns the phrase above into concrete actions
    throw new io.cucumber.java.PendingException();
}
@When("Validate arrival state is {string}")
public void validate_arrival_state_is(String string) {
    // Write code here that turns the phrase above into concrete actions
    throw new io.cucumber.java.PendingException();
}
@Then("Arrivals Data is visible in arrivals table to user")
public void arrivals_data_is_visible_in_arrivals_table_to_user() {
    // Write code here that turns the phrase above into concrete actions
    throw new io.cucumber.java.PendingException();
}
@Then("User edit the Arrivals data")
public void user_edit_the_arrivals_data() {
    // Write code here that turns the phrase above into concrete actions
    throw new io.cucumber.java.PendingException();
}
@When("User delete the line in arrival")
public void user_delete_the_line_in_arrival() {
    // Write code here that turns the phrase above into concrete actions
    throw new io.cucumber.java.PendingException();
}
@Then("Arrivals line is deleted successfully")
public void arrivals_line_is_deleted_successfully() {
    // Write code here that turns the phrase above into concrete actions
    throw new io.cucumber.java.PendingException();
}
@Then("Arrivals line Data is not visible in arrival line table to user")
public void arrivals_line_data_is_not_visible_in_arrival_line_table_to_user() {
    // Write code here that turns the phrase above into concrete actions
    throw new io.cucumber.java.PendingException();
}
@When("User delete the Arrivals data")
public void user_delete_the_arrivals_data() {
    // Write code here that turns the phrase above into concrete actions
    throw new io.cucumber.java.PendingException();
}
@Then("Arrivals data is deleted successfully")
public void arrivals_data_is_deleted_successfully() {
    // Write code here that turns the phrase above into concrete actions
    throw new io.cucumber.java.PendingException();
}
@Then("Arrivals Data is not visible in arrivals table to user")
public void arrivals_data_is_not_visible_in_arrivals_table_to_user() {
    // Write code here that turns the phrase above into concrete actions
    throw new io.cucumber.java.PendingException();
}

]]></error>
    <system-out><![CDATA[
Scenario Outline: Verify user is able to delete arrival line  And arrival receipt type data before finalizing &amp#27;[90m# src/test/resources/features/StoreOperator/Arrivals.feature:179&amp#27;[0m
13:58:25.191 [main] INFO  i.c.core.plugin.SerenityReporter - Running feature from file:///C:/Users/Sandeepkumar.Phalke/eclipse-workspace/UNICEF_SerenityBDD_Automation_Framework/src/test/resources/features/StoreOperator/Arrivals.feature
13:58:25.192 [main] INFO   - 
  _____   ___   ___   _____     ___   _____     _     ___   _____   ___   ___  
 |_   _| | __| / __| |_   _|   / __| |_   _|   /_\   | _ \ |_   _| | __| |   \ 
   | |   | _|  \__ \   | |     \__ \   | |    / _ \  |   /   | |   | _|  | |) |
   |_|   |___| |___/   |_|     |___/   |_|   /_/ \_\ |_|_\   |_|   |___| |___/ 

Verify user is able to delete arrival line  And arrival receipt type data before finalizing(arrivals-tab-in-smt-application-for-store-operator-user;verify-user-is-able-to-delete-arrival-line--and-arrival-receipt-type-data-before-finalizing)
--------------------------------------------------------------------------------
  &amp#27;[33mGiven &amp#27;[0m&amp#27;[33mUser is on home page of SMT application&amp#27;[0m
  &amp#27;[36mAnd &amp#27;[0m&amp#27;[36mUser is able to see login button on home page&amp#27;[0m
  &amp#27;[36mWhen &amp#27;[0m&amp#27;[36mUser click on login button&amp#27;[0m
  &amp#27;[36mAnd &amp#27;[0m&amp#27;[36mUser click on Proceed To Login button in "English"&amp#27;[0m
  &amp#27;[36mThen &amp#27;[0m&amp#27;[36mUser login as "Store Operator"&amp#27;[0m
  &amp#27;[36mAnd &amp#27;[0m&amp#27;[36mUser click on "Apply" button&amp#27;[0m
  &amp#27;[36mAnd &amp#27;[0m&amp#27;[36mUser click on "Arrivals" tab&amp#27;[0m
  &amp#27;[36mAnd &amp#27;[0m&amp#27;[36mUser wait for "2" seconds&amp#27;[0m
  &amp#27;[36mGiven &amp#27;[0m&amp#27;[36mUser click on "Log New Arrival" button&amp#27;[0m
  &amp#27;[36mThen &amp#27;[0m&amp#27;[36m"Stock Arrival" text is visible&amp#27;[0m
  &amp#27;[36mAnd &amp#27;[0m&amp#27;[36mUser select "Arrival" from "Receipt Type" in "Arrivals" tab&amp#27;[0m
  &amp#27;[36mAnd &amp#27;[0m&amp#27;[36mUser enter random text in "smtNumber"&amp#27;[0m
  &amp#27;[36mAnd &amp#27;[0m&amp#27;[36mUser enter random number in "shippingReferance"&amp#27;[0m
  &amp#27;[36mAnd &amp#27;[0m&amp#27;[36mUser enter random text in "fundingSource"&amp#27;[0m
  &amp#27;[36mAnd &amp#27;[0m&amp#27;[36mUser select "AUD" from "Currency" in "Arrivals" tab&amp#27;[0m
  &amp#27;[36mAnd &amp#27;[0m&amp#27;[36mUser enter random number in "freightCost"&amp#27;[0m
  &amp#27;[36mWhen &amp#27;[0m&amp#27;[36mUser click on "Add Line to Arrival" button&amp#27;[0m
  &amp#27;[36mThen &amp#27;[0m&amp#27;[36m"Add Product to Arrival" heading is visible&amp#27;[0m
  &amp#27;[36mAnd &amp#27;[0m&amp#27;[36mUser select "Vaccine" from "Product Type" in "Arrivals" tab&amp#27;[0m
  &amp#27;[36mAnd &amp#27;[0m&amp#27;[36mUser select "bOPV" from "Product" in "Arrivals" tab&amp#27;[0m
  &amp#27;[36mAnd &amp#27;[0m&amp#27;[36mUser enter random text in "batchNo"&amp#27;[0m
  &amp#27;[36mAnd &amp#27;[0m&amp#27;[36mUser select "PT ONEJECT INDONESIA" from "Producer" in "Arrivals" tab&amp#27;[0m
  &amp#27;[36mAnd &amp#27;[0m&amp#27;[36mUser select "BIOPOLIO B1/3" from "Commercial Name" in "Arrivals" tab&amp#27;[0m
  &amp#27;[36mAnd &amp#27;[0m&amp#27;[36mUser select "Liquid: ready to use" from "Formulation" in "Arrivals" tab&amp#27;[0m
  &amp#27;[36mAnd &amp#27;[0m&amp#27;[36mUser select "10" from "Presentation" in "Arrivals" tab&amp#27;[0m
  &amp#27;[36mAnd &amp#27;[0m&amp#27;[36mUser select "1.Initial stage" from "VVM Stage" in "Arrivals" tab&amp#27;[0m
  &amp#27;[36mAnd &amp#27;[0m&amp#27;[36mUser enter "20" in "units"&amp#27;[0m
  &amp#27;[36mAnd &amp#27;[0m&amp#27;[36mUser select "Routine" from "Routine or SIA" in "Arrivals" tab&amp#27;[0m
  &amp#27;[36mAnd &amp#27;[0m&amp#27;[36mUser select "Indonesia" from "Origin" in "Arrivals" tab&amp#27;[0m
  &amp#27;[36mAnd &amp#27;[0m&amp#27;[36mUser select "Alarm" from "Shipping/Freeze Indicator" in "Arrivals" tab&amp#27;[0m
  &amp#27;[36mAnd &amp#27;[0m&amp#27;[36mUser enter "20" in "noOfVials"&amp#27;[0m
  &amp#27;[36mAnd &amp#27;[0m&amp#27;[36mUser enter "20" in "totalVolume"&amp#27;[0m
  &amp#27;[36mAnd &amp#27;[0m&amp#27;[36mUser select "Ambient_2022" from "Storage Location" in "Arrivals" tab&amp#27;[0m
  &amp#27;[36mAnd &amp#27;[0m&amp#27;[36mUser enter "1000" in "totalCost"&amp#27;[0m
  &amp#27;[36mAnd &amp#27;[0m&amp#27;[36mUser enter random text in "comments"&amp#27;[0m
  &amp#27;[36mWhen &amp#27;[0m&amp#27;[36mUser click on "Create" button&amp#27;[0m
  &amp#27;[36mAnd &amp#27;[0m&amp#27;[36mUser click on "Continue" button&amp#27;[0m
  &amp#27;[36mThen &amp#27;[0m&amp#27;[36mArrivals line is created successfully&amp#27;[0m
  &amp#27;[36mAnd &amp#27;[0m&amp#27;[36mArrivals line Data is visible in arrival line table to user&amp#27;[0m
  &amp#27;[36mWhen &amp#27;[0m&amp#27;[36mUser click on "Save as draft and go back" button&amp#27;[0m
  &amp#27;[36mAnd &amp#27;[0m&amp#27;[36mUser click on "Yes" button&amp#27;[0m
  &amp#27;[36mAnd &amp#27;[0m&amp#27;[36mValidate arrival state is "Draft"&amp#27;[0m
  &amp#27;[36mThen &amp#27;[0m&amp#27;[36mArrivals Data is visible in arrivals table to user&amp#27;[0m
  &amp#27;[36mAnd &amp#27;[0m&amp#27;[36mUser edit the Arrivals data&amp#27;[0m
  &amp#27;[36mWhen &amp#27;[0m&amp#27;[36mUser delete the line in arrival&amp#27;[0m
  &amp#27;[36mAnd &amp#27;[0m&amp#27;[36mUser click on "Yes" button&amp#27;[0m
  &amp#27;[36mThen &amp#27;[0m&amp#27;[36mArrivals line is deleted successfully&amp#27;[0m
  &amp#27;[36mAnd &amp#27;[0m&amp#27;[36mArrivals line Data is not visible in arrival line table to user&amp#27;[0m
  &amp#27;[36mWhen &amp#27;[0m&amp#27;[36mUser click on "Save as draft and go back" button&amp#27;[0m
  &amp#27;[36mAnd &amp#27;[0m&amp#27;[36mUser click on "Yes" button&amp#27;[0m
  &amp#27;[36mAnd &amp#27;[0m&amp#27;[36mUser delete the Arrivals data&amp#27;[0m
  &amp#27;[36mAnd &amp#27;[0m&amp#27;[36mUser click on "Yes" button&amp#27;[0m
  &amp#27;[36mThen &amp#27;[0m&amp#27;[36mArrivals data is deleted successfully&amp#27;[0m
  &amp#27;[36mAnd &amp#27;[0m&amp#27;[36mArrivals Data is not visible in arrivals table to user&amp#27;[0m
13:58:25.279 [main] INFO   - 
  _____   ___   ___   _____     ___   ___   _  _   ___    ___   _  _    ___ 
 |_   _| | __| / __| |_   _|   | _ \ | __| | \| | |   \  |_ _| | \| |  / __|
   | |   | _|  \__ \   | |     |  _/ | _|  | .` | | |) |  | |  | .` | | (_ |
   |_|   |___| |___/   |_|     |_|   |___| |_|\_| |___/  |___| |_|\_|  \___|

Verify user is able to delete arrival line  And arrival receipt type data before finalizing
-----------------------------------------------------------------------------
]]></system-out>
  </testcase>
  <testcase name="Verify user is able to add issuing line and issuing requisition type data and finalize" classname="Issuing tab in SMT application for Store Operator user" time="0.075">
    <error type="io.cucumber.junit.UndefinedStepException"><![CDATA[io.cucumber.junit.UndefinedStepException: 
The step 'User is on home page of SMT application' and 33 other step(s) are undefined.
You can implement these steps using the snippet(s) below:

@Given("User is on home page of SMT application")
public void user_is_on_home_page_of_smt_application() {
    // Write code here that turns the phrase above into concrete actions
    throw new io.cucumber.java.PendingException();
}
@Given("User is able to see login button on home page")
public void user_is_able_to_see_login_button_on_home_page() {
    // Write code here that turns the phrase above into concrete actions
    throw new io.cucumber.java.PendingException();
}
@When("User click on login button")
public void user_click_on_login_button() {
    // Write code here that turns the phrase above into concrete actions
    throw new io.cucumber.java.PendingException();
}
@When("User click on Proceed To Login button in {string}")
public void user_click_on_proceed_to_login_button_in(String string) {
    // Write code here that turns the phrase above into concrete actions
    throw new io.cucumber.java.PendingException();
}
@Then("User login as {string}")
public void user_login_as(String string) {
    // Write code here that turns the phrase above into concrete actions
    throw new io.cucumber.java.PendingException();
}
@Then("User click on {string} button")
public void user_click_on_button(String string) {
    // Write code here that turns the phrase above into concrete actions
    throw new io.cucumber.java.PendingException();
}
@Then("User click on {string} tab")
public void user_click_on_tab(String string) {
    // Write code here that turns the phrase above into concrete actions
    throw new io.cucumber.java.PendingException();
}
@Then("User wait for {string} seconds")
public void user_wait_for_seconds(String string) {
    // Write code here that turns the phrase above into concrete actions
    throw new io.cucumber.java.PendingException();
}
@Given("User click on {string} button")
public void user_click_on_button(String string) {
    // Write code here that turns the phrase above into concrete actions
    throw new io.cucumber.java.PendingException();
}
@Given("{string} text is visible")
public void text_is_visible(String string) {
    // Write code here that turns the phrase above into concrete actions
    throw new io.cucumber.java.PendingException();
}
@Given("User select {string} from {string} in {string} tab")
public void user_select_from_in_tab(String string, String string2, String string3) {
    // Write code here that turns the phrase above into concrete actions
    throw new io.cucumber.java.PendingException();
}
@Given("User type and select {string} from {string} in {string} tab")
public void user_type_and_select_from_in_tab(String string, String string2, String string3) {
    // Write code here that turns the phrase above into concrete actions
    throw new io.cucumber.java.PendingException();
}
@Given("User enter random text in {string}")
public void user_enter_random_text_in(String string) {
    // Write code here that turns the phrase above into concrete actions
    throw new io.cucumber.java.PendingException();
}
@When("User click on {string} button")
public void user_click_on_button(String string) {
    // Write code here that turns the phrase above into concrete actions
    throw new io.cucumber.java.PendingException();
}
@Then("{string} heading is visible")
public void heading_is_visible(String string) {
    // Write code here that turns the phrase above into concrete actions
    throw new io.cucumber.java.PendingException();
}
@Then("User select {string} from {string} in {string} tab")
public void user_select_from_in_tab(String string, String string2, String string3) {
    // Write code here that turns the phrase above into concrete actions
    throw new io.cucumber.java.PendingException();
}
@Then("User enter {string} in {string}")
public void user_enter_in(String string, String string2) {
    // Write code here that turns the phrase above into concrete actions
    throw new io.cucumber.java.PendingException();
}
@Then("User enter random text in {string}")
public void user_enter_random_text_in(String string) {
    // Write code here that turns the phrase above into concrete actions
    throw new io.cucumber.java.PendingException();
}
@When("User wait for {string} seconds")
public void user_wait_for_seconds(String string) {
    // Write code here that turns the phrase above into concrete actions
    throw new io.cucumber.java.PendingException();
}
@Then("Issuing line is created successfully")
public void issuing_line_is_created_successfully() {
    // Write code here that turns the phrase above into concrete actions
    throw new io.cucumber.java.PendingException();
}
@Then("Issuing line Data is visible in issuing line table to user")
public void issuing_line_data_is_visible_in_issuing_line_table_to_user() {
    // Write code here that turns the phrase above into concrete actions
    throw new io.cucumber.java.PendingException();
}
@Then("Issuing line is updated successfully")
public void issuing_line_is_updated_successfully() {
    // Write code here that turns the phrase above into concrete actions
    throw new io.cucumber.java.PendingException();
}
@Then("Validate issuing state is {string}")
public void validate_issuing_state_is(String string) {
    // Write code here that turns the phrase above into concrete actions
    throw new io.cucumber.java.PendingException();
}

]]></error>
    <system-out><![CDATA[13:58:25.280 [main] INFO  i.c.core.plugin.SerenityReporter - Running feature from file:///C:/Users/Sandeepkumar.Phalke/eclipse-workspace/UNICEF_SerenityBDD_Automation_Framework/src/test/resources/features/StoreOperator/Issuing.feature
13:58:25.283 [main] INFO   - Test Suite Started: Issuing tab in SMT application for Store Operator user

Scenario Outline: Verify user is able to add issuing line and issuing requisition type data and finalize &amp#27;[90m# src/test/resources/features/StoreOperator/Issuing.feature:43&amp#27;[0m
13:58:25.297 [main] INFO  i.c.core.plugin.SerenityReporter - Running feature from file:///C:/Users/Sandeepkumar.Phalke/eclipse-workspace/UNICEF_SerenityBDD_Automation_Framework/src/test/resources/features/StoreOperator/Issuing.feature
13:58:25.301 [main] INFO   - 
  _____   ___   ___   _____     ___   _____     _     ___   _____   ___   ___  
 |_   _| | __| / __| |_   _|   / __| |_   _|   /_\   | _ \ |_   _| | __| |   \ 
   | |   | _|  \__ \   | |     \__ \   | |    / _ \  |   /   | |   | _|  | |) |
   |_|   |___| |___/   |_|     |___/   |_|   /_/ \_\ |_|_\   |_|   |___| |___/ 

Verify user is able to add issuing line and issuing requisition type data and finalize(issuing-tab-in-smt-application-for-store-operator-user;verify-user-is-able-to-add-issuing-line-and-issuing-requisition-type-data-and-finalize)
--------------------------------------------------------------------------------
  &amp#27;[33mGiven &amp#27;[0m&amp#27;[33mUser is on home page of SMT application&amp#27;[0m
  &amp#27;[36mAnd &amp#27;[0m&amp#27;[36mUser is able to see login button on home page&amp#27;[0m
  &amp#27;[36mWhen &amp#27;[0m&amp#27;[36mUser click on login button&amp#27;[0m
  &amp#27;[36mAnd &amp#27;[0m&amp#27;[36mUser click on Proceed To Login button in "English"&amp#27;[0m
  &amp#27;[36mThen &amp#27;[0m&amp#27;[36mUser login as "Store Operator"&amp#27;[0m
  &amp#27;[36mAnd &amp#27;[0m&amp#27;[36mUser click on "Apply" button&amp#27;[0m
  &amp#27;[36mAnd &amp#27;[0m&amp#27;[36mUser click on "Issuing" tab&amp#27;[0m
  &amp#27;[36mAnd &amp#27;[0m&amp#27;[36mUser wait for "5" seconds&amp#27;[0m
  &amp#27;[36mGiven &amp#27;[0m&amp#27;[36mUser click on "Issue New Stock" button&amp#27;[0m
  &amp#27;[36mAnd &amp#27;[0m&amp#27;[36m"Issue New Stock" text is visible&amp#27;[0m
  &amp#27;[36mAnd &amp#27;[0m&amp#27;[36mUser select "Requisition" from "Issue Type" in "Issuing" tab&amp#27;[0m
  &amp#27;[36mAnd &amp#27;[0m&amp#27;[36mUser type and select "Dubai 2" from "Recipient Store / Reason" in "Issuing" tab&amp#27;[0m
  &amp#27;[36mAnd &amp#27;[0m&amp#27;[36mUser select "No" from "Distributed Late" in "Issuing" tab&amp#27;[0m
  &amp#27;[36mAnd &amp#27;[0m&amp#27;[36mUser enter random text in "internationaRef"&amp#27;[0m
  &amp#27;[36mWhen &amp#27;[0m&amp#27;[36mUser click on "Add Line to Issue" button&amp#27;[0m
  &amp#27;[36mThen &amp#27;[0m&amp#27;[36m"Add Product to Issue" heading is visible&amp#27;[0m
  &amp#27;[36mAnd &amp#27;[0m&amp#27;[36mUser select "Vaccine" from "Product Type" in "Issuing" tab&amp#27;[0m
  &amp#27;[36mAnd &amp#27;[0m&amp#27;[36mUser select "YF" from "Product" in "Issuing" tab&amp#27;[0m
  &amp#27;[36mAnd &amp#27;[0m&amp#27;[36mUser select "200A" from "Batch Number" in "Issuing" tab&amp#27;[0m
  &amp#27;[36mAnd &amp#27;[0m&amp#27;[36mUser wait for "3" seconds&amp#27;[0m
  &amp#27;[36mAnd &amp#27;[0m&amp#27;[36mUser enter "1" in "dosesOrUnit"&amp#27;[0m
  &amp#27;[36mAnd &amp#27;[0m&amp#27;[36mUser enter random text in "comment"&amp#27;[0m
  &amp#27;[36mWhen &amp#27;[0m&amp#27;[36mUser click on "Save" button&amp#27;[0m
  &amp#27;[36mAnd &amp#27;[0m&amp#27;[36mUser wait for "3" seconds&amp#27;[0m
  &amp#27;[36mThen &amp#27;[0m&amp#27;[36mIssuing line is created successfully&amp#27;[0m
  &amp#27;[36mAnd &amp#27;[0m&amp#27;[36mIssuing line Data is visible in issuing line table to user&amp#27;[0m
  &amp#27;[36mWhen &amp#27;[0m&amp#27;[36mUser click on "Finalize" button&amp#27;[0m
  &amp#27;[36mThen &amp#27;[0m&amp#27;[36mIssuing line is updated successfully&amp#27;[0m
  &amp#27;[36mAnd &amp#27;[0m&amp#27;[36mUser wait for "2" seconds&amp#27;[0m
  &amp#27;[36mAnd &amp#27;[0m&amp#27;[36mUser click on "Arrivals" tab&amp#27;[0m
  &amp#27;[36mAnd &amp#27;[0m&amp#27;[36mUser wait for "2" seconds&amp#27;[0m
  &amp#27;[36mAnd &amp#27;[0m&amp#27;[36mUser click on "Issuing" tab&amp#27;[0m
  &amp#27;[36mAnd &amp#27;[0m&amp#27;[36mUser wait for "10" seconds&amp#27;[0m
  &amp#27;[36mAnd &amp#27;[0m&amp#27;[36mValidate issuing state is "Complete"&amp#27;[0m
13:58:25.359 [main] INFO   - 
  _____   ___   ___   _____     ___   ___   _  _   ___    ___   _  _    ___ 
 |_   _| | __| / __| |_   _|   | _ \ | __| | \| | |   \  |_ _| | \| |  / __|
   | |   | _|  \__ \   | |     |  _/ | _|  | .` | | |) |  | |  | .` | | (_ |
   |_|   |___| |___/   |_|     |_|   |___| |_|\_| |___/  |___| |_|\_|  \___|

Verify user is able to add issuing line and issuing requisition type data and finalize
-----------------------------------------------------------------------------
]]></system-out>
  </testcase>
  <testcase name="Verify user is able to edit issuing line and issuing requisition type data before finalizing" classname="Issuing tab in SMT application for Store Operator user" time="0.102">
    <error type="io.cucumber.junit.UndefinedStepException"><![CDATA[io.cucumber.junit.UndefinedStepException: 
The step 'User is on home page of SMT application' and 49 other step(s) are undefined.
You can implement these steps using the snippet(s) below:

@Given("User is on home page of SMT application")
public void user_is_on_home_page_of_smt_application() {
    // Write code here that turns the phrase above into concrete actions
    throw new io.cucumber.java.PendingException();
}
@Given("User is able to see login button on home page")
public void user_is_able_to_see_login_button_on_home_page() {
    // Write code here that turns the phrase above into concrete actions
    throw new io.cucumber.java.PendingException();
}
@When("User click on login button")
public void user_click_on_login_button() {
    // Write code here that turns the phrase above into concrete actions
    throw new io.cucumber.java.PendingException();
}
@When("User click on Proceed To Login button in {string}")
public void user_click_on_proceed_to_login_button_in(String string) {
    // Write code here that turns the phrase above into concrete actions
    throw new io.cucumber.java.PendingException();
}
@Then("User login as {string}")
public void user_login_as(String string) {
    // Write code here that turns the phrase above into concrete actions
    throw new io.cucumber.java.PendingException();
}
@Then("User click on {string} button")
public void user_click_on_button(String string) {
    // Write code here that turns the phrase above into concrete actions
    throw new io.cucumber.java.PendingException();
}
@Then("User click on {string} tab")
public void user_click_on_tab(String string) {
    // Write code here that turns the phrase above into concrete actions
    throw new io.cucumber.java.PendingException();
}
@Then("User wait for {string} seconds")
public void user_wait_for_seconds(String string) {
    // Write code here that turns the phrase above into concrete actions
    throw new io.cucumber.java.PendingException();
}
@Given("User click on {string} button")
public void user_click_on_button(String string) {
    // Write code here that turns the phrase above into concrete actions
    throw new io.cucumber.java.PendingException();
}
@Given("{string} text is visible")
public void text_is_visible(String string) {
    // Write code here that turns the phrase above into concrete actions
    throw new io.cucumber.java.PendingException();
}
@Given("User select {string} from {string} in {string} tab")
public void user_select_from_in_tab(String string, String string2, String string3) {
    // Write code here that turns the phrase above into concrete actions
    throw new io.cucumber.java.PendingException();
}
@Given("User type and select {string} from {string} in {string} tab")
public void user_type_and_select_from_in_tab(String string, String string2, String string3) {
    // Write code here that turns the phrase above into concrete actions
    throw new io.cucumber.java.PendingException();
}
@Given("User enter random text in {string}")
public void user_enter_random_text_in(String string) {
    // Write code here that turns the phrase above into concrete actions
    throw new io.cucumber.java.PendingException();
}
@When("User click on {string} button")
public void user_click_on_button(String string) {
    // Write code here that turns the phrase above into concrete actions
    throw new io.cucumber.java.PendingException();
}
@Then("{string} heading is visible")
public void heading_is_visible(String string) {
    // Write code here that turns the phrase above into concrete actions
    throw new io.cucumber.java.PendingException();
}
@Then("User select {string} from {string} in {string} tab")
public void user_select_from_in_tab(String string, String string2, String string3) {
    // Write code here that turns the phrase above into concrete actions
    throw new io.cucumber.java.PendingException();
}
@Then("User enter {string} in {string}")
public void user_enter_in(String string, String string2) {
    // Write code here that turns the phrase above into concrete actions
    throw new io.cucumber.java.PendingException();
}
@Then("User enter random text in {string}")
public void user_enter_random_text_in(String string) {
    // Write code here that turns the phrase above into concrete actions
    throw new io.cucumber.java.PendingException();
}
@When("User wait for {string} seconds")
public void user_wait_for_seconds(String string) {
    // Write code here that turns the phrase above into concrete actions
    throw new io.cucumber.java.PendingException();
}
@Then("Issuing line is created successfully")
public void issuing_line_is_created_successfully() {
    // Write code here that turns the phrase above into concrete actions
    throw new io.cucumber.java.PendingException();
}
@Then("Issuing line Data is visible in issuing line table to user")
public void issuing_line_data_is_visible_in_issuing_line_table_to_user() {
    // Write code here that turns the phrase above into concrete actions
    throw new io.cucumber.java.PendingException();
}
@Then("Validate issuing state is {string}")
public void validate_issuing_state_is(String string) {
    // Write code here that turns the phrase above into concrete actions
    throw new io.cucumber.java.PendingException();
}
@Then("User edit the Issuing data")
public void user_edit_the_issuing_data() {
    // Write code here that turns the phrase above into concrete actions
    throw new io.cucumber.java.PendingException();
}
@Then("{string} text is visible")
public void text_is_visible(String string) {
    // Write code here that turns the phrase above into concrete actions
    throw new io.cucumber.java.PendingException();
}
@Then("User type and select {string} from {string} in {string} tab")
public void user_type_and_select_from_in_tab(String string, String string2, String string3) {
    // Write code here that turns the phrase above into concrete actions
    throw new io.cucumber.java.PendingException();
}
@When("User edit the line in issuing")
public void user_edit_the_line_in_issuing() {
    // Write code here that turns the phrase above into concrete actions
    throw new io.cucumber.java.PendingException();
}
@Then("Issuing line is updated successfully")
public void issuing_line_is_updated_successfully() {
    // Write code here that turns the phrase above into concrete actions
    throw new io.cucumber.java.PendingException();
}

]]></error>
    <system-out><![CDATA[
Scenario Outline: Verify user is able to edit issuing line and issuing requisition type data before finalizing &amp#27;[90m# src/test/resources/features/StoreOperator/Issuing.feature:90&amp#27;[0m
13:58:25.384 [main] INFO  i.c.core.plugin.SerenityReporter - Running feature from file:///C:/Users/Sandeepkumar.Phalke/eclipse-workspace/UNICEF_SerenityBDD_Automation_Framework/src/test/resources/features/StoreOperator/Issuing.feature
13:58:25.385 [main] INFO   - 
  _____   ___   ___   _____     ___   _____     _     ___   _____   ___   ___  
 |_   _| | __| / __| |_   _|   / __| |_   _|   /_\   | _ \ |_   _| | __| |   \ 
   | |   | _|  \__ \   | |     \__ \   | |    / _ \  |   /   | |   | _|  | |) |
   |_|   |___| |___/   |_|     |___/   |_|   /_/ \_\ |_|_\   |_|   |___| |___/ 

Verify user is able to edit issuing line and issuing requisition type data before finalizing(issuing-tab-in-smt-application-for-store-operator-user;verify-user-is-able-to-edit-issuing-line-and-issuing-requisition-type-data-before-finalizing)
--------------------------------------------------------------------------------
  &amp#27;[33mGiven &amp#27;[0m&amp#27;[33mUser is on home page of SMT application&amp#27;[0m
  &amp#27;[36mAnd &amp#27;[0m&amp#27;[36mUser is able to see login button on home page&amp#27;[0m
  &amp#27;[36mWhen &amp#27;[0m&amp#27;[36mUser click on login button&amp#27;[0m
  &amp#27;[36mAnd &amp#27;[0m&amp#27;[36mUser click on Proceed To Login button in "English"&amp#27;[0m
  &amp#27;[36mThen &amp#27;[0m&amp#27;[36mUser login as "Store Operator"&amp#27;[0m
  &amp#27;[36mAnd &amp#27;[0m&amp#27;[36mUser click on "Apply" button&amp#27;[0m
  &amp#27;[36mAnd &amp#27;[0m&amp#27;[36mUser click on "Issuing" tab&amp#27;[0m
  &amp#27;[36mAnd &amp#27;[0m&amp#27;[36mUser wait for "5" seconds&amp#27;[0m
  &amp#27;[36mGiven &amp#27;[0m&amp#27;[36mUser click on "Issue New Stock" button&amp#27;[0m
  &amp#27;[36mAnd &amp#27;[0m&amp#27;[36m"Issue New Stock" text is visible&amp#27;[0m
  &amp#27;[36mAnd &amp#27;[0m&amp#27;[36mUser select "Requisition" from "Issue Type" in "Issuing" tab&amp#27;[0m
  &amp#27;[36mAnd &amp#27;[0m&amp#27;[36mUser type and select "Dubai 2" from "Recipient Store / Reason" in "Issuing" tab&amp#27;[0m
  &amp#27;[36mAnd &amp#27;[0m&amp#27;[36mUser select "No" from "Distributed Late" in "Issuing" tab&amp#27;[0m
  &amp#27;[36mAnd &amp#27;[0m&amp#27;[36mUser enter random text in "internationaRef"&amp#27;[0m
  &amp#27;[36mWhen &amp#27;[0m&amp#27;[36mUser click on "Add Line to Issue" button&amp#27;[0m
  &amp#27;[36mThen &amp#27;[0m&amp#27;[36m"Add Product to Issue" heading is visible&amp#27;[0m
  &amp#27;[36mAnd &amp#27;[0m&amp#27;[36mUser select "Vaccine" from "Product Type" in "Issuing" tab&amp#27;[0m
  &amp#27;[36mAnd &amp#27;[0m&amp#27;[36mUser select "YF" from "Product" in "Issuing" tab&amp#27;[0m
  &amp#27;[36mAnd &amp#27;[0m&amp#27;[36mUser select "200A" from "Batch Number" in "Issuing" tab&amp#27;[0m
  &amp#27;[36mAnd &amp#27;[0m&amp#27;[36mUser wait for "3" seconds&amp#27;[0m
  &amp#27;[36mAnd &amp#27;[0m&amp#27;[36mUser enter "1" in "dosesOrUnit"&amp#27;[0m
  &amp#27;[36mAnd &amp#27;[0m&amp#27;[36mUser enter random text in "comment"&amp#27;[0m
  &amp#27;[36mWhen &amp#27;[0m&amp#27;[36mUser click on "Save" button&amp#27;[0m
  &amp#27;[36mAnd &amp#27;[0m&amp#27;[36mUser wait for "3" seconds&amp#27;[0m
  &amp#27;[36mThen &amp#27;[0m&amp#27;[36mIssuing line is created successfully&amp#27;[0m
  &amp#27;[36mAnd &amp#27;[0m&amp#27;[36mIssuing line Data is visible in issuing line table to user&amp#27;[0m
  &amp#27;[36mAnd &amp#27;[0m&amp#27;[36mUser click on "Save as draft and go back" button&amp#27;[0m
  &amp#27;[36mAnd &amp#27;[0m&amp#27;[36mUser wait for "5" seconds&amp#27;[0m
  &amp#27;[36mAnd &amp#27;[0m&amp#27;[36mValidate issuing state is "Draft"&amp#27;[0m
  &amp#27;[36mAnd &amp#27;[0m&amp#27;[36mUser edit the Issuing data&amp#27;[0m
  &amp#27;[36mAnd &amp#27;[0m&amp#27;[36m"View Issued Stock" text is visible&amp#27;[0m
  &amp#27;[36mAnd &amp#27;[0m&amp#27;[36mUser select "Requisition" from "Issue Type" in "Issuing" tab&amp#27;[0m
  &amp#27;[36mAnd &amp#27;[0m&amp#27;[36mUser type and select "Dubai 2" from "Recipient Store / Reason" in "Issuing" tab&amp#27;[0m
  &amp#27;[36mAnd &amp#27;[0m&amp#27;[36mUser select "No" from "Distributed Late" in "Issuing" tab&amp#27;[0m
  &amp#27;[36mAnd &amp#27;[0m&amp#27;[36mUser enter random text in "internationaRef"&amp#27;[0m
  &amp#27;[36mWhen &amp#27;[0m&amp#27;[36mUser edit the line in issuing&amp#27;[0m
  &amp#27;[36mThen &amp#27;[0m&amp#27;[36m"Editing Issued Stock" heading is visible&amp#27;[0m
  &amp#27;[36mAnd &amp#27;[0m&amp#27;[36mUser select "Vaccine" from "Product Type" in "Issuing" tab&amp#27;[0m
  &amp#27;[36mAnd &amp#27;[0m&amp#27;[36mUser select "YF" from "Product" in "Issuing" tab&amp#27;[0m
  &amp#27;[36mAnd &amp#27;[0m&amp#27;[36mUser select "200A" from "Batch Number" in "Issuing" tab&amp#27;[0m
  &amp#27;[36mAnd &amp#27;[0m&amp#27;[36mUser wait for "3" seconds&amp#27;[0m
  &amp#27;[36mAnd &amp#27;[0m&amp#27;[36mUser enter "1" in "dosesOrUnit"&amp#27;[0m
  &amp#27;[36mAnd &amp#27;[0m&amp#27;[36mUser enter random text in "comment"&amp#27;[0m
  &amp#27;[36mWhen &amp#27;[0m&amp#27;[36mUser click on "Update" button&amp#27;[0m
  &amp#27;[36mAnd &amp#27;[0m&amp#27;[36mUser wait for "1" seconds&amp#27;[0m
  &amp#27;[36mThen &amp#27;[0m&amp#27;[36mIssuing line is updated successfully&amp#27;[0m
  &amp#27;[36mWhen &amp#27;[0m&amp#27;[36mUser click on "Finalize" button&amp#27;[0m
  &amp#27;[36mThen &amp#27;[0m&amp#27;[36mIssuing line is updated successfully&amp#27;[0m
  &amp#27;[36mAnd &amp#27;[0m&amp#27;[36mUser wait for "10" seconds&amp#27;[0m
  &amp#27;[36mAnd &amp#27;[0m&amp#27;[36mValidate issuing state is "Complete"&amp#27;[0m
13:58:25.461 [main] INFO   - 
  _____   ___   ___   _____     ___   ___   _  _   ___    ___   _  _    ___ 
 |_   _| | __| / __| |_   _|   | _ \ | __| | \| | |   \  |_ _| | \| |  / __|
   | |   | _|  \__ \   | |     |  _/ | _|  | .` | | |) |  | |  | .` | | (_ |
   |_|   |___| |___/   |_|     |_|   |___| |_|\_| |___/  |___| |_|\_|  \___|

Verify user is able to edit issuing line and issuing requisition type data before finalizing
-----------------------------------------------------------------------------
]]></system-out>
  </testcase>
  <testcase name="Verify user is able to delete issuing line and delete issuing requisition type data before finalizing" classname="Issuing tab in SMT application for Store Operator user" time="0.092">
    <error type="io.cucumber.junit.UndefinedStepException"><![CDATA[io.cucumber.junit.UndefinedStepException: 
The step 'User is on home page of SMT application' and 40 other step(s) are undefined.
You can implement these steps using the snippet(s) below:

@Given("User is on home page of SMT application")
public void user_is_on_home_page_of_smt_application() {
    // Write code here that turns the phrase above into concrete actions
    throw new io.cucumber.java.PendingException();
}
@Given("User is able to see login button on home page")
public void user_is_able_to_see_login_button_on_home_page() {
    // Write code here that turns the phrase above into concrete actions
    throw new io.cucumber.java.PendingException();
}
@When("User click on login button")
public void user_click_on_login_button() {
    // Write code here that turns the phrase above into concrete actions
    throw new io.cucumber.java.PendingException();
}
@When("User click on Proceed To Login button in {string}")
public void user_click_on_proceed_to_login_button_in(String string) {
    // Write code here that turns the phrase above into concrete actions
    throw new io.cucumber.java.PendingException();
}
@Then("User login as {string}")
public void user_login_as(String string) {
    // Write code here that turns the phrase above into concrete actions
    throw new io.cucumber.java.PendingException();
}
@Then("User click on {string} button")
public void user_click_on_button(String string) {
    // Write code here that turns the phrase above into concrete actions
    throw new io.cucumber.java.PendingException();
}
@Then("User click on {string} tab")
public void user_click_on_tab(String string) {
    // Write code here that turns the phrase above into concrete actions
    throw new io.cucumber.java.PendingException();
}
@Then("User wait for {string} seconds")
public void user_wait_for_seconds(String string) {
    // Write code here that turns the phrase above into concrete actions
    throw new io.cucumber.java.PendingException();
}
@Given("User click on {string} button")
public void user_click_on_button(String string) {
    // Write code here that turns the phrase above into concrete actions
    throw new io.cucumber.java.PendingException();
}
@Given("{string} text is visible")
public void text_is_visible(String string) {
    // Write code here that turns the phrase above into concrete actions
    throw new io.cucumber.java.PendingException();
}
@Given("User select {string} from {string} in {string} tab")
public void user_select_from_in_tab(String string, String string2, String string3) {
    // Write code here that turns the phrase above into concrete actions
    throw new io.cucumber.java.PendingException();
}
@Given("User type and select {string} from {string} in {string} tab")
public void user_type_and_select_from_in_tab(String string, String string2, String string3) {
    // Write code here that turns the phrase above into concrete actions
    throw new io.cucumber.java.PendingException();
}
@Given("User enter random text in {string}")
public void user_enter_random_text_in(String string) {
    // Write code here that turns the phrase above into concrete actions
    throw new io.cucumber.java.PendingException();
}
@When("User click on {string} button")
public void user_click_on_button(String string) {
    // Write code here that turns the phrase above into concrete actions
    throw new io.cucumber.java.PendingException();
}
@Then("{string} heading is visible")
public void heading_is_visible(String string) {
    // Write code here that turns the phrase above into concrete actions
    throw new io.cucumber.java.PendingException();
}
@Then("User select {string} from {string} in {string} tab")
public void user_select_from_in_tab(String string, String string2, String string3) {
    // Write code here that turns the phrase above into concrete actions
    throw new io.cucumber.java.PendingException();
}
@Then("User enter {string} in {string}")
public void user_enter_in(String string, String string2) {
    // Write code here that turns the phrase above into concrete actions
    throw new io.cucumber.java.PendingException();
}
@Then("User enter random text in {string}")
public void user_enter_random_text_in(String string) {
    // Write code here that turns the phrase above into concrete actions
    throw new io.cucumber.java.PendingException();
}
@When("User wait for {string} seconds")
public void user_wait_for_seconds(String string) {
    // Write code here that turns the phrase above into concrete actions
    throw new io.cucumber.java.PendingException();
}
@Then("Issuing line is created successfully")
public void issuing_line_is_created_successfully() {
    // Write code here that turns the phrase above into concrete actions
    throw new io.cucumber.java.PendingException();
}
@Then("Issuing line Data is visible in issuing line table to user")
public void issuing_line_data_is_visible_in_issuing_line_table_to_user() {
    // Write code here that turns the phrase above into concrete actions
    throw new io.cucumber.java.PendingException();
}
@Then("Validate issuing state is {string}")
public void validate_issuing_state_is(String string) {
    // Write code here that turns the phrase above into concrete actions
    throw new io.cucumber.java.PendingException();
}
@Then("User edit the Issuing data")
public void user_edit_the_issuing_data() {
    // Write code here that turns the phrase above into concrete actions
    throw new io.cucumber.java.PendingException();
}
@When("User delete the line in issuing")
public void user_delete_the_line_in_issuing() {
    // Write code here that turns the phrase above into concrete actions
    throw new io.cucumber.java.PendingException();
}
@Then("Issuing line is deleted successfully")
public void issuing_line_is_deleted_successfully() {
    // Write code here that turns the phrase above into concrete actions
    throw new io.cucumber.java.PendingException();
}
@Then("Issuing line Data is not visible in issuing line table to user")
public void issuing_line_data_is_not_visible_in_issuing_line_table_to_user() {
    // Write code here that turns the phrase above into concrete actions
    throw new io.cucumber.java.PendingException();
}
@When("User delete the Issuing data")
public void user_delete_the_issuing_data() {
    // Write code here that turns the phrase above into concrete actions
    throw new io.cucumber.java.PendingException();
}
@Then("Issuing data is deleted successfully")
public void issuing_data_is_deleted_successfully() {
    // Write code here that turns the phrase above into concrete actions
    throw new io.cucumber.java.PendingException();
}
@Then("Issuing Data is not visible in issuing table to user")
public void issuing_data_is_not_visible_in_issuing_table_to_user() {
    // Write code here that turns the phrase above into concrete actions
    throw new io.cucumber.java.PendingException();
}

]]></error>
    <system-out><![CDATA[
Scenario Outline: Verify user is able to delete issuing line and delete issuing requisition type data before finalizing &amp#27;[90m# src/test/resources/features/StoreOperator/Issuing.feature:129&amp#27;[0m
13:58:25.490 [main] INFO  i.c.core.plugin.SerenityReporter - Running feature from file:///C:/Users/Sandeepkumar.Phalke/eclipse-workspace/UNICEF_SerenityBDD_Automation_Framework/src/test/resources/features/StoreOperator/Issuing.feature
13:58:25.491 [main] INFO   - 
  _____   ___   ___   _____     ___   _____     _     ___   _____   ___   ___  
 |_   _| | __| / __| |_   _|   / __| |_   _|   /_\   | _ \ |_   _| | __| |   \ 
   | |   | _|  \__ \   | |     \__ \   | |    / _ \  |   /   | |   | _|  | |) |
   |_|   |___| |___/   |_|     |___/   |_|   /_/ \_\ |_|_\   |_|   |___| |___/ 

Verify user is able to delete issuing line and delete issuing requisition type data before finalizing(issuing-tab-in-smt-application-for-store-operator-user;verify-user-is-able-to-delete-issuing-line-and-delete-issuing-requisition-type-data-before-finalizing)
--------------------------------------------------------------------------------
  &amp#27;[33mGiven &amp#27;[0m&amp#27;[33mUser is on home page of SMT application&amp#27;[0m
  &amp#27;[36mAnd &amp#27;[0m&amp#27;[36mUser is able to see login button on home page&amp#27;[0m
  &amp#27;[36mWhen &amp#27;[0m&amp#27;[36mUser click on login button&amp#27;[0m
  &amp#27;[36mAnd &amp#27;[0m&amp#27;[36mUser click on Proceed To Login button in "English"&amp#27;[0m
  &amp#27;[36mThen &amp#27;[0m&amp#27;[36mUser login as "Store Operator"&amp#27;[0m
  &amp#27;[36mAnd &amp#27;[0m&amp#27;[36mUser click on "Apply" button&amp#27;[0m
  &amp#27;[36mAnd &amp#27;[0m&amp#27;[36mUser click on "Issuing" tab&amp#27;[0m
  &amp#27;[36mAnd &amp#27;[0m&amp#27;[36mUser wait for "5" seconds&amp#27;[0m
  &amp#27;[36mGiven &amp#27;[0m&amp#27;[36mUser click on "Issue New Stock" button&amp#27;[0m
  &amp#27;[36mAnd &amp#27;[0m&amp#27;[36m"Issue New Stock" text is visible&amp#27;[0m
  &amp#27;[36mAnd &amp#27;[0m&amp#27;[36mUser select "Requisition" from "Issue Type" in "Issuing" tab&amp#27;[0m
  &amp#27;[36mAnd &amp#27;[0m&amp#27;[36mUser type and select "Dubai 2" from "Recipient Store / Reason" in "Issuing" tab&amp#27;[0m
  &amp#27;[36mAnd &amp#27;[0m&amp#27;[36mUser select "No" from "Distributed Late" in "Issuing" tab&amp#27;[0m
  &amp#27;[36mAnd &amp#27;[0m&amp#27;[36mUser enter random text in "internationaRef"&amp#27;[0m
  &amp#27;[36mWhen &amp#27;[0m&amp#27;[36mUser click on "Add Line to Issue" button&amp#27;[0m
  &amp#27;[36mThen &amp#27;[0m&amp#27;[36m"Add Product to Issue" heading is visible&amp#27;[0m
  &amp#27;[36mAnd &amp#27;[0m&amp#27;[36mUser select "Vaccine" from "Product Type" in "Issuing" tab&amp#27;[0m
  &amp#27;[36mAnd &amp#27;[0m&amp#27;[36mUser select "YF" from "Product" in "Issuing" tab&amp#27;[0m
  &amp#27;[36mAnd &amp#27;[0m&amp#27;[36mUser select "200A" from "Batch Number" in "Issuing" tab&amp#27;[0m
  &amp#27;[36mAnd &amp#27;[0m&amp#27;[36mUser wait for "3" seconds&amp#27;[0m
  &amp#27;[36mAnd &amp#27;[0m&amp#27;[36mUser enter "1" in "dosesOrUnit"&amp#27;[0m
  &amp#27;[36mAnd &amp#27;[0m&amp#27;[36mUser enter random text in "comment"&amp#27;[0m
  &amp#27;[36mWhen &amp#27;[0m&amp#27;[36mUser click on "Save" button&amp#27;[0m
  &amp#27;[36mAnd &amp#27;[0m&amp#27;[36mUser wait for "3" seconds&amp#27;[0m
  &amp#27;[36mThen &amp#27;[0m&amp#27;[36mIssuing line is created successfully&amp#27;[0m
  &amp#27;[36mAnd &amp#27;[0m&amp#27;[36mIssuing line Data is visible in issuing line table to user&amp#27;[0m
  &amp#27;[36mAnd &amp#27;[0m&amp#27;[36mUser click on "Save as draft and go back" button&amp#27;[0m
  &amp#27;[36mAnd &amp#27;[0m&amp#27;[36mUser wait for "10" seconds&amp#27;[0m
  &amp#27;[36mAnd &amp#27;[0m&amp#27;[36mValidate issuing state is "Draft"&amp#27;[0m
  &amp#27;[36mAnd &amp#27;[0m&amp#27;[36mUser edit the Issuing data&amp#27;[0m
  &amp#27;[36mWhen &amp#27;[0m&amp#27;[36mUser delete the line in issuing&amp#27;[0m
  &amp#27;[36mAnd &amp#27;[0m&amp#27;[36mUser click on "Yes" button&amp#27;[0m
  &amp#27;[36mThen &amp#27;[0m&amp#27;[36mIssuing line is deleted successfully&amp#27;[0m
  &amp#27;[36mAnd &amp#27;[0m&amp#27;[36mIssuing line Data is not visible in issuing line table to user&amp#27;[0m
  &amp#27;[36mWhen &amp#27;[0m&amp#27;[36mUser click on "Save as draft and go back" button&amp#27;[0m
  &amp#27;[36mAnd &amp#27;[0m&amp#27;[36mUser wait for "7" seconds&amp#27;[0m
  &amp#27;[36mAnd &amp#27;[0m&amp#27;[36mUser delete the Issuing data&amp#27;[0m
  &amp#27;[36mAnd &amp#27;[0m&amp#27;[36mUser click on "Yes" button&amp#27;[0m
  &amp#27;[36mAnd &amp#27;[0m&amp#27;[36mUser wait for "3" seconds&amp#27;[0m
  &amp#27;[36mThen &amp#27;[0m&amp#27;[36mIssuing data is deleted successfully&amp#27;[0m
  &amp#27;[36mAnd &amp#27;[0m&amp#27;[36mIssuing Data is not visible in issuing table to user&amp#27;[0m
13:58:25.555 [main] INFO   - 
  _____   ___   ___   _____     ___   ___   _  _   ___    ___   _  _    ___ 
 |_   _| | __| / __| |_   _|   | _ \ | __| | \| | |   \  |_ _| | \| |  / __|
   | |   | _|  \__ \   | |     |  _/ | _|  | .` | | |) |  | |  | .` | | (_ |
   |_|   |___| |___/   |_|     |_|   |___| |_|\_| |___/  |___| |_|\_|  \___|

Verify user is able to delete issuing line and delete issuing requisition type data before finalizing
-----------------------------------------------------------------------------
]]></system-out>
  </testcase>
  <testcase name="Verify user is able to add arrival receipt type data and perform physical count type surplus adjustment" classname="Physical Count &amp; Adjustments tab in SMT application for Store Operator user" time="0.169">
    <error type="io.cucumber.junit.UndefinedStepException"><![CDATA[io.cucumber.junit.UndefinedStepException: 
The step 'User is on home page of SMT application' and 69 other step(s) are undefined.
You can implement these steps using the snippet(s) below:

@Given("User is on home page of SMT application")
public void user_is_on_home_page_of_smt_application() {
    // Write code here that turns the phrase above into concrete actions
    throw new io.cucumber.java.PendingException();
}
@Given("User is able to see login button on home page")
public void user_is_able_to_see_login_button_on_home_page() {
    // Write code here that turns the phrase above into concrete actions
    throw new io.cucumber.java.PendingException();
}
@When("User click on login button")
public void user_click_on_login_button() {
    // Write code here that turns the phrase above into concrete actions
    throw new io.cucumber.java.PendingException();
}
@When("User click on Proceed To Login button in {string}")
public void user_click_on_proceed_to_login_button_in(String string) {
    // Write code here that turns the phrase above into concrete actions
    throw new io.cucumber.java.PendingException();
}
@Then("User login as {string}")
public void user_login_as(String string) {
    // Write code here that turns the phrase above into concrete actions
    throw new io.cucumber.java.PendingException();
}
@Then("User click on {string} button")
public void user_click_on_button(String string) {
    // Write code here that turns the phrase above into concrete actions
    throw new io.cucumber.java.PendingException();
}
@Then("User click on {string} tab")
public void user_click_on_tab(String string) {
    // Write code here that turns the phrase above into concrete actions
    throw new io.cucumber.java.PendingException();
}
@Then("User wait for {string} seconds")
public void user_wait_for_seconds(String string) {
    // Write code here that turns the phrase above into concrete actions
    throw new io.cucumber.java.PendingException();
}
@Given("User click on {string} button")
public void user_click_on_button(String string) {
    // Write code here that turns the phrase above into concrete actions
    throw new io.cucumber.java.PendingException();
}
@Then("{string} text is visible")
public void text_is_visible(String string) {
    // Write code here that turns the phrase above into concrete actions
    throw new io.cucumber.java.PendingException();
}
@Then("User select {string} from {string} in {string} tab")
public void user_select_from_in_tab(String string, String string2, String string3) {
    // Write code here that turns the phrase above into concrete actions
    throw new io.cucumber.java.PendingException();
}
@Then("User enter random text in {string}")
public void user_enter_random_text_in(String string) {
    // Write code here that turns the phrase above into concrete actions
    throw new io.cucumber.java.PendingException();
}
@Then("User enter random number in {string}")
public void user_enter_random_number_in(String string) {
    // Write code here that turns the phrase above into concrete actions
    throw new io.cucumber.java.PendingException();
}
@When("User click on {string} button")
public void user_click_on_button(String string) {
    // Write code here that turns the phrase above into concrete actions
    throw new io.cucumber.java.PendingException();
}
@Then("{string} heading is visible")
public void heading_is_visible(String string) {
    // Write code here that turns the phrase above into concrete actions
    throw new io.cucumber.java.PendingException();
}
@Then("User enter {string} in {string}")
public void user_enter_in(String string, String string2) {
    // Write code here that turns the phrase above into concrete actions
    throw new io.cucumber.java.PendingException();
}
@Then("Arrivals line is created successfully")
public void arrivals_line_is_created_successfully() {
    // Write code here that turns the phrase above into concrete actions
    throw new io.cucumber.java.PendingException();
}
@Then("Arrivals line Data is visible in arrival line table to user")
public void arrivals_line_data_is_visible_in_arrival_line_table_to_user() {
    // Write code here that turns the phrase above into concrete actions
    throw new io.cucumber.java.PendingException();
}
@When("User wait for {string} seconds")
public void user_wait_for_seconds(String string) {
    // Write code here that turns the phrase above into concrete actions
    throw new io.cucumber.java.PendingException();
}
@Then("Arrivals Data is visible in arrivals table to user")
public void arrivals_data_is_visible_in_arrivals_table_to_user() {
    // Write code here that turns the phrase above into concrete actions
    throw new io.cucumber.java.PendingException();
}
@Then("Validate arrival state is {string}")
public void validate_arrival_state_is(String string) {
    // Write code here that turns the phrase above into concrete actions
    throw new io.cucumber.java.PendingException();
}
@Then("User edit the details of arrival data created")
public void user_edit_the_details_of_arrival_data_created() {
    // Write code here that turns the phrase above into concrete actions
    throw new io.cucumber.java.PendingException();
}
@When("User enter {string} in {string}")
public void user_enter_in(String string, String string2) {
    // Write code here that turns the phrase above into concrete actions
    throw new io.cucumber.java.PendingException();
}
@Then("Verify {string} value is {string}")
public void verify_value_is(String string, String string2) {
    // Write code here that turns the phrase above into concrete actions
    throw new io.cucumber.java.PendingException();
}
@Then("User click on acceptAdjustment checkbox")
public void user_click_on_accept_adjustment_checkbox() {
    // Write code here that turns the phrase above into concrete actions
    throw new io.cucumber.java.PendingException();
}
@Then("Arrivals data is saved successfully")
public void arrivals_data_is_saved_successfully() {
    // Write code here that turns the phrase above into concrete actions
    throw new io.cucumber.java.PendingException();
}
@Then("Arrivals data is updated successfully")
public void arrivals_data_is_updated_successfully() {
    // Write code here that turns the phrase above into concrete actions
    throw new io.cucumber.java.PendingException();
}
@Then("Updated {string} data is visible in Physical Count & Adjustments tab")
public void updated_data_is_visible_in_physical_count_adjustments_tab(String string) {
    // Write code here that turns the phrase above into concrete actions
    throw new io.cucumber.java.PendingException();
}
@When("User click on {string} button in arrivals tab")
public void user_click_on_button_in_arrivals_tab(String string) {
    // Write code here that turns the phrase above into concrete actions
    throw new io.cucumber.java.PendingException();
}
@Then("User is able to see batch number details of arrival adjusted")
public void user_is_able_to_see_batch_number_details_of_arrival_adjusted() {
    // Write code here that turns the phrase above into concrete actions
    throw new io.cucumber.java.PendingException();
}
@Then("User is able to see difference of updated quantity as {string}")
public void user_is_able_to_see_difference_of_updated_quantity_as(String string) {
    // Write code here that turns the phrase above into concrete actions
    throw new io.cucumber.java.PendingException();
}

]]></error>
    <system-out><![CDATA[13:58:25.556 [main] INFO  i.c.core.plugin.SerenityReporter - Running feature from file:///C:/Users/Sandeepkumar.Phalke/eclipse-workspace/UNICEF_SerenityBDD_Automation_Framework/src/test/resources/features/StoreOperator/PhysicalCountAndAdjustments.feature
13:58:25.558 [main] INFO   - Test Suite Started: Physical Count & Adjustments tab in SMT application for Store Operator user

Scenario Outline: Verify user is able to add arrival receipt type data and perform physical count type surplus adjustment &amp#27;[90m# src/test/resources/features/StoreOperator/PhysicalCountAndAdjustments.feature:79&amp#27;[0m
13:58:25.591 [main] INFO  i.c.core.plugin.SerenityReporter - Running feature from file:///C:/Users/Sandeepkumar.Phalke/eclipse-workspace/UNICEF_SerenityBDD_Automation_Framework/src/test/resources/features/StoreOperator/PhysicalCountAndAdjustments.feature
13:58:25.592 [main] INFO   - 
  _____   ___   ___   _____     ___   _____     _     ___   _____   ___   ___  
 |_   _| | __| / __| |_   _|   / __| |_   _|   /_\   | _ \ |_   _| | __| |   \ 
   | |   | _|  \__ \   | |     \__ \   | |    / _ \  |   /   | |   | _|  | |) |
   |_|   |___| |___/   |_|     |___/   |_|   /_/ \_\ |_|_\   |_|   |___| |___/ 

Verify user is able to add arrival receipt type data and perform physical count type surplus adjustment(physical-count-&-adjustments-tab-in-smt-application-for-store-operator-user;verify-user-is-able-to-add-arrival-receipt-type-data-and-perform-physical-count-type-surplus-adjustment)
--------------------------------------------------------------------------------
  &amp#27;[33mGiven &amp#27;[0m&amp#27;[33mUser is on home page of SMT application&amp#27;[0m
  &amp#27;[36mAnd &amp#27;[0m&amp#27;[36mUser is able to see login button on home page&amp#27;[0m
  &amp#27;[36mWhen &amp#27;[0m&amp#27;[36mUser click on login button&amp#27;[0m
  &amp#27;[36mAnd &amp#27;[0m&amp#27;[36mUser click on Proceed To Login button in "English"&amp#27;[0m
  &amp#27;[36mThen &amp#27;[0m&amp#27;[36mUser login as "Store Operator"&amp#27;[0m
  &amp#27;[36mAnd &amp#27;[0m&amp#27;[36mUser click on "Apply" button&amp#27;[0m
  &amp#27;[36mAnd &amp#27;[0m&amp#27;[36mUser click on "Arrivals" tab&amp#27;[0m
  &amp#27;[36mAnd &amp#27;[0m&amp#27;[36mUser wait for "3" seconds&amp#27;[0m
  &amp#27;[36mGiven &amp#27;[0m&amp#27;[36mUser click on "Log New Arrival" button&amp#27;[0m
  &amp#27;[36mThen &amp#27;[0m&amp#27;[36m"Stock Arrival" text is visible&amp#27;[0m
  &amp#27;[36mAnd &amp#27;[0m&amp#27;[36mUser select "Arrival" from "Receipt Type" in "Arrivals" tab&amp#27;[0m
  &amp#27;[36mAnd &amp#27;[0m&amp#27;[36mUser enter random text in "smtNumber"&amp#27;[0m
  &amp#27;[36mAnd &amp#27;[0m&amp#27;[36mUser enter random number in "shippingReferance"&amp#27;[0m
  &amp#27;[36mAnd &amp#27;[0m&amp#27;[36mUser enter random text in "fundingSource"&amp#27;[0m
  &amp#27;[36mAnd &amp#27;[0m&amp#27;[36mUser select "AUD" from "Currency" in "Arrivals" tab&amp#27;[0m
  &amp#27;[36mAnd &amp#27;[0m&amp#27;[36mUser enter random number in "freightCost"&amp#27;[0m
  &amp#27;[36mWhen &amp#27;[0m&amp#27;[36mUser click on "Add Line to Arrival" button&amp#27;[0m
  &amp#27;[36mThen &amp#27;[0m&amp#27;[36m"Add Product to Arrival" heading is visible&amp#27;[0m
  &amp#27;[36mAnd &amp#27;[0m&amp#27;[36mUser select "Vaccine" from "Product Type" in "Arrivals" tab&amp#27;[0m
  &amp#27;[36mAnd &amp#27;[0m&amp#27;[36mUser select "bOPV" from "Product" in "Arrivals" tab&amp#27;[0m
  &amp#27;[36mAnd &amp#27;[0m&amp#27;[36mUser enter random text in "batchNo"&amp#27;[0m
  &amp#27;[36mAnd &amp#27;[0m&amp#27;[36mUser select "PT ONEJECT INDONESIA" from "Producer" in "Arrivals" tab&amp#27;[0m
  &amp#27;[36mAnd &amp#27;[0m&amp#27;[36mUser select "BIOPOLIO B1/3" from "Commercial Name" in "Arrivals" tab&amp#27;[0m
  &amp#27;[36mAnd &amp#27;[0m&amp#27;[36mUser select "Liquid: ready to use" from "Formulation" in "Arrivals" tab&amp#27;[0m
  &amp#27;[36mAnd &amp#27;[0m&amp#27;[36mUser select "10" from "Presentation" in "Arrivals" tab&amp#27;[0m
  &amp#27;[36mAnd &amp#27;[0m&amp#27;[36mUser select "1.Initial stage" from "VVM Stage" in "Arrivals" tab&amp#27;[0m
  &amp#27;[36mAnd &amp#27;[0m&amp#27;[36mUser enter "20" in "units"&amp#27;[0m
  &amp#27;[36mAnd &amp#27;[0m&amp#27;[36mUser select "Routine" from "Routine or SIA" in "Arrivals" tab&amp#27;[0m
  &amp#27;[36mAnd &amp#27;[0m&amp#27;[36mUser select "Indonesia" from "Origin" in "Arrivals" tab&amp#27;[0m
  &amp#27;[36mAnd &amp#27;[0m&amp#27;[36mUser select "Alarm" from "Shipping/Freeze Indicator" in "Arrivals" tab&amp#27;[0m
  &amp#27;[36mAnd &amp#27;[0m&amp#27;[36mUser enter "20" in "noOfVials"&amp#27;[0m
  &amp#27;[36mAnd &amp#27;[0m&amp#27;[36mUser enter "20" in "totalVolume"&amp#27;[0m
  &amp#27;[36mAnd &amp#27;[0m&amp#27;[36mUser select "Ambient_2022" from "Storage Location" in "Arrivals" tab&amp#27;[0m
  &amp#27;[36mAnd &amp#27;[0m&amp#27;[36mUser enter "1000" in "totalCost"&amp#27;[0m
  &amp#27;[36mAnd &amp#27;[0m&amp#27;[36mUser enter random text in "comments"&amp#27;[0m
  &amp#27;[36mAnd &amp#27;[0m&amp#27;[36mUser click on "Create" button&amp#27;[0m
  &amp#27;[36mWhen &amp#27;[0m&amp#27;[36mUser click on "Continue" button&amp#27;[0m
  &amp#27;[36mThen &amp#27;[0m&amp#27;[36mArrivals line is created successfully&amp#27;[0m
  &amp#27;[36mAnd &amp#27;[0m&amp#27;[36mArrivals line Data is visible in arrival line table to user&amp#27;[0m
  &amp#27;[36mWhen &amp#27;[0m&amp#27;[36mUser click on "Finalize" button&amp#27;[0m
  &amp#27;[36mAnd &amp#27;[0m&amp#27;[36mUser click on "Continue" button&amp#27;[0m
  &amp#27;[36mAnd &amp#27;[0m&amp#27;[36mUser wait for "3" seconds&amp#27;[0m
  &amp#27;[36mThen &amp#27;[0m&amp#27;[36mArrivals Data is visible in arrivals table to user&amp#27;[0m
  &amp#27;[36mAnd &amp#27;[0m&amp#27;[36mValidate arrival state is "Complete"&amp#27;[0m
  &amp#27;[36mAnd &amp#27;[0m&amp#27;[36mUser click on "Physical Count & Adjustments" tab&amp#27;[0m
  &amp#27;[36mAnd &amp#27;[0m&amp#27;[36mUser select "Physical Count" from "Adjustment Type" in "Physical Count & Adjustments" tab&amp#27;[0m
  &amp#27;[36mAnd &amp#27;[0m&amp#27;[36mUser edit the details of arrival data created&amp#27;[0m
  &amp#27;[36mThen &amp#27;[0m&amp#27;[36m"Physical Count & Adjustments" heading is visible&amp#27;[0m
  &amp#27;[36mWhen &amp#27;[0m&amp#27;[36mUser enter "25" in "countedQuantity"&amp#27;[0m
  &amp#27;[36mAnd &amp#27;[0m&amp#27;[36mUser wait for "5" seconds&amp#27;[0m
  &amp#27;[36mThen &amp#27;[0m&amp#27;[36mVerify "systemQuantity" value is "20"&amp#27;[0m
  &amp#27;[36mAnd &amp#27;[0m&amp#27;[36mVerify "actualQuantity" value is "25"&amp#27;[0m
  &amp#27;[36mAnd &amp#27;[0m&amp#27;[36mVerify "discrepency" value is "5"&amp#27;[0m
  &amp#27;[36mAnd &amp#27;[0m&amp#27;[36mVerify "reasonOfAdjustment" value is "Surplus"&amp#27;[0m
  &amp#27;[36mThen &amp#27;[0m&amp#27;[36mUser click on acceptAdjustment checkbox&amp#27;[0m
  &amp#27;[36mAnd &amp#27;[0m&amp#27;[36mUser enter random text in "comment"&amp#27;[0m
  &amp#27;[36mWhen &amp#27;[0m&amp#27;[36mUser click on "Save" button&amp#27;[0m
  &amp#27;[36mThen &amp#27;[0m&amp#27;[36mArrivals data is saved successfully&amp#27;[0m
  &amp#27;[36mAnd &amp#27;[0m&amp#27;[36mUser wait for "2" seconds&amp#27;[0m
  &amp#27;[36mAnd &amp#27;[0m&amp#27;[36mUser click on "Finalize" button&amp#27;[0m
  &amp#27;[36mWhen &amp#27;[0m&amp#27;[36mUser click on "OK" button&amp#27;[0m
  &amp#27;[36mAnd &amp#27;[0m&amp#27;[36mUser wait for "2" seconds&amp#27;[0m
  &amp#27;[36mThen &amp#27;[0m&amp#27;[36mArrivals data is updated successfully&amp#27;[0m
  &amp#27;[36mAnd &amp#27;[0m&amp#27;[36mUpdated "25" data is visible in Physical Count & Adjustments tab&amp#27;[0m
  &amp#27;[36mAnd &amp#27;[0m&amp#27;[36mUser click on "Arrivals" tab&amp#27;[0m
  &amp#27;[36mAnd &amp#27;[0m&amp#27;[36mUser wait for "5" seconds&amp#27;[0m
  &amp#27;[36mWhen &amp#27;[0m&amp#27;[36mUser click on "View Physical Count Details" button in arrivals tab&amp#27;[0m
  &amp#27;[36mAnd &amp#27;[0m&amp#27;[36mUser wait for "3" seconds&amp#27;[0m
  &amp#27;[36mThen &amp#27;[0m&amp#27;[36mUser is able to see batch number details of arrival adjusted&amp#27;[0m
  &amp#27;[36mThen &amp#27;[0m&amp#27;[36mUser is able to see difference of updated quantity as "5"&amp#27;[0m
13:58:25.726 [main] INFO   - 
  _____   ___   ___   _____     ___   ___   _  _   ___    ___   _  _    ___ 
 |_   _| | __| / __| |_   _|   | _ \ | __| | \| | |   \  |_ _| | \| |  / __|
   | |   | _|  \__ \   | |     |  _/ | _|  | .` | | |) |  | |  | .` | | (_ |
   |_|   |___| |___/   |_|     |_|   |___| |_|\_| |___/  |___| |_|\_|  \___|

Verify user is able to add arrival receipt type data and perform physical count type surplus adjustment
-----------------------------------------------------------------------------
]]></system-out>
  </testcase>
  <testcase name="Verify user is able to add arrival receipt type data and perform adjustment type missing adjustment" classname="Physical Count &amp; Adjustments tab in SMT application for Store Operator user" time="0.139">
    <error type="io.cucumber.junit.UndefinedStepException"><![CDATA[io.cucumber.junit.UndefinedStepException: 
The step 'User is on home page of SMT application' and 70 other step(s) are undefined.
You can implement these steps using the snippet(s) below:

@Given("User is on home page of SMT application")
public void user_is_on_home_page_of_smt_application() {
    // Write code here that turns the phrase above into concrete actions
    throw new io.cucumber.java.PendingException();
}
@Given("User is able to see login button on home page")
public void user_is_able_to_see_login_button_on_home_page() {
    // Write code here that turns the phrase above into concrete actions
    throw new io.cucumber.java.PendingException();
}
@When("User click on login button")
public void user_click_on_login_button() {
    // Write code here that turns the phrase above into concrete actions
    throw new io.cucumber.java.PendingException();
}
@When("User click on Proceed To Login button in {string}")
public void user_click_on_proceed_to_login_button_in(String string) {
    // Write code here that turns the phrase above into concrete actions
    throw new io.cucumber.java.PendingException();
}
@Then("User login as {string}")
public void user_login_as(String string) {
    // Write code here that turns the phrase above into concrete actions
    throw new io.cucumber.java.PendingException();
}
@Then("User click on {string} button")
public void user_click_on_button(String string) {
    // Write code here that turns the phrase above into concrete actions
    throw new io.cucumber.java.PendingException();
}
@Then("User click on {string} tab")
public void user_click_on_tab(String string) {
    // Write code here that turns the phrase above into concrete actions
    throw new io.cucumber.java.PendingException();
}
@Then("User wait for {string} seconds")
public void user_wait_for_seconds(String string) {
    // Write code here that turns the phrase above into concrete actions
    throw new io.cucumber.java.PendingException();
}
@Given("User click on {string} button")
public void user_click_on_button(String string) {
    // Write code here that turns the phrase above into concrete actions
    throw new io.cucumber.java.PendingException();
}
@Then("{string} text is visible")
public void text_is_visible(String string) {
    // Write code here that turns the phrase above into concrete actions
    throw new io.cucumber.java.PendingException();
}
@Then("User select {string} from {string} in {string} tab")
public void user_select_from_in_tab(String string, String string2, String string3) {
    // Write code here that turns the phrase above into concrete actions
    throw new io.cucumber.java.PendingException();
}
@Then("User enter random text in {string}")
public void user_enter_random_text_in(String string) {
    // Write code here that turns the phrase above into concrete actions
    throw new io.cucumber.java.PendingException();
}
@Then("User enter random number in {string}")
public void user_enter_random_number_in(String string) {
    // Write code here that turns the phrase above into concrete actions
    throw new io.cucumber.java.PendingException();
}
@When("User click on {string} button")
public void user_click_on_button(String string) {
    // Write code here that turns the phrase above into concrete actions
    throw new io.cucumber.java.PendingException();
}
@Then("{string} heading is visible")
public void heading_is_visible(String string) {
    // Write code here that turns the phrase above into concrete actions
    throw new io.cucumber.java.PendingException();
}
@Then("User enter {string} in {string}")
public void user_enter_in(String string, String string2) {
    // Write code here that turns the phrase above into concrete actions
    throw new io.cucumber.java.PendingException();
}
@Then("Arrivals line is created successfully")
public void arrivals_line_is_created_successfully() {
    // Write code here that turns the phrase above into concrete actions
    throw new io.cucumber.java.PendingException();
}
@Then("Arrivals line Data is visible in arrival line table to user")
public void arrivals_line_data_is_visible_in_arrival_line_table_to_user() {
    // Write code here that turns the phrase above into concrete actions
    throw new io.cucumber.java.PendingException();
}
@When("User wait for {string} seconds")
public void user_wait_for_seconds(String string) {
    // Write code here that turns the phrase above into concrete actions
    throw new io.cucumber.java.PendingException();
}
@Then("Arrivals Data is visible in arrivals table to user")
public void arrivals_data_is_visible_in_arrivals_table_to_user() {
    // Write code here that turns the phrase above into concrete actions
    throw new io.cucumber.java.PendingException();
}
@Then("Validate arrival state is {string}")
public void validate_arrival_state_is(String string) {
    // Write code here that turns the phrase above into concrete actions
    throw new io.cucumber.java.PendingException();
}
@Then("User edit the details of arrival data created")
public void user_edit_the_details_of_arrival_data_created() {
    // Write code here that turns the phrase above into concrete actions
    throw new io.cucumber.java.PendingException();
}
@When("User enter {string} in {string}")
public void user_enter_in(String string, String string2) {
    // Write code here that turns the phrase above into concrete actions
    throw new io.cucumber.java.PendingException();
}
@Then("Verify {string} value is {string}")
public void verify_value_is(String string, String string2) {
    // Write code here that turns the phrase above into concrete actions
    throw new io.cucumber.java.PendingException();
}
@Then("User click on acceptAdjustment checkbox")
public void user_click_on_accept_adjustment_checkbox() {
    // Write code here that turns the phrase above into concrete actions
    throw new io.cucumber.java.PendingException();
}
@Then("Arrivals data is saved successfully")
public void arrivals_data_is_saved_successfully() {
    // Write code here that turns the phrase above into concrete actions
    throw new io.cucumber.java.PendingException();
}
@Then("Arrivals data is updated successfully")
public void arrivals_data_is_updated_successfully() {
    // Write code here that turns the phrase above into concrete actions
    throw new io.cucumber.java.PendingException();
}
@Then("Updated {string} data is visible in Physical Count & Adjustments tab")
public void updated_data_is_visible_in_physical_count_adjustments_tab(String string) {
    // Write code here that turns the phrase above into concrete actions
    throw new io.cucumber.java.PendingException();
}
@When("User click on {string} button in arrivals tab")
public void user_click_on_button_in_arrivals_tab(String string) {
    // Write code here that turns the phrase above into concrete actions
    throw new io.cucumber.java.PendingException();
}
@Then("User is able to see batch number details of arrival adjusted")
public void user_is_able_to_see_batch_number_details_of_arrival_adjusted() {
    // Write code here that turns the phrase above into concrete actions
    throw new io.cucumber.java.PendingException();
}
@Then("User is able to see difference of updated quantity as {string}")
public void user_is_able_to_see_difference_of_updated_quantity_as(String string) {
    // Write code here that turns the phrase above into concrete actions
    throw new io.cucumber.java.PendingException();
}

]]></error>
    <system-out><![CDATA[
Scenario Outline: Verify user is able to add arrival receipt type data and perform adjustment type missing adjustment &amp#27;[90m# src/test/resources/features/StoreOperator/PhysicalCountAndAdjustments.feature:147&amp#27;[0m
13:58:25.764 [main] INFO  i.c.core.plugin.SerenityReporter - Running feature from file:///C:/Users/Sandeepkumar.Phalke/eclipse-workspace/UNICEF_SerenityBDD_Automation_Framework/src/test/resources/features/StoreOperator/PhysicalCountAndAdjustments.feature
13:58:25.767 [main] INFO   - 
  _____   ___   ___   _____     ___   _____     _     ___   _____   ___   ___  
 |_   _| | __| / __| |_   _|   / __| |_   _|   /_\   | _ \ |_   _| | __| |   \ 
   | |   | _|  \__ \   | |     \__ \   | |    / _ \  |   /   | |   | _|  | |) |
   |_|   |___| |___/   |_|     |___/   |_|   /_/ \_\ |_|_\   |_|   |___| |___/ 

Verify user is able to add arrival receipt type data and perform adjustment type missing adjustment(physical-count-&-adjustments-tab-in-smt-application-for-store-operator-user;verify-user-is-able-to-add-arrival-receipt-type-data-and-perform-adjustment-type-missing-adjustment)
--------------------------------------------------------------------------------
  &amp#27;[33mGiven &amp#27;[0m&amp#27;[33mUser is on home page of SMT application&amp#27;[0m
  &amp#27;[36mAnd &amp#27;[0m&amp#27;[36mUser is able to see login button on home page&amp#27;[0m
  &amp#27;[36mWhen &amp#27;[0m&amp#27;[36mUser click on login button&amp#27;[0m
  &amp#27;[36mAnd &amp#27;[0m&amp#27;[36mUser click on Proceed To Login button in "English"&amp#27;[0m
  &amp#27;[36mThen &amp#27;[0m&amp#27;[36mUser login as "Store Operator"&amp#27;[0m
  &amp#27;[36mAnd &amp#27;[0m&amp#27;[36mUser click on "Apply" button&amp#27;[0m
  &amp#27;[36mAnd &amp#27;[0m&amp#27;[36mUser click on "Arrivals" tab&amp#27;[0m
  &amp#27;[36mAnd &amp#27;[0m&amp#27;[36mUser wait for "3" seconds&amp#27;[0m
  &amp#27;[36mGiven &amp#27;[0m&amp#27;[36mUser click on "Log New Arrival" button&amp#27;[0m
  &amp#27;[36mThen &amp#27;[0m&amp#27;[36m"Stock Arrival" text is visible&amp#27;[0m
  &amp#27;[36mAnd &amp#27;[0m&amp#27;[36mUser select "Arrival" from "Receipt Type" in "Arrivals" tab&amp#27;[0m
  &amp#27;[36mAnd &amp#27;[0m&amp#27;[36mUser enter random text in "smtNumber"&amp#27;[0m
  &amp#27;[36mAnd &amp#27;[0m&amp#27;[36mUser enter random number in "shippingReferance"&amp#27;[0m
  &amp#27;[36mAnd &amp#27;[0m&amp#27;[36mUser enter random text in "fundingSource"&amp#27;[0m
  &amp#27;[36mAnd &amp#27;[0m&amp#27;[36mUser select "AUD" from "Currency" in "Arrivals" tab&amp#27;[0m
  &amp#27;[36mAnd &amp#27;[0m&amp#27;[36mUser enter random number in "freightCost"&amp#27;[0m
  &amp#27;[36mWhen &amp#27;[0m&amp#27;[36mUser click on "Add Line to Arrival" button&amp#27;[0m
  &amp#27;[36mThen &amp#27;[0m&amp#27;[36m"Add Product to Arrival" heading is visible&amp#27;[0m
  &amp#27;[36mAnd &amp#27;[0m&amp#27;[36mUser select "Vaccine" from "Product Type" in "Arrivals" tab&amp#27;[0m
  &amp#27;[36mAnd &amp#27;[0m&amp#27;[36mUser select "bOPV" from "Product" in "Arrivals" tab&amp#27;[0m
  &amp#27;[36mAnd &amp#27;[0m&amp#27;[36mUser enter random text in "batchNo"&amp#27;[0m
  &amp#27;[36mAnd &amp#27;[0m&amp#27;[36mUser select "PT ONEJECT INDONESIA" from "Producer" in "Arrivals" tab&amp#27;[0m
  &amp#27;[36mAnd &amp#27;[0m&amp#27;[36mUser select "BIOPOLIO B1/3" from "Commercial Name" in "Arrivals" tab&amp#27;[0m
  &amp#27;[36mAnd &amp#27;[0m&amp#27;[36mUser select "Liquid: ready to use" from "Formulation" in "Arrivals" tab&amp#27;[0m
  &amp#27;[36mAnd &amp#27;[0m&amp#27;[36mUser select "10" from "Presentation" in "Arrivals" tab&amp#27;[0m
  &amp#27;[36mAnd &amp#27;[0m&amp#27;[36mUser select "1.Initial stage" from "VVM Stage" in "Arrivals" tab&amp#27;[0m
  &amp#27;[36mAnd &amp#27;[0m&amp#27;[36mUser enter "20" in "units"&amp#27;[0m
  &amp#27;[36mAnd &amp#27;[0m&amp#27;[36mUser select "Routine" from "Routine or SIA" in "Arrivals" tab&amp#27;[0m
  &amp#27;[36mAnd &amp#27;[0m&amp#27;[36mUser select "Indonesia" from "Origin" in "Arrivals" tab&amp#27;[0m
  &amp#27;[36mAnd &amp#27;[0m&amp#27;[36mUser select "Alarm" from "Shipping/Freeze Indicator" in "Arrivals" tab&amp#27;[0m
  &amp#27;[36mAnd &amp#27;[0m&amp#27;[36mUser enter "20" in "noOfVials"&amp#27;[0m
  &amp#27;[36mAnd &amp#27;[0m&amp#27;[36mUser enter "20" in "totalVolume"&amp#27;[0m
  &amp#27;[36mAnd &amp#27;[0m&amp#27;[36mUser select "Ambient_2022" from "Storage Location" in "Arrivals" tab&amp#27;[0m
  &amp#27;[36mAnd &amp#27;[0m&amp#27;[36mUser enter "1000" in "totalCost"&amp#27;[0m
  &amp#27;[36mAnd &amp#27;[0m&amp#27;[36mUser enter random text in "comments"&amp#27;[0m
  &amp#27;[36mAnd &amp#27;[0m&amp#27;[36mUser click on "Create" button&amp#27;[0m
  &amp#27;[36mWhen &amp#27;[0m&amp#27;[36mUser click on "Continue" button&amp#27;[0m
  &amp#27;[36mThen &amp#27;[0m&amp#27;[36mArrivals line is created successfully&amp#27;[0m
  &amp#27;[36mAnd &amp#27;[0m&amp#27;[36mArrivals line Data is visible in arrival line table to user&amp#27;[0m
  &amp#27;[36mWhen &amp#27;[0m&amp#27;[36mUser click on "Finalize" button&amp#27;[0m
  &amp#27;[36mAnd &amp#27;[0m&amp#27;[36mUser click on "Continue" button&amp#27;[0m
  &amp#27;[36mAnd &amp#27;[0m&amp#27;[36mUser wait for "3" seconds&amp#27;[0m
  &amp#27;[36mThen &amp#27;[0m&amp#27;[36mArrivals Data is visible in arrivals table to user&amp#27;[0m
  &amp#27;[36mAnd &amp#27;[0m&amp#27;[36mValidate arrival state is "Complete"&amp#27;[0m
  &amp#27;[36mAnd &amp#27;[0m&amp#27;[36mUser click on "Physical Count & Adjustments" tab&amp#27;[0m
  &amp#27;[36mAnd &amp#27;[0m&amp#27;[36mUser wait for "2" seconds&amp#27;[0m
  &amp#27;[36mAnd &amp#27;[0m&amp#27;[36mUser select "Adjustment" from "Adjustment Type" in "Physical Count & Adjustments" tab&amp#27;[0m
  &amp#27;[36mAnd &amp#27;[0m&amp#27;[36mUser edit the details of arrival data created&amp#27;[0m
  &amp#27;[36mThen &amp#27;[0m&amp#27;[36m"Physical Count & Adjustments" heading is visible&amp#27;[0m
  &amp#27;[36mWhen &amp#27;[0m&amp#27;[36mUser enter "15" in "countedQuantity"&amp#27;[0m
  &amp#27;[36mAnd &amp#27;[0m&amp#27;[36mUser wait for "5" seconds&amp#27;[0m
  &amp#27;[36mThen &amp#27;[0m&amp#27;[36mVerify "systemQuantity" value is "20"&amp#27;[0m
  &amp#27;[36mAnd &amp#27;[0m&amp#27;[36mVerify "actualQuantity" value is "15"&amp#27;[0m
  &amp#27;[36mAnd &amp#27;[0m&amp#27;[36mVerify "discrepency" value is "-5"&amp#27;[0m
  &amp#27;[36mAnd &amp#27;[0m&amp#27;[36mVerify "reasonOfAdjustment" value is "Missing"&amp#27;[0m
  &amp#27;[36mThen &amp#27;[0m&amp#27;[36mUser click on acceptAdjustment checkbox&amp#27;[0m
  &amp#27;[36mAnd &amp#27;[0m&amp#27;[36mUser enter random text in "comment"&amp#27;[0m
  &amp#27;[36mWhen &amp#27;[0m&amp#27;[36mUser click on "Save" button&amp#27;[0m
  &amp#27;[36mThen &amp#27;[0m&amp#27;[36mArrivals data is saved successfully&amp#27;[0m
  &amp#27;[36mAnd &amp#27;[0m&amp#27;[36mUser wait for "2" seconds&amp#27;[0m
  &amp#27;[36mAnd &amp#27;[0m&amp#27;[36mUser click on "Finalize" button&amp#27;[0m
  &amp#27;[36mWhen &amp#27;[0m&amp#27;[36mUser click on "OK" button&amp#27;[0m
  &amp#27;[36mAnd &amp#27;[0m&amp#27;[36mUser wait for "2" seconds&amp#27;[0m
  &amp#27;[36mThen &amp#27;[0m&amp#27;[36mArrivals data is updated successfully&amp#27;[0m
  &amp#27;[36mAnd &amp#27;[0m&amp#27;[36mUpdated "15" data is visible in Physical Count & Adjustments tab&amp#27;[0m
  &amp#27;[36mAnd &amp#27;[0m&amp#27;[36mUser click on "Issuing" tab&amp#27;[0m
  &amp#27;[36mAnd &amp#27;[0m&amp#27;[36mUser wait for "3" seconds&amp#27;[0m
  &amp#27;[36mWhen &amp#27;[0m&amp#27;[36mUser click on "View Adjustment Details" button in arrivals tab&amp#27;[0m
  &amp#27;[36mAnd &amp#27;[0m&amp#27;[36mUser wait for "3" seconds&amp#27;[0m
  &amp#27;[36mThen &amp#27;[0m&amp#27;[36mUser is able to see batch number details of arrival adjusted&amp#27;[0m
  &amp#27;[36mThen &amp#27;[0m&amp#27;[36mUser is able to see difference of updated quantity as "-5"&amp#27;[0m
13:58:25.868 [main] INFO   - 
  _____   ___   ___   _____     ___   ___   _  _   ___    ___   _  _    ___ 
 |_   _| | __| / __| |_   _|   | _ \ | __| | \| | |   \  |_ _| | \| |  / __|
   | |   | _|  \__ \   | |     |  _/ | _|  | .` | | |) |  | |  | .` | | (_ |
   |_|   |___| |___/   |_|     |_|   |___| |_|\_| |___/  |___| |_|\_|  \___|

Verify user is able to add arrival receipt type data and perform adjustment type missing adjustment
-----------------------------------------------------------------------------
]]></system-out>
  </testcase>
  <testcase name="Verify user is able to add storage data" classname="Store Data tab in SMT application for Store Operator user" time="0.056">
    <error type="io.cucumber.junit.UndefinedStepException"><![CDATA[io.cucumber.junit.UndefinedStepException: 
The step 'User is on home page of SMT application' and 17 other step(s) are undefined.
You can implement these steps using the snippet(s) below:

@Given("User is on home page of SMT application")
public void user_is_on_home_page_of_smt_application() {
    // Write code here that turns the phrase above into concrete actions
    throw new io.cucumber.java.PendingException();
}
@Given("User is able to see login button on home page")
public void user_is_able_to_see_login_button_on_home_page() {
    // Write code here that turns the phrase above into concrete actions
    throw new io.cucumber.java.PendingException();
}
@When("User click on login button")
public void user_click_on_login_button() {
    // Write code here that turns the phrase above into concrete actions
    throw new io.cucumber.java.PendingException();
}
@When("User click on Proceed To Login button in {string}")
public void user_click_on_proceed_to_login_button_in(String string) {
    // Write code here that turns the phrase above into concrete actions
    throw new io.cucumber.java.PendingException();
}
@Then("User login as {string}")
public void user_login_as(String string) {
    // Write code here that turns the phrase above into concrete actions
    throw new io.cucumber.java.PendingException();
}
@Then("User click on {string} button")
public void user_click_on_button(String string) {
    // Write code here that turns the phrase above into concrete actions
    throw new io.cucumber.java.PendingException();
}
@Then("User click on {string} tab")
public void user_click_on_tab(String string) {
    // Write code here that turns the phrase above into concrete actions
    throw new io.cucumber.java.PendingException();
}
@Then("User wait for {string} seconds")
public void user_wait_for_seconds(String string) {
    // Write code here that turns the phrase above into concrete actions
    throw new io.cucumber.java.PendingException();
}
@Given("User click on {string} button")
public void user_click_on_button(String string) {
    // Write code here that turns the phrase above into concrete actions
    throw new io.cucumber.java.PendingException();
}
@Given("{string} heading is visible")
public void heading_is_visible(String string) {
    // Write code here that turns the phrase above into concrete actions
    throw new io.cucumber.java.PendingException();
}
@Given("User select {string} from {string} in {string} tab")
public void user_select_from_in_tab(String string, String string2, String string3) {
    // Write code here that turns the phrase above into concrete actions
    throw new io.cucumber.java.PendingException();
}
@Given("User enter random text in {string}")
public void user_enter_random_text_in(String string) {
    // Write code here that turns the phrase above into concrete actions
    throw new io.cucumber.java.PendingException();
}
@When("User click on {string} button")
public void user_click_on_button(String string) {
    // Write code here that turns the phrase above into concrete actions
    throw new io.cucumber.java.PendingException();
}
@Then("Storage Data is created successfully")
public void storage_data_is_created_successfully() {
    // Write code here that turns the phrase above into concrete actions
    throw new io.cucumber.java.PendingException();
}
@Then("Storage Data is visible in storage data table to user")
public void storage_data_is_visible_in_storage_data_table_to_user() {
    // Write code here that turns the phrase above into concrete actions
    throw new io.cucumber.java.PendingException();
}

]]></error>
    <system-out><![CDATA[13:58:25.868 [main] INFO  i.c.core.plugin.SerenityReporter - Running feature from file:///C:/Users/Sandeepkumar.Phalke/eclipse-workspace/UNICEF_SerenityBDD_Automation_Framework/src/test/resources/features/StoreOperator/StoreData.feature
13:58:25.880 [main] INFO   - Test Suite Started: Store Data tab in SMT application for Store Operator user

Scenario Outline: Verify user is able to add storage data                         &amp#27;[90m# src/test/resources/features/StoreOperator/StoreData.feature:27&amp#27;[0m
13:58:25.889 [main] INFO  i.c.core.plugin.SerenityReporter - Running feature from file:///C:/Users/Sandeepkumar.Phalke/eclipse-workspace/UNICEF_SerenityBDD_Automation_Framework/src/test/resources/features/StoreOperator/StoreData.feature
13:58:25.889 [main] INFO   - 
  _____   ___   ___   _____     ___   _____     _     ___   _____   ___   ___  
 |_   _| | __| / __| |_   _|   / __| |_   _|   /_\   | _ \ |_   _| | __| |   \ 
   | |   | _|  \__ \   | |     \__ \   | |    / _ \  |   /   | |   | _|  | |) |
   |_|   |___| |___/   |_|     |___/   |_|   /_/ \_\ |_|_\   |_|   |___| |___/ 

Verify user is able to add storage data(store-data-tab-in-smt-application-for-store-operator-user;verify-user-is-able-to-add-storage-data)
--------------------------------------------------------------------------------
  &amp#27;[33mGiven &amp#27;[0m&amp#27;[33mUser is on home page of SMT application&amp#27;[0m
  &amp#27;[36mAnd &amp#27;[0m&amp#27;[36mUser is able to see login button on home page&amp#27;[0m
  &amp#27;[36mWhen &amp#27;[0m&amp#27;[36mUser click on login button&amp#27;[0m
  &amp#27;[36mAnd &amp#27;[0m&amp#27;[36mUser click on Proceed To Login button in "English"&amp#27;[0m
  &amp#27;[36mThen &amp#27;[0m&amp#27;[36mUser login as "Store Operator"&amp#27;[0m
  &amp#27;[36mAnd &amp#27;[0m&amp#27;[36mUser click on "Apply" button&amp#27;[0m
  &amp#27;[36mAnd &amp#27;[0m&amp#27;[36mUser click on "Store Data" tab&amp#27;[0m
  &amp#27;[36mAnd &amp#27;[0m&amp#27;[36mUser wait for "2" seconds&amp#27;[0m
  &amp#27;[36mGiven &amp#27;[0m&amp#27;[36mUser click on "Add" button&amp#27;[0m
  &amp#27;[36mAnd &amp#27;[0m&amp#27;[36m"Add new storage data" heading is visible&amp#27;[0m
  &amp#27;[36mAnd &amp#27;[0m&amp#27;[36mUser select "Walk In Freezer" from "Equipment category" in "Store Data" tab&amp#27;[0m
  &amp#27;[36mAnd &amp#27;[0m&amp#27;[36mUser select "Haier" from "Supplier" in "Store Data" tab&amp#27;[0m
  &amp#27;[36mAnd &amp#27;[0m&amp#27;[36mUser select "VLS 354A AC" from "Equipment Type/Model" in "Store Data" tab&amp#27;[0m
  &amp#27;[36mAnd &amp#27;[0m&amp#27;[36mUser enter random text in "equipmentName"&amp#27;[0m
  &amp#27;[36mAnd &amp#27;[0m&amp#27;[36mUser select "Functional" from "Status" in "Store Data" tab&amp#27;[0m
  &amp#27;[36mWhen &amp#27;[0m&amp#27;[36mUser click on "Create" button&amp#27;[0m
  &amp#27;[36mThen &amp#27;[0m&amp#27;[36mStorage Data is created successfully&amp#27;[0m
  &amp#27;[36mAnd &amp#27;[0m&amp#27;[36mStorage Data is visible in storage data table to user&amp#27;[0m
13:58:25.937 [main] INFO   - 
  _____   ___   ___   _____     ___   ___   _  _   ___    ___   _  _    ___ 
 |_   _| | __| / __| |_   _|   | _ \ | __| | \| | |   \  |_ _| | \| |  / __|
   | |   | _|  \__ \   | |     |  _/ | _|  | .` | | |) |  | |  | .` | | (_ |
   |_|   |___| |___/   |_|     |_|   |___| |_|\_| |___/  |___| |_|\_|  \___|

Verify user is able to add storage data
-----------------------------------------------------------------------------
]]></system-out>
  </testcase>
  <testcase name="Verify user is able to update storage data" classname="Store Data tab in SMT application for Store Operator user" time="0.056">
    <error type="io.cucumber.junit.UndefinedStepException"><![CDATA[io.cucumber.junit.UndefinedStepException: 
The step 'User is on home page of SMT application' and 19 other step(s) are undefined.
You can implement these steps using the snippet(s) below:

@Given("User is on home page of SMT application")
public void user_is_on_home_page_of_smt_application() {
    // Write code here that turns the phrase above into concrete actions
    throw new io.cucumber.java.PendingException();
}
@Given("User is able to see login button on home page")
public void user_is_able_to_see_login_button_on_home_page() {
    // Write code here that turns the phrase above into concrete actions
    throw new io.cucumber.java.PendingException();
}
@When("User click on login button")
public void user_click_on_login_button() {
    // Write code here that turns the phrase above into concrete actions
    throw new io.cucumber.java.PendingException();
}
@When("User click on Proceed To Login button in {string}")
public void user_click_on_proceed_to_login_button_in(String string) {
    // Write code here that turns the phrase above into concrete actions
    throw new io.cucumber.java.PendingException();
}
@Then("User login as {string}")
public void user_login_as(String string) {
    // Write code here that turns the phrase above into concrete actions
    throw new io.cucumber.java.PendingException();
}
@Then("User click on {string} button")
public void user_click_on_button(String string) {
    // Write code here that turns the phrase above into concrete actions
    throw new io.cucumber.java.PendingException();
}
@Then("User click on {string} tab")
public void user_click_on_tab(String string) {
    // Write code here that turns the phrase above into concrete actions
    throw new io.cucumber.java.PendingException();
}
@Then("User wait for {string} seconds")
public void user_wait_for_seconds(String string) {
    // Write code here that turns the phrase above into concrete actions
    throw new io.cucumber.java.PendingException();
}
@Given("User click on edit button of newly created storage data")
public void user_click_on_edit_button_of_newly_created_storage_data() {
    // Write code here that turns the phrase above into concrete actions
    throw new io.cucumber.java.PendingException();
}
@Given("User wait for {string} seconds")
public void user_wait_for_seconds(String string) {
    // Write code here that turns the phrase above into concrete actions
    throw new io.cucumber.java.PendingException();
}
@Given("User select {string} from {string} in {string} tab")
public void user_select_from_in_tab(String string, String string2, String string3) {
    // Write code here that turns the phrase above into concrete actions
    throw new io.cucumber.java.PendingException();
}
@Given("User enter random text in {string}")
public void user_enter_random_text_in(String string) {
    // Write code here that turns the phrase above into concrete actions
    throw new io.cucumber.java.PendingException();
}
@When("User click on {string} button")
public void user_click_on_button(String string) {
    // Write code here that turns the phrase above into concrete actions
    throw new io.cucumber.java.PendingException();
}
@Then("Storage Data is updated successfully")
public void storage_data_is_updated_successfully() {
    // Write code here that turns the phrase above into concrete actions
    throw new io.cucumber.java.PendingException();
}
@Then("Storage Data is visible in storage data table to user")
public void storage_data_is_visible_in_storage_data_table_to_user() {
    // Write code here that turns the phrase above into concrete actions
    throw new io.cucumber.java.PendingException();
}

]]></error>
    <system-out><![CDATA[
Scenario Outline: Verify user is able to update storage data               &amp#27;[90m# src/test/resources/features/StoreOperator/StoreData.feature:44&amp#27;[0m
13:58:25.947 [main] INFO  i.c.core.plugin.SerenityReporter - Running feature from file:///C:/Users/Sandeepkumar.Phalke/eclipse-workspace/UNICEF_SerenityBDD_Automation_Framework/src/test/resources/features/StoreOperator/StoreData.feature
13:58:25.949 [main] INFO   - 
  _____   ___   ___   _____     ___   _____     _     ___   _____   ___   ___  
 |_   _| | __| / __| |_   _|   / __| |_   _|   /_\   | _ \ |_   _| | __| |   \ 
   | |   | _|  \__ \   | |     \__ \   | |    / _ \  |   /   | |   | _|  | |) |
   |_|   |___| |___/   |_|     |___/   |_|   /_/ \_\ |_|_\   |_|   |___| |___/ 

Verify user is able to update storage data(store-data-tab-in-smt-application-for-store-operator-user;verify-user-is-able-to-update-storage-data)
--------------------------------------------------------------------------------
  &amp#27;[33mGiven &amp#27;[0m&amp#27;[33mUser is on home page of SMT application&amp#27;[0m
  &amp#27;[36mAnd &amp#27;[0m&amp#27;[36mUser is able to see login button on home page&amp#27;[0m
  &amp#27;[36mWhen &amp#27;[0m&amp#27;[36mUser click on login button&amp#27;[0m
  &amp#27;[36mAnd &amp#27;[0m&amp#27;[36mUser click on Proceed To Login button in "English"&amp#27;[0m
  &amp#27;[36mThen &amp#27;[0m&amp#27;[36mUser login as "Store Operator"&amp#27;[0m
  &amp#27;[36mAnd &amp#27;[0m&amp#27;[36mUser click on "Apply" button&amp#27;[0m
  &amp#27;[36mAnd &amp#27;[0m&amp#27;[36mUser click on "Store Data" tab&amp#27;[0m
  &amp#27;[36mAnd &amp#27;[0m&amp#27;[36mUser wait for "2" seconds&amp#27;[0m
  &amp#27;[36mGiven &amp#27;[0m&amp#27;[36mUser click on edit button of newly created storage data&amp#27;[0m
  &amp#27;[36mAnd &amp#27;[0m&amp#27;[36mUser wait for "1" seconds&amp#27;[0m
  &amp#27;[36mAnd &amp#27;[0m&amp#27;[36mUser select "Freezer" from "Equipment category" in "Store Data" tab&amp#27;[0m
  &amp#27;[36mAnd &amp#27;[0m&amp#27;[36mUser wait for "1" seconds&amp#27;[0m
  &amp#27;[36mAnd &amp#27;[0m&amp#27;[36mUser select "Haier" from "Supplier" in "Store Data" tab&amp#27;[0m
  &amp#27;[36mAnd &amp#27;[0m&amp#27;[36mUser wait for "1" seconds&amp#27;[0m
  &amp#27;[36mAnd &amp#27;[0m&amp#27;[36mUser select "BFRV55" from "Equipment Type/Model" in "Store Data" tab&amp#27;[0m
  &amp#27;[36mAnd &amp#27;[0m&amp#27;[36mUser enter random text in "equipmentName"&amp#27;[0m
  &amp#27;[36mAnd &amp#27;[0m&amp#27;[36mUser select "Non Functional" from "Status" in "Store Data" tab&amp#27;[0m
  &amp#27;[36mWhen &amp#27;[0m&amp#27;[36mUser click on "Update" button&amp#27;[0m
  &amp#27;[36mThen &amp#27;[0m&amp#27;[36mStorage Data is updated successfully&amp#27;[0m
  &amp#27;[36mAnd &amp#27;[0m&amp#27;[36mStorage Data is visible in storage data table to user&amp#27;[0m
13:58:25.993 [main] INFO   - 
  _____   ___   ___   _____     ___   ___   _  _   ___    ___   _  _    ___ 
 |_   _| | __| / __| |_   _|   | _ \ | __| | \| | |   \  |_ _| | \| |  / __|
   | |   | _|  \__ \   | |     |  _/ | _|  | .` | | |) |  | |  | .` | | (_ |
   |_|   |___| |___/   |_|     |_|   |___| |_|\_| |___/  |___| |_|\_|  \___|

Verify user is able to update storage data
-----------------------------------------------------------------------------
]]></system-out>
  </testcase>
  <testcase name="Verify user is able to delete storage data" classname="Store Data tab in SMT application for Store Operator user" time="0.029">
    <error type="io.cucumber.junit.UndefinedStepException"><![CDATA[io.cucumber.junit.UndefinedStepException: 
The step 'User is on home page of SMT application' and 11 other step(s) are undefined.
You can implement these steps using the snippet(s) below:

@Given("User is on home page of SMT application")
public void user_is_on_home_page_of_smt_application() {
    // Write code here that turns the phrase above into concrete actions
    throw new io.cucumber.java.PendingException();
}
@Given("User is able to see login button on home page")
public void user_is_able_to_see_login_button_on_home_page() {
    // Write code here that turns the phrase above into concrete actions
    throw new io.cucumber.java.PendingException();
}
@When("User click on login button")
public void user_click_on_login_button() {
    // Write code here that turns the phrase above into concrete actions
    throw new io.cucumber.java.PendingException();
}
@When("User click on Proceed To Login button in {string}")
public void user_click_on_proceed_to_login_button_in(String string) {
    // Write code here that turns the phrase above into concrete actions
    throw new io.cucumber.java.PendingException();
}
@Then("User login as {string}")
public void user_login_as(String string) {
    // Write code here that turns the phrase above into concrete actions
    throw new io.cucumber.java.PendingException();
}
@Then("User click on {string} button")
public void user_click_on_button(String string) {
    // Write code here that turns the phrase above into concrete actions
    throw new io.cucumber.java.PendingException();
}
@Then("User click on {string} tab")
public void user_click_on_tab(String string) {
    // Write code here that turns the phrase above into concrete actions
    throw new io.cucumber.java.PendingException();
}
@Then("User wait for {string} seconds")
public void user_wait_for_seconds(String string) {
    // Write code here that turns the phrase above into concrete actions
    throw new io.cucumber.java.PendingException();
}
@Given("User click on delete button of newly created storage data")
public void user_click_on_delete_button_of_newly_created_storage_data() {
    // Write code here that turns the phrase above into concrete actions
    throw new io.cucumber.java.PendingException();
}
@When("User click on {string} button")
public void user_click_on_button(String string) {
    // Write code here that turns the phrase above into concrete actions
    throw new io.cucumber.java.PendingException();
}
@Then("Storage Data is deleted successfully")
public void storage_data_is_deleted_successfully() {
    // Write code here that turns the phrase above into concrete actions
    throw new io.cucumber.java.PendingException();
}
@Then("Storage Data is not visible in storage data table to user")
public void storage_data_is_not_visible_in_storage_data_table_to_user() {
    // Write code here that turns the phrase above into concrete actions
    throw new io.cucumber.java.PendingException();
}

]]></error>
    <system-out><![CDATA[
Scenario Outline: Verify user is able to delete storage data      &amp#27;[90m# src/test/resources/features/StoreOperator/StoreData.feature:46&amp#27;[0m
13:58:26.002 [main] INFO  i.c.core.plugin.SerenityReporter - Running feature from file:///C:/Users/Sandeepkumar.Phalke/eclipse-workspace/UNICEF_SerenityBDD_Automation_Framework/src/test/resources/features/StoreOperator/StoreData.feature
13:58:26.002 [main] INFO   - 
  _____   ___   ___   _____     ___   _____     _     ___   _____   ___   ___  
 |_   _| | __| / __| |_   _|   / __| |_   _|   /_\   | _ \ |_   _| | __| |   \ 
   | |   | _|  \__ \   | |     \__ \   | |    / _ \  |   /   | |   | _|  | |) |
   |_|   |___| |___/   |_|     |___/   |_|   /_/ \_\ |_|_\   |_|   |___| |___/ 

Verify user is able to delete storage data(store-data-tab-in-smt-application-for-store-operator-user;verify-user-is-able-to-delete-storage-data)
--------------------------------------------------------------------------------
  &amp#27;[33mGiven &amp#27;[0m&amp#27;[33mUser is on home page of SMT application&amp#27;[0m
  &amp#27;[36mAnd &amp#27;[0m&amp#27;[36mUser is able to see login button on home page&amp#27;[0m
  &amp#27;[36mWhen &amp#27;[0m&amp#27;[36mUser click on login button&amp#27;[0m
  &amp#27;[36mAnd &amp#27;[0m&amp#27;[36mUser click on Proceed To Login button in "English"&amp#27;[0m
  &amp#27;[36mThen &amp#27;[0m&amp#27;[36mUser login as "Store Operator"&amp#27;[0m
  &amp#27;[36mAnd &amp#27;[0m&amp#27;[36mUser click on "Apply" button&amp#27;[0m
  &amp#27;[36mAnd &amp#27;[0m&amp#27;[36mUser click on "Store Data" tab&amp#27;[0m
  &amp#27;[36mAnd &amp#27;[0m&amp#27;[36mUser wait for "2" seconds&amp#27;[0m
  &amp#27;[36mGiven &amp#27;[0m&amp#27;[36mUser click on delete button of newly created storage data&amp#27;[0m
  &amp#27;[36mWhen &amp#27;[0m&amp#27;[36mUser click on "Yes" button&amp#27;[0m
  &amp#27;[36mThen &amp#27;[0m&amp#27;[36mStorage Data is deleted successfully&amp#27;[0m
  &amp#27;[36mAnd &amp#27;[0m&amp#27;[36mStorage Data is not visible in storage data table to user&amp#27;[0m
13:58:26.026 [main] INFO   - 
  _____   ___   ___   _____     ___   ___   _  _   ___    ___   _  _    ___ 
 |_   _| | __| / __| |_   _|   | _ \ | __| | \| | |   \  |_ _| | \| |  / __|
   | |   | _|  \__ \   | |     |  _/ | _|  | .` | | |) |  | |  | .` | | (_ |
   |_|   |___| |___/   |_|     |_|   |___| |_|\_| |___/  |___| |_|\_|  \___|

Verify user is able to delete storage data
-----------------------------------------------------------------------------
]]></system-out>
  </testcase>
  <testcase name="Verify user is able to add details of temperature, alarms and save" classname="Temperature Logging tab in SMT application for Store Operator user" time="0.064">
    <error type="io.cucumber.junit.UndefinedStepException"><![CDATA[io.cucumber.junit.UndefinedStepException: 
The step 'User is on home page of SMT application' and 26 other step(s) are undefined.
You can implement these steps using the snippet(s) below:

@Given("User is on home page of SMT application")
public void user_is_on_home_page_of_smt_application() {
    // Write code here that turns the phrase above into concrete actions
    throw new io.cucumber.java.PendingException();
}
@Given("User is able to see login button on home page")
public void user_is_able_to_see_login_button_on_home_page() {
    // Write code here that turns the phrase above into concrete actions
    throw new io.cucumber.java.PendingException();
}
@When("User click on login button")
public void user_click_on_login_button() {
    // Write code here that turns the phrase above into concrete actions
    throw new io.cucumber.java.PendingException();
}
@When("User click on Proceed To Login button in {string}")
public void user_click_on_proceed_to_login_button_in(String string) {
    // Write code here that turns the phrase above into concrete actions
    throw new io.cucumber.java.PendingException();
}
@Then("User login as {string}")
public void user_login_as(String string) {
    // Write code here that turns the phrase above into concrete actions
    throw new io.cucumber.java.PendingException();
}
@Then("User click on {string} button")
public void user_click_on_button(String string) {
    // Write code here that turns the phrase above into concrete actions
    throw new io.cucumber.java.PendingException();
}
@Then("User wait for {string} seconds")
public void user_wait_for_seconds(String string) {
    // Write code here that turns the phrase above into concrete actions
    throw new io.cucumber.java.PendingException();
}
@Given("User click on {string} tab")
public void user_click_on_tab(String string) {
    // Write code here that turns the phrase above into concrete actions
    throw new io.cucumber.java.PendingException();
}
@Given("User wait for {string} seconds")
public void user_wait_for_seconds(String string) {
    // Write code here that turns the phrase above into concrete actions
    throw new io.cucumber.java.PendingException();
}
@When("User click on {string} button")
public void user_click_on_button(String string) {
    // Write code here that turns the phrase above into concrete actions
    throw new io.cucumber.java.PendingException();
}
@Then("{string} heading is visible")
public void heading_is_visible(String string) {
    // Write code here that turns the phrase above into concrete actions
    throw new io.cucumber.java.PendingException();
}
@Then("User select {string} from {string} in {string} tab")
public void user_select_from_in_tab(String string, String string2, String string3) {
    // Write code here that turns the phrase above into concrete actions
    throw new io.cucumber.java.PendingException();
}
@Then("User enter random text in {string}")
public void user_enter_random_text_in(String string) {
    // Write code here that turns the phrase above into concrete actions
    throw new io.cucumber.java.PendingException();
}
@Then("Storage Data is created successfully")
public void storage_data_is_created_successfully() {
    // Write code here that turns the phrase above into concrete actions
    throw new io.cucumber.java.PendingException();
}
@Then("Storage Data is visible in storage data table to user")
public void storage_data_is_visible_in_storage_data_table_to_user() {
    // Write code here that turns the phrase above into concrete actions
    throw new io.cucumber.java.PendingException();
}
@Then("User click on {string} tab")
public void user_click_on_tab(String string) {
    // Write code here that turns the phrase above into concrete actions
    throw new io.cucumber.java.PendingException();
}
@When("User click on {string} button in templogging tab")
public void user_click_on_button_in_templogging_tab(String string) {
    // Write code here that turns the phrase above into concrete actions
    throw new io.cucumber.java.PendingException();
}
@When("User wait for {string} seconds")
public void user_wait_for_seconds(String string) {
    // Write code here that turns the phrase above into concrete actions
    throw new io.cucumber.java.PendingException();
}
@When("User enter {string} temperature details in table")
public void user_enter_temperature_details_in_table(String string) {
    // Write code here that turns the phrase above into concrete actions
    throw new io.cucumber.java.PendingException();
}
@Then("Temperature logging data is created successfully")
public void temperature_logging_data_is_created_successfully() {
    // Write code here that turns the phrase above into concrete actions
    throw new io.cucumber.java.PendingException();
}
@Then("Temperature and alarm data is visible in table")
public void temperature_and_alarm_data_is_visible_in_table() {
    // Write code here that turns the phrase above into concrete actions
    throw new io.cucumber.java.PendingException();
}

]]></error>
    <system-out><![CDATA[13:58:26.026 [main] INFO  i.c.core.plugin.SerenityReporter - Running feature from file:///C:/Users/Sandeepkumar.Phalke/eclipse-workspace/UNICEF_SerenityBDD_Automation_Framework/src/test/resources/features/StoreOperator/TempLogging.feature
13:58:26.037 [main] INFO   - Test Suite Started: Temperature Logging tab in SMT application for Store Operator user

Scenario Outline: Verify user is able to add details of temperature, alarms and save &amp#27;[90m# src/test/resources/features/StoreOperator/TempLogging.feature:36&amp#27;[0m
13:58:26.055 [main] INFO  i.c.core.plugin.SerenityReporter - Running feature from file:///C:/Users/Sandeepkumar.Phalke/eclipse-workspace/UNICEF_SerenityBDD_Automation_Framework/src/test/resources/features/StoreOperator/TempLogging.feature
13:58:26.056 [main] INFO   - 
  _____   ___   ___   _____     ___   _____     _     ___   _____   ___   ___  
 |_   _| | __| / __| |_   _|   / __| |_   _|   /_\   | _ \ |_   _| | __| |   \ 
   | |   | _|  \__ \   | |     \__ \   | |    / _ \  |   /   | |   | _|  | |) |
   |_|   |___| |___/   |_|     |___/   |_|   /_/ \_\ |_|_\   |_|   |___| |___/ 

Verify user is able to add details of temperature, alarms and save(temperature-logging-tab-in-smt-application-for-store-operator-user;verify-user-is-able-to-add-details-of-temperature--alarms-and-save)
--------------------------------------------------------------------------------
  &amp#27;[33mGiven &amp#27;[0m&amp#27;[33mUser is on home page of SMT application&amp#27;[0m
  &amp#27;[36mAnd &amp#27;[0m&amp#27;[36mUser is able to see login button on home page&amp#27;[0m
  &amp#27;[36mWhen &amp#27;[0m&amp#27;[36mUser click on login button&amp#27;[0m
  &amp#27;[36mAnd &amp#27;[0m&amp#27;[36mUser click on Proceed To Login button in "English"&amp#27;[0m
  &amp#27;[36mThen &amp#27;[0m&amp#27;[36mUser login as "Store Operator"&amp#27;[0m
  &amp#27;[36mAnd &amp#27;[0m&amp#27;[36mUser click on "Apply" button&amp#27;[0m
  &amp#27;[36mAnd &amp#27;[0m&amp#27;[36mUser wait for "5" seconds&amp#27;[0m
  &amp#27;[36mGiven &amp#27;[0m&amp#27;[36mUser click on "Store Data" tab&amp#27;[0m
  &amp#27;[36mAnd &amp#27;[0m&amp#27;[36mUser wait for "2" seconds&amp#27;[0m
  &amp#27;[36mWhen &amp#27;[0m&amp#27;[36mUser click on "Add" button&amp#27;[0m
  &amp#27;[36mThen &amp#27;[0m&amp#27;[36m"Add new storage data" heading is visible&amp#27;[0m
  &amp#27;[36mAnd &amp#27;[0m&amp#27;[36mUser select "Walk In Freezer" from "Equipment category" in "Store Data" tab&amp#27;[0m
  &amp#27;[36mAnd &amp#27;[0m&amp#27;[36mUser select "Haier" from "Supplier" in "Store Data" tab&amp#27;[0m
  &amp#27;[36mAnd &amp#27;[0m&amp#27;[36mUser select "VLS 354A AC" from "Equipment Type/Model" in "Store Data" tab&amp#27;[0m
  &amp#27;[36mAnd &amp#27;[0m&amp#27;[36mUser enter random text in "equipmentName"&amp#27;[0m
  &amp#27;[36mAnd &amp#27;[0m&amp#27;[36mUser select "Functional" from "Status" in "Store Data" tab&amp#27;[0m
  &amp#27;[36mWhen &amp#27;[0m&amp#27;[36mUser click on "Create" button&amp#27;[0m
  &amp#27;[36mThen &amp#27;[0m&amp#27;[36mStorage Data is created successfully&amp#27;[0m
  &amp#27;[36mAnd &amp#27;[0m&amp#27;[36mStorage Data is visible in storage data table to user&amp#27;[0m
  &amp#27;[36mAnd &amp#27;[0m&amp#27;[36mUser click on "Temp Logging" tab&amp#27;[0m
  &amp#27;[36mWhen &amp#27;[0m&amp#27;[36mUser click on "Edit" button in templogging tab&amp#27;[0m
  &amp#27;[36mAnd &amp#27;[0m&amp#27;[36mUser wait for "1" seconds&amp#27;[0m
  &amp#27;[36mAnd &amp#27;[0m&amp#27;[36mUser enter "valid" temperature details in table&amp#27;[0m
  &amp#27;[36mAnd &amp#27;[0m&amp#27;[36mUser click on "Save" button in templogging tab&amp#27;[0m
  &amp#27;[36mThen &amp#27;[0m&amp#27;[36mTemperature logging data is created successfully&amp#27;[0m
  &amp#27;[36mAnd &amp#27;[0m&amp#27;[36mUser wait for "10" seconds&amp#27;[0m
  &amp#27;[36mAnd &amp#27;[0m&amp#27;[36mTemperature and alarm data is visible in table&amp#27;[0m
13:58:26.101 [main] INFO   - 
  _____   ___   ___   _____     ___   ___   _  _   ___    ___   _  _    ___ 
 |_   _| | __| / __| |_   _|   | _ \ | __| | \| | |   \  |_ _| | \| |  / __|
   | |   | _|  \__ \   | |     |  _/ | _|  | .` | | |) |  | |  | .` | | (_ |
   |_|   |___| |___/   |_|     |_|   |___| |_|\_| |___/  |___| |_|\_|  \___|

Verify user is able to add details of temperature, alarms and save
-----------------------------------------------------------------------------
]]></system-out>
  </testcase>
  <testcase name="Verify user is able to update details of temperature, alarms and save" classname="Temperature Logging tab in SMT application for Store Operator user" time="0.023">
    <error type="io.cucumber.junit.UndefinedStepException"><![CDATA[io.cucumber.junit.UndefinedStepException: 
The step 'User is on home page of SMT application' and 15 other step(s) are undefined.
You can implement these steps using the snippet(s) below:

@Given("User is on home page of SMT application")
public void user_is_on_home_page_of_smt_application() {
    // Write code here that turns the phrase above into concrete actions
    throw new io.cucumber.java.PendingException();
}
@Given("User is able to see login button on home page")
public void user_is_able_to_see_login_button_on_home_page() {
    // Write code here that turns the phrase above into concrete actions
    throw new io.cucumber.java.PendingException();
}
@When("User click on login button")
public void user_click_on_login_button() {
    // Write code here that turns the phrase above into concrete actions
    throw new io.cucumber.java.PendingException();
}
@When("User click on Proceed To Login button in {string}")
public void user_click_on_proceed_to_login_button_in(String string) {
    // Write code here that turns the phrase above into concrete actions
    throw new io.cucumber.java.PendingException();
}
@Then("User login as {string}")
public void user_login_as(String string) {
    // Write code here that turns the phrase above into concrete actions
    throw new io.cucumber.java.PendingException();
}
@Then("User click on {string} button")
public void user_click_on_button(String string) {
    // Write code here that turns the phrase above into concrete actions
    throw new io.cucumber.java.PendingException();
}
@Then("User wait for {string} seconds")
public void user_wait_for_seconds(String string) {
    // Write code here that turns the phrase above into concrete actions
    throw new io.cucumber.java.PendingException();
}
@Given("User click on {string} tab")
public void user_click_on_tab(String string) {
    // Write code here that turns the phrase above into concrete actions
    throw new io.cucumber.java.PendingException();
}
@Given("User wait for {string} seconds")
public void user_wait_for_seconds(String string) {
    // Write code here that turns the phrase above into concrete actions
    throw new io.cucumber.java.PendingException();
}
@Given("User click on {string} button in templogging tab")
public void user_click_on_button_in_templogging_tab(String string) {
    // Write code here that turns the phrase above into concrete actions
    throw new io.cucumber.java.PendingException();
}
@Given("User enter {string} temperature details in table")
public void user_enter_temperature_details_in_table(String string) {
    // Write code here that turns the phrase above into concrete actions
    throw new io.cucumber.java.PendingException();
}
@When("User click on {string} button in templogging tab")
public void user_click_on_button_in_templogging_tab(String string) {
    // Write code here that turns the phrase above into concrete actions
    throw new io.cucumber.java.PendingException();
}
@When("User wait for {string} seconds")
public void user_wait_for_seconds(String string) {
    // Write code here that turns the phrase above into concrete actions
    throw new io.cucumber.java.PendingException();
}
@Then("Temperature logging data is created successfully")
public void temperature_logging_data_is_created_successfully() {
    // Write code here that turns the phrase above into concrete actions
    throw new io.cucumber.java.PendingException();
}
@Then("Temperature and alarm data is visible in table")
public void temperature_and_alarm_data_is_visible_in_table() {
    // Write code here that turns the phrase above into concrete actions
    throw new io.cucumber.java.PendingException();
}

]]></error>
    <system-out><![CDATA[
Scenario: Verify user is able to update details of temperature, alarms and save &amp#27;[90m# src/test/resources/features/StoreOperator/TempLogging.feature:38&amp#27;[0m
13:58:26.108 [main] INFO  i.c.core.plugin.SerenityReporter - Running feature from file:///C:/Users/Sandeepkumar.Phalke/eclipse-workspace/UNICEF_SerenityBDD_Automation_Framework/src/test/resources/features/StoreOperator/TempLogging.feature
13:58:26.109 [main] INFO   - 
  _____   ___   ___   _____     ___   _____     _     ___   _____   ___   ___  
 |_   _| | __| / __| |_   _|   / __| |_   _|   /_\   | _ \ |_   _| | __| |   \ 
   | |   | _|  \__ \   | |     \__ \   | |    / _ \  |   /   | |   | _|  | |) |
   |_|   |___| |___/   |_|     |___/   |_|   /_/ \_\ |_|_\   |_|   |___| |___/ 

Verify user is able to update details of temperature, alarms and save(temperature-logging-tab-in-smt-application-for-store-operator-user;verify-user-is-able-to-update-details-of-temperature--alarms-and-save)
--------------------------------------------------------------------------------
  &amp#27;[33mGiven &amp#27;[0m&amp#27;[33mUser is on home page of SMT application&amp#27;[0m
  &amp#27;[36mAnd &amp#27;[0m&amp#27;[36mUser is able to see login button on home page&amp#27;[0m
  &amp#27;[36mWhen &amp#27;[0m&amp#27;[36mUser click on login button&amp#27;[0m
  &amp#27;[36mAnd &amp#27;[0m&amp#27;[36mUser click on Proceed To Login button in "English"&amp#27;[0m
  &amp#27;[36mThen &amp#27;[0m&amp#27;[36mUser login as "Store Operator"&amp#27;[0m
  &amp#27;[36mAnd &amp#27;[0m&amp#27;[36mUser click on "Apply" button&amp#27;[0m
  &amp#27;[36mAnd &amp#27;[0m&amp#27;[36mUser wait for "5" seconds&amp#27;[0m
  &amp#27;[36mGiven &amp#27;[0m&amp#27;[36mUser click on "Temp Logging" tab&amp#27;[0m
  &amp#27;[36mAnd &amp#27;[0m&amp#27;[36mUser wait for "3" seconds&amp#27;[0m
  &amp#27;[36mAnd &amp#27;[0m&amp#27;[36mUser click on "Edit" button in templogging tab&amp#27;[0m
  &amp#27;[36mAnd &amp#27;[0m&amp#27;[36mUser enter "valid" temperature details in table&amp#27;[0m
  &amp#27;[36mWhen &amp#27;[0m&amp#27;[36mUser click on "Save" button in templogging tab&amp#27;[0m
  &amp#27;[36mAnd &amp#27;[0m&amp#27;[36mUser wait for "1" seconds&amp#27;[0m
  &amp#27;[36mThen &amp#27;[0m&amp#27;[36mTemperature logging data is created successfully&amp#27;[0m
  &amp#27;[36mAnd &amp#27;[0m&amp#27;[36mUser wait for "10" seconds&amp#27;[0m
  &amp#27;[36mAnd &amp#27;[0m&amp#27;[36mTemperature and alarm data is visible in table&amp#27;[0m
13:58:26.125 [main] INFO   - 
  _____   ___   ___   _____     ___   ___   _  _   ___    ___   _  _    ___ 
 |_   _| | __| / __| |_   _|   | _ \ | __| | \| | |   \  |_ _| | \| |  / __|
   | |   | _|  \__ \   | |     |  _/ | _|  | .` | | |) |  | |  | .` | | (_ |
   |_|   |___| |___/   |_|     |_|   |___| |_|\_| |___/  |___| |_|\_|  \___|

Verify user is able to update details of temperature, alarms and save
-----------------------------------------------------------------------------
]]></system-out>
  </testcase>
  <testcase name="Verify user is able to cancel details of temperature, alarms" classname="Temperature Logging tab in SMT application for Store Operator user" time="0.026">
    <error type="io.cucumber.junit.UndefinedStepException"><![CDATA[io.cucumber.junit.UndefinedStepException: 
The step 'User is on home page of SMT application' and 13 other step(s) are undefined.
You can implement these steps using the snippet(s) below:

@Given("User is on home page of SMT application")
public void user_is_on_home_page_of_smt_application() {
    // Write code here that turns the phrase above into concrete actions
    throw new io.cucumber.java.PendingException();
}
@Given("User is able to see login button on home page")
public void user_is_able_to_see_login_button_on_home_page() {
    // Write code here that turns the phrase above into concrete actions
    throw new io.cucumber.java.PendingException();
}
@When("User click on login button")
public void user_click_on_login_button() {
    // Write code here that turns the phrase above into concrete actions
    throw new io.cucumber.java.PendingException();
}
@When("User click on Proceed To Login button in {string}")
public void user_click_on_proceed_to_login_button_in(String string) {
    // Write code here that turns the phrase above into concrete actions
    throw new io.cucumber.java.PendingException();
}
@Then("User login as {string}")
public void user_login_as(String string) {
    // Write code here that turns the phrase above into concrete actions
    throw new io.cucumber.java.PendingException();
}
@Then("User click on {string} button")
public void user_click_on_button(String string) {
    // Write code here that turns the phrase above into concrete actions
    throw new io.cucumber.java.PendingException();
}
@Then("User wait for {string} seconds")
public void user_wait_for_seconds(String string) {
    // Write code here that turns the phrase above into concrete actions
    throw new io.cucumber.java.PendingException();
}
@Given("User click on {string} tab")
public void user_click_on_tab(String string) {
    // Write code here that turns the phrase above into concrete actions
    throw new io.cucumber.java.PendingException();
}
@Given("User wait for {string} seconds")
public void user_wait_for_seconds(String string) {
    // Write code here that turns the phrase above into concrete actions
    throw new io.cucumber.java.PendingException();
}
@Given("User click on {string} button in templogging tab")
public void user_click_on_button_in_templogging_tab(String string) {
    // Write code here that turns the phrase above into concrete actions
    throw new io.cucumber.java.PendingException();
}
@Given("User enter {string} temperature details in table")
public void user_enter_temperature_details_in_table(String string) {
    // Write code here that turns the phrase above into concrete actions
    throw new io.cucumber.java.PendingException();
}
@When("User click on {string} button in templogging tab")
public void user_click_on_button_in_templogging_tab(String string) {
    // Write code here that turns the phrase above into concrete actions
    throw new io.cucumber.java.PendingException();
}
@When("User click on {string} button")
public void user_click_on_button(String string) {
    // Write code here that turns the phrase above into concrete actions
    throw new io.cucumber.java.PendingException();
}
@Then("Temperature and alarm data is visible in table")
public void temperature_and_alarm_data_is_visible_in_table() {
    // Write code here that turns the phrase above into concrete actions
    throw new io.cucumber.java.PendingException();
}

]]></error>
    <system-out><![CDATA[
Scenario: Verify user is able to cancel details of temperature, alarms &amp#27;[90m# src/test/resources/features/StoreOperator/TempLogging.feature:49&amp#27;[0m
13:58:26.135 [main] INFO  i.c.core.plugin.SerenityReporter - Running feature from file:///C:/Users/Sandeepkumar.Phalke/eclipse-workspace/UNICEF_SerenityBDD_Automation_Framework/src/test/resources/features/StoreOperator/TempLogging.feature
13:58:26.137 [main] INFO   - 
  _____   ___   ___   _____     ___   _____     _     ___   _____   ___   ___  
 |_   _| | __| / __| |_   _|   / __| |_   _|   /_\   | _ \ |_   _| | __| |   \ 
   | |   | _|  \__ \   | |     \__ \   | |    / _ \  |   /   | |   | _|  | |) |
   |_|   |___| |___/   |_|     |___/   |_|   /_/ \_\ |_|_\   |_|   |___| |___/ 

Verify user is able to cancel details of temperature, alarms(temperature-logging-tab-in-smt-application-for-store-operator-user;verify-user-is-able-to-cancel-details-of-temperature--alarms)
--------------------------------------------------------------------------------
  &amp#27;[33mGiven &amp#27;[0m&amp#27;[33mUser is on home page of SMT application&amp#27;[0m
  &amp#27;[36mAnd &amp#27;[0m&amp#27;[36mUser is able to see login button on home page&amp#27;[0m
  &amp#27;[36mWhen &amp#27;[0m&amp#27;[36mUser click on login button&amp#27;[0m
  &amp#27;[36mAnd &amp#27;[0m&amp#27;[36mUser click on Proceed To Login button in "English"&amp#27;[0m
  &amp#27;[36mThen &amp#27;[0m&amp#27;[36mUser login as "Store Operator"&amp#27;[0m
  &amp#27;[36mAnd &amp#27;[0m&amp#27;[36mUser click on "Apply" button&amp#27;[0m
  &amp#27;[36mAnd &amp#27;[0m&amp#27;[36mUser wait for "5" seconds&amp#27;[0m
  &amp#27;[36mGiven &amp#27;[0m&amp#27;[36mUser click on "Temp Logging" tab&amp#27;[0m
  &amp#27;[36mAnd &amp#27;[0m&amp#27;[36mUser wait for "3" seconds&amp#27;[0m
  &amp#27;[36mAnd &amp#27;[0m&amp#27;[36mUser click on "Edit" button in templogging tab&amp#27;[0m
  &amp#27;[36mAnd &amp#27;[0m&amp#27;[36mUser enter "valid" temperature details in table&amp#27;[0m
  &amp#27;[36mWhen &amp#27;[0m&amp#27;[36mUser click on "Cancel" button in templogging tab&amp#27;[0m
  &amp#27;[36mAnd &amp#27;[0m&amp#27;[36mUser click on "Yes" button&amp#27;[0m
  &amp#27;[36mThen &amp#27;[0m&amp#27;[36mTemperature and alarm data is visible in table&amp#27;[0m
13:58:26.154 [main] INFO   - 
  _____   ___   ___   _____     ___   ___   _  _   ___    ___   _  _    ___ 
 |_   _| | __| / __| |_   _|   | _ \ | __| | \| | |   \  |_ _| | \| |  / __|
   | |   | _|  \__ \   | |     |  _/ | _|  | .` | | |) |  | |  | .` | | (_ |
   |_|   |___| |___/   |_|     |_|   |___| |_|\_| |___/  |___| |_|\_|  \___|

Verify user is able to cancel details of temperature, alarms
-----------------------------------------------------------------------------
]]></system-out>
  </testcase>
</testsuite>